
   OpenMP run-time library returned nthreads = 36

 ricc2 (cpu-3-13) : TURBOMOLE rev. V7.5.0 compiled 17 Jun 2020 at 09:15:30
 Copyright (C) 2020 TURBOMOLE GmbH, Karlsruhe


    2023-10-16 13:55:56.532 



                              R I C C 2 - PROGRAM

                          the quantum chemistry groups
                             at the universities in
                               Karlsruhe & Bochum
                                   Germany



   *-----------------------------------------------------------------------*
   |                     program will use 36 thread(s)                     |
   *-----------------------------------------------------------------------*


              +--------------------------------------------------+
              | Atomic coordinate, charge and isotop information |
              +--------------------------------------------------+

                    atomic coordinates            atom    charge  isotop
          2.15349410    3.37165269    0.00000945    n      7.000     0
         -0.52481474    3.38935942    0.00006614    c      6.000     0
          3.18539794    0.95437172   -0.00008504    c      6.000     0
          1.15766512   -0.70718887   -0.00008504    c      6.000     0
         -1.15766512    0.70719554    0.00002835    c      6.000     0
         -3.18539794   -0.95436505    0.00004724    c      6.000     0
          0.52481474   -3.38935275   -0.00014173    c      6.000     0
         -2.15349410   -3.37162712   -0.00008504    n      7.000     0
         -1.78858798    5.33543718    0.00016063    o      8.000     0
          1.78860688   -5.33541161   -0.00025511    o      8.000     0
         -3.13252341   -5.00654257    0.00002835    h      1.000     0
          3.13252341    5.00656814   -0.00004724    h      1.000     0
         -5.90206822   -0.50374096    0.00014173    c      6.000     0
         -6.82741041    1.99823753    0.00036850    c      6.000     0
         -7.65157667   -2.51471191    0.00002835    c      6.000     0
         -9.42028473    2.45237652    0.00048188    c      6.000     0
         -5.50668082    3.56920466    0.00046298    h      1.000     0
        -10.24093610   -2.04243156    0.00012283    c      6.000     0
         -7.01551375   -4.46526832   -0.00017952    h      1.000     0
        -11.13711981    0.44342757    0.00036850    c      6.000     0
        -10.10115305    4.38807968    0.00065196    h      1.000     0
        -11.55898227   -3.61509943    0.00002835    h      1.000     0
        -13.15653784    0.80876832    0.00044409    h      1.000     0
          5.90206822    0.50374763   -0.00016063    c      6.000     0
          7.65159556    2.51469968   -0.00042519    c      6.000     0
          6.82739152   -1.99823086    0.00002835    c      6.000     0
         10.24095499    2.04241933   -0.00048188    c      6.000     0
          7.01553265    4.46527499   -0.00053857    h      1.000     0
          9.42026583   -2.45238874   -0.00004724    c      6.000     0
          5.50666193   -3.56919799    0.00027401    h      1.000     0
         11.13711981   -0.44343980   -0.00031180    c      6.000     0
         11.55900117    3.61506831   -0.00067085    h      1.000     0
         10.10113416   -4.38809190    0.00012283    h      1.000     0
         13.15651894   -0.80879945   -0.00034960    h      1.000     0
 
       center of nuclear mass  :    0.00000098    0.00000189   -0.00001048
       center of nuclear charge:    0.00000088    0.00000170   -0.00000932

   *************************************************************************
   teste                                                                    
   *************************************************************************



              +--------------------------------------------------+
              |               basis set information              |
              +--------------------------------------------------+

              we will work with the 1s 3p 5d 7f 9g ... basis set
              ...i.e. with spherical basis functions...

   type   atoms  prim   cont   basis
   ---------------------------------------------------------------------------
    n        2     46     31   def2-TZVP   [5s3p2d1f|11s6p2d1f]
    c       18     46     31   def2-TZVP   [5s3p2d1f|11s6p2d1f]
    o        2     46     31   def2-TZVP   [5s3p2d1f|11s6p2d1f]
    h       12      8      6   def2-TZVP   [3s1p|5s1p]
   ---------------------------------------------------------------------------
   total:   34   1108    754
   ---------------------------------------------------------------------------

   total number of primitive shells          :   66
   total number of contracted shells         :  290
   total number of cartesian basis functions :  864
   total number of SCF-basis functions       :  754


 symmetry group of the molecule :   c1 

 the group has the following generators :
   c1(z)

    1 symmetry operations found

 there are 1 real representations :   a   


   =========================================================================


     restricted closed shell calculation for the wavefunction models:
               ADC(2)     - Algebraic Diagrammatic Construction to 2. Order (strict)


     global parameters for ricc2 program:

        hard restart (reuse of interm.) :  disabled
        soft restart (reuse of vectors) :  disabled
        threshold for vector function   :    0.100000E-06
        convergence threshold energy    :    0.100000E-07
        linear dependence threshold     :    0.100000E-13
        global print level              :      1
        maximum number of iterations    :   500
        maximum number DIIS vectors     :    10
        max. dim. of reduced space      :   100
        core memory limit (MB)          : 18000

     Scratch Directory : 


   =========================================================================

    der. integral neglect threshold  :  0.10E-08
    integral neglect threshold       :  0.39E-12
    integral storage threshold THIZE :  0.10E-04
    integral storage threshold THIME :         5


                  +------------------------------------------+
                  |     Auxiliary basis set information      |
                  +------------------------------------------+

              assign orbital basis set names as defaults
              read basis sets from /home/hlischka/programs/TURBOMOLE-7.5/TURBOMOLE//cbasen/
              (basis sets have been saved in file auxbasis)

              we will work with the 1s 3p 5d 7f 9g ... basis set
              ...i.e. with spherical basis functions...

   type   atoms  prim   cont   basis
   ---------------------------------------------------------------------------
    n        2     81     76   def2-TZVP   [8s6p4d3f1g|8s6p5d3f1g]
    c       18     81     76   def2-TZVP   [8s6p4d3f1g|8s6p5d3f1g]
    o        2     81     76   def2-TZVP   [8s6p4d3f1g|8s6p5d3f1g]
    h       12     23     15   def2-TZVP   [4s2p1d|4s3p2d]
   ---------------------------------------------------------------------------
   total:   34   2058   1852
   ---------------------------------------------------------------------------

   total number of primitive shells          :   78
   total number of contracted shells         :  568
   total number of cartesian basis functions : 2282
   total number of SCF-basis functions       : 1852


 maximum number of shells which are related by symmetry :  1


 The symmetry information takes   1 MB

*---------------------------------------------------------------------*
|               simplified C1 algorithm will be applied               |
*---------------------------------------------------------------------*
  MOs are in ASCII format !


 reading orbital data $scfmo  from file mos
 orbital characterization : scfconv=7
 time elapsed for calculating density matrices :   2.826 sec
 all orbitals will be active in the correlation treatment


   Molecular Orbital Statistic:
   ============================

   -----------------------------
   orbitals in total:
   -----------------------------
    frozen occupied :      0
    active occupied :     75
    active virtual  :    679
    frozen virtual  :      0
    all together    :    754
   -----------------------------


     time in riccmos       cpu: 12.98 sec    wall:  0.69 sec    ratio: 18.9

     total memory allocated for calculation of (Q|P)**(-1/2) : 40 MiB


     calculation of (P|Q) ...
     time in lp2sym        cpu:  5.16 sec    wall:  0.31 sec    ratio: 16.7


     calculation of the Cholesky decomposition of (P|Q)**(-1) ...
     time in invmetri      cpu: 18.49 sec    wall:  0.62 sec    ratio: 29.9

   threshold for RMS(d[D]) in SCF was     :  0.10E-07
   integral neglect threshold             :  0.39E-12
   derivative integral neglect threshold  :  0.10E-08


 setting up bound for integral derivative estimation

 increment for numerical differentiation : 0.00050000

   =========================================================================

     Energy of reference wave function is  -947.5939576740000
     Maximum orbital residual is           0.6549658376763E-05


     Number of symmetry-nonredundant auxiliary basis functions:     1852

     Block lengths for integral files:
        frozen occupied (BOI):        0 MiB
        active occupied (BJI):        2 MiB
        active virtual  (BAI):       10 MiB
        frozen virtual  (BGI):        0 MiB
               general  (BTI):       11 MiB

   =========================================================================




   **************************************************************************
   *                                                                        *
   *          OPTIMIZATION OF THE GROUND STATE CLUSTER AMPLITUDES           *
   *                                                                        *
   **************************************************************************


   Iter.   MP2 energy       Norm(Omega)   Norm(t1)  Norm(t2)     cpu    wall
   ...........................................................................
    1   -951.6248718545    0.2140930426     0.00000   0.65325   40.60    1.19
   ...........................................................................


     time in total         cpu: 40 min 47 s  wall:  1 min 12 s  ratio: 33.8


     **********************************************************************
     *                                                                    *
     *   RHF  energy                             :   -947.5939576740      *
     *   MP2 correlation energy                  :     -4.0309141805      *
     *                                                                    *
     *   Final MP2 energy                        :   -951.6248718545      *
     *                                                                    *
     *   Norm of MP1 T2 amplitudes               :      0.6532547675      *
     *                                                                    *
     *   D1 diagnostic                           :      0.0549            *
     *                                                                    *
     **********************************************************************



 **************************************************************
 *                                                            *
 *    OPTIMIZATION OF THE EXCITED STATE CLUSTER AMPLITUDES    *
 *                                                            *
 **************************************************************


  preoptimize excitation energies/vectors using CCS:
  ==================================================


 ======== LINEAR CC RESPONSE SOLVER ========

    threshold for convergence: 1.00E-03
    maximum number of simultaneous Jacobi matrix transformations: 10
                                                
     summary of start vectors generation:
     -------------------------------------------
     type of solution vectors      : RE0
     symmetry                      : a  
     number of vectors requested   :    10
     number of vectors generated   :    10
       -- guessed as rhs/(e_a-e_i) :    10
     -------------------------------------------
                                                

    Iter  #Vectors  time (min)    max. residual 
    --------------------------------------------
      1      10         3.04     0.14E+00  (  1)
      2      10         3.56     0.62E-01  (  2)
      3      10         3.20     0.30E-01  (  2)
      4      10         2.93     0.79E-01  (  9)
      5      10         2.58     0.58E-01  (  7)
      6      10         3.17     0.28E-01  (  7)
      7       8         2.73     0.93E-02  (  7)
      8       7         1.90     0.36E-02  (  7)
      9       5         1.37     0.14E-02  ( 10)
     10       1         0.19     0.63E-02  ( 10)
     11       1         0.23     0.67E-01  (  8)
     12       1         0.32     0.24E-01  (  8)
     13       1         0.31     0.74E-02  (  8)
     14       1         0.21     0.25E-02  (  8)
     15       1         0.36     0.90E-03  (  7)
    --------------------------------------------
    converged in 15 iterations

         Total time         26.10 minutes


 ===========================================




 Note that this is the intermediate result of a preoptimization!
 The convergence threshold was  0.1E-02 only!


 +==================================================================+
 | sym | multi | state |          CCS excitation energies           |
 |     |       |       +--------------------------------------------+
 |     |       |       |   Hartree    |     eV       |     cm-1     |
 +==================================================================+
 | a   |   1   |   1   |    0.1280025 |      3.48313 |    28093.309 |
 | a   |   1   |   2   |    0.1813645 |      4.93518 |    39804.916 |
 | a   |   1   |   3   |    0.2007226 |      5.46194 |    44053.519 |
 | a   |   1   |   4   |    0.2010871 |      5.47186 |    44133.525 |
 | a   |   1   |   5   |    0.2064069 |      5.61662 |    45301.074 |
 | a   |   1   |   6   |    0.2174355 |      5.91672 |    47721.584 |
 | a   |   1   |   7   |    0.2238118 |      6.09023 |    49121.016 |
 | a   |   1   |   8   |    0.2257760 |      6.14368 |    49552.098 |
 | a   |   1   |   9   |    0.2477448 |      6.74148 |    54373.696 |
 | a   |   1   |  10   |    0.2483651 |      6.75836 |    54509.828 |
 +==================================================================+




  preoptimize ADC(2) excitation energies/vectors using a quasi linear algorithm:
  ==============================================================================


 ======== LINEAR CC RESPONSE SOLVER ========

    threshold for convergence: 1.00E-03
    maximum number of simultaneous Jacobi matrix transformations: 10
                                                
     summary of start vectors generation:
     -------------------------------------------
     type of solution vectors      : RE0
     symmetry                      : a  
     number of vectors requested   :    10
     number of vectors generated   :    10
       -- restarted from file      :    10
     -------------------------------------------
                                                

    Iter  #Vectors  time (min)    max. residual 
    --------------------------------------------
 threshold for this macro iteration:  5.118778262457555E-002
      1      10        16.93     0.91E-01  (  4)
 ...adapted threshold to:  6.480241737007439E-002
      2      10        17.50     0.62E-01  (  7)
                                                
     summary of start vectors generation:
     -------------------------------------------
     type of solution vectors      : RE0
     symmetry                      : a  
     number of vectors requested   :    10
     number of vectors generated   :    10
       -- restarted from file      :    10
     -------------------------------------------
                                                

    Iter  #Vectors  time (min)    max. residual 
    --------------------------------------------
 threshold for this macro iteration:  1.094452255594794E-002
      3      10        16.66     0.62E-01  (  7)
      4      10        16.87     0.31E-01  (  7)
      5       8        13.37     0.20E-01  (  7)
      6       3         4.88     0.98E-02  (  7)
                                                
     summary of start vectors generation:
     -------------------------------------------
     type of solution vectors      : RE0
     symmetry                      : a  
     number of vectors requested   :    10
     number of vectors generated   :    10
       -- restarted from file      :    10
     -------------------------------------------
                                                

    Iter  #Vectors  time (min)    max. residual 
    --------------------------------------------
 threshold for this macro iteration:  1.383498514169162E-003
      7      10        16.16     0.29E-02  (  7)
 ...adapted threshold to:  1.403833306555718E-003
      8       7        11.54     0.31E-02  (  7)
      9       2         3.45     0.17E-02  (  7)
     10       1         1.90     0.11E-02  (  6)
                                                
     summary of start vectors generation:
     -------------------------------------------
     type of solution vectors      : RE0
     symmetry                      : a  
     number of vectors requested   :    10
     number of vectors generated   :    10
       -- restarted from file      :    10
     -------------------------------------------
                                                

    Iter  #Vectors  time (min)    max. residual 
    --------------------------------------------
 threshold for this macro iteration:  1.000000000000000E-003
     11      10        16.59     0.42E-03  (  9)
    --------------------------------------------
    converged in 11 iterations

         Total time        135.92 minutes


 ===========================================




 Note that this is the intermediate result of a preoptimization!
 The convergence threshold was  0.1E-02 only!


 +==================================================================+
 | sym | multi | state |          ADC(2) excitation energies        |
 |     |       |       +--------------------------------------------+
 |     |       |       |   Hartree    |     eV       |     cm-1     |
 +==================================================================+
 | a   |   1   |   1   |    0.0959649 |      2.61134 |    21061.868 |
 | a   |   1   |   2   |    0.1326362 |      3.60922 |    29110.287 |
 | a   |   1   |   3   |    0.1413000 |      3.84497 |    31011.767 |
 | a   |   1   |   4   |    0.1531643 |      4.16781 |    33615.669 |
 | a   |   1   |   5   |    0.1617577 |      4.40165 |    35501.708 |
 | a   |   1   |   6   |    0.1622937 |      4.41624 |    35619.347 |
 | a   |   1   |   7   |    0.1679707 |      4.57072 |    36865.311 |
 | a   |   1   |   8   |    0.1746081 |      4.75133 |    38322.058 |
 | a   |   1   |   9   |    0.1883413 |      5.12503 |    41336.145 |
 | a   |   1   |  10   |    0.1893523 |      5.15254 |    41558.025 |
 +==================================================================+





 solve for ADC(2) excitation energies/vectors using a DIIS algorithm:
 =================================================================


 ========= DIIS CC RESPONSE SOLVER =========

    threshold for convergence: 1.00E-06
    max. nb. of DIIS vectors :      10
    maximum number of simultaneous Jacobi matrix transformations: 10
                                                
     summary of start vectors generation:
     -------------------------------------------
     type of solution vectors      : RE0
     symmetry                      : a  
     number of vectors requested   :    10
     number of vectors generated   :    10
       -- restarted from file      :    10
     -------------------------------------------
                                                

    Iter  #Vectors  time (min)   residual
    --------------------------------------
      1      10        16.30     0.28E-03  ( 10)    0.14E-02
      2      10        16.12     0.29E-03  ( 10)    0.11E-02
      3      10        16.22     0.27E-03  ( 10)    0.12E-02
      4      10        16.47     0.15E-03  ( 10)    0.11E-02
      5      10        16.84     0.11E-03  ( 10)    0.12E-02
      6       9        14.40     0.61E-04  ( 10)    0.12E-02
      7       7        11.41     0.46E-04  ( 10)    0.12E-02
      8       6         9.75     0.35E-04  ( 10)    0.12E-02
      9       6        10.06     0.29E-04  ( 10)    0.12E-02
     10       6        10.07     0.17E-04  ( 10)    0.12E-02
     11       3         4.88     0.89E-05  ( 10)    0.12E-02
     12       2         3.72     0.50E-05  ( 10)    0.12E-02
     13       1         1.94     0.22E-05  ( 10)    0.12E-02
     14       1         1.93     0.11E-05  ( 10)    0.12E-02
     15       1         1.98     0.50E-06  ( 10)    0.12E-02
    --------------------------------------
    converged in  15 iterations

   Total time        152.11 minutes


 ===========================================





 +================================================================================+
 | sym | multi | state |          ADC(2) excitation energies    |  %t1   |  %t2   |
 |     |       |       +----------------------------------------+--------+--------+
 |     |       |       |   Hartree    |    eV      |    cm-1    |    %   |    %   |
 +================================================================================+
 | a   |   1   |   1   |    0.0959544 |    2.61105 |  21059.549 |  88.25 |  11.75 |
 | a   |   1   |   2   |    0.1326101 |    3.60850 |  29104.543 |  87.62 |  12.38 |
 | a   |   1   |   3   |    0.1412841 |    3.84454 |  31008.268 |  85.87 |  14.13 |
 | a   |   1   |   4   |    0.1531377 |    4.16709 |  33609.833 |  87.16 |  12.84 |
 | a   |   1   |   5   |    0.1617491 |    4.40142 |  35499.830 |  87.86 |  12.14 |
 | a   |   1   |   6   |    0.1622844 |    4.41598 |  35617.317 |  87.86 |  12.14 |
 | a   |   1   |   7   |    0.1679775 |    4.57090 |  36866.803 |  86.50 |  13.50 |
 | a   |   1   |   8   |    0.1746139 |    4.75149 |  38323.325 |  87.04 |  12.96 |
 | a   |   1   |   9   |    0.1883182 |    5.12440 |  41331.070 |  86.32 |  13.68 |
 | a   |   1   |  10   |    0.1893297 |    5.15192 |  41553.064 |  86.29 |  13.71 |
 +================================================================================+


       Energy:     0.0959544 H      2.61105 eV    21059.549 cm-1

     +=======================================================================+
     | type: RE0                    symmetry: a               state:    1    |
     +-----------------------+-----------------------+-----------------------+
     | occ. orb.  index spin | vir. orb.  index spin |  coeff/|amp|     %    |
     +=======================+=======================+=======================+
     |   75 a       75       |   76 a       76       |   0.94835      89.9   |
     |   71 a       71       |   76 a       76       |  -0.20236       4.1   |
     |   66 a       66       |   76 a       76       |  -0.11643       1.4   |
     +=======================+=======================+=======================+
     norm of printed elements:  0.95386


       Energy:     0.1326101 H      3.60850 eV    29104.543 cm-1

     +=======================================================================+
     | type: RE0                    symmetry: a               state:    2    |
     +-----------------------+-----------------------+-----------------------+
     | occ. orb.  index spin | vir. orb.  index spin |  coeff/|amp|     %    |
     +=======================+=======================+=======================+
     |   70 a       70       |   76 a       76       |   0.88521      78.4   |
     |   74 a       74       |   76 a       76       |  -0.31961      10.2   |
     |   70 a       70       |   82 a       82       |   0.21350       4.6   |
     |   72 a       72       |   76 a       76       |  -0.20283       4.1   |
     +=======================+=======================+=======================+
     norm of printed elements:  0.97247


       Energy:     0.1412841 H      3.84454 eV    31008.268 cm-1

     +=======================================================================+
     | type: RE0                    symmetry: a               state:    3    |
     +-----------------------+-----------------------+-----------------------+
     | occ. orb.  index spin | vir. orb.  index spin |  coeff/|amp|     %    |
     +=======================+=======================+=======================+
     |   68 a       68       |   76 a       76       |   0.92212      85.0   |
     |   68 a       68       |   82 a       82       |   0.23724       5.6   |
     |   69 a       69       |   77 a       77       |  -0.19297       3.7   |
     |   69 a       69       |   85 a       85       |   0.14651       2.1   |
     +=======================+=======================+=======================+
     norm of printed elements:  0.96529


       Energy:     0.1531377 H      4.16709 eV    33609.833 cm-1

     +=======================================================================+
     | type: RE0                    symmetry: a               state:    4    |
     +-----------------------+-----------------------+-----------------------+
     | occ. orb.  index spin | vir. orb.  index spin |  coeff/|amp|     %    |
     +=======================+=======================+=======================+
     |   75 a       75       |   77 a       77       |   0.91190      83.2   |
     |   75 a       75       |   85 a       85       |  -0.22713       5.2   |
     |   71 a       71       |   77 a       77       |  -0.19196       3.7   |
     |   74 a       74       |   76 a       76       |   0.12601       1.6   |
     |   72 a       72       |   76 a       76       |  -0.11500       1.3   |
     |   71 a       71       |   85 a       85       |   0.08080       0.7   |
     +=======================+=======================+=======================+
     norm of printed elements:  0.95564


       Energy:     0.1617491 H      4.40142 eV    35499.830 cm-1

     +=======================================================================+
     | type: RE0                    symmetry: a               state:    5    |
     +-----------------------+-----------------------+-----------------------+
     | occ. orb.  index spin | vir. orb.  index spin |  coeff/|amp|     %    |
     +=======================+=======================+=======================+
     |   73 a       73       |   76 a       76       |   0.76466      58.5   |
     |   75 a       75       |   79 a       79       |  -0.44543      19.8   |
     |   74 a       74       |   77 a       77       |   0.32057      10.3   |
     |   72 a       72       |   78 a       78       |  -0.23741       5.6   |
     |   71 a       71       |   79 a       79       |  -0.13103       1.7   |
     +=======================+=======================+=======================+
     norm of printed elements:  0.95942


       Energy:     0.1622844 H      4.41598 eV    35617.317 cm-1

     +=======================================================================+
     | type: RE0                    symmetry: a               state:    6    |
     +-----------------------+-----------------------+-----------------------+
     | occ. orb.  index spin | vir. orb.  index spin |  coeff/|amp|     %    |
     +=======================+=======================+=======================+
     |   74 a       74       |   76 a       76       |   0.68207      46.5   |
     |   75 a       75       |   78 a       78       |  -0.45961      21.1   |
     |   73 a       73       |   77 a       77       |   0.31646      10.0   |
     |   70 a       70       |   76 a       76       |   0.23096       5.3   |
     |   72 a       72       |   79 a       79       |  -0.22808       5.2   |
     |   72 a       72       |   76 a       76       |  -0.20189       4.1   |
     |   75 a       75       |   77 a       77       |  -0.15284       2.3   |
     |   71 a       71       |   78 a       78       |  -0.12200       1.5   |
     +=======================+=======================+=======================+
     norm of printed elements:  0.96098


       Energy:     0.1679775 H      4.57090 eV    36866.803 cm-1

     +=======================================================================+
     | type: RE0                    symmetry: a               state:    7    |
     +-----------------------+-----------------------+-----------------------+
     | occ. orb.  index spin | vir. orb.  index spin |  coeff/|amp|     %    |
     +=======================+=======================+=======================+
     |   71 a       71       |   76 a       76       |   0.89705      80.5   |
     |   66 a       66       |   76 a       76       |   0.25246       6.4   |
     |   75 a       75       |   76 a       76       |   0.23063       5.3   |
     |   72 a       72       |   77 a       77       |   0.14102       2.0   |
     |   75 a       75       |   82 a       82       |   0.12350       1.5   |
     +=======================+=======================+=======================+
     norm of printed elements:  0.95676


       Energy:     0.1746139 H      4.75149 eV    38323.325 cm-1

     +=======================================================================+
     | type: RE0                    symmetry: a               state:    8    |
     +-----------------------+-----------------------+-----------------------+
     | occ. orb.  index spin | vir. orb.  index spin |  coeff/|amp|     %    |
     +=======================+=======================+=======================+
     |   72 a       72       |   76 a       76       |   0.85044      72.3   |
     |   67 a       67       |   76 a       76       |  -0.25900       6.7   |
     |   70 a       70       |   76 a       76       |   0.25209       6.4   |
     |   74 a       74       |   76 a       76       |   0.24509       6.0   |
     |   75 a       75       |   77 a       77       |   0.11432       1.3   |
     |   71 a       71       |   77 a       77       |   0.10582       1.1   |
     |   72 a       72       |   82 a       82       |   0.09759       1.0   |
     |   75 a       75       |   78 a       78       |   0.09175       0.8   |
     +=======================+=======================+=======================+
     norm of printed elements:  0.95616


       Energy:     0.1883182 H      5.12440 eV    41331.070 cm-1

     +=======================================================================+
     | type: RE0                    symmetry: a               state:    9    |
     +-----------------------+-----------------------+-----------------------+
     | occ. orb.  index spin | vir. orb.  index spin |  coeff/|amp|     %    |
     +=======================+=======================+=======================+
     |   75 a       75       |   78 a       78       |   0.82281      67.7   |
     |   74 a       74       |   76 a       76       |   0.44602      19.9   |
     |   72 a       72       |   76 a       76       |  -0.23154       5.4   |
     |   71 a       71       |   78 a       78       |  -0.15240       2.3   |
     +=======================+=======================+=======================+
     norm of printed elements:  0.95279


       Energy:     0.1893297 H      5.15192 eV    41553.064 cm-1

     +=======================================================================+
     | type: RE0                    symmetry: a               state:   10    |
     +-----------------------+-----------------------+-----------------------+
     | occ. orb.  index spin | vir. orb.  index spin |  coeff/|amp|     %    |
     +=======================+=======================+=======================+
     |   75 a       75       |   79 a       79       |   0.82546      68.1   |
     |   73 a       73       |   76 a       76       |   0.49494      24.5   |
     |   71 a       71       |   79 a       79       |  -0.13340       1.8   |
     |   75 a       75       |   82 a       82       |   0.10856       1.2   |
     +=======================+=======================+=======================+
     norm of printed elements:  0.95593



     Info: copy ADC(2) right eigenvectors into left eigenvector files.


                    ========   CC DENSITY MODULE   ========

                      current wave-function model: ADC(2)  

  calculating overlap between   10 left and right vector(s)
    density nr.      cpu/min        wall/min    L     R
   ------------------------------------------------------
         1            43.02            1.55    LE0    RE0 
         2            43.17            1.56    LE0    RE0 
         3            42.90            1.54    LE0    RE0 
         4            43.03            1.56    LE0    RE0 
         5            44.14            1.59    LE0    RE0 
         6            42.96            1.55    LE0    RE0 
         7            43.05            1.55    LE0    RE0 
         8            42.85            1.55    LE0    RE0 
         9            43.10            1.55    LE0    RE0 
        10            43.05            1.55    LE0    RE0 
   ------------------------------------------------------
     time in cc_1den       cpu:  7 h 12 min  wall:  0 h 15 min  ratio: 27.7



     +==========================================================+
     |   contributions of excitation levels to excited states   |
     |     wavefunctions as computed from the <L|R> overlap     |
     +----------------------------------------------------------+
     | sym | multi | state |    E / eV  | % singles | % doubles |
     +==========================================================+
     | a   |   1   |   1   |    2.61105 |   88.25   |   11.75   |
     | a   |   1   |   2   |    3.60850 |   87.62   |   12.38   |
     | a   |   1   |   3   |    3.84454 |   85.87   |   14.13   |
     | a   |   1   |   4   |    4.16709 |   87.16   |   12.84   |
     | a   |   1   |   5   |    4.40142 |   87.86   |   12.14   |
     | a   |   1   |   6   |    4.41598 |   87.86   |   12.14   |
     | a   |   1   |   7   |    4.57090 |   86.50   |   13.50   |
     | a   |   1   |   8   |    4.75149 |   87.04   |   12.96   |
     | a   |   1   |   9   |    5.12440 |   86.32   |   13.68   |
     | a   |   1   |  10   |    5.15192 |   86.29   |   13.71   |
     +==========================================================+



      The semi-canonical algorithm will be used for densities


                    ========   CC DENSITY MODULE   ========

                      current wave-function model: ADC(2)  

  calculating    10 xi densities

   a semicanonical algorithm will be used when possible

    density nr.      cpu/min        wall/min    L     R
   ------------------------------------------------------
         1            81.15            3.21    LE0    R0  
         2            82.15            3.23    LE0    R0  
         3            80.75            3.14    LE0    R0  
         4            79.99            3.15    LE0    R0  
         5            80.80            3.10    LE0    R0  
         6            81.31            3.14    LE0    R0  
         7            82.13            3.30    LE0    R0  
         8            80.27            3.10    LE0    R0  
         9            78.17            3.02    LE0    R0  
        10            79.31            3.06    LE0    R0  
   ------------------------------------------------------
     time in cc_1den       cpu: 13 h 27 min  wall:  0 h 31 min  ratio: 25.6


 **************************************************************
 *                                                            *
 *<<<<<<<<<<<<  ONE-PHOTON ABSORPTION STRENGTHS  >>>>>>>>>>>>>*
 *                                                            *
 **************************************************************


  +=========================================================================+
  |  Transition                                             model: ADC(2)   |
  |    number, symmetry, multiplicity:    1 a    1                          |
  |    frequency :   0.0959543644 a.u.     2.61105 e.V.     21059.5 rcm     |
  +=========================================================================+

     +-----------+-----------------+-----------------+---------------------+
     | operator  |   left moment   |  right moment   | transition strength |
     +-----------+-----------------+-----------------+---------------------+
     | xdiplen   |      2.54912059 |      2.54912059 |       6.49801578    |
     | ydiplen   |      1.16908990 |      1.16908990 |       1.36677120    |
     | zdiplen   |     -0.00003909 |     -0.00003909 |       0.00000000    |
     | xdipvel   |      0.20313735 |     -0.20313735 |       0.04126478    |
     | ydipvel   |      0.11583843 |     -0.11583843 |       0.01341854    |
     | zdipvel   |     -0.00000189 |      0.00000189 |       0.00000000    |
     | xangmom   |      0.00001601 |     -0.00001601 |       0.00000000    |
     | yangmom   |     -0.00003168 |      0.00003168 |       0.00000000    |
     | zangmom   |      0.00000037 |     -0.00000037 |       0.00000000    |
     +-----------+-----------------+-----------------+---------------------+
 
       oscillator strength (length gauge)   :      0.50310709
       oscillator strength (velocity gauge) :      0.37992593
       oscillator strength (mixed gauge)    :      0.43549810
 
       rotator strength (length gauge)      :      0.00000189 a.u.
       Rotator strength (length gauge)      :      0.00089098 10^(-40)*erg*cm^3
       rotator strength (velocity gauge)    :     -0.00000217 a.u.
       Rotator strength (velocity gauge)    :     -0.00102477 10^(-40)*erg*cm^3
 


  +=========================================================================+
  |  Transition                                             model: ADC(2)   |
  |    number, symmetry, multiplicity:    2 a    1                          |
  |    frequency :   0.1326100554 a.u.     3.60850 e.V.     29104.5 rcm     |
  +=========================================================================+

     +-----------+-----------------+-----------------+---------------------+
     | operator  |   left moment   |  right moment   | transition strength |
     +-----------+-----------------+-----------------+---------------------+
     | xdiplen   |      0.00002895 |      0.00002895 |       0.00000000    |
     | ydiplen   |     -0.00000523 |     -0.00000523 |       0.00000000    |
     | zdiplen   |     -0.00000573 |     -0.00000573 |       0.00000000    |
     | xdipvel   |      0.00000377 |     -0.00000377 |       0.00000000    |
     | ydipvel   |     -0.00000144 |      0.00000144 |       0.00000000    |
     | zdipvel   |     -0.00000025 |      0.00000025 |       0.00000000    |
     | xangmom   |     -0.00001803 |      0.00001803 |       0.00000000    |
     | yangmom   |      0.00001043 |     -0.00001043 |       0.00000000    |
     | zangmom   |     -1.16892623 |      1.16892623 |       1.36638852    |
     +-----------+-----------------+-----------------+---------------------+
 
       oscillator strength (length gauge)   :      0.00000000
       oscillator strength (velocity gauge) :      0.00000000
       oscillator strength (mixed gauge)    :      0.00000000
 
       rotator strength (length gauge)      :      0.00000335 a.u.
       Rotator strength (length gauge)      :      0.00157968 10^(-40)*erg*cm^3
       rotator strength (velocity gauge)    :      0.00000109 a.u.
       Rotator strength (velocity gauge)    :      0.00051480 10^(-40)*erg*cm^3
 


  +=========================================================================+
  |  Transition                                             model: ADC(2)   |
  |    number, symmetry, multiplicity:    3 a    1                          |
  |    frequency :   0.1412840640 a.u.     3.84454 e.V.     31008.3 rcm     |
  +=========================================================================+

     +-----------+-----------------+-----------------+---------------------+
     | operator  |   left moment   |  right moment   | transition strength |
     +-----------+-----------------+-----------------+---------------------+
     | xdiplen   |     -0.00000748 |     -0.00000748 |       0.00000000    |
     | ydiplen   |      0.00004448 |      0.00004448 |       0.00000000    |
     | zdiplen   |      0.00000030 |      0.00000030 |       0.00000000    |
     | xdipvel   |      0.00000065 |     -0.00000065 |       0.00000000    |
     | ydipvel   |      0.00000682 |     -0.00000682 |       0.00000000    |
     | zdipvel   |     -0.00000003 |      0.00000003 |       0.00000000    |
     | xangmom   |      0.32899872 |     -0.32899872 |       0.10824016    |
     | yangmom   |     -0.56664204 |      0.56664204 |       0.32108320    |
     | zangmom   |      0.00008580 |     -0.00008580 |       0.00000001    |
     +-----------+-----------------+-----------------+---------------------+
 
       oscillator strength (length gauge)   :      0.00000000
       oscillator strength (velocity gauge) :      0.00000000
       oscillator strength (mixed gauge)    :      0.00000000
 
       rotator strength (length gauge)      :     -0.00001383 a.u.
       Rotator strength (length gauge)      :     -0.00652211 10^(-40)*erg*cm^3
       rotator strength (velocity gauge)    :     -0.00001292 a.u.
       Rotator strength (velocity gauge)    :     -0.00608890 10^(-40)*erg*cm^3
 


  +=========================================================================+
  |  Transition                                             model: ADC(2)   |
  |    number, symmetry, multiplicity:    4 a    1                          |
  |    frequency :   0.1531376675 a.u.     4.16709 e.V.     33609.8 rcm     |
  +=========================================================================+

     +-----------+-----------------+-----------------+---------------------+
     | operator  |   left moment   |  right moment   | transition strength |
     +-----------+-----------------+-----------------+---------------------+
     | xdiplen   |     -0.00003166 |     -0.00003166 |       0.00000000    |
     | ydiplen   |     -0.00000067 |     -0.00000067 |       0.00000000    |
     | zdiplen   |      0.00001853 |      0.00001853 |       0.00000000    |
     | xdipvel   |     -0.00000491 |      0.00000491 |       0.00000000    |
     | ydipvel   |      0.00000020 |     -0.00000020 |       0.00000000    |
     | zdipvel   |      0.00000230 |     -0.00000230 |       0.00000000    |
     | xangmom   |      0.00001129 |     -0.00001129 |       0.00000000    |
     | yangmom   |     -0.00001715 |      0.00001715 |       0.00000000    |
     | zangmom   |     -0.15812058 |      0.15812058 |       0.02500212    |
     +-----------+-----------------+-----------------+---------------------+
 
       oscillator strength (length gauge)   :      0.00000000
       oscillator strength (velocity gauge) :      0.00000000
       oscillator strength (mixed gauge)    :      0.00000000
 
       rotator strength (length gauge)      :     -0.00000146 a.u.
       Rotator strength (length gauge)      :     -0.00069057 10^(-40)*erg*cm^3
       rotator strength (velocity gauge)    :     -0.00000119 a.u.
       Rotator strength (velocity gauge)    :     -0.00056058 10^(-40)*erg*cm^3
 


  +=========================================================================+
  |  Transition                                             model: ADC(2)   |
  |    number, symmetry, multiplicity:    5 a    1                          |
  |    frequency :   0.1617491272 a.u.     4.40142 e.V.     35499.8 rcm     |
  +=========================================================================+

     +-----------+-----------------+-----------------+---------------------+
     | operator  |   left moment   |  right moment   | transition strength |
     +-----------+-----------------+-----------------+---------------------+
     | xdiplen   |      0.22530093 |      0.22530093 |       0.05076051    |
     | ydiplen   |     -0.41973732 |     -0.41973732 |       0.17617942    |
     | zdiplen   |     -0.00000487 |     -0.00000487 |       0.00000000    |
     | xdipvel   |      0.03630803 |     -0.03630803 |       0.00131827    |
     | ydipvel   |     -0.05315811 |      0.05315811 |       0.00282578    |
     | zdipvel   |     -0.00000094 |      0.00000094 |       0.00000000    |
     | xangmom   |      0.00001647 |     -0.00001647 |       0.00000000    |
     | yangmom   |     -0.00006887 |      0.00006887 |       0.00000000    |
     | zangmom   |     -0.00016648 |      0.00016648 |       0.00000003    |
     +-----------+-----------------+-----------------+---------------------+
 
       oscillator strength (length gauge)   :      0.02447156
       oscillator strength (velocity gauge) :      0.01708019
       oscillator strength (mixed gauge)    :      0.02032845
 
       rotator strength (length gauge)      :      0.00001631 a.u.
       Rotator strength (length gauge)      :      0.00768858 10^(-40)*erg*cm^3
       rotator strength (velocity gauge)    :      0.00001317 a.u.
       Rotator strength (velocity gauge)    :      0.00620663 10^(-40)*erg*cm^3
 


  +=========================================================================+
  |  Transition                                             model: ADC(2)   |
  |    number, symmetry, multiplicity:    6 a    1                          |
  |    frequency :   0.1622844360 a.u.     4.41598 e.V.     35617.3 rcm     |
  +=========================================================================+

     +-----------+-----------------+-----------------+---------------------+
     | operator  |   left moment   |  right moment   | transition strength |
     +-----------+-----------------+-----------------+---------------------+
     | xdiplen   |     -0.00011157 |     -0.00011157 |       0.00000001    |
     | ydiplen   |      0.00009913 |      0.00009913 |       0.00000001    |
     | zdiplen   |      0.00003088 |      0.00003088 |       0.00000000    |
     | xdipvel   |     -0.00001750 |      0.00001750 |       0.00000000    |
     | ydipvel   |      0.00001311 |     -0.00001311 |       0.00000000    |
     | zdipvel   |      0.00000390 |     -0.00000390 |       0.00000000    |
     | xangmom   |     -0.00002093 |      0.00002093 |       0.00000000    |
     | yangmom   |      0.00000014 |     -0.00000014 |       0.00000000    |
     | zangmom   |     -0.70359354 |      0.70359354 |       0.49504386    |
     +-----------+-----------------+-----------------+---------------------+
 
       oscillator strength (length gauge)   :      0.00000000
       oscillator strength (velocity gauge) :      0.00000000
       oscillator strength (mixed gauge)    :      0.00000000
 
       rotator strength (length gauge)      :     -0.00001086 a.u.
       Rotator strength (length gauge)      :     -0.00512048 10^(-40)*erg*cm^3
       rotator strength (velocity gauge)    :     -0.00000845 a.u.
       Rotator strength (velocity gauge)    :     -0.00398187 10^(-40)*erg*cm^3
 


  +=========================================================================+
  |  Transition                                             model: ADC(2)   |
  |    number, symmetry, multiplicity:    7 a    1                          |
  |    frequency :   0.1679775136 a.u.     4.57090 e.V.     36866.8 rcm     |
  +=========================================================================+

     +-----------+-----------------+-----------------+---------------------+
     | operator  |   left moment   |  right moment   | transition strength |
     +-----------+-----------------+-----------------+---------------------+
     | xdiplen   |      2.63912018 |      2.63912018 |       6.96495532    |
     | ydiplen   |     -0.45205887 |     -0.45205887 |       0.20435722    |
     | zdiplen   |     -0.00009520 |     -0.00009520 |       0.00000001    |
     | xdipvel   |      0.42699812 |     -0.42699812 |       0.18232740    |
     | ydipvel   |     -0.09959262 |      0.09959262 |       0.00991869    |
     | zdipvel   |     -0.00001631 |      0.00001631 |       0.00000000    |
     | xangmom   |      0.00001863 |     -0.00001863 |       0.00000000    |
     | yangmom   |     -0.00002055 |      0.00002055 |       0.00000000    |
     | zangmom   |     -0.00005354 |      0.00005354 |       0.00000000    |
     +-----------+-----------------+-----------------+---------------------+
 
       oscillator strength (length gauge)   :      0.80285553
       oscillator strength (velocity gauge) :      0.76298343
       oscillator strength (mixed gauge)    :      0.78128073
 
       rotator strength (length gauge)      :      0.00002923 a.u.
       Rotator strength (length gauge)      :      0.01378247 10^(-40)*erg*cm^3
       rotator strength (velocity gauge)    :      0.00002978 a.u.
       Rotator strength (velocity gauge)    :      0.01403810 10^(-40)*erg*cm^3
 


  +=========================================================================+
  |  Transition                                             model: ADC(2)   |
  |    number, symmetry, multiplicity:    8 a    1                          |
  |    frequency :   0.1746139163 a.u.     4.75149 e.V.     38323.3 rcm     |
  +=========================================================================+

     +-----------+-----------------+-----------------+---------------------+
     | operator  |   left moment   |  right moment   | transition strength |
     +-----------+-----------------+-----------------+---------------------+
     | xdiplen   |     -0.00015228 |     -0.00015228 |       0.00000002    |
     | ydiplen   |      0.00003526 |      0.00003526 |       0.00000000    |
     | zdiplen   |      0.00001690 |      0.00001690 |       0.00000000    |
     | xdipvel   |     -0.00002568 |      0.00002568 |       0.00000000    |
     | ydipvel   |      0.00000685 |     -0.00000685 |       0.00000000    |
     | zdipvel   |      0.00000297 |     -0.00000297 |       0.00000000    |
     | xangmom   |     -0.00002127 |      0.00002127 |       0.00000000    |
     | yangmom   |      0.00002674 |     -0.00002674 |       0.00000000    |
     | zangmom   |     -1.00074498 |      1.00074498 |       1.00149052    |
     +-----------+-----------------+-----------------+---------------------+
 
       oscillator strength (length gauge)   :      0.00000000
       oscillator strength (velocity gauge) :      0.00000000
       oscillator strength (mixed gauge)    :      0.00000000
 
       rotator strength (length gauge)      :     -0.00000845 a.u.
       Rotator strength (length gauge)      :     -0.00398572 10^(-40)*erg*cm^3
       rotator strength (velocity gauge)    :     -0.00000851 a.u.
       Rotator strength (velocity gauge)    :     -0.00401060 10^(-40)*erg*cm^3
 


  +=========================================================================+
  |  Transition                                             model: ADC(2)   |
  |    number, symmetry, multiplicity:    9 a    1                          |
  |    frequency :   0.1883182097 a.u.     5.12440 e.V.     41331.1 rcm     |
  +=========================================================================+

     +-----------+-----------------+-----------------+---------------------+
     | operator  |   left moment   |  right moment   | transition strength |
     +-----------+-----------------+-----------------+---------------------+
     | xdiplen   |      0.00002579 |      0.00002579 |       0.00000000    |
     | ydiplen   |      0.00001315 |      0.00001315 |       0.00000000    |
     | zdiplen   |      0.00006221 |      0.00006221 |       0.00000000    |
     | xdipvel   |      0.00000450 |     -0.00000450 |       0.00000000    |
     | ydipvel   |      0.00000185 |     -0.00000185 |       0.00000000    |
     | zdipvel   |      0.00001005 |     -0.00001005 |       0.00000000    |
     | xangmom   |     -0.00003831 |      0.00003831 |       0.00000000    |
     | yangmom   |     -0.00001335 |      0.00001335 |       0.00000000    |
     | zangmom   |     -1.73763471 |      1.73763471 |       3.01937438    |
     +-----------+-----------------+-----------------+---------------------+
 
       oscillator strength (length gauge)   :      0.00000000
       oscillator strength (velocity gauge) :      0.00000000
       oscillator strength (mixed gauge)    :      0.00000000
 
       rotator strength (length gauge)      :     -0.00005405 a.u.
       Rotator strength (length gauge)      :     -0.02548078 10^(-40)*erg*cm^3
       rotator strength (velocity gauge)    :     -0.00004637 a.u.
       Rotator strength (velocity gauge)    :     -0.02186070 10^(-40)*erg*cm^3
 


  +=========================================================================+
  |  Transition                                             model: ADC(2)   |
  |    number, symmetry, multiplicity:   10 a    1                          |
  |    frequency :   0.1893296911 a.u.     5.15192 e.V.     41553.1 rcm     |
  +=========================================================================+

     +-----------+-----------------+-----------------+---------------------+
     | operator  |   left moment   |  right moment   | transition strength |
     +-----------+-----------------+-----------------+---------------------+
     | xdiplen   |     -0.83351152 |     -0.83351152 |       0.69474146    |
     | ydiplen   |     -0.62163135 |     -0.62163135 |       0.38642554    |
     | zdiplen   |      0.00003373 |      0.00003373 |       0.00000000    |
     | xdipvel   |     -0.15412465 |      0.15412465 |       0.02375441    |
     | ydipvel   |     -0.09347748 |      0.09347748 |       0.00873804    |
     | zdipvel   |      0.00000651 |     -0.00000651 |       0.00000000    |
     | xangmom   |      0.00002366 |     -0.00002366 |       0.00000000    |
     | yangmom   |     -0.00015822 |      0.00015822 |       0.00000003    |
     | zangmom   |     -0.00002178 |      0.00002178 |       0.00000000    |
     +-----------+-----------------+-----------------+---------------------+
 
       oscillator strength (length gauge)   :      0.13646468
       oscillator strength (velocity gauge) :      0.11441222
       oscillator strength (mixed gauge)    :      0.12438213
 
       rotator strength (length gauge)      :      0.00003932 a.u.
       Rotator strength (length gauge)      :      0.01853558 10^(-40)*erg*cm^3
       rotator strength (velocity gauge)    :      0.00002943 a.u.
       Rotator strength (velocity gauge)    :      0.01387392 10^(-40)*erg*cm^3
 
 Exporting transition densities


    ------------------------------------------------------------------------
         total  cpu-time :   8 days  5 hours 19 minutes and  8 seconds
         total wall-time :  6 hours  2 minutes and 50 seconds
    ------------------------------------------------------------------------

   ****  ricc2 : all done  ****


    2023-10-16 19:58:45.232 

