
   OpenMP run-time library returned nthreads = 36

 dscf (cpu-3-13) : TURBOMOLE rev. V7.5.0 compiled 17 Jun 2020 at 09:15:30
 Copyright (C) 2020 TURBOMOLE GmbH, Karlsruhe


    2023-10-16 13:53:24.895 



                             d s c f - program

                   idea & directorship : reinhart ahlrichs
                   program development : marco haeser
                                         michael baer
                           dft version : oliver treutler


                          quantum chemistry group
                          universitaet  karlsruhe
                                  germany



   *-----------------------------------------------------------------------*
   |                     program will use 36 thread(s)                     |
   *-----------------------------------------------------------------------*


              +--------------------------------------------------+
              | Atomic coordinate, charge and isotop information |
              +--------------------------------------------------+

                    atomic coordinates            atom    charge  isotop
          2.15349410    3.37165269    0.00000945    n      7.000     0
         -0.52481474    3.38935942    0.00006614    c      6.000     0
          3.18539794    0.95437172   -0.00008504    c      6.000     0
          1.15766512   -0.70718887   -0.00008504    c      6.000     0
         -1.15766512    0.70719554    0.00002835    c      6.000     0
         -3.18539794   -0.95436505    0.00004724    c      6.000     0
          0.52481474   -3.38935275   -0.00014173    c      6.000     0
         -2.15349410   -3.37162712   -0.00008504    n      7.000     0
         -1.78858798    5.33543718    0.00016063    o      8.000     0
          1.78860688   -5.33541161   -0.00025511    o      8.000     0
         -3.13252341   -5.00654257    0.00002835    h      1.000     0
          3.13252341    5.00656814   -0.00004724    h      1.000     0
         -5.90206822   -0.50374096    0.00014173    c      6.000     0
         -6.82741041    1.99823753    0.00036850    c      6.000     0
         -7.65157667   -2.51471191    0.00002835    c      6.000     0
         -9.42028473    2.45237652    0.00048188    c      6.000     0
         -5.50668082    3.56920466    0.00046298    h      1.000     0
        -10.24093610   -2.04243156    0.00012283    c      6.000     0
         -7.01551375   -4.46526832   -0.00017952    h      1.000     0
        -11.13711981    0.44342757    0.00036850    c      6.000     0
        -10.10115305    4.38807968    0.00065196    h      1.000     0
        -11.55898227   -3.61509943    0.00002835    h      1.000     0
        -13.15653784    0.80876832    0.00044409    h      1.000     0
          5.90206822    0.50374763   -0.00016063    c      6.000     0
          7.65159556    2.51469968   -0.00042519    c      6.000     0
          6.82739152   -1.99823086    0.00002835    c      6.000     0
         10.24095499    2.04241933   -0.00048188    c      6.000     0
          7.01553265    4.46527499   -0.00053857    h      1.000     0
          9.42026583   -2.45238874   -0.00004724    c      6.000     0
          5.50666193   -3.56919799    0.00027401    h      1.000     0
         11.13711981   -0.44343980   -0.00031180    c      6.000     0
         11.55900117    3.61506831   -0.00067085    h      1.000     0
         10.10113416   -4.38809190    0.00012283    h      1.000     0
         13.15651894   -0.80879945   -0.00034960    h      1.000     0
 
       center of nuclear mass  :    0.00000098    0.00000189   -0.00001048
       center of nuclear charge:    0.00000088    0.00000170   -0.00000932

   *************************************************************************
   teste                                                                    
   *************************************************************************



              +--------------------------------------------------+
              |               basis set information              |
              +--------------------------------------------------+

              we will work with the 1s 3p 5d 7f 9g ... basis set
              ...i.e. with spherical basis functions...

   type   atoms  prim   cont   basis
   ---------------------------------------------------------------------------
    n        2     46     31   def2-TZVP   [5s3p2d1f|11s6p2d1f]
    c       18     46     31   def2-TZVP   [5s3p2d1f|11s6p2d1f]
    o        2     46     31   def2-TZVP   [5s3p2d1f|11s6p2d1f]
    h       12      8      6   def2-TZVP   [3s1p|5s1p]
   ---------------------------------------------------------------------------
   total:   34   1108    754
   ---------------------------------------------------------------------------

   total number of primitive shells          :   66
   total number of contracted shells         :  290
   total number of cartesian basis functions :  864
   total number of SCF-basis functions       :  754


 integral neglect threshold       :  0.39E-11
 integral storage threshold THIZE :  0.10E-04
 integral storage threshold THIME :         5


 DENSITY CONVERGENCE CHECK SWITCHED ON !
 SCF CONVERGENCE IF RMS(delta[D]) <     0.1000000000E-07


 symmetry group of the molecule :   c1 

 the group has the following generators :
   c1(z)

    1 symmetry operations found

 there are 1 real representations :   a   

 maximum number of shells which are related by symmetry :  1


          ------------------------
          nuclear repulsion energy  :   1595.21590795    
          ------------------------


         -----------------
         -S,T+V- integrals
         -----------------

 1e-integrals will be neglected if expon. factor < 0.386801E-12
 
   Difference densities algorithm switched on.
   The maximal number of linear combinations of
   difference densities is                    20 .

 DIIS switched on: error vector is FDS-SDF
 Max. Iterations for DIIS is     :   5
 DIIS matrix (see manual) 
    Scaling factor of diagonals  :  1.200
    threshold for scaling factor :  0.000

 scf convergence criterion : increment of total energy < .1000000D-06
                  and increment of one-electron energy < .1000000D-03

 MOs are in ASCII format !


    mo occupation :
   irrep   mo's   occupied
    a      754       75
 
 number of basis functions   :   754
 number of occupied orbitals :    75
 

 reading orbital data $scfmo  from file mos
 orbital characterization : expanded
 virtual MOs provided and orthogonalized by Cholesky decomposition

 automatic virtual orbital shift switched on 
      shift if e(lumo)-e(homo) < 0.10000000    


 DSCF restart information will be dumped onto file mos

 
                                              current damping :  0.300
 ITERATION  ENERGY          1e-ENERGY        2e-ENERGY     RMS[dD(SAO)]   TOL
   1  -944.13300642609    -4428.2839950     1888.9350806    0.000D+00 0.386D-11
          max. resid. norm for Fia-block=  3.510D-01 for orbital     45a         
          max. resid. fock norm         =  8.381D+00 for orbital    505a         
          Delta Eig. =   924.6420558133 eV 
 
                                              current damping :  0.250
 ITERATION  ENERGY          1e-ENERGY        2e-ENERGY     RMS[dD(SAO)]   TOL
   2  -947.21057511438    -4453.5352526     1911.1087696    0.166D-01 0.374D-11
          Norm of current diis error:  3.1568    
          max. resid. norm for Fia-block=  1.337D-01 for orbital      1a         
          max. resid. fock norm         =  3.576D-01 for orbital    585a         
          Delta Eig. =   203.8546267727 eV 
 
                                              current damping :  0.150
 ITERATION  ENERGY          1e-ENERGY        2e-ENERGY     RMS[dD(SAO)]   TOL
   3  -947.52039340235    -4456.1362397     1913.3999384    0.467D-02 0.225D-11
          Norm of current diis error:  1.1904    
          max. resid. norm for Fia-block=  5.251D-02 for orbital     68a         
          max. resid. fock norm         =  6.859D-02 for orbital     69a         
          Delta Eig. =    52.6646031872 eV 
 
                                              current damping :  0.100
 ITERATION  ENERGY          1e-ENERGY        2e-ENERGY     RMS[dD(SAO)]   TOL
   4  -947.58589686837    -4457.6822951     1914.8804902    0.256D-02 0.186D-11
          Norm of current diis error: 0.35498    
          max. resid. norm for Fia-block=  1.803D-02 for orbital     24a         
          max. resid. fock norm         =  3.315D-02 for orbital     25a         
          Delta Eig. =     5.2723140993 eV 
 
                                              current damping :  0.100
 ITERATION  ENERGY          1e-ENERGY        2e-ENERGY     RMS[dD(SAO)]   TOL
   5  -947.59299039995    -4457.8869232     1915.0780249    0.512D-03 0.173D-11
          Norm of current diis error: 0.98188E-01
          max. resid. norm for Fia-block=  6.160D-03 for orbital     75a         
          max. resid. fock norm         =  7.788D-03 for orbital    743a         
 mo-orthogonalization: Cholesky decomposition
          Delta Eig. =     0.8498632819 eV 
 
                                              current damping :  0.100
 ITERATION  ENERGY          1e-ENERGY        2e-ENERGY     RMS[dD(SAO)]   TOL
   6  -947.59377773642    -4457.9376555     1915.1279698    0.210D-03 0.163D-11
          Norm of current diis error: 0.33209E-01
          max. resid. norm for Fia-block=  2.238D-03 for orbital     75a         
          max. resid. fock norm         =  2.430D-03 for orbital     75a         
          Delta Eig. =     0.1374353403 eV 
 
                                              current damping :  0.150
 ITERATION  ENERGY          1e-ENERGY        2e-ENERGY     RMS[dD(SAO)]   TOL
   7  -947.59390940616    -4457.9324058     1915.1225885    0.653D-04 0.155D-11
          Norm of current diis error: 0.14853E-01
          max. resid. norm for Fia-block=  1.513D-03 for orbital     75a         
          max. resid. fock norm         =  1.559D-03 for orbital     75a         
          Delta Eig. =     0.0681542633 eV 
 
                                              current damping :  0.200
 ITERATION  ENERGY          1e-ENERGY        2e-ENERGY     RMS[dD(SAO)]   TOL
   8  -947.59394524779    -4457.9411460     1915.1312928    0.269D-04 0.147D-11
          Norm of current diis error: 0.67344E-02
          max. resid. norm for Fia-block=  8.623D-04 for orbital     75a         
          max. resid. fock norm         =  8.704D-04 for orbital     75a         
          Delta Eig. =     0.0087465255 eV 
 
                                              current damping :  0.250
 ITERATION  ENERGY          1e-ENERGY        2e-ENERGY     RMS[dD(SAO)]   TOL
   9  -947.59395488641    -4457.9387834     1915.1289206    0.126D-04 0.139D-11
          Norm of current diis error: 0.32043E-02
          max. resid. norm for Fia-block=  4.152D-04 for orbital     75a         
          max. resid. fock norm         =  4.204D-04 for orbital     75a         
          Delta Eig. =     0.0069151531 eV 
 
                                              current damping :  0.300
 ITERATION  ENERGY          1e-ENERGY        2e-ENERGY     RMS[dD(SAO)]   TOL
  10  -947.59395706823    -4457.9402754     1915.1304104    0.871D-05 0.133D-11
          Norm of current diis error: 0.14430E-02
          max. resid. norm for Fia-block=  2.126D-04 for orbital     70a         
          max. resid. fock norm         =  2.178D-04 for orbital     70a         
 mo-orthogonalization: Cholesky decomposition
          Delta Eig. =     0.0022635042 eV 
 
                                              current damping :  0.350
 ITERATION  ENERGY          1e-ENERGY        2e-ENERGY     RMS[dD(SAO)]   TOL
  11  -947.59395753994    -4457.9397511     1915.1298856    0.405D-05 0.129D-11
          Norm of current diis error: 0.73559E-03
          max. resid. norm for Fia-block=  9.214D-05 for orbital     70a         
          max. resid. fock norm         =  9.426D-05 for orbital     70a         
          Delta Eig. =     0.0017822856 eV 
 
                                              current damping :  0.400
 ITERATION  ENERGY          1e-ENERGY        2e-ENERGY     RMS[dD(SAO)]   TOL
  12  -947.59395764233    -4457.9400517     1915.1301861    0.201D-05 0.125D-11
          Norm of current diis error: 0.34557E-03
          max. resid. norm for Fia-block=  4.837D-05 for orbital     70a         
          max. resid. fock norm         =  4.931D-05 for orbital     70a         
          Delta Eig. =     0.0007503024 eV 
 
                                              current damping :  0.450
 ITERATION  ENERGY          1e-ENERGY        2e-ENERGY     RMS[dD(SAO)]   TOL
  13  -947.59395766704    -4457.9399248     1915.1300592    0.967D-06 0.121D-11
          Norm of current diis error: 0.17289E-03
          max. resid. norm for Fia-block=  2.063D-05 for orbital     70a         
          max. resid. fock norm         =  2.152D-05 for orbital     76a         
          Delta Eig. =     0.0003345233 eV 
 
                                              current damping :  0.500
 ITERATION  ENERGY          1e-ENERGY        2e-ENERGY     RMS[dD(SAO)]   TOL
  14  -947.59395767191    -4457.9399621     1915.1300965    0.373D-06 0.118D-11
          Norm of current diis error: 0.84667E-04
          max. resid. norm for Fia-block=  9.182D-06 for orbital     73a         
          max. resid. fock norm         =  1.023D-05 for orbital     77a         
          Delta Eig. =     0.0000934270 eV 
 
                                              current damping :  0.550
 ITERATION  ENERGY          1e-ENERGY        2e-ENERGY     RMS[dD(SAO)]   TOL
  15  -947.59395767307    -4457.9399414     1915.1300757    0.157D-06 0.114D-11
          Norm of current diis error: 0.42941E-04
          max. resid. norm for Fia-block=  4.632D-06 for orbital     71a         
          max. resid. fock norm         =  5.813D-06 for orbital    236a         
 mo-orthogonalization: Cholesky decomposition
          Delta Eig. =     0.0000478508 eV 

 ENERGY & DENSITY CONVERGED !

 
                                              current damping :  0.600
 ITERATION  ENERGY          1e-ENERGY        2e-ENERGY     RMS[dD(SAO)]   TOL
  16  -947.59395767398    -4457.9399453     1915.1300797    0.671D-07 0.110D-11
          max. resid. norm for Fia-block=  1.375D-06 for orbital     72a         
          max. resid. fock norm         =  6.550D-06 for orbital    243a         

 convergence criteria satisfied after    16 iterations


   *************************************************************************
   teste                                                                    
   *************************************************************************


                  ------------------------------------------ 
                 |  total energy      =   -947.59395767398  |
                  ------------------------------------------ 
                 :  kinetic energy    =    946.01972575279  :
                 :  potential energy  =  -1893.61368342677  :
                 :  virial theorem    =      1.99833870625  :
                 :  wavefunction norm =      1.00000000000  :
                  .......................................... 


 <geterg> : there is no data group $energy 


 <skperg> : $end is missing 


 orbitals $scfmo  will be written to file mos

    irrep                 71a         72a         73a         74a         75a   
 eigenvalues H         -0.37135    -0.35848    -0.35270    -0.35120    -0.26660
            eV         -10.1050     -9.7549     -9.5975     -9.5567     -7.2547
 occupation              2.0000      2.0000      2.0000      2.0000      2.0000

    irrep                 76a         77a         78a         79a         80a   
 eigenvalues H          0.01397     0.08295     0.10847     0.10977     0.13159
            eV           0.3801      2.2571      2.9516      2.9870      3.5806
 
 
 
 
 ==============================================================================
                           electrostatic moments
 ==============================================================================

 reference point for electrostatic moments:    0.00000   0.00000   0.00000

 
              nuc           elec       ->  total
 ------------------------------------------------------------------------------
                          charge      
 ------------------------------------------------------------------------------
         150.000000    -150.000000       0.000000
 
 ------------------------------------------------------------------------------
                       dipole moment  
 ------------------------------------------------------------------------------
   x       0.000132      -0.000146      -0.000014
   y       0.000255      -0.000290      -0.000035
   z      -0.001398       0.001463       0.000064
 
   | dipole moment | =     0.0001 a.u. =     0.0002 debye 
 
 ------------------------------------------------------------------------------
                     quadrupole moment
 ------------------------------------------------------------------------------
  xx    6745.224893   -6810.480438     -65.255546
  yy    1202.280049   -1299.973103     -97.693054
  zz       0.000009    -100.243545    -100.243536
  xy      -0.001727      11.674827      11.673100
  xz      -0.194146       0.193424      -0.000722
  yz       0.021562      -0.022730      -0.001168
 
     1/3  trace=     -87.730712
     anisotropy=      39.372731
 
 ==============================================================================
 
HOMO-LUMO Separation
 HOMO         :   -0.26660361 H =     -7.25466 eV
 LUMO         :    0.01396677 H =     +0.38006 eV
 HOMO-LUMO gap:    0.28057038 H =     +7.63471 eV
 
 ==============================================================================


    ------------------------------------------------------------------------
         total  cpu-time :  1 hours 21 minutes and  4 seconds
         total wall-time :  2 minutes and 30 seconds
    ------------------------------------------------------------------------

   ****  dscf : all done  ****


    2023-10-16 13:55:53.868 

