
   OpenMP run-time library returned nthreads = 36

 data group $actual step is not empty 
 due to the abend of ricc2


 ricc2 (cpu-2-47) : TURBOMOLE rev. V7.5.0 compiled 17 Jun 2020 at 09:15:30
 Copyright (C) 2020 TURBOMOLE GmbH, Karlsruhe


    2024-01-30 07:35:30.917 



                              R I C C 2 - PROGRAM

                          the quantum chemistry groups
                             at the universities in
                               Karlsruhe & Bochum
                                   Germany



   *-----------------------------------------------------------------------*
   |                     program will use 36 thread(s)                     |
   *-----------------------------------------------------------------------*


              +--------------------------------------------------+
              | Atomic coordinate, charge and isotop information |
              +--------------------------------------------------+

                    atomic coordinates            atom    charge  isotop
          2.17545549    3.35861024   -0.32210938    n      7.000     0
         -0.50134156    3.39186942   -0.31247177    c      6.000     0
          3.19439582    0.93352471   -0.31700712    c      6.000     0
          1.15084599   -0.71469442   -0.30907027    c      6.000     0
         -1.15084043    0.71469442   -0.30907027    c      6.000     0
         -3.19439026   -0.93352471   -0.31700712    c      6.000     0
          0.50134712   -3.39186942   -0.31247177    c      6.000     0
         -2.17544994   -3.35861024   -0.32210938    n      7.000     0
         -1.75593074    5.34565726   -0.30547979    o      8.000     0
          1.75593629   -5.34565726   -0.30547979    o      8.000     0
         -3.16434362   -4.98755416   -0.30359006    h      1.000     0
          3.16434917    4.98755416   -0.30359006    h      1.000     0
         -5.89575376   -0.46279393   -0.32173143    c      6.000     0
         -6.81945189    2.04317189   -0.27977951    c      6.000     0
         -7.67606474   -2.44681739   -0.36047082    c      6.000     0
         -9.39609346    2.51976081   -0.26674040    c      6.000     0
         -5.49494285    3.61088868   -0.23839451    h      1.000     0
        -10.25232836   -1.95624448   -0.36613999    c      6.000     0
         -7.07002957   -4.40627440   -0.40771397    h      1.000     0
        -11.18396334    0.54008373   -0.31946376    c      6.000     0
        -10.03652164    4.46523386   -0.17924608    h      1.000     0
        -11.56190857   -3.53397683   -0.43965034    h      1.000     0
          5.89575932    0.46279393   -0.32173143    c      6.000     0
          6.81945744   -2.04317189   -0.27977951    c      6.000     0
          7.67607030    2.44681739   -0.36047082    c      6.000     0
          9.39609902   -2.51976081   -0.26674040    c      6.000     0
          5.49494840   -3.61088868   -0.23839451    h      1.000     0
         10.25233392    1.95624448   -0.36613999    c      6.000     0
          7.07003513    4.40627440   -0.40771397    h      1.000     0
         11.18396890   -0.54008373   -0.31946376    c      6.000     0
         10.03652720   -4.46523386   -0.17924608    h      1.000     0
         11.56191413    3.53397683   -0.43965034    h      1.000     0
        -13.89231883    1.08375793   -0.32796753    c      6.000     0
        -15.10249944    3.30966633   -0.96008092    c      6.000     0
        -16.13013250   -1.20148787    0.54470800    s     16.000     0
        -17.77192656    3.18305468   -0.76940755    c      6.000     0
        -14.10453507    4.97564889   -1.61033568    h      1.000     0
        -18.66217654    0.85925847    0.01312804    c      6.000     0
        -19.01177587    4.73792134   -1.26130326    h      1.000     0
         13.89232438   -1.08375793   -0.32796753    c      6.000     0
         15.10250499   -3.30966633   -0.96008092    c      6.000     0
         16.13013806    1.20148787    0.54470800    s     16.000     0
         17.77193212   -3.18305468   -0.76940755    c      6.000     0
         14.10454063   -4.97564889   -1.61033568    h      1.000     0
         18.66218210   -0.85925847    0.01312804    c      6.000     0
         19.01159246   -4.73792134   -1.26130326    h      1.000     0
         21.28965730   -0.06443966    0.41563970    c      6.000     0
         22.04195727    2.47024999    0.11725195    c      6.000     0
         23.13629767   -1.85249852    1.10954714    c      6.000     0
         24.55000178    3.18796797    0.49330745    c      6.000     0
         20.66207925    3.87904082   -0.45155562    h      1.000     0
         25.64547602   -1.13289081    1.46462667    c      6.000     0
         22.58808812   -3.80628636    1.41020256    h      1.000     0
         26.36621756    1.39121637    1.16208152    c      6.000     0
         25.08800681    5.15328314    0.24575332    h      1.000     0
         27.03612547   -2.54300445    2.00414348    h      1.000     0
         28.31924951    1.95152017    1.44931989    h      1.000     0
        -21.28965174    0.06443966    0.41563970    c      6.000     0
        -22.04195171   -2.47024999    0.11725195    c      6.000     0
        -23.13629211    1.85249852    1.10954714    c      6.000     0
        -24.54999622   -3.18796797    0.49330745    c      6.000     0
        -20.66207370   -3.87904082   -0.45155562    h      1.000     0
        -25.64547046    1.13289081    1.46462667    c      6.000     0
        -22.58808256    3.80628636    1.41020256    h      1.000     0
        -26.36621200   -1.39121637    1.16208152    c      6.000     0
        -25.08800125   -5.15328314    0.24575332    h      1.000     0
        -27.03611991    2.54300445    2.00414348    h      1.000     0
        -28.31924395   -1.95152017    1.44931989    h      1.000     0
 
       center of nuclear mass  :    0.00000246   -0.00000000    0.02204930
       center of nuclear charge:    0.00000218   -0.00000000    0.02182078

   *************************************************************************
   test                                                                     
   *************************************************************************



              +--------------------------------------------------+
              |               basis set information              |
              +--------------------------------------------------+

              we will work with the 1s 3p 5d 7f 9g ... basis set
              ...i.e. with spherical basis functions...

   type   atoms  prim   cont   basis
   ---------------------------------------------------------------------------
    n        2     46     31   def2-TZVP   [5s3p2d1f|11s6p2d1f]
    c       38     46     31   def2-TZVP   [5s3p2d1f|11s6p2d1f]
    o        2     46     31   def2-TZVP   [5s3p2d1f|11s6p2d1f]
    h       24      8      6   def2-TZVP   [3s1p|5s1p]
    s        2     63     37   def2-TZVP   [5s5p2d1f|14s9p3d1f]
   ---------------------------------------------------------------------------
   total:   68   2250   1520
   ---------------------------------------------------------------------------

   total number of primitive shells          :   93
   total number of contracted shells         :  584
   total number of cartesian basis functions : 1740
   total number of SCF-basis functions       : 1520


 symmetry group of the molecule :   c1 

 the group has the following generators :
   c1(z)

    1 symmetry operations found

 there are 1 real representations :   a   


   =========================================================================


     restricted closed shell calculation for the wavefunction models:
               ADC(2)     - Algebraic Diagrammatic Construction to 2. Order (strict)


     global parameters for ricc2 program:

        hard restart (reuse of interm.) :  enabled 
        soft restart (reuse of vectors) :  enabled 
        threshold for vector function   :    0.100000E-06
        convergence threshold energy    :    0.100000E-07
        linear dependence threshold     :    0.100000E-13
        global print level              :      1
        maximum number of iterations    :   500
        maximum number DIIS vectors     :    10
        max. dim. of reduced space      :   100
        core memory limit (MB)          : 18000

     Scratch Directory : 


   =========================================================================

    der. integral neglect threshold  :  0.10E-08
    integral neglect threshold       :  0.19E-12
    integral storage threshold THIZE :  0.10E-04
    integral storage threshold THIME :         5


                  +------------------------------------------+
                  |     Auxiliary basis set information      |
                  +------------------------------------------+

              we will work with the 1s 3p 5d 7f 9g ... basis set
              ...i.e. with spherical basis functions...

   type   atoms  prim   cont   basis
   ---------------------------------------------------------------------------
    n        2     81     76   def2-TZVP   [8s6p4d3f1g|8s6p5d3f1g]
    c       38     81     76   def2-TZVP   [8s6p4d3f1g|8s6p5d3f1g]
    o        2     81     76   def2-TZVP   [8s6p4d3f1g|8s6p5d3f1g]
    h       24     23     15   def2-TZVP   [4s2p1d|4s3p2d]
    s        2    119    113   def2-TZVP   [9s7p6d5f2g|10s7p7d5f2g]
   ---------------------------------------------------------------------------
   total:   68   4192   3778
   ---------------------------------------------------------------------------

   total number of primitive shells          :  109
   total number of contracted shells         : 1150
   total number of cartesian basis functions : 4666
   total number of SCF-basis functions       : 3778


 maximum number of shells which are related by symmetry :  1



     restored sucessfully symmetry projectors
     skipped calculation of symmetry projectors

 The symmetry information takes   1 MB

*---------------------------------------------------------------------*
|               simplified C1 algorithm will be applied               |
*---------------------------------------------------------------------*
  MOs are in ASCII format !


 reading orbital data $scfmo  from file mos
 orbital characterization : scfconv=7
 time elapsed for calculating density matrices :   9.617 sec
 all orbitals will be active in the correlation treatment


   Molecular Orbital Statistic:
   ============================

   -----------------------------
   orbitals in total:
   -----------------------------
    frozen occupied :      0
    active occupied :    157
    active virtual  :   1363
    frozen virtual  :      0
    all together    :   1520
   -----------------------------


     time in riccmos       cpu: 25.54 sec    wall:  2.05 sec    ratio: 12.5

     total memory allocated for calculation of (Q|P)**(-1/2) : 164 MiB


     calculation of (P|Q)**(-1/2) is skipped because it was found on file

   threshold for RMS(d[D]) in SCF was     :  0.10E-07
   integral neglect threshold             :  0.19E-12
   derivative integral neglect threshold  :  0.10E-08


 setting up bound for integral derivative estimation

 increment for numerical differentiation : 0.00050000

   =========================================================================

     Energy of reference wave function is -2507.2812705020001
     Maximum orbital residual is           0.4229292734980E-05


     Number of symmetry-nonredundant auxiliary basis functions:     3778

     Block lengths for integral files:
        frozen occupied (BOI):        0 MiB
        active occupied (BJI):        5 MiB
        active virtual  (BAI):       40 MiB
        frozen virtual  (BGI):        0 MiB
               general  (BTI):       44 MiB

   =========================================================================




   calculation of zero-order integrals is skipped because they were already
   available on disk

   restarted calculation begins with wavefunction model nb. 1 which is ADC(2)  


   **************************************************************************
   *                                                                        *
   *          OPTIMIZATION OF THE GROUND STATE CLUSTER AMPLITUDES           *
   *                                                                        *
   **************************************************************************


   Iter.   MP2 energy       Norm(Omega)   Norm(t1)  Norm(t2)     cpu    wall
   ...........................................................................
    1  -2515.3333008955    0.2928456506     0.00000   0.94278 1156.86   33.57
   ...........................................................................


     time in total         cpu: 19 h 17 min  wall:  0 h 33 min  ratio: 34.4


     **********************************************************************
     *                                                                    *
     *   RHF  energy                             :  -2507.2812705020      *
     *   MP2 correlation energy                  :     -8.0520303935      *
     *                                                                    *
     *   Final MP2 energy                        :  -2515.3333008955      *
     *                                                                    *
     *   Norm of MP1 T2 amplitudes               :      0.9427779735      *
     *                                                                    *
     *   D1 diagnostic                           :      0.0564            *
     *                                                                    *
     **********************************************************************



 **************************************************************
 *                                                            *
 *    OPTIMIZATION OF THE EXCITED STATE CLUSTER AMPLITUDES    *
 *                                                            *
 **************************************************************



 RESTART: converged ADC(2) excitation energies from the restart file:
 =================================================================



 +================================================================================+
 | sym | multi | state |          ADC(2) excitation energies    |  %t1   |  %t2   |
 |     |       |       +----------------------------------------+--------+--------+
 |     |       |       |   Hartree    |    eV      |    cm-1    |    %   |    %   |
 +================================================================================+
 | a   |   1   |   1   |    0.0859510 |    2.33885 |  18864.071 |  87.52 |  12.48 |
 | a   |   1   |   2   |    0.1225854 |    3.33572 |  26904.382 |  85.49 |  14.51 |
 | a   |   1   |   3   |    0.1253967 |    3.41222 |  27521.388 |  85.55 |  14.45 |
 | a   |   1   |   4   |    0.1265355 |    3.44321 |  27771.323 |  85.56 |  14.44 |
 | a   |   1   |   5   |    0.1305070 |    3.55128 |  28642.979 |  86.69 |  13.31 |
 | a   |   1   |   6   |    0.1340157 |    3.64675 |  29413.051 |  85.80 |  14.20 |
 | a   |   1   |   7   |    0.1395140 |    3.79637 |  30619.786 |  85.46 |  14.54 |
 | a   |   1   |   8   |    0.1531943 |    4.16863 |  33622.273 |  87.21 |  12.79 |
 | a   |   1   |   9   |    0.1533035 |    4.17160 |  33646.230 |  87.38 |  12.62 |
 | a   |   1   |  10   |    0.1552669 |    4.22503 |  34077.155 |  86.23 |  13.77 |
 +================================================================================+


       Energy:     0.0859510 H      2.33885 eV    18864.071 cm-1

     +=======================================================================+
     | type: RE0                    symmetry: a               state:    1    |
     +-----------------------+-----------------------+-----------------------+
     | occ. orb.  index spin | vir. orb.  index spin |  coeff/|amp|     %    |
     +=======================+=======================+=======================+
     |  157 a      157       |  158 a      158       |   0.92278      85.2   |
     |  155 a      155       |  158 a      158       |  -0.23106       5.3   |
     |  157 a      157       |  160 a      160       |  -0.12780       1.6   |
     |  156 a      156       |  159 a      159       |   0.11814       1.4   |
     |  155 a      155       |  160 a      160       |   0.10489       1.1   |
     |  145 a      145       |  158 a      158       |  -0.08840       0.8   |
     +=======================+=======================+=======================+
     norm of printed elements:  0.95402


       Energy:     0.1225854 H      3.33572 eV    26904.382 cm-1

     +=======================================================================+
     | type: RE0                    symmetry: a               state:    2    |
     +-----------------------+-----------------------+-----------------------+
     | occ. orb.  index spin | vir. orb.  index spin |  coeff/|amp|     %    |
     +=======================+=======================+=======================+
     |  143 a      143       |  158 a      158       |   0.89597      80.3   |
     |  143 a      143       |  160 a      160       |  -0.27779       7.7   |
     |  143 a      143       |  166 a      166       |  -0.16649       2.8   |
     |  156 a      156       |  158 a      158       |   0.15150       2.3   |
     |  142 a      142       |  159 a      159       |  -0.07714       0.6   |
     |  143 a      143       |  162 a      162       |  -0.07512       0.6   |
     |  142 a      142       |  161 a      161       |  -0.07470       0.6   |
     |  142 a      142       |  169 a      169       |   0.07050       0.5   |
     +=======================+=======================+=======================+
     norm of printed elements:  0.95274


       Energy:     0.1253967 H      3.41222 eV    27521.388 cm-1

     +=======================================================================+
     | type: RE0                    symmetry: a               state:    3    |
     +-----------------------+-----------------------+-----------------------+
     | occ. orb.  index spin | vir. orb.  index spin |  coeff/|amp|     %    |
     +=======================+=======================+=======================+
     |  156 a      156       |  158 a      158       |   0.89757      80.6   |
     |  155 a      155       |  159 a      159       |   0.22434       5.0   |
     |  157 a      157       |  159 a      159       |   0.19522       3.8   |
     |  152 a      152       |  158 a      158       |  -0.18500       3.4   |
     |  143 a      143       |  158 a      158       |  -0.15029       2.3   |
     +=======================+=======================+=======================+
     norm of printed elements:  0.95089


       Energy:     0.1265355 H      3.44321 eV    27771.323 cm-1

     +=======================================================================+
     | type: RE0                    symmetry: a               state:    4    |
     +-----------------------+-----------------------+-----------------------+
     | occ. orb.  index spin | vir. orb.  index spin |  coeff/|amp|     %    |
     +=======================+=======================+=======================+
     |  155 a      155       |  158 a      158       |   0.81402      66.3   |
     |  149 a      149       |  158 a      158       |   0.32053      10.3   |
     |  156 a      156       |  159 a      159       |   0.29142       8.5   |
     |  157 a      157       |  158 a      158       |   0.24439       6.0   |
     |  145 a      145       |  158 a      158       |   0.12076       1.5   |
     |  138 a      138       |  158 a      158       |  -0.10973       1.2   |
     |  149 a      149       |  160 a      160       |  -0.09309       0.9   |
     |  150 a      150       |  158 a      158       |   0.08710       0.8   |
     +=======================+=======================+=======================+
     norm of printed elements:  0.95290


       Energy:     0.1305070 H      3.55128 eV    28642.979 cm-1

     +=======================================================================+
     | type: RE0                    symmetry: a               state:    5    |
     +-----------------------+-----------------------+-----------------------+
     | occ. orb.  index spin | vir. orb.  index spin |  coeff/|amp|     %    |
     +=======================+=======================+=======================+
     |  146 a      146       |  158 a      158       |   0.74667      55.8   |
     |  157 a      157       |  159 a      159       |   0.35303      12.5   |
     |  144 a      144       |  158 a      158       |   0.27979       7.8   |
     |  146 a      146       |  160 a      160       |  -0.23451       5.5   |
     |  152 a      152       |  158 a      158       |   0.19821       3.9   |
     |  151 a      151       |  158 a      158       |  -0.17289       3.0   |
     |  146 a      146       |  166 a      166       |  -0.13863       1.9   |
     |  148 a      148       |  158 a      158       |   0.12077       1.5   |
     |  157 a      157       |  161 a      161       |   0.09574       0.9   |
     |  144 a      144       |  160 a      160       |  -0.08865       0.8   |
     |  156 a      156       |  160 a      160       |   0.07264       0.5   |
     |  157 a      157       |  163 a      163       |  -0.06879       0.5   |
     |  152 a      152       |  160 a      160       |  -0.06648       0.4   |
     |  155 a      155       |  161 a      161       |  -0.06052       0.4   |
     +=======================+=======================+=======================+
     norm of printed elements:  0.95351


       Energy:     0.1340157 H      3.64675 eV    29413.051 cm-1

     +=======================================================================+
     | type: RE0                    symmetry: a               state:    6    |
     +-----------------------+-----------------------+-----------------------+
     | occ. orb.  index spin | vir. orb.  index spin |  coeff/|amp|     %    |
     +=======================+=======================+=======================+
     |  157 a      157       |  159 a      159       |   0.78076      61.0   |
     |  146 a      146       |  158 a      158       |  -0.31143       9.7   |
     |  157 a      157       |  161 a      161       |   0.24413       6.0   |
     |  155 a      155       |  159 a      159       |  -0.20776       4.3   |
     |  155 a      155       |  161 a      161       |  -0.15787       2.5   |
     |  144 a      144       |  158 a      158       |  -0.15438       2.4   |
     |  156 a      156       |  160 a      160       |   0.14912       2.2   |
     |  151 a      151       |  158 a      158       |   0.12731       1.6   |
     |  156 a      156       |  158 a      158       |  -0.12420       1.5   |
     |  146 a      146       |  160 a      160       |   0.09040       0.8   |
     |  157 a      157       |  169 a      169       |  -0.08571       0.7   |
     |  148 a      148       |  158 a      158       |  -0.07241       0.5   |
     |  155 a      155       |  169 a      169       |   0.07031       0.5   |
     |  149 a      149       |  159 a      159       |  -0.06710       0.5   |
     |  145 a      145       |  159 a      159       |  -0.06258       0.4   |
     |  144 a      144       |  160 a      160       |   0.05339       0.3   |
     |  155 a      155       |  163 a      163       |   0.05334       0.3   |
     +=======================+=======================+=======================+
     norm of printed elements:  0.95178


       Energy:     0.1395140 H      3.79637 eV    30619.786 cm-1

     +=======================================================================+
     | type: RE0                    symmetry: a               state:    7    |
     +-----------------------+-----------------------+-----------------------+
     | occ. orb.  index spin | vir. orb.  index spin |  coeff/|amp|     %    |
     +=======================+=======================+=======================+
     |  142 a      142       |  158 a      158       |   0.87947      77.3   |
     |  142 a      142       |  160 a      160       |  -0.27614       7.6   |
     |  142 a      142       |  166 a      166       |  -0.16900       2.9   |
     |  143 a      143       |  159 a      159       |  -0.13946       1.9   |
     |  143 a      143       |  161 a      161       |  -0.12369       1.5   |
     |  143 a      143       |  169 a      169       |   0.10859       1.2   |
     |  140 a      140       |  158 a      158       |   0.09563       0.9   |
     |  142 a      142       |  162 a      162       |  -0.07648       0.6   |
     |  143 a      143       |  182 a      182       |  -0.07373       0.5   |
     |  142 a      142       |  178 a      178       |   0.06415       0.4   |
     |  136 a      136       |  158 a      158       |   0.06352       0.4   |
     |  142 a      142       |  176 a      176       |  -0.06318       0.4   |
     +=======================+=======================+=======================+
     norm of printed elements:  0.95739


       Energy:     0.1531943 H      4.16863 eV    33622.273 cm-1

     +=======================================================================+
     | type: RE0                    symmetry: a               state:    8    |
     +-----------------------+-----------------------+-----------------------+
     | occ. orb.  index spin | vir. orb.  index spin |  coeff/|amp|     %    |
     +=======================+=======================+=======================+
     |  150 a      150       |  158 a      158       |  -0.50360      25.4   |
     |  157 a      157       |  162 a      162       |   0.41923      17.6   |
     |  157 a      157       |  160 a      160       |  -0.33647      11.3   |
     |  147 a      147       |  158 a      158       |   0.27868       7.8   |
     |  151 a      151       |  159 a      159       |   0.24920       6.2   |
     |  157 a      157       |  165 a      165       |  -0.23361       5.5   |
     |  149 a      149       |  158 a      158       |   0.22808       5.2   |
     |  156 a      156       |  163 a      163       |   0.17261       3.0   |
     |  156 a      156       |  161 a      161       |   0.16075       2.6   |
     |  156 a      156       |  159 a      159       |  -0.15346       2.4   |
     |  152 a      152       |  163 a      163       |  -0.10928       1.2   |
     |  157 a      157       |  166 a      166       |  -0.10642       1.1   |
     |  151 a      151       |  161 a      161       |   0.09837       1.0   |
     |  148 a      148       |  159 a      159       |  -0.09528       0.9   |
     |  152 a      152       |  161 a      161       |  -0.08375       0.7   |
     |  156 a      156       |  164 a      164       |  -0.07308       0.5   |
     |  153 a      153       |  158 a      158       |   0.06847       0.5   |
     |  144 a      144       |  163 a      163       |   0.06437       0.4   |
     |  148 a      148       |  161 a      161       |  -0.06046       0.4   |
     |  149 a      149       |  162 a      162       |   0.06045       0.4   |
     +=======================+=======================+=======================+
     norm of printed elements:  0.93863


       Energy:     0.1533035 H      4.17160 eV    33646.230 cm-1

     +=======================================================================+
     | type: RE0                    symmetry: a               state:    9    |
     +-----------------------+-----------------------+-----------------------+
     | occ. orb.  index spin | vir. orb.  index spin |  coeff/|amp|     %    |
     +=======================+=======================+=======================+
     |  151 a      151       |  158 a      158       |   0.52818      27.9   |
     |  157 a      157       |  163 a      163       |   0.44497      19.8   |
     |  157 a      157       |  161 a      161       |   0.30373       9.2   |
     |  150 a      150       |  159 a      159       |  -0.24754       6.1   |
     |  148 a      148       |  158 a      158       |  -0.23545       5.5   |
     |  146 a      146       |  158 a      158       |   0.21937       4.8   |
     |  156 a      156       |  162 a      162       |   0.20824       4.3   |
     |  157 a      157       |  164 a      164       |  -0.20366       4.1   |
     |  152 a      152       |  158 a      158       |  -0.13564       1.8   |
     |  152 a      152       |  162 a      162       |  -0.12563       1.6   |
     |  156 a      156       |  160 a      160       |  -0.11815       1.4   |
     |  147 a      147       |  159 a      159       |   0.11454       1.3   |
     |  156 a      156       |  165 a      165       |  -0.09878       1.0   |
     |  150 a      150       |  161 a      161       |  -0.09602       0.9   |
     |  157 a      157       |  159 a      159       |  -0.09037       0.8   |
     |  152 a      152       |  165 a      165       |   0.07492       0.6   |
     |  147 a      147       |  161 a      161       |   0.07309       0.5   |
     |  154 a      154       |  158 a      158       |  -0.07040       0.5   |
     |  144 a      144       |  158 a      158       |   0.06874       0.5   |
     |  155 a      155       |  159 a      159       |  -0.06393       0.4   |
     +=======================+=======================+=======================+
     norm of printed elements:  0.93203


       Energy:     0.1552669 H      4.22503 eV    34077.155 cm-1

     +=======================================================================+
     | type: RE0                    symmetry: a               state:   10    |
     +-----------------------+-----------------------+-----------------------+
     | occ. orb.  index spin | vir. orb.  index spin |  coeff/|amp|     %    |
     +=======================+=======================+=======================+
     |  157 a      157       |  160 a      160       |   0.70976      50.4   |
     |  156 a      156       |  159 a      159       |   0.38579      14.9   |
     |  157 a      157       |  162 a      162       |   0.27633       7.6   |
     |  157 a      157       |  166 a      166       |   0.23632       5.6   |
     |  150 a      150       |  158 a      158       |  -0.22702       5.2   |
     |  147 a      147       |  158 a      158       |   0.12669       1.6   |
     |  156 a      156       |  163 a      163       |   0.12308       1.5   |
     |  155 a      155       |  158 a      158       |  -0.11349       1.3   |
     |  156 a      156       |  161 a      161       |  -0.10441       1.1   |
     |  155 a      155       |  160 a      160       |   0.10130       1.0   |
     |  157 a      157       |  165 a      165       |  -0.09928       1.0   |
     |  151 a      151       |  159 a      159       |   0.09206       0.8   |
     |  155 a      155       |  166 a      166       |  -0.09149       0.8   |
     |  152 a      152       |  159 a      159       |  -0.08121       0.7   |
     |  156 a      156       |  169 a      169       |   0.05238       0.3   |
     |  152 a      152       |  161 a      161       |  -0.04865       0.2   |
     |  157 a      157       |  185 a      185       |   0.04546       0.2   |
     |  145 a      145       |  160 a      160       |  -0.04455       0.2   |
     |  157 a      157       |  178 a      178       |  -0.04361       0.2   |
     |  157 a      157       |  176 a      176       |   0.04302       0.2   |
     +=======================+=======================+=======================+
     norm of printed elements:  0.94780



     Info: copy ADC(2) right eigenvectors into left eigenvector files.



     +==========================================================+
     |   contributions of excitation levels to excited states   |
     |     wavefunctions as computed from the <L|R> overlap     |
     +----------------------------------------------------------+
     | sym | multi | state |    E / eV  | % singles | % doubles |
     +==========================================================+
     | a   |   1   |   1   |    2.33885 |   87.52   |   12.48   |
     | a   |   1   |   2   |    3.33572 |   85.49   |   14.51   |
     | a   |   1   |   3   |    3.41222 |   85.55   |   14.45   |
     | a   |   1   |   4   |    3.44321 |   85.56   |   14.44   |
     | a   |   1   |   5   |    3.55128 |   86.69   |   13.31   |
     | a   |   1   |   6   |    3.64675 |   85.80   |   14.20   |
     | a   |   1   |   7   |    3.79637 |   85.46   |   14.54   |
     | a   |   1   |   8   |    4.16863 |   87.21   |   12.79   |
     | a   |   1   |   9   |    4.17160 |   87.38   |   12.62   |
     | a   |   1   |  10   |    4.22503 |   86.23   |   13.77   |
     +==========================================================+



      The semi-canonical algorithm will be used for densities


                    ========   CC DENSITY MODULE   ========

                      current wave-function model: ADC(2)  

  calculating    10 xi densities

   a semicanonical algorithm will be used when possible

    density nr.      cpu/min        wall/min    L     R
   ------------------------------------------------------
         1          2527.12          123.00    LE0    R0  
         2          2539.60          124.38    LE0    R0  
         3          2496.75          122.71    LE0    R0  
         4          2482.41          122.09    LE0    R0  
         5          2460.19          118.41    LE0    R0  
         6          2478.29          121.18    LE0    R0  
         7          2486.82          122.45    LE0    R0  
         8          2449.93          119.26    LE0    R0  
         9          2457.86          119.54    LE0    R0  
        10          2498.60          120.69    LE0    R0  
   ------------------------------------------------------
     time in cc_1den       cpu:  17 d  6 h 38 min  wall:   0 d 20 h 14 min  ratio: 20.5


 **************************************************************
 *                                                            *
 *<<<<<<<<<<<<  ONE-PHOTON ABSORPTION STRENGTHS  >>>>>>>>>>>>>*
 *                                                            *
 **************************************************************


  +=========================================================================+
  |  Transition                                             model: ADC(2)   |
  |    number, symmetry, multiplicity:    1 a    1                          |
  |    frequency :   0.0859510299 a.u.     2.33885 e.V.     18864.1 rcm     |
  +=========================================================================+

     +-----------+-----------------+-----------------+---------------------+
     | operator  |   left moment   |  right moment   | transition strength |
     +-----------+-----------------+-----------------+---------------------+
     | xdiplen   |     -4.75223630 |     -4.75223630 |      22.58374981    |
     | ydiplen   |     -0.84869833 |     -0.84869833 |       0.72028885    |
     | zdiplen   |      0.00000059 |      0.00000059 |       0.00000000    |
     | xdipvel   |     -0.43048684 |      0.43048684 |       0.18531892    |
     | ydipvel   |     -0.07642339 |      0.07642339 |       0.00584053    |
     | zdipvel   |      0.00000068 |     -0.00000068 |       0.00000000    |
     | xangmom   |      0.00060892 |     -0.00060892 |       0.00000037    |
     | yangmom   |      0.29999185 |     -0.29999185 |       0.08999511    |
     | zangmom   |      0.00000417 |     -0.00000417 |       0.00000000    |
     +-----------+-----------------+-----------------+---------------------+
 
       oscillator strength (length gauge)   :      1.33533742
       oscillator strength (velocity gauge) :      1.48270049
       oscillator strength (mixed gauge)    :      1.40709038
 
       rotator strength (length gauge)      :     -0.12874815 a.u.
       Rotator strength (length gauge)      :    -60.69749518 10^(-40)*erg*cm^3
       rotator strength (velocity gauge)    :     -0.13489382 a.u.
       Rotator strength (velocity gauge)    :    -63.59483206 10^(-40)*erg*cm^3
 


  +=========================================================================+
  |  Transition                                             model: ADC(2)   |
  |    number, symmetry, multiplicity:    2 a    1                          |
  |    frequency :   0.1225853867 a.u.     3.33572 e.V.     26904.4 rcm     |
  +=========================================================================+

     +-----------+-----------------+-----------------+---------------------+
     | operator  |   left moment   |  right moment   | transition strength |
     +-----------+-----------------+-----------------+---------------------+
     | xdiplen   |     -0.00001560 |     -0.00001560 |       0.00000000    |
     | ydiplen   |      0.00000243 |      0.00000243 |       0.00000000    |
     | zdiplen   |     -0.00596068 |     -0.00596068 |       0.00003553    |
     | xdipvel   |     -0.00000322 |      0.00000322 |       0.00000000    |
     | ydipvel   |      0.00000070 |     -0.00000070 |       0.00000000    |
     | zdipvel   |     -0.00175187 |      0.00175187 |       0.00000307    |
     | xangmom   |     -0.00000080 |      0.00000080 |       0.00000000    |
     | yangmom   |     -0.00000030 |      0.00000030 |       0.00000000    |
     | zangmom   |     -0.05290377 |      0.05290377 |       0.00279881    |
     +-----------+-----------------+-----------------+---------------------+
 
       oscillator strength (length gauge)   :      0.00000290
       oscillator strength (velocity gauge) :      0.00001669
       oscillator strength (mixed gauge)    :      0.00000696
 
       rotator strength (length gauge)      :      0.00015767 a.u.
       Rotator strength (length gauge)      :      0.07433316 10^(-40)*erg*cm^3
       rotator strength (velocity gauge)    :      0.00037802 a.u.
       Rotator strength (velocity gauge)    :      0.17821683 10^(-40)*erg*cm^3
 


  +=========================================================================+
  |  Transition                                             model: ADC(2)   |
  |    number, symmetry, multiplicity:    3 a    1                          |
  |    frequency :   0.1253966686 a.u.     3.41222 e.V.     27521.4 rcm     |
  +=========================================================================+

     +-----------+-----------------+-----------------+---------------------+
     | operator  |   left moment   |  right moment   | transition strength |
     +-----------+-----------------+-----------------+---------------------+
     | xdiplen   |     -0.00015131 |     -0.00015131 |       0.00000002    |
     | ydiplen   |      0.00002560 |      0.00002560 |       0.00000000    |
     | zdiplen   |     -0.15020452 |     -0.15020452 |       0.02256140    |
     | xdipvel   |     -0.00002066 |      0.00002066 |       0.00000000    |
     | ydipvel   |      0.00000398 |     -0.00000398 |       0.00000000    |
     | zdipvel   |     -0.01655087 |      0.01655087 |       0.00027393    |
     | xangmom   |      0.00000137 |     -0.00000137 |       0.00000000    |
     | yangmom   |      0.00001049 |     -0.00001049 |       0.00000000    |
     | zangmom   |     -0.47088634 |      0.47088634 |       0.22173395    |
     +-----------+-----------------+-----------------+---------------------+
 
       oscillator strength (length gauge)   :      0.00188608
       oscillator strength (velocity gauge) :      0.00145635
       oscillator strength (mixed gauge)    :      0.00165735
 
       rotator strength (length gauge)      :      0.03536463 a.u.
       Rotator strength (length gauge)      :     16.67242869 10^(-40)*erg*cm^3
       rotator strength (velocity gauge)    :      0.03107571 a.u.
       Rotator strength (velocity gauge)    :     14.65044401 10^(-40)*erg*cm^3
 


  +=========================================================================+
  |  Transition                                             model: ADC(2)   |
  |    number, symmetry, multiplicity:    4 a    1                          |
  |    frequency :   0.1265354591 a.u.     3.44321 e.V.     27771.3 rcm     |
  +=========================================================================+

     +-----------+-----------------+-----------------+---------------------+
     | operator  |   left moment   |  right moment   | transition strength |
     +-----------+-----------------+-----------------+---------------------+
     | xdiplen   |     -3.68454590 |     -3.68454590 |      13.57587847    |
     | ydiplen   |      0.60928574 |      0.60928574 |       0.37122911    |
     | zdiplen   |      0.00000548 |      0.00000548 |       0.00000000    |
     | xdipvel   |     -0.50105509 |      0.50105509 |       0.25105620    |
     | ydipvel   |      0.09182811 |     -0.09182811 |       0.00843240    |
     | zdipvel   |      0.00000109 |     -0.00000109 |       0.00000000    |
     | xangmom   |      0.09426278 |     -0.09426278 |       0.00888547    |
     | yangmom   |      0.48573208 |     -0.48573208 |       0.23593565    |
     | zangmom   |      0.00002261 |     -0.00002261 |       0.00000000    |
     +-----------+-----------------+-----------------+---------------------+
 
       oscillator strength (length gauge)   :      1.17653577
       oscillator strength (velocity gauge) :      1.36714566
       oscillator strength (mixed gauge)    :      1.26807336
 
       rotator strength (length gauge)      :     -0.02568295 a.u.
       Rotator strength (length gauge)      :    -12.10806249 10^(-40)*erg*cm^3
       rotator strength (velocity gauge)    :     -0.01038043 a.u.
       Rotator strength (velocity gauge)    :     -4.89378875 10^(-40)*erg*cm^3
 


  +=========================================================================+
  |  Transition                                             model: ADC(2)   |
  |    number, symmetry, multiplicity:    5 a    1                          |
  |    frequency :   0.1305070155 a.u.     3.55128 e.V.     28643.0 rcm     |
  +=========================================================================+

     +-----------+-----------------+-----------------+---------------------+
     | operator  |   left moment   |  right moment   | transition strength |
     +-----------+-----------------+-----------------+---------------------+
     | xdiplen   |      0.00000700 |      0.00000700 |       0.00000000    |
     | ydiplen   |     -0.00000170 |     -0.00000170 |       0.00000000    |
     | zdiplen   |     -0.04770485 |     -0.04770485 |       0.00227575    |
     | xdipvel   |      0.00000131 |     -0.00000131 |       0.00000000    |
     | ydipvel   |      0.00000001 |     -0.00000001 |       0.00000000    |
     | zdipvel   |     -0.00588738 |      0.00588738 |       0.00003466    |
     | xangmom   |     -0.00000016 |      0.00000016 |       0.00000000    |
     | yangmom   |     -0.00000357 |      0.00000357 |       0.00000000    |
     | zangmom   |      0.84680645 |     -0.84680645 |       0.71708117    |
     +-----------+-----------------+-----------------+---------------------+
 
       oscillator strength (length gauge)   :      0.00019800
       oscillator strength (velocity gauge) :      0.00017706
       oscillator strength (mixed gauge)    :      0.00018724
 
       rotator strength (length gauge)      :     -0.02019839 a.u.
       Rotator strength (length gauge)      :     -9.52240026 10^(-40)*erg*cm^3
       rotator strength (velocity gauge)    :     -0.01910038 a.u.
       Rotator strength (velocity gauge)    :     -9.00475376 10^(-40)*erg*cm^3
 


  +=========================================================================+
  |  Transition                                             model: ADC(2)   |
  |    number, symmetry, multiplicity:    6 a    1                          |
  |    frequency :   0.1340157225 a.u.     3.64675 e.V.     29413.1 rcm     |
  +=========================================================================+

     +-----------+-----------------+-----------------+---------------------+
     | operator  |   left moment   |  right moment   | transition strength |
     +-----------+-----------------+-----------------+---------------------+
     | xdiplen   |      0.00000187 |      0.00000187 |       0.00000000    |
     | ydiplen   |     -0.00000470 |     -0.00000470 |       0.00000000    |
     | zdiplen   |     -0.07821807 |     -0.07821807 |       0.00611807    |
     | xdipvel   |      0.00000023 |     -0.00000023 |       0.00000000    |
     | ydipvel   |     -0.00000057 |      0.00000057 |       0.00000000    |
     | zdipvel   |     -0.01002588 |      0.01002588 |       0.00010052    |
     | xangmom   |     -0.00000322 |      0.00000322 |       0.00000000    |
     | yangmom   |     -0.00000064 |      0.00000064 |       0.00000000    |
     | zangmom   |     -0.78676586 |      0.78676586 |       0.61900052    |
     +-----------+-----------------+-----------------+---------------------+
 
       oscillator strength (length gauge)   :      0.00054661
       oscillator strength (velocity gauge) :      0.00050003
       oscillator strength (mixed gauge)    :      0.00052280
 
       rotator strength (length gauge)      :      0.03076966 a.u.
       Rotator strength (length gauge)      :     14.50615821 10^(-40)*erg*cm^3
       rotator strength (velocity gauge)    :      0.02942945 a.u.
       Rotator strength (velocity gauge)    :     13.87432643 10^(-40)*erg*cm^3
 


  +=========================================================================+
  |  Transition                                             model: ADC(2)   |
  |    number, symmetry, multiplicity:    7 a    1                          |
  |    frequency :   0.1395140121 a.u.     3.79637 e.V.     30619.8 rcm     |
  +=========================================================================+

     +-----------+-----------------+-----------------+---------------------+
     | operator  |   left moment   |  right moment   | transition strength |
     +-----------+-----------------+-----------------+---------------------+
     | xdiplen   |     -0.08831111 |     -0.08831111 |       0.00779885    |
     | ydiplen   |      0.00772944 |      0.00772944 |       0.00005974    |
     | zdiplen   |     -0.00000015 |     -0.00000015 |       0.00000000    |
     | xdipvel   |     -0.01284046 |      0.01284046 |       0.00016488    |
     | ydipvel   |      0.00127109 |     -0.00127109 |       0.00000162    |
     | zdipvel   |     -0.00000022 |      0.00000022 |       0.00000000    |
     | xangmom   |     -0.30787321 |      0.30787321 |       0.09478591    |
     | yangmom   |      0.55595178 |     -0.55595178 |       0.30908238    |
     | zangmom   |      0.00000887 |     -0.00000887 |       0.00000000    |
     +-----------+-----------------+-----------------+---------------------+
 
       oscillator strength (length gauge)   :      0.00073092
       oscillator strength (velocity gauge) :      0.00079559
       oscillator strength (mixed gauge)    :      0.00076252
 
       rotator strength (length gauge)      :      0.01574291 a.u.
       Rotator strength (length gauge)      :      7.42189572 10^(-40)*erg*cm^3
       rotator strength (velocity gauge)    :      0.01670046 a.u.
       Rotator strength (velocity gauge)    :      7.87332607 10^(-40)*erg*cm^3
 


  +=========================================================================+
  |  Transition                                             model: ADC(2)   |
  |    number, symmetry, multiplicity:    8 a    1                          |
  |    frequency :   0.1531943463 a.u.     4.16863 e.V.     33622.3 rcm     |
  +=========================================================================+

     +-----------+-----------------+-----------------+---------------------+
     | operator  |   left moment   |  right moment   | transition strength |
     +-----------+-----------------+-----------------+---------------------+
     | xdiplen   |      0.68502169 |      0.68502169 |       0.46925471    |
     | ydiplen   |      0.14649494 |      0.14649494 |       0.02146077    |
     | zdiplen   |      0.00000303 |      0.00000303 |       0.00000000    |
     | xdipvel   |      0.09490868 |     -0.09490868 |       0.00900766    |
     | ydipvel   |      0.01212636 |     -0.01212636 |       0.00014705    |
     | zdipvel   |      0.00000016 |     -0.00000016 |       0.00000000    |
     | xangmom   |     -0.01077901 |      0.01077901 |       0.00011619    |
     | yangmom   |     -0.21421967 |      0.21421967 |       0.04589007    |
     | zangmom   |      0.00008349 |     -0.00008349 |       0.00000001    |
     +-----------+-----------------+-----------------+---------------------+
 
       oscillator strength (length gauge)   :      0.05011656
       oscillator strength (velocity gauge) :      0.03983918
       oscillator strength (mixed gauge)    :      0.04452730
 
       rotator strength (length gauge)      :     -0.01938298 a.u.
       Rotator strength (length gauge)      :     -9.13798038 10^(-40)*erg*cm^3
       rotator strength (velocity gauge)    :     -0.01181742 a.u.
       Rotator strength (velocity gauge)    :     -5.57124908 10^(-40)*erg*cm^3
 


  +=========================================================================+
  |  Transition                                             model: ADC(2)   |
  |    number, symmetry, multiplicity:    9 a    1                          |
  |    frequency :   0.1533035022 a.u.     4.17160 e.V.     33646.2 rcm     |
  +=========================================================================+

     +-----------+-----------------+-----------------+---------------------+
     | operator  |   left moment   |  right moment   | transition strength |
     +-----------+-----------------+-----------------+---------------------+
     | xdiplen   |     -0.00004210 |     -0.00004210 |       0.00000000    |
     | ydiplen   |     -0.00001875 |     -0.00001875 |       0.00000000    |
     | zdiplen   |      0.01266729 |      0.01266729 |       0.00016046    |
     | xdipvel   |     -0.00000493 |      0.00000493 |       0.00000000    |
     | ydipvel   |     -0.00000199 |      0.00000199 |       0.00000000    |
     | zdipvel   |      0.00208748 |     -0.00208748 |       0.00000436    |
     | xangmom   |      0.00000209 |     -0.00000209 |       0.00000000    |
     | yangmom   |      0.00001581 |     -0.00001581 |       0.00000000    |
     | zangmom   |      0.86644714 |     -0.86644714 |       0.75073064    |
     +-----------+-----------------+-----------------+---------------------+
 
       oscillator strength (length gauge)   :      0.00001640
       oscillator strength (velocity gauge) :      0.00001895
       oscillator strength (mixed gauge)    :      0.00001763
 
       rotator strength (length gauge)      :      0.00548777 a.u.
       Rotator strength (length gauge)      :      2.58717358 10^(-40)*erg*cm^3
       rotator strength (velocity gauge)    :      0.00589905 a.u.
       Rotator strength (velocity gauge)    :      2.78106846 10^(-40)*erg*cm^3
 


  +=========================================================================+
  |  Transition                                             model: ADC(2)   |
  |    number, symmetry, multiplicity:   10 a    1                          |
  |    frequency :   0.1552669424 a.u.     4.22503 e.V.     34077.2 rcm     |
  +=========================================================================+

     +-----------+-----------------+-----------------+---------------------+
     | operator  |   left moment   |  right moment   | transition strength |
     +-----------+-----------------+-----------------+---------------------+
     | xdiplen   |     -2.35340331 |     -2.35340331 |       5.53850716    |
     | ydiplen   |      0.25037940 |      0.25037940 |       0.06268984    |
     | zdiplen   |     -0.00000249 |     -0.00000249 |       0.00000000    |
     | xdipvel   |     -0.35156106 |      0.35156106 |       0.12359518    |
     | ydipvel   |      0.03674569 |     -0.03674569 |       0.00135025    |
     | zdipvel   |     -0.00000069 |      0.00000069 |       0.00000000    |
     | xangmom   |      0.07006679 |     -0.07006679 |       0.00490935    |
     | yangmom   |      0.70544878 |     -0.70544878 |       0.49765798    |
     | zangmom   |      0.00000208 |     -0.00000208 |       0.00000000    |
     +-----------+-----------------+-----------------+---------------------+
 
       oscillator strength (length gauge)   :      0.57978716
       oscillator strength (velocity gauge) :      0.53647575
       oscillator strength (mixed gauge)    :      0.55771022
 
       rotator strength (length gauge)      :      0.00586722 a.u.
       Rotator strength (length gauge)      :      2.76606292 10^(-40)*erg*cm^3
       rotator strength (velocity gauge)    :      0.00415236 a.u.
       Rotator strength (velocity gauge)    :      1.95760418 10^(-40)*erg*cm^3
 
 Exporting transition densities


    ------------------------------------------------------------------------
         total  cpu-time :  18 days  2 hours 10 minutes and  6 seconds
         total wall-time : 20 hours 48 minutes and 43 seconds
    ------------------------------------------------------------------------

   ****  ricc2 : all done  ****


    2024-01-31 04:24:12.754 

