
   OpenMP run-time library returned nthreads = 36

 ricc2 (cpu-8-44) : TURBOMOLE rev. V7.5.0 compiled 17 Jun 2020 at 09:15:30
 Copyright (C) 2020 TURBOMOLE GmbH, Karlsruhe


    2024-01-04 12:52:35.367 



                              R I C C 2 - PROGRAM

                          the quantum chemistry groups
                             at the universities in
                               Karlsruhe & Bochum
                                   Germany



   *-----------------------------------------------------------------------*
   |                     program will use 36 thread(s)                     |
   *-----------------------------------------------------------------------*


              +--------------------------------------------------+
              | Atomic coordinate, charge and isotop information |
              +--------------------------------------------------+

                    atomic coordinates            atom    charge  isotop
          2.29545732   -3.27640366    0.11022702    n      7.000     0
         -0.39475679   -3.41699928   -0.03830545    c      6.000     0
          3.18703011   -0.81163387   -0.03943928    c      6.000     0
          1.12836247    0.77403532   -0.24976580    c      6.000     0
         -1.12834847   -0.77402832   -0.24976580    c      6.000     0
         -3.18701611    0.81164087   -0.03943928    c      6.000     0
          0.39477079    3.41700628   -0.03830545    c      6.000     0
         -2.29544332    3.27622168    0.11022702    n      7.000     0
         -1.56997747   -5.40744781   -0.00636908    o      8.000     0
          1.56999146    5.40745481   -0.00636908    o      8.000     0
         -3.38468146    4.83505676   -0.07213155    h      1.000     0
          3.38469546   -4.83504976   -0.07213155    h      1.000     0
        -11.43151325   -2.64069979   -2.30389810    c      6.000     0
         -9.69372110   -1.15386327   -0.97598755    c      6.000     0
         -7.08193063   -1.41086603   -1.47449730    c      6.000     0
         -6.16692524   -3.09347817   -3.28391007    c      6.000     0
         -7.93476403   -4.55423646   -4.58649829    c      6.000     0
        -10.53729484   -4.34145330   -4.10518504    c      6.000     0
        -13.44388260   -2.46401039   -1.94220452    h      1.000     0
         -4.16702808   -3.30852900   -3.64371392    h      1.000     0
         -7.27128118   -5.89575304   -5.98980891    h      1.000     0
        -11.85991416   -5.51365041   -5.14699105    h      1.000     0
         -5.74683912    0.33448502    0.05712572    n      7.000     0
         -7.52544935    1.66995448    1.54415121    c      6.000     0
         -9.97547927    0.78745238    0.94038371    c      6.000     0
         -7.12728405    3.47917827    3.42669637    c      6.000     0
        -12.07231938    1.79033003    2.20083104    c      6.000     0
         -9.24982444    4.45578873    4.65539630    c      6.000     0
         -5.24757348    4.09069364    3.96281168    h      1.000     0
        -11.69890949    3.63545862    4.04463682    c      6.000     0
        -13.96374625    1.12798102    1.75882410    h      1.000     0
         -8.98828634    5.86552442    6.12295761    h      1.000     0
        -13.31027896    4.42989948    5.03466433    h      1.000     0
         12.07233337   -1.79032303    2.20064206    c      6.000     0
          9.97549327   -0.78744538    0.94038371    c      6.000     0
          7.52546335   -1.66994748    1.54415121    c      6.000     0
          7.12729805   -3.47917127    3.42688535    c      6.000     0
          9.24983843   -4.45578173    4.65539630    c      6.000     0
         11.69892349   -3.63545162    4.04463682    c      6.000     0
         13.96376025   -1.12797402    1.75882410    h      1.000     0
          5.24758747   -4.09068664    3.96281168    h      1.000     0
          8.98830034   -5.86551742    6.12295761    h      1.000     0
         13.31029296   -4.43008145    5.03466433    h      1.000     0
          5.74685312   -0.33447802    0.05712572    n      7.000     0
          7.08194462    1.41106200   -1.47449730    c      6.000     0
          9.69373510    1.15387027   -0.97598755    c      6.000     0
          6.16693923    3.09348517   -3.28391007    c      6.000     0
         11.43152724    2.64070679   -2.30408707    c      6.000     0
          7.93477802    4.55424346   -4.58649829    c      6.000     0
          4.16685310    3.30853600   -3.64371392    h      1.000     0
         10.53730884    4.34146030   -4.10518504    c      6.000     0
         13.44389659    2.46401739   -1.94220452    h      1.000     0
          7.27129518    5.89576004   -5.98961993    h      1.000     0
         11.85973918    5.51365741   -5.14699105    h      1.000     0
 
       center of nuclear mass  :    0.00000618    0.00000228   -0.00266336
       center of nuclear charge:    0.00000544    0.00000194   -0.00221402

   *************************************************************************
   test	                                                                    
   *************************************************************************



              +--------------------------------------------------+
              |               basis set information              |
              +--------------------------------------------------+

              we will work with the 1s 3p 5d 7f 9g ... basis set
              ...i.e. with spherical basis functions...

   type   atoms  prim   cont   basis
   ---------------------------------------------------------------------------
    n        4     46     31   def2-TZVP   [5s3p2d1f|11s6p2d1f]
    c       30     46     31   def2-TZVP   [5s3p2d1f|11s6p2d1f]
    o        2     46     31   def2-TZVP   [5s3p2d1f|11s6p2d1f]
    h       18      8      6   def2-TZVP   [3s1p|5s1p]
   ---------------------------------------------------------------------------
   total:   54   1800   1224
   ---------------------------------------------------------------------------

   total number of primitive shells          :   66
   total number of contracted shells         :  468
   total number of cartesian basis functions : 1404
   total number of SCF-basis functions       : 1224


 symmetry group of the molecule :   c1 

 the group has the following generators :
   c1(z)

    1 symmetry operations found

 there are 1 real representations :   a   


   =========================================================================


     restricted closed shell calculation for the wavefunction models:
               ADC(2)     - Algebraic Diagrammatic Construction to 2. Order (strict)


     global parameters for ricc2 program:

        hard restart (reuse of interm.) :  enabled 
        soft restart (reuse of vectors) :  enabled 
        threshold for vector function   :    0.100000E-06
        convergence threshold energy    :    0.100000E-07
        linear dependence threshold     :    0.100000E-13
        global print level              :      1
        maximum number of iterations    :   500
        maximum number DIIS vectors     :    10
        max. dim. of reduced space      :   100
        core memory limit (MB)          : 18000

     Scratch Directory : 


   =========================================================================

    der. integral neglect threshold  :  0.10E-08
    integral neglect threshold       :  0.24E-12
    integral storage threshold THIZE :  0.10E-04
    integral storage threshold THIME :         5


                  +------------------------------------------+
                  |     Auxiliary basis set information      |
                  +------------------------------------------+

              we will work with the 1s 3p 5d 7f 9g ... basis set
              ...i.e. with spherical basis functions...

   type   atoms  prim   cont   basis
   ---------------------------------------------------------------------------
    n        4     81     76   def2-TZVP   [8s6p4d3f1g|8s6p5d3f1g]
    c       30     81     76   def2-TZVP   [8s6p4d3f1g|8s6p5d3f1g]
    o        2     81     76   def2-TZVP   [8s6p4d3f1g|8s6p5d3f1g]
    h       18     23     15   def2-TZVP   [4s2p1d|4s3p2d]
   ---------------------------------------------------------------------------
   total:   54   3330   3006
   ---------------------------------------------------------------------------

   total number of primitive shells          :   78
   total number of contracted shells         :  918
   total number of cartesian basis functions : 3708
   total number of SCF-basis functions       : 3006


 maximum number of shells which are related by symmetry :  1



     restored sucessfully symmetry projectors
     skipped calculation of symmetry projectors

 The symmetry information takes   1 MB

*---------------------------------------------------------------------*
|               simplified C1 algorithm will be applied               |
*---------------------------------------------------------------------*
  MOs are in ASCII format !


 reading orbital data $scfmo  from file mos
 orbital characterization : scfconv=7
 time elapsed for calculating density matrices :   7.202 sec
 all orbitals will be active in the correlation treatment


   Molecular Orbital Statistic:
   ============================

   -----------------------------
   orbitals in total:
   -----------------------------
    frozen occupied :      0
    active occupied :    121
    active virtual  :   1103
    frozen virtual  :      0
    all together    :   1224
   -----------------------------


     time in riccmos       cpu: 24.53 sec    wall:  1.32 sec    ratio: 18.5

     total memory allocated for calculation of (Q|P)**(-1/2) : 104 MiB


     calculation of (P|Q)**(-1/2) is skipped because it was found on file

   threshold for RMS(d[D]) in SCF was     :  0.10E-07
   integral neglect threshold             :  0.24E-12
   derivative integral neglect threshold  :  0.10E-08


 setting up bound for integral derivative estimation

 increment for numerical differentiation : 0.00050000

   =========================================================================

     Energy of reference wave function is -1514.6081578760000
     Maximum orbital residual is           0.5991827624753E-05


     Number of symmetry-nonredundant auxiliary basis functions:     3006

     Block lengths for integral files:
        frozen occupied (BOI):        0 MiB
        active occupied (BJI):        3 MiB
        active virtual  (BAI):       26 MiB
        frozen virtual  (BGI):        0 MiB
               general  (BTI):       29 MiB

   =========================================================================




   calculation of zero-order integrals is skipped because they were already
   available on disk

   restarted calculation begins with wavefunction model nb. 1 which is ADC(2)  


   **************************************************************************
   *                                                                        *
   *          OPTIMIZATION OF THE GROUND STATE CLUSTER AMPLITUDES           *
   *                                                                        *
   **************************************************************************


   Iter.   MP2 energy       Norm(Omega)   Norm(t1)  Norm(t2)     cpu    wall
   ...........................................................................
    1  -1521.1477960112    0.2689141735     0.00000   0.83735  356.74   10.59
   ...........................................................................


     time in total         cpu:  5 h 56 min  wall:  0 h 10 min  ratio: 33.6


     **********************************************************************
     *                                                                    *
     *   RHF  energy                             :  -1514.6081578760      *
     *   MP2 correlation energy                  :     -6.5396381352      *
     *                                                                    *
     *   Final MP2 energy                        :  -1521.1477960112      *
     *                                                                    *
     *   Norm of MP1 T2 amplitudes               :      0.8373473527      *
     *                                                                    *
     *   D1 diagnostic                           :      0.0600            *
     *                                                                    *
     **********************************************************************



 **************************************************************
 *                                                            *
 *    OPTIMIZATION OF THE EXCITED STATE CLUSTER AMPLITUDES    *
 *                                                            *
 **************************************************************

  ----------------------------------------------------------------------------
  hard restart modus is stopped because no reference value was found for the
  vector, keyword: CCRE0-1--1---1  
  the calculation will proceed...
  ----------------------------------------------------------------------------



 solve for ADC(2) excitation energies/vectors using a DIIS algorithm:
 =================================================================


 ========= DIIS CC RESPONSE SOLVER =========

    threshold for convergence: 1.00E-06
    max. nb. of DIIS vectors :      10
    maximum number of simultaneous Jacobi matrix transformations: 10
                                                
     summary of start vectors generation:
     -------------------------------------------
     type of solution vectors      : RE0
     symmetry                      : a  
     number of vectors requested   :    10
     number of vectors generated   :    10
       -- restarted from file      :    10
     -------------------------------------------
                                                

    Iter  #Vectors  time (min)   residual
    --------------------------------------
      1      10       164.91     0.27E-03  ( 10)    0.12E-02
      2      10       163.57     0.14E-03  ( 10)    0.46E-03
      3      10       162.58     0.11E-03  ( 10)    0.48E-03
      4      10       161.47     0.80E-04  ( 10)    0.51E-03
      5       9       145.84     0.62E-04  ( 10)    0.79E-03
      6       8       131.33     0.48E-04  ( 10)    0.16E-02
      7       6        98.44     0.33E-04  ( 10)    0.21E-02
      8       4        66.41     0.21E-04  ( 10)    0.11E-02
      9       2        34.51     0.11E-04  ( 10)    0.92E-03
     10       2        34.79     0.66E-05  ( 10)    0.66E-03
     11       1        19.07     0.43E-05  ( 10)    0.65E-03
     12       1        18.93     0.26E-05  ( 10)    0.63E-03
     13       1        18.96     0.17E-05  ( 10)    0.63E-03
     14       1        18.89     0.92E-06  ( 10)    0.63E-03
    --------------------------------------
    converged in  14 iterations

   Total time       1239.70 minutes


 ===========================================





 +================================================================================+
 | sym | multi | state |          ADC(2) excitation energies    |  %t1   |  %t2   |
 |     |       |       +----------------------------------------+--------+--------+
 |     |       |       |   Hartree    |    eV      |    cm-1    |    %   |    %   |
 +================================================================================+
 | a   |   1   |   1   |    0.1043683 |    2.84001 |  22906.201 |  87.90 |  12.10 |
 | a   |   1   |   2   |    0.1387289 |    3.77501 |  30447.484 |  86.46 |  13.54 |
 | a   |   1   |   3   |    0.1427560 |    3.88459 |  31331.314 |  86.40 |  13.60 |
 | a   |   1   |   4   |    0.1454962 |    3.95915 |  31932.719 |  86.47 |  13.53 |
 | a   |   1   |   5   |    0.1495614 |    4.06977 |  32824.941 |  86.81 |  13.19 |
 | a   |   1   |   6   |    0.1496217 |    4.07141 |  32838.159 |  86.94 |  13.06 |
 | a   |   1   |   7   |    0.1515962 |    4.12514 |  33271.516 |  85.70 |  14.30 |
 | a   |   1   |   8   |    0.1516127 |    4.12559 |  33275.152 |  85.67 |  14.33 |
 | a   |   1   |   9   |    0.1545473 |    4.20545 |  33919.210 |  86.71 |  13.29 |
 | a   |   1   |  10   |    0.1549153 |    4.21546 |  33999.977 |  87.87 |  12.13 |
 +================================================================================+


       Energy:     0.1043683 H      2.84001 eV    22906.201 cm-1

     +=======================================================================+
     | type: RE0                    symmetry: a               state:    1    |
     +-----------------------+-----------------------+-----------------------+
     | occ. orb.  index spin | vir. orb.  index spin |  coeff/|amp|     %    |
     +=======================+=======================+=======================+
     |  121 a      121       |  122 a      122       |   0.96308      92.8   |
     |  117 a      117       |  122 a      122       |   0.09727       0.9   |
     |  100 a      100       |  122 a      122       |  -0.09230       0.9   |
     |  118 a      118       |  125 a      125       |   0.07443       0.6   |
     +=======================+=======================+=======================+
     norm of printed elements:  0.95104


       Energy:     0.1387289 H      3.77501 eV    30447.484 cm-1

     +=======================================================================+
     | type: RE0                    symmetry: a               state:    2    |
     +-----------------------+-----------------------+-----------------------+
     | occ. orb.  index spin | vir. orb.  index spin |  coeff/|amp|     %    |
     +=======================+=======================+=======================+
     |  111 a      111       |  122 a      122       |   0.84902      72.1   |
     |  118 a      118       |  122 a      122       |  -0.36443      13.3   |
     |  114 a      114       |  122 a      122       |  -0.17599       3.1   |
     |  111 a      111       |  130 a      130       |   0.14583       2.1   |
     |  110 a      110       |  125 a      125       |   0.11091       1.2   |
     |  120 a      120       |  122 a      122       |   0.09823       1.0   |
     |  116 a      116       |  122 a      122       |  -0.08567       0.7   |
     |  112 a      112       |  122 a      122       |   0.08270       0.7   |
     |  110 a      110       |  134 a      134       |  -0.07299       0.5   |
     |  110 a      110       |  158 a      158       |   0.06149       0.4   |
     +=======================+=======================+=======================+
     norm of printed elements:  0.95112


       Energy:     0.1427560 H      3.88459 eV    31331.314 cm-1

     +=======================================================================+
     | type: RE0                    symmetry: a               state:    3    |
     +-----------------------+-----------------------+-----------------------+
     | occ. orb.  index spin | vir. orb.  index spin |  coeff/|amp|     %    |
     +=======================+=======================+=======================+
     |  118 a      118       |  122 a      122       |   0.81973      67.2   |
     |  111 a      111       |  122 a      122       |   0.34405      11.8   |
     |  108 a      108       |  122 a      122       |  -0.23259       5.4   |
     |  121 a      121       |  124 a      124       |  -0.21084       4.4   |
     |  121 a      121       |  125 a      125       |   0.15415       2.4   |
     |  118 a      118       |  123 a      123       |   0.08659       0.7   |
     |  120 a      120       |  126 a      126       |  -0.07716       0.6   |
     |  119 a      119       |  127 a      127       |   0.07097       0.5   |
     |  117 a      117       |  125 a      125       |  -0.06734       0.5   |
     |  111 a      111       |  130 a      130       |   0.06177       0.4   |
     |  107 a      107       |  122 a      122       |  -0.05952       0.4   |
     |   87 a       87       |  122 a      122       |   0.05814       0.3   |
     |  110 a      110       |  125 a      125       |   0.05771       0.3   |
     |  117 a      117       |  124 a      124       |   0.05740       0.3   |
     +=======================+=======================+=======================+
     norm of printed elements:  0.95303


       Energy:     0.1454962 H      3.95915 eV    31932.719 cm-1

     +=======================================================================+
     | type: RE0                    symmetry: a               state:    4    |
     +-----------------------+-----------------------+-----------------------+
     | occ. orb.  index spin | vir. orb.  index spin |  coeff/|amp|     %    |
     +=======================+=======================+=======================+
     |  117 a      117       |  122 a      122       |   0.80117      64.2   |
     |  121 a      121       |  123 a      123       |  -0.30767       9.5   |
     |  109 a      109       |  122 a      122       |   0.28919       8.4   |
     |  110 a      110       |  122 a      122       |  -0.22800       5.2   |
     |  118 a      118       |  124 a      124       |   0.19884       4.0   |
     |  119 a      119       |  126 a      126       |   0.09183       0.8   |
     |  118 a      118       |  125 a      125       |  -0.09174       0.8   |
     |  120 a      120       |  127 a      127       |  -0.08168       0.7   |
     |   94 a       94       |  122 a      122       |  -0.06119       0.4   |
     |  121 a      121       |  122 a      122       |  -0.05975       0.4   |
     |  117 a      117       |  130 a      130       |   0.05420       0.3   |
     |  100 a      100       |  122 a      122       |  -0.05193       0.3   |
     |  111 a      111       |  125 a      125       |  -0.05049       0.3   |
     |  120 a      120       |  125 a      125       |   0.04967       0.2   |
     |  112 a      112       |  125 a      125       |   0.04932       0.2   |
     +=======================+=======================+=======================+
     norm of printed elements:  0.95561


       Energy:     0.1495614 H      4.06977 eV    32824.941 cm-1

     +=======================================================================+
     | type: RE0                    symmetry: a               state:    5    |
     +-----------------------+-----------------------+-----------------------+
     | occ. orb.  index spin | vir. orb.  index spin |  coeff/|amp|     %    |
     +=======================+=======================+=======================+
     |  121 a      121       |  123 a      123       |  -0.69345      48.1   |
     |  118 a      118       |  124 a      124       |   0.37775      14.3   |
     |  119 a      119       |  122 a      122       |   0.28619       8.2   |
     |  117 a      117       |  122 a      122       |  -0.28556       8.2   |
     |  110 a      110       |  122 a      122       |   0.23595       5.6   |
     |  117 a      117       |  123 a      123       |   0.15396       2.4   |
     |  119 a      119       |  126 a      126       |   0.13718       1.9   |
     |  109 a      109       |  122 a      122       |  -0.12575       1.6   |
     |  120 a      120       |  125 a      125       |   0.12421       1.5   |
     |  120 a      120       |  127 a      127       |  -0.10572       1.1   |
     |  113 a      113       |  122 a      122       |   0.06077       0.4   |
     |  116 a      116       |  124 a      124       |   0.05821       0.3   |
     |  111 a      111       |  125 a      125       |   0.05321       0.3   |
     |  114 a      114       |  125 a      125       |   0.05218       0.3   |
     |  115 a      115       |  123 a      123       |   0.05101       0.3   |
     |  113 a      113       |  130 a      130       |  -0.04910       0.2   |
     |  108 a      108       |  124 a      124       |  -0.04862       0.2   |
     |  116 a      116       |  135 a      135       |   0.04862       0.2   |
     |  100 a      100       |  123 a      123       |   0.04782       0.2   |
     |  119 a      119       |  123 a      123       |  -0.04770       0.2   |
     +=======================+=======================+=======================+
     norm of printed elements:  0.95457


       Energy:     0.1496217 H      4.07141 eV    32838.159 cm-1

     +=======================================================================+
     | type: RE0                    symmetry: a               state:    6    |
     +-----------------------+-----------------------+-----------------------+
     | occ. orb.  index spin | vir. orb.  index spin |  coeff/|amp|     %    |
     +=======================+=======================+=======================+
     |  121 a      121       |  124 a      124       |   0.74079      54.9   |
     |  118 a      118       |  123 a      123       |  -0.42468      18.0   |
     |  118 a      118       |  122 a      122       |   0.24717       6.1   |
     |  120 a      120       |  122 a      122       |   0.24715       6.1   |
     |  117 a      117       |  124 a      124       |  -0.15553       2.4   |
     |  120 a      120       |  126 a      126       |   0.15094       2.3   |
     |  119 a      119       |  125 a      125       |   0.12318       1.5   |
     |  119 a      119       |  127 a      127       |  -0.12034       1.4   |
     |  114 a      114       |  122 a      122       |   0.07624       0.6   |
     |  108 a      108       |  122 a      122       |  -0.07620       0.6   |
     |  113 a      113       |  125 a      125       |   0.06193       0.4   |
     |  108 a      108       |  123 a      123       |   0.05674       0.3   |
     |  115 a      115       |  135 a      135       |  -0.05497       0.3   |
     |  100 a      100       |  124 a      124       |  -0.05181       0.3   |
     |  116 a      116       |  123 a      123       |  -0.05161       0.3   |
     |  111 a      111       |  122 a      122       |   0.05146       0.3   |
     +=======================+=======================+=======================+
     norm of printed elements:  0.95762


       Energy:     0.1515962 H      4.12514 eV    33271.516 cm-1

     +=======================================================================+
     | type: RE0                    symmetry: a               state:    7    |
     +-----------------------+-----------------------+-----------------------+
     | occ. orb.  index spin | vir. orb.  index spin |  coeff/|amp|     %    |
     +=======================+=======================+=======================+
     |  120 a      120       |  122 a      122       |   0.90710      82.3   |
     |  121 a      121       |  124 a      124       |  -0.22464       5.0   |
     |  119 a      119       |  125 a      125       |   0.15179       2.3   |
     |  112 a      112       |  122 a      122       |  -0.13107       1.7   |
     |  118 a      118       |  123 a      123       |   0.12060       1.5   |
     |  119 a      119       |  127 a      127       |   0.10481       1.1   |
     |  120 a      120       |  123 a      123       |  -0.09492       0.9   |
     |  111 a      111       |  122 a      122       |  -0.07387       0.5   |
     +=======================+=======================+=======================+
     norm of printed elements:  0.95351


       Energy:     0.1516127 H      4.12559 eV    33275.152 cm-1

     +=======================================================================+
     | type: RE0                    symmetry: a               state:    8    |
     +-----------------------+-----------------------+-----------------------+
     | occ. orb.  index spin | vir. orb.  index spin |  coeff/|amp|     %    |
     +=======================+=======================+=======================+
     |  119 a      119       |  122 a      122       |   0.90935      82.7   |
     |  121 a      121       |  123 a      123       |   0.24131       5.8   |
     |  120 a      120       |  125 a      125       |   0.15132       2.3   |
     |  118 a      118       |  124 a      124       |  -0.12889       1.7   |
     |  120 a      120       |  127 a      127       |   0.10565       1.1   |
     |  119 a      119       |  123 a      123       |  -0.08865       0.8   |
     |  117 a      117       |  122 a      122       |   0.07879       0.6   |
     |  115 a      115       |  123 a      123       |   0.06676       0.4   |
     +=======================+=======================+=======================+
     norm of printed elements:  0.95434


       Energy:     0.1545473 H      4.20545 eV    33919.210 cm-1

     +=======================================================================+
     | type: RE0                    symmetry: a               state:    9    |
     +-----------------------+-----------------------+-----------------------+
     | occ. orb.  index spin | vir. orb.  index spin |  coeff/|amp|     %    |
     +=======================+=======================+=======================+
     |  110 a      110       |  122 a      122       |   0.82801      68.6   |
     |  117 a      117       |  122 a      122       |   0.29416       8.7   |
     |  115 a      115       |  122 a      122       |   0.19543       3.8   |
     |  111 a      111       |  125 a      125       |   0.17414       3.0   |
     |  110 a      110       |  130 a      130       |   0.14882       2.2   |
     |  121 a      121       |  123 a      123       |   0.12929       1.7   |
     |  111 a      111       |  134 a      134       |  -0.10636       1.1   |
     |  121 a      121       |  122 a      122       |  -0.09249       0.9   |
     |  111 a      111       |  127 a      127       |   0.09169       0.8   |
     |  113 a      113       |  122 a      122       |  -0.08506       0.7   |
     |  109 a      109       |  122 a      122       |   0.07831       0.6   |
     |  111 a      111       |  129 a      129       |   0.07740       0.6   |
     |  111 a      111       |  158 a      158       |   0.06688       0.4   |
     |  103 a      103       |  122 a      122       |   0.06338       0.4   |
     |  118 a      118       |  125 a      125       |  -0.06177       0.4   |
     |  110 a      110       |  126 a      126       |  -0.05855       0.3   |
     |  118 a      118       |  124 a      124       |  -0.05738       0.3   |
     |  111 a      111       |  131 a      131       |   0.05305       0.3   |
     |  110 a      110       |  156 a      156       |   0.04900       0.2   |
     +=======================+=======================+=======================+
     norm of printed elements:  0.95138


       Energy:     0.1549153 H      4.21546 eV    33999.977 cm-1

     +=======================================================================+
     | type: RE0                    symmetry: a               state:   10    |
     +-----------------------+-----------------------+-----------------------+
     | occ. orb.  index spin | vir. orb.  index spin |  coeff/|amp|     %    |
     +=======================+=======================+=======================+
     |  112 a      112       |  122 a      122       |   0.91406      83.6   |
     |  114 a      114       |  122 a      122       |  -0.25684       6.6   |
     |  112 a      112       |  130 a      130       |   0.14567       2.1   |
     |  111 a      111       |  122 a      122       |  -0.13725       1.9   |
     |  120 a      120       |  122 a      122       |   0.12136       1.5   |
     +=======================+=======================+=======================+
     norm of printed elements:  0.95627



     Info: copy ADC(2) right eigenvectors into left eigenvector files.


                    ========   CC DENSITY MODULE   ========

                      current wave-function model: ADC(2)  

  calculating overlap between   10 left and right vector(s)
    density nr.      cpu/min        wall/min    L     R
   ------------------------------------------------------
         1           410.75           17.83    LE0    RE0 
         2           412.23           18.26    LE0    RE0 
         3           411.31           18.26    LE0    RE0 
         4           411.20           18.08    LE0    RE0 
         5           411.38           18.04    LE0    RE0 
         6           410.71           17.88    LE0    RE0 
         7           410.51           17.84    LE0    RE0 
         8           410.69           17.74    LE0    RE0 
         9           411.37           17.83    LE0    RE0 
        10           411.93           17.85    LE0    RE0 
   ------------------------------------------------------
     time in cc_1den       cpu:   2 d 20 h 32 min  wall:   0 d  2 h 59 min  ratio: 22.9



     +==========================================================+
     |   contributions of excitation levels to excited states   |
     |     wavefunctions as computed from the <L|R> overlap     |
     +----------------------------------------------------------+
     | sym | multi | state |    E / eV  | % singles | % doubles |
     +==========================================================+
     | a   |   1   |   1   |    2.84001 |   87.90   |   12.10   |
     | a   |   1   |   2   |    3.77501 |   86.46   |   13.54   |
     | a   |   1   |   3   |    3.88459 |   86.40   |   13.60   |
     | a   |   1   |   4   |    3.95915 |   86.47   |   13.53   |
     | a   |   1   |   5   |    4.06977 |   86.81   |   13.19   |
     | a   |   1   |   6   |    4.07141 |   86.94   |   13.06   |
     | a   |   1   |   7   |    4.12514 |   85.70   |   14.30   |
     | a   |   1   |   8   |    4.12559 |   85.67   |   14.33   |
     | a   |   1   |   9   |    4.20545 |   86.71   |   13.29   |
     | a   |   1   |  10   |    4.21546 |   87.87   |   12.13   |
     +==========================================================+



      The semi-canonical algorithm will be used for densities


                    ========   CC DENSITY MODULE   ========

                      current wave-function model: ADC(2)  

  calculating    10 xi densities

   a semicanonical algorithm will be used when possible

    density nr.      cpu/min        wall/min    L     R
   ------------------------------------------------------
         1           783.62           31.30    LE0    R0  
         2           795.56           31.94    LE0    R0  
         3           783.12           30.92    LE0    R0  
         4           778.34           30.63    LE0    R0  
         5           780.18           31.02    LE0    R0  
         6           777.68           31.02    LE0    R0  
         7           777.49           30.42    LE0    R0  
         8           776.21           30.49    LE0    R0  
         9           780.02           30.79    LE0    R0  
        10           774.03           30.87    LE0    R0  
   ------------------------------------------------------
     time in cc_1den       cpu:   5 d 10 h  7 min  wall:   0 d  5 h  9 min  ratio: 25.2


 **************************************************************
 *                                                            *
 *<<<<<<<<<<<<  ONE-PHOTON ABSORPTION STRENGTHS  >>>>>>>>>>>>>*
 *                                                            *
 **************************************************************


  +=========================================================================+
  |  Transition                                             model: ADC(2)   |
  |    number, symmetry, multiplicity:    1 a    1                          |
  |    frequency :   0.1043683300 a.u.     2.84001 e.V.     22906.2 rcm     |
  +=========================================================================+

     +-----------+-----------------+-----------------+---------------------+
     | operator  |   left moment   |  right moment   | transition strength |
     +-----------+-----------------+-----------------+---------------------+
     | xdiplen   |     -2.60243444 |     -2.60243444 |       6.77266502    |
     | ydiplen   |      1.02393260 |      1.02393260 |       1.04843797    |
     | zdiplen   |     -0.00006468 |     -0.00006468 |       0.00000000    |
     | xdipvel   |     -0.30564249 |      0.30564249 |       0.09341733    |
     | ydipvel   |      0.11052015 |     -0.11052015 |       0.01221470    |
     | zdipvel   |     -0.00000196 |      0.00000196 |       0.00000000    |
     | xangmom   |     -0.12485421 |      0.12485421 |       0.01558857    |
     | yangmom   |     -0.24625299 |      0.24625299 |       0.06064053    |
     | zangmom   |     -0.00001800 |      0.00001800 |       0.00000000    |
     +-----------+-----------------+-----------------+---------------------+
 
       oscillator strength (length gauge)   :      0.54418364
       oscillator strength (velocity gauge) :      0.67473874
       oscillator strength (mixed gauge)    :      0.60571981
 
       rotator strength (length gauge)      :      0.03638921 a.u.
       Rotator strength (length gauge)      :     17.15546327 10^(-40)*erg*cm^3
       rotator strength (velocity gauge)    :      0.05243369 a.u.
       Rotator strength (velocity gauge)    :     24.71953116 10^(-40)*erg*cm^3
 


  +=========================================================================+
  |  Transition                                             model: ADC(2)   |
  |    number, symmetry, multiplicity:    2 a    1                          |
  |    frequency :   0.1387289438 a.u.     3.77501 e.V.     30447.5 rcm     |
  +=========================================================================+

     +-----------+-----------------+-----------------+---------------------+
     | operator  |   left moment   |  right moment   | transition strength |
     +-----------+-----------------+-----------------+---------------------+
     | xdiplen   |      0.00015434 |      0.00015434 |       0.00000002    |
     | ydiplen   |      0.00010666 |      0.00010666 |       0.00000001    |
     | zdiplen   |      0.04781528 |      0.04781528 |       0.00228630    |
     | xdipvel   |      0.00003024 |     -0.00003024 |       0.00000000    |
     | ydipvel   |      0.00001792 |     -0.00001792 |       0.00000000    |
     | zdipvel   |      0.00611586 |     -0.00611586 |       0.00003740    |
     | xangmom   |      0.00010048 |     -0.00010048 |       0.00000001    |
     | yangmom   |      0.00006040 |     -0.00006040 |       0.00000000    |
     | zangmom   |     -0.01500048 |      0.01500048 |       0.00022501    |
     +-----------+-----------------+-----------------+---------------------+
 
       oscillator strength (length gauge)   :      0.00021145
       oscillator strength (velocity gauge) :      0.00017975
       oscillator strength (mixed gauge)    :      0.00019496
 
       rotator strength (length gauge)      :     -0.00035862 a.u.
       Rotator strength (length gauge)      :     -0.16906687 10^(-40)*erg*cm^3
       rotator strength (velocity gauge)    :     -0.00033063 a.u.
       Rotator strength (velocity gauge)    :     -0.15587472 10^(-40)*erg*cm^3
 


  +=========================================================================+
  |  Transition                                             model: ADC(2)   |
  |    number, symmetry, multiplicity:    3 a    1                          |
  |    frequency :   0.1427559724 a.u.     3.88459 e.V.     31331.3 rcm     |
  +=========================================================================+

     +-----------+-----------------+-----------------+---------------------+
     | operator  |   left moment   |  right moment   | transition strength |
     +-----------+-----------------+-----------------+---------------------+
     | xdiplen   |      0.00019863 |      0.00019863 |       0.00000004    |
     | ydiplen   |      0.00025205 |      0.00025205 |       0.00000006    |
     | zdiplen   |     -0.02214947 |     -0.02214947 |       0.00049060    |
     | xdipvel   |      0.00004250 |     -0.00004250 |       0.00000000    |
     | ydipvel   |      0.00003952 |     -0.00003952 |       0.00000000    |
     | zdipvel   |     -0.00330307 |      0.00330307 |       0.00001091    |
     | xangmom   |      0.00012971 |     -0.00012971 |       0.00000002    |
     | yangmom   |     -0.00003516 |      0.00003516 |       0.00000000    |
     | zangmom   |     -0.38287945 |      0.38287945 |       0.14659667    |
     +-----------+-----------------+-----------------+---------------------+
 
       oscillator strength (length gauge)   :      0.00004670
       oscillator strength (velocity gauge) :      0.00005097
       oscillator strength (mixed gauge)    :      0.00004879
 
       rotator strength (length gauge)      :      0.00424030 a.u.
       Rotator strength (length gauge)      :      1.99906107 10^(-40)*erg*cm^3
       rotator strength (velocity gauge)    :      0.00442952 a.u.
       Rotator strength (velocity gauge)    :      2.08827101 10^(-40)*erg*cm^3
 


  +=========================================================================+
  |  Transition                                             model: ADC(2)   |
  |    number, symmetry, multiplicity:    4 a    1                          |
  |    frequency :   0.1454961751 a.u.     3.95915 e.V.     31932.7 rcm     |
  +=========================================================================+

     +-----------+-----------------+-----------------+---------------------+
     | operator  |   left moment   |  right moment   | transition strength |
     +-----------+-----------------+-----------------+---------------------+
     | xdiplen   |      1.20636417 |      1.20636417 |       1.45531451    |
     | ydiplen   |      0.75047501 |      0.75047501 |       0.56321273    |
     | zdiplen   |     -0.00004914 |     -0.00004914 |       0.00000000    |
     | xdipvel   |      0.22437981 |     -0.22437981 |       0.05034630    |
     | ydipvel   |      0.12158729 |     -0.12158729 |       0.01478347    |
     | zdipvel   |     -0.00000439 |      0.00000439 |       0.00000000    |
     | xangmom   |      0.17332815 |     -0.17332815 |       0.03004265    |
     | yangmom   |     -0.05177457 |      0.05177457 |       0.00268061    |
     | zangmom   |      0.00019897 |     -0.00019897 |       0.00000004    |
     +-----------+-----------------+-----------------+---------------------+
 
       oscillator strength (length gauge)   :      0.19579200
       oscillator strength (velocity gauge) :      0.29842602
       oscillator strength (mixed gauge)    :      0.24128799
 
       rotator strength (length gauge)      :      0.08512067 a.u.
       Rotator strength (length gauge)      :     40.12959802 10^(-40)*erg*cm^3
       rotator strength (velocity gauge)    :      0.11201740 a.u.
       Rotator strength (velocity gauge)    :     52.80989060 10^(-40)*erg*cm^3
 


  +=========================================================================+
  |  Transition                                             model: ADC(2)   |
  |    number, symmetry, multiplicity:    5 a    1                          |
  |    frequency :   0.1495614352 a.u.     4.06977 e.V.     32824.9 rcm     |
  +=========================================================================+

     +-----------+-----------------+-----------------+---------------------+
     | operator  |   left moment   |  right moment   | transition strength |
     +-----------+-----------------+-----------------+---------------------+
     | xdiplen   |      0.20853791 |      0.20853791 |       0.04348806    |
     | ydiplen   |     -0.15351452 |     -0.15351452 |       0.02356671    |
     | zdiplen   |     -0.00033634 |     -0.00033634 |       0.00000011    |
     | xdipvel   |      0.00007836 |     -0.00007836 |       0.00000001    |
     | ydipvel   |     -0.02890520 |      0.02890520 |       0.00083551    |
     | zdipvel   |     -0.00005158 |      0.00005158 |       0.00000000    |
     | xangmom   |     -0.12904802 |      0.12904802 |       0.01665339    |
     | yangmom   |     -0.26093681 |      0.26093681 |       0.06808802    |
     | zangmom   |     -0.00043523 |      0.00043523 |       0.00000019    |
     +-----------+-----------------+-----------------+---------------------+
 
       oscillator strength (length gauge)   :      0.00668588
       oscillator strength (velocity gauge) :      0.00372431
       oscillator strength (mixed gauge)    :      0.00296915
 
       rotator strength (length gauge)      :      0.00657316 a.u.
       Rotator strength (length gauge)      :      3.09887668 10^(-40)*erg*cm^3
       rotator strength (velocity gauge)    :      0.02518143 a.u.
       Rotator strength (velocity gauge)    :     11.87162473 10^(-40)*erg*cm^3
 


  +=========================================================================+
  |  Transition                                             model: ADC(2)   |
  |    number, symmetry, multiplicity:    6 a    1                          |
  |    frequency :   0.1496216599 a.u.     4.07141 e.V.     32838.2 rcm     |
  +=========================================================================+

     +-----------+-----------------+-----------------+---------------------+
     | operator  |   left moment   |  right moment   | transition strength |
     +-----------+-----------------+-----------------+---------------------+
     | xdiplen   |     -0.00150372 |     -0.00150372 |       0.00000226    |
     | ydiplen   |      0.00126754 |      0.00126754 |       0.00000161    |
     | zdiplen   |     -0.02305504 |     -0.02305504 |       0.00053153    |
     | xdipvel   |     -0.00001942 |      0.00001942 |       0.00000000    |
     | ydipvel   |      0.00022367 |     -0.00022367 |       0.00000005    |
     | zdipvel   |     -0.00355180 |      0.00355180 |       0.00001262    |
     | xangmom   |      0.00093119 |     -0.00093119 |       0.00000087    |
     | yangmom   |      0.00174581 |     -0.00174581 |       0.00000305    |
     | zangmom   |     -0.08104287 |      0.08104287 |       0.00656795    |
     +-----------+-----------------+-----------------+---------------------+
 
       oscillator strength (length gauge)   :      0.00005341
       oscillator strength (velocity gauge) :      0.00005643
       oscillator strength (mixed gauge)    :      0.00005480
 
       rotator strength (length gauge)      :      0.00093463 a.u.
       Rotator strength (length gauge)      :      0.44062516 10^(-40)*erg*cm^3
       rotator strength (velocity gauge)    :      0.00096316 a.u.
       Rotator strength (velocity gauge)    :      0.45407751 10^(-40)*erg*cm^3
 


  +=========================================================================+
  |  Transition                                             model: ADC(2)   |
  |    number, symmetry, multiplicity:    7 a    1                          |
  |    frequency :   0.1515961811 a.u.     4.12514 e.V.     33271.5 rcm     |
  +=========================================================================+

     +-----------+-----------------+-----------------+---------------------+
     | operator  |   left moment   |  right moment   | transition strength |
     +-----------+-----------------+-----------------+---------------------+
     | xdiplen   |      0.00332970 |      0.00332970 |       0.00001109    |
     | ydiplen   |      0.00053598 |      0.00053598 |       0.00000029    |
     | zdiplen   |      0.06267986 |      0.06267986 |       0.00392876    |
     | xdipvel   |      0.00036436 |     -0.00036436 |       0.00000013    |
     | ydipvel   |      0.00000322 |     -0.00000322 |       0.00000000    |
     | zdipvel   |      0.00701788 |     -0.00701788 |       0.00004925    |
     | xangmom   |     -0.00156132 |      0.00156132 |       0.00000244    |
     | yangmom   |      0.00980659 |     -0.00980659 |       0.00009617    |
     | zangmom   |     -0.38718033 |      0.38718033 |       0.14990861    |
     +-----------+-----------------+-----------------+---------------------+
 
       oscillator strength (length gauge)   :      0.00039821
       oscillator strength (velocity gauge) :      0.00021717
       oscillator strength (mixed gauge)    :      0.00029406
 
       rotator strength (length gauge)      :     -0.01213417 a.u.
       Rotator strength (length gauge)      :     -5.72057959 10^(-40)*erg*cm^3
       rotator strength (velocity gauge)    :     -0.00896370 a.u.
       Rotator strength (velocity gauge)    :     -4.22587743 10^(-40)*erg*cm^3
 


  +=========================================================================+
  |  Transition                                             model: ADC(2)   |
  |    number, symmetry, multiplicity:    8 a    1                          |
  |    frequency :   0.1516127479 a.u.     4.12559 e.V.     33275.2 rcm     |
  +=========================================================================+

     +-----------+-----------------+-----------------+---------------------+
     | operator  |   left moment   |  right moment   | transition strength |
     +-----------+-----------------+-----------------+---------------------+
     | xdiplen   |     -0.20029860 |     -0.20029860 |       0.04011953    |
     | ydiplen   |     -0.02807721 |     -0.02807721 |       0.00078833    |
     | zdiplen   |      0.00135171 |      0.00135171 |       0.00000183    |
     | xdipvel   |     -0.02061221 |      0.02061221 |       0.00042486    |
     | ydipvel   |      0.00071767 |     -0.00071767 |       0.00000052    |
     | zdipvel   |      0.00015617 |     -0.00015617 |       0.00000002    |
     | xangmom   |      0.10316167 |     -0.10316167 |       0.01064233    |
     | yangmom   |     -0.57638186 |      0.57638186 |       0.33221605    |
     | zangmom   |     -0.00764972 |      0.00764972 |       0.00005852    |
     +-----------+-----------------+-----------------+---------------------+
 
       oscillator strength (length gauge)   :      0.00413495
       oscillator strength (velocity gauge) :      0.00187057
       oscillator strength (mixed gauge)    :      0.00273910
 
       rotator strength (length gauge)      :     -0.00224514 a.u.
       Rotator strength (length gauge)      :     -1.05845819 10^(-40)*erg*cm^3
       rotator strength (velocity gauge)    :     -0.00838068 a.u.
       Rotator strength (velocity gauge)    :     -3.95101883 10^(-40)*erg*cm^3
 


  +=========================================================================+
  |  Transition                                             model: ADC(2)   |
  |    number, symmetry, multiplicity:    9 a    1                          |
  |    frequency :   0.1545472917 a.u.     4.20545 e.V.     33919.2 rcm     |
  +=========================================================================+

     +-----------+-----------------+-----------------+---------------------+
     | operator  |   left moment   |  right moment   | transition strength |
     +-----------+-----------------+-----------------+---------------------+
     | xdiplen   |      0.69803594 |      0.69803594 |       0.48725417    |
     | ydiplen   |      0.22691827 |      0.22691827 |       0.05149190    |
     | zdiplen   |      0.00006953 |      0.00006953 |       0.00000000    |
     | xdipvel   |      0.13719216 |     -0.13719216 |       0.01882169    |
     | ydipvel   |      0.04902295 |     -0.04902295 |       0.00240325    |
     | zdipvel   |      0.00001472 |     -0.00001472 |       0.00000000    |
     | xangmom   |     -0.32956404 |      0.32956404 |       0.10861246    |
     | yangmom   |     -0.75643741 |      0.75643741 |       0.57219755    |
     | zangmom   |      0.00078808 |     -0.00078808 |       0.00000062    |
     +-----------+-----------------+-----------------+---------------------+
 
       oscillator strength (length gauge)   :      0.05550783
       oscillator strength (velocity gauge) :      0.09155747
       oscillator strength (mixed gauge)    :      0.07125951
 
       rotator strength (length gauge)      :     -0.20084848 a.u.
       Rotator strength (length gauge)      :    -94.68873784 10^(-40)*erg*cm^3
       rotator strength (velocity gauge)    :     -0.26624985 a.u.
       Rotator strength (velocity gauge)    :   -125.52179554 10^(-40)*erg*cm^3
 


  +=========================================================================+
  |  Transition                                             model: ADC(2)   |
  |    number, symmetry, multiplicity:   10 a    1                          |
  |    frequency :   0.1549152954 a.u.     4.21546 e.V.     34000.0 rcm     |
  +=========================================================================+

     +-----------+-----------------+-----------------+---------------------+
     | operator  |   left moment   |  right moment   | transition strength |
     +-----------+-----------------+-----------------+---------------------+
     | xdiplen   |      0.00052819 |      0.00052819 |       0.00000028    |
     | ydiplen   |      0.00001695 |      0.00001695 |       0.00000000    |
     | zdiplen   |      0.02459043 |      0.02459043 |       0.00060469    |
     | xdipvel   |      0.00009840 |     -0.00009840 |       0.00000001    |
     | ydipvel   |      0.00000571 |     -0.00000571 |       0.00000000    |
     | zdipvel   |      0.00453634 |     -0.00453634 |       0.00002058    |
     | xangmom   |     -0.00025373 |      0.00025373 |       0.00000006    |
     | yangmom   |     -0.00044711 |      0.00044711 |       0.00000020    |
     | zangmom   |     -1.50852376 |      1.50852376 |       2.27564394    |
     +-----------+-----------------+-----------------+---------------------+
 
       oscillator strength (length gauge)   :      0.00006248
       oscillator strength (velocity gauge) :      0.00008860
       oscillator strength (mixed gauge)    :      0.00007440
 
       rotator strength (length gauge)      :     -0.01854770 a.u.
       Rotator strength (length gauge)      :     -8.74419407 10^(-40)*erg*cm^3
       rotator strength (velocity gauge)    :     -0.02208692 a.u.
       Rotator strength (velocity gauge)    :    -10.41273830 10^(-40)*erg*cm^3
 
 Exporting transition densities


    ------------------------------------------------------------------------
         total  cpu-time :  34 days 18 hours 42 minutes and 16 seconds
         total wall-time :   1 days  5 hours  0 minutes and 10 seconds
    ------------------------------------------------------------------------

   ****  ricc2 : all done  ****


    2024-01-05 17:52:44.985 

