
   OpenMP run-time library returned nthreads = 36

 ricc2 (cpu-3-19) : TURBOMOLE rev. V7.5.0 compiled 17 Jun 2020 at 09:15:30
 Copyright (C) 2020 TURBOMOLE GmbH, Karlsruhe


    2023-10-16 14:04:20.991 



                              R I C C 2 - PROGRAM

                          the quantum chemistry groups
                             at the universities in
                               Karlsruhe & Bochum
                                   Germany



   *-----------------------------------------------------------------------*
   |                     program will use 36 thread(s)                     |
   *-----------------------------------------------------------------------*


              +--------------------------------------------------+
              | Atomic coordinate, charge and isotop information |
              +--------------------------------------------------+

                    atomic coordinates            atom    charge  isotop
          2.15324474    4.33639069    0.00020171    n      7.000     0
         -0.52457277    4.25501908    0.00020171    c      6.000     0
          3.27475940    1.95954986   -0.00002506    c      6.000     0
          1.30676082    0.22421436   -0.00010065    c      6.000     0
         -1.06006446    1.54821318    0.00005053    c      6.000     0
         -3.02203482   -0.19428439   -0.00002506    c      6.000     0
          0.78355234   -2.47688457   -0.00027072    c      6.000     0
         -1.89050461   -2.56844180   -0.00025183    n      7.000     0
         -1.85357936    6.15600797    0.00039068    o      8.000     0
          2.13015228   -4.37014448   -0.00047859    o      8.000     0
         -2.80242975   -4.24156752   -0.00023293    h      1.000     0
          3.06870366    6.00772117    0.00020171    h      1.000     0
         -5.75076155    0.14573404    0.00003163    c      6.000     0
         -7.39952869   -1.90354167    0.00001274    c      6.000     0
         -6.77758203    2.64827945    0.00010722    c      6.000     0
        -10.05474508   -1.57023177    0.00006943    c      6.000     0
         -6.69689073   -3.83276307   -0.00010065    h      1.000     0
         -9.34594660    3.01465955    0.00018281    c      6.000     0
         -5.50341530    4.25619071    0.00008832    h      1.000     0
        -11.06359427    0.94457796    0.00018281    c      6.000     0
        -11.75457262   -3.65599808    0.00005053    c      6.000     0
        -10.09879459    4.92541832    0.00023950    h      1.000     0
        -13.72601051    1.27478870    0.00023950    c      6.000     0
        -14.32968352   -3.27240258    0.00012612    c      6.000     0
        -10.98828868   -5.56207034   -0.00002506    h      1.000     0
        -14.48664417    3.18246723    0.00031509    h      1.000     0
        -15.32509675   -0.78404901    0.00022060    c      6.000     0
        -15.60868795   -4.87721470    0.00010722    h      1.000     0
        -17.35842317   -0.50593802    0.00027730    h      1.000     0
          6.00108617    1.60864662   -0.00008175    c      6.000     0
          7.00613701   -0.82475371    0.00005053    c      6.000     0
          7.69290128    3.71710854   -0.00023293    c      6.000     0
          9.65043078   -1.23189521   -0.00002506    c      6.000     0
          5.74916678   -2.44965362    0.00022060    h      1.000     0
         10.26364691    3.36459903   -0.00030852    c      6.000     0
          6.96855036    5.63601204   -0.00028962    h      1.000     0
         11.32922567    0.89506714   -0.00019513    c      6.000     0
         10.69066832   -3.71412606    0.00010722    c      6.000     0
         11.52078721    4.98844069   -0.00042190    h      1.000     0
         13.97663749    0.46413399   -0.00027072    c      6.000     0
         13.26974764   -4.07073628    0.00003163    c      6.000     0
          9.41003872   -5.31873031    0.00023950    h      1.000     0
         15.24772397    2.07765774   -0.00040300    h      1.000     0
         14.92656502   -1.96401290   -0.00013844    c      6.000     0
         14.04544242   -5.97055354    0.00012612    h      1.000     0
         16.95592300   -2.27090442   -0.00019513    h      1.000     0
 
       center of nuclear mass  :    0.02054120    0.13946785   -0.00000533
       center of nuclear charge:    0.01832711    0.12434215   -0.00000476

   *************************************************************************
   teste                                                                    
   *************************************************************************



              +--------------------------------------------------+
              |               basis set information              |
              +--------------------------------------------------+

              we will work with the 1s 3p 5d 7f 9g ... basis set
              ...i.e. with spherical basis functions...

   type   atoms  prim   cont   basis
   ---------------------------------------------------------------------------
    n        2     46     31   def2-TZVP   [5s3p2d1f|11s6p2d1f]
    c       26     46     31   def2-TZVP   [5s3p2d1f|11s6p2d1f]
    o        2     46     31   def2-TZVP   [5s3p2d1f|11s6p2d1f]
    h       16      8      6   def2-TZVP   [3s1p|5s1p]
   ---------------------------------------------------------------------------
   total:   46   1508   1026
   ---------------------------------------------------------------------------

   total number of primitive shells          :   66
   total number of contracted shells         :  394
   total number of cartesian basis functions : 1176
   total number of SCF-basis functions       : 1026


 symmetry group of the molecule :   c1 

 the group has the following generators :
   c1(z)

    1 symmetry operations found

 there are 1 real representations :   a   


   =========================================================================


     restricted closed shell calculation for the wavefunction models:
               ADC(2)     - Algebraic Diagrammatic Construction to 2. Order (strict)


     global parameters for ricc2 program:

        hard restart (reuse of interm.) :  disabled
        soft restart (reuse of vectors) :  disabled
        threshold for vector function   :    0.100000E-06
        convergence threshold energy    :    0.100000E-07
        linear dependence threshold     :    0.100000E-13
        global print level              :      1
        maximum number of iterations    :   500
        maximum number DIIS vectors     :    10
        max. dim. of reduced space      :   100
        core memory limit (MB)          : 18000

     Scratch Directory : 


   =========================================================================

    der. integral neglect threshold  :  0.10E-08
    integral neglect threshold       :  0.28E-12
    integral storage threshold THIZE :  0.10E-04
    integral storage threshold THIME :         5


                  +------------------------------------------+
                  |     Auxiliary basis set information      |
                  +------------------------------------------+

              assign orbital basis set names as defaults
              read basis sets from /home/hlischka/programs/TURBOMOLE-7.5/TURBOMOLE//cbasen/
              (basis sets have been saved in file auxbasis)

              we will work with the 1s 3p 5d 7f 9g ... basis set
              ...i.e. with spherical basis functions...

   type   atoms  prim   cont   basis
   ---------------------------------------------------------------------------
    n        2     81     76   def2-TZVP   [8s6p4d3f1g|8s6p5d3f1g]
    c       26     81     76   def2-TZVP   [8s6p4d3f1g|8s6p5d3f1g]
    o        2     81     76   def2-TZVP   [8s6p4d3f1g|8s6p5d3f1g]
    h       16     23     15   def2-TZVP   [4s2p1d|4s3p2d]
   ---------------------------------------------------------------------------
   total:   46   2798   2520
   ---------------------------------------------------------------------------

   total number of primitive shells          :   78
   total number of contracted shells         :  772
   total number of cartesian basis functions : 3106
   total number of SCF-basis functions       : 2520


 maximum number of shells which are related by symmetry :  1


 The symmetry information takes   1 MB

*---------------------------------------------------------------------*
|               simplified C1 algorithm will be applied               |
*---------------------------------------------------------------------*
  MOs are in ASCII format !


 reading orbital data $scfmo  from file mos
 orbital characterization : scfconv=7
 time elapsed for calculating density matrices :   3.848 sec
 all orbitals will be active in the correlation treatment


   Molecular Orbital Statistic:
   ============================

   -----------------------------
   orbitals in total:
   -----------------------------
    frozen occupied :      0
    active occupied :    101
    active virtual  :    925
    frozen virtual  :      0
    all together    :   1026
   -----------------------------


     time in riccmos       cpu: 15.22 sec    wall:  0.82 sec    ratio: 18.5

     total memory allocated for calculation of (Q|P)**(-1/2) : 73 MiB


     calculation of (P|Q) ...
     time in lp2sym        cpu:  7.20 sec    wall:  0.21 sec    ratio: 34.8


     calculation of the Cholesky decomposition of (P|Q)**(-1) ...
     time in invmetri      cpu: 15.57 sec    wall:  0.54 sec    ratio: 28.9

   threshold for RMS(d[D]) in SCF was     :  0.10E-07
   integral neglect threshold             :  0.28E-12
   derivative integral neglect threshold  :  0.10E-08


 setting up bound for integral derivative estimation

 increment for numerical differentiation : 0.00050000

   =========================================================================

     Energy of reference wave function is -1252.9933399090000
     Maximum orbital residual is           0.2428066998219E-05


     Number of symmetry-nonredundant auxiliary basis functions:     2520

     Block lengths for integral files:
        frozen occupied (BOI):        0 MiB
        active occupied (BJI):        2 MiB
        active virtual  (BAI):       18 MiB
        frozen virtual  (BGI):        0 MiB
               general  (BTI):       20 MiB

   =========================================================================




   **************************************************************************
   *                                                                        *
   *          OPTIMIZATION OF THE GROUND STATE CLUSTER AMPLITUDES           *
   *                                                                        *
   **************************************************************************


   Iter.   MP2 energy       Norm(Omega)   Norm(t1)  Norm(t2)     cpu    wall
   ...........................................................................
    1  -1258.4004331376    0.2435456721     0.00000   0.76504  160.51    4.69
   ...........................................................................


     time in total         cpu:  2 h 40 min  wall:  0 h  4 min  ratio: 34.1


     **********************************************************************
     *                                                                    *
     *   RHF  energy                             :  -1252.9933399090      *
     *   MP2 correlation energy                  :     -5.4070932286      *
     *                                                                    *
     *   Final MP2 energy                        :  -1258.4004331376      *
     *                                                                    *
     *   Norm of MP1 T2 amplitudes               :      0.7650366621      *
     *                                                                    *
     *   D1 diagnostic                           :      0.0556            *
     *                                                                    *
     **********************************************************************



 **************************************************************
 *                                                            *
 *    OPTIMIZATION OF THE EXCITED STATE CLUSTER AMPLITUDES    *
 *                                                            *
 **************************************************************


  preoptimize excitation energies/vectors using CCS:
  ==================================================


 ======== LINEAR CC RESPONSE SOLVER ========

    threshold for convergence: 1.00E-03
    maximum number of simultaneous Jacobi matrix transformations: 10
                                                
     summary of start vectors generation:
     -------------------------------------------
     type of solution vectors      : RE0
     symmetry                      : a  
     number of vectors requested   :    10
     number of vectors generated   :    10
       -- guessed as rhs/(e_a-e_i) :    10
     -------------------------------------------
                                                

    Iter  #Vectors  time (min)    max. residual 
    --------------------------------------------
      1      10         7.83     0.13E+00  (  1)
      2      10         8.06     0.56E-01  (  5)
      3      10         8.43     0.38E-01  (  7)
      4      10         8.55     0.45E-01  (  7)
      5      10         8.34     0.26E-01  (  6)
      6      10         8.55     0.11E-01  ( 10)
      7       9         7.24     0.64E-02  ( 10)
      8       5         3.92     0.36E-02  ( 10)
      9       3         2.34     0.14E-02  ( 10)
     10       1         0.83     0.64E-03  (  6)
    --------------------------------------------
    converged in 10 iterations

         Total time         64.11 minutes


 ===========================================




 Note that this is the intermediate result of a preoptimization!
 The convergence threshold was  0.1E-02 only!


 +==================================================================+
 | sym | multi | state |          CCS excitation energies           |
 |     |       |       +--------------------------------------------+
 |     |       |       |   Hartree    |     eV       |     cm-1     |
 +==================================================================+
 | a   |   1   |   1   |    0.1215820 |      3.30841 |    26684.160 |
 | a   |   1   |   2   |    0.1674831 |      4.55745 |    36758.290 |
 | a   |   1   |   3   |    0.1723183 |      4.68902 |    37819.486 |
 | a   |   1   |   4   |    0.1760177 |      4.78968 |    38631.410 |
 | a   |   1   |   5   |    0.1859431 |      5.05977 |    40809.802 |
 | a   |   1   |   6   |    0.1946742 |      5.29735 |    42726.041 |
 | a   |   1   |   7   |    0.2067660 |      5.62639 |    45379.899 |
 | a   |   1   |   8   |    0.2247902 |      6.11685 |    49335.743 |
 | a   |   1   |   9   |    0.2269019 |      6.17431 |    49799.203 |
 | a   |   1   |  10   |    0.2282893 |      6.21207 |    50103.705 |
 +==================================================================+




  preoptimize ADC(2) excitation energies/vectors using a quasi linear algorithm:
  ==============================================================================


 ======== LINEAR CC RESPONSE SOLVER ========

    threshold for convergence: 1.00E-03
    maximum number of simultaneous Jacobi matrix transformations: 10
                                                
     summary of start vectors generation:
     -------------------------------------------
     type of solution vectors      : RE0
     symmetry                      : a  
     number of vectors requested   :    10
     number of vectors generated   :    10
       -- restarted from file      :    10
     -------------------------------------------
                                                

    Iter  #Vectors  time (min)    max. residual 
    --------------------------------------------
 threshold for this macro iteration:  5.946942804603217E-002
      1      10        76.47     0.70E-01  (  1)
 ...adapted threshold to:  6.882256999005909E-002
      2      10        77.03     0.46E-01  (  9)
                                                
     summary of start vectors generation:
     -------------------------------------------
     type of solution vectors      : RE0
     symmetry                      : a  
     number of vectors requested   :    10
     number of vectors generated   :    10
       -- restarted from file      :    10
     -------------------------------------------
                                                

    Iter  #Vectors  time (min)    max. residual 
    --------------------------------------------
 threshold for this macro iteration:  1.042354955560937E-002
      3      10        77.11     0.47E-01  (  9)
      4      10        77.01     0.35E-01  (  9)
      5       9        70.79     0.43E-01  (  9)
 ...adapted threshold to:  1.111782076507148E-002
      6       6        47.00     0.19E-01  (  9)
 ...adapted threshold to:  1.180483018060086E-002
      7       1         8.91     0.10E-01  (  9)
                                                
     summary of start vectors generation:
     -------------------------------------------
     type of solution vectors      : RE0
     symmetry                      : a  
     number of vectors requested   :    10
     number of vectors generated   :    10
       -- restarted from file      :    10
     -------------------------------------------
                                                

    Iter  #Vectors  time (min)    max. residual 
    --------------------------------------------
 threshold for this macro iteration:  1.137447858238688E-003
      8      10        76.81     0.10E-01  (  9)
 ...adapted threshold to:  1.165070338483648E-003
      9       5        38.27     0.47E-02  (  9)
 ...adapted threshold to:  1.172816392813941E-003
     10       3        23.13     0.51E-02  ( 10)
 ...adapted threshold to:  1.176252348068979E-003
     11       2        15.60     0.74E-02  ( 10)
 ...adapted threshold to:  1.528046072519662E-003
     12       2        15.96     0.46E-01  ( 10)
 ...adapted threshold to:  1.541112371454179E-002
     13       2        15.96     0.10E+00  (  5)
 ...adapted threshold to:  1.541241008704344E-002
     14       1         8.73     0.52E-01  (  2)
 ...adapted threshold to:  1.541249127552941E-002
     15       1         8.65     0.19E-01  (  2)
 ...adapted threshold to:  1.555489562761066E-002
     16       1         8.84     0.70E-02  (  2)
                                                
     summary of start vectors generation:
     -------------------------------------------
     type of solution vectors      : RE0
     symmetry                      : a  
     number of vectors requested   :    10
     number of vectors generated   :    10
       -- restarted from file      :    10
     -------------------------------------------
                                                

    Iter  #Vectors  time (min)    max. residual 
    --------------------------------------------
 threshold for this macro iteration:  1.115082729849164E-002
     17      10        76.68     0.91E-02  (  2)
                                                
     summary of start vectors generation:
     -------------------------------------------
     type of solution vectors      : RE0
     symmetry                      : a  
     number of vectors requested   :    10
     number of vectors generated   :    10
       -- restarted from file      :    10
     -------------------------------------------
                                                

    Iter  #Vectors  time (min)    max. residual 
    --------------------------------------------
 threshold for this macro iteration:  1.903338769012969E-003
     18      10        77.56     0.88E-02  (  2)
 ...adapted threshold to:  2.163038916886420E-003
     19       1         8.65     0.90E-02  (  2)
 ...adapted threshold to:  2.242284579522011E-003
     20       1         8.65     0.23E-02  (  2)
 ...adapted threshold to:  2.250685218571469E-003
     21       1         8.56     0.11E-02  (  2)
                                                
     summary of start vectors generation:
     -------------------------------------------
     type of solution vectors      : RE0
     symmetry                      : a  
     number of vectors requested   :    10
     number of vectors generated   :    10
       -- restarted from file      :    10
     -------------------------------------------
                                                

    Iter  #Vectors  time (min)    max. residual 
    --------------------------------------------
 threshold for this macro iteration:  1.000000000000000E-003
     22      10        77.62     0.42E-03  (  2)
    --------------------------------------------
    converged in 22 iterations

         Total time        904.10 minutes


 ===========================================




 Note that this is the intermediate result of a preoptimization!
 The convergence threshold was  0.1E-02 only!


 +==================================================================+
 | sym | multi | state |          ADC(2) excitation energies        |
 |     |       |       +--------------------------------------------+
 |     |       |       |   Hartree    |     eV       |     cm-1     |
 +==================================================================+
 | a   |   1   |   1   |    0.0907571 |      2.46963 |    19918.874 |
 | a   |   1   |   2   |    0.1231636 |      3.35145 |    27031.290 |
 | a   |   1   |   3   |    0.1286701 |      3.50129 |    28239.814 |
 | a   |   1   |   4   |    0.1324020 |      3.60284 |    29058.877 |
 | a   |   1   |   5   |    0.1360426 |      3.70191 |    29857.889 |
 | a   |   1   |   6   |    0.1427805 |      3.88526 |    31336.703 |
 | a   |   1   |   7   |    0.1513800 |      4.11926 |    33224.062 |
 | a   |   1   |   8   |    0.1541721 |      4.19524 |    33836.875 |
 | a   |   1   |   9   |    0.1619444 |      4.40673 |    35542.682 |
 | a   |   1   |  10   |    0.1682383 |      4.57800 |    36924.035 |
 +==================================================================+





 solve for ADC(2) excitation energies/vectors using a DIIS algorithm:
 =================================================================


 ========= DIIS CC RESPONSE SOLVER =========

    threshold for convergence: 1.00E-06
    max. nb. of DIIS vectors :      10
    maximum number of simultaneous Jacobi matrix transformations: 10
                                                
     summary of start vectors generation:
     -------------------------------------------
     type of solution vectors      : RE0
     symmetry                      : a  
     number of vectors requested   :    10
     number of vectors generated   :    10
       -- restarted from file      :    10
     -------------------------------------------
                                                

    Iter  #Vectors  time (min)   residual
    --------------------------------------
      1      10        77.69     0.31E-03  (  2)    0.18E-01
      2      10        77.88     0.28E-03  (  2)    0.15E-02
      3      10        77.88     0.18E-03  (  2)    0.29E-02
      4      10        76.19     0.14E-03  (  2)    0.14E-02
      5       9        70.55     0.76E-04  (  2)    0.13E-02
      6       9        70.27     0.29E-04  (  2)    0.13E-02
      7       8        62.74     0.17E-04  ( 10)    0.13E-02
      8       6        45.50     0.16E-04  ( 10)    0.13E-02
      9       4        29.64     0.90E-05  ( 10)    0.13E-02
     10       4        29.32     0.54E-05  ( 10)    0.13E-02
     11       3        22.89     0.33E-05  ( 10)    0.13E-02
     12       3        22.76     0.19E-05  ( 10)    0.13E-02
     13       1         8.68     0.81E-06  ( 10)    0.13E-02
    --------------------------------------
    converged in  13 iterations

   Total time        672.00 minutes


 ===========================================





 +================================================================================+
 | sym | multi | state |          ADC(2) excitation energies    |  %t1   |  %t2   |
 |     |       |       +----------------------------------------+--------+--------+
 |     |       |       |   Hartree    |    eV      |    cm-1    |    %   |    %   |
 +================================================================================+
 | a   |   1   |   1   |    0.0907566 |    2.46961 |  19918.772 |  87.83 |  12.17 |
 | a   |   1   |   2   |    0.1231052 |    3.34986 |  27018.475 |  85.63 |  14.37 |
 | a   |   1   |   3   |    0.1286707 |    3.50131 |  28239.955 |  86.95 |  13.05 |
 | a   |   1   |   4   |    0.1323994 |    3.60277 |  29058.315 |  86.37 |  13.63 |
 | a   |   1   |   5   |    0.1360373 |    3.70176 |  29856.739 |  86.91 |  13.09 |
 | a   |   1   |   6   |    0.1427808 |    3.88526 |  31336.763 |  87.02 |  12.98 |
 | a   |   1   |   7   |    0.1513785 |    4.11922 |  33223.735 |  86.70 |  13.30 |
 | a   |   1   |   8   |    0.1541721 |    4.19524 |  33836.859 |  86.36 |  13.64 |
 | a   |   1   |   9   |    0.1619431 |    4.40670 |  35542.410 |  85.49 |  14.51 |
 | a   |   1   |  10   |    0.1682377 |    4.57798 |  36923.909 |  86.01 |  13.99 |
 +================================================================================+


       Energy:     0.0907566 H      2.46961 eV    19918.772 cm-1

     +=======================================================================+
     | type: RE0                    symmetry: a               state:    1    |
     +-----------------------+-----------------------+-----------------------+
     | occ. orb.  index spin | vir. orb.  index spin |  coeff/|amp|     %    |
     +=======================+=======================+=======================+
     |  101 a      101       |  102 a      102       |   0.93466      87.4   |
     |   97 a       97       |  102 a      102       |   0.18115       3.3   |
     |   99 a       99       |  102 a      102       |  -0.14009       2.0   |
     |  101 a      101       |  106 a      106       |  -0.10275       1.1   |
     |   86 a       86       |  102 a      102       |   0.08970       0.8   |
     |   91 a       91       |  102 a      102       |  -0.08384       0.7   |
     +=======================+=======================+=======================+
     norm of printed elements:  0.95165


       Energy:     0.1231052 H      3.34986 eV    27018.475 cm-1

     +=======================================================================+
     | type: RE0                    symmetry: a               state:    2    |
     +-----------------------+-----------------------+-----------------------+
     | occ. orb.  index spin | vir. orb.  index spin |  coeff/|amp|     %    |
     +=======================+=======================+=======================+
     |   93 a       93       |  102 a      102       |   0.93263      87.0   |
     |   93 a       93       |  106 a      106       |  -0.23670       5.6   |
     |   93 a       93       |  104 a      104       |   0.11175       1.2   |
     |   92 a       92       |  115 a      115       |   0.09282       0.9   |
     |   92 a       92       |  103 a      103       |   0.09017       0.8   |
     +=======================+=======================+=======================+
     norm of printed elements:  0.95506


       Energy:     0.1286707 H      3.50131 eV    28239.955 cm-1

     +=======================================================================+
     | type: RE0                    symmetry: a               state:    3    |
     +-----------------------+-----------------------+-----------------------+
     | occ. orb.  index spin | vir. orb.  index spin |  coeff/|amp|     %    |
     +=======================+=======================+=======================+
     |   96 a       96       |  102 a      102       |   0.65248      42.6   |
     |   99 a       99       |  102 a      102       |   0.57887      33.5   |
     |  100 a      100       |  102 a      102       |  -0.19065       3.6   |
     |   94 a       94       |  102 a      102       |  -0.17369       3.0   |
     |   96 a       96       |  106 a      106       |  -0.16807       2.8   |
     |  101 a      101       |  104 a      104       |   0.16723       2.8   |
     |  100 a      100       |  103 a      103       |   0.14044       2.0   |
     |  100 a      100       |  105 a      105       |  -0.11377       1.3   |
     |   98 a       98       |  103 a      103       |   0.10289       1.1   |
     |   98 a       98       |  102 a      102       |  -0.09779       1.0   |
     |  101 a      101       |  102 a      102       |   0.08990       0.8   |
     |   96 a       96       |  104 a      104       |   0.08203       0.7   |
     +=======================+=======================+=======================+
     norm of printed elements:  0.95117


       Energy:     0.1323994 H      3.60277 eV    29058.315 cm-1

     +=======================================================================+
     | type: RE0                    symmetry: a               state:    4    |
     +-----------------------+-----------------------+-----------------------+
     | occ. orb.  index spin | vir. orb.  index spin |  coeff/|amp|     %    |
     +=======================+=======================+=======================+
     |  100 a      100       |  102 a      102       |   0.79423      63.1   |
     |  101 a      101       |  103 a      103       |  -0.31106       9.7   |
     |   99 a       99       |  103 a      103       |   0.28504       8.1   |
     |   96 a       96       |  102 a      102       |   0.20840       4.3   |
     |  101 a      101       |  105 a      105       |  -0.17631       3.1   |
     |   98 a       98       |  104 a      104       |  -0.15478       2.4   |
     |  100 a      100       |  103 a      103       |  -0.10769       1.2   |
     |  100 a      100       |  105 a      105       |   0.09276       0.9   |
     |   99 a       99       |  105 a      105       |  -0.08642       0.7   |
     |   98 a       98       |  102 a      102       |   0.08199       0.7   |
     |   97 a       97       |  105 a      105       |   0.08193       0.7   |
     |   99 a       99       |  104 a      104       |   0.07757       0.6   |
     +=======================+=======================+=======================+
     norm of printed elements:  0.95441


       Energy:     0.1360373 H      3.70176 eV    29856.739 cm-1

     +=======================================================================+
     | type: RE0                    symmetry: a               state:    5    |
     +-----------------------+-----------------------+-----------------------+
     | occ. orb.  index spin | vir. orb.  index spin |  coeff/|amp|     %    |
     +=======================+=======================+=======================+
     |   99 a       99       |  102 a      102       |   0.58692      34.4   |
     |   96 a       96       |  102 a      102       |  -0.54144      29.3   |
     |  101 a      101       |  104 a      104       |   0.28575       8.2   |
     |   94 a       94       |  102 a      102       |   0.23686       5.6   |
     |   98 a       98       |  102 a      102       |   0.16597       2.8   |
     |  100 a      100       |  103 a      103       |   0.15393       2.4   |
     |   98 a       98       |  103 a      103       |   0.14658       2.1   |
     |   99 a       99       |  103 a      103       |   0.12833       1.6   |
     |   96 a       96       |  106 a      106       |   0.12809       1.6   |
     |  100 a      100       |  105 a      105       |  -0.12664       1.6   |
     |  101 a      101       |  102 a      102       |   0.10836       1.2   |
     |   97 a       97       |  104 a      104       |  -0.08614       0.7   |
     |   97 a       97       |  102 a      102       |  -0.08402       0.7   |
     |  101 a      101       |  105 a      105       |  -0.08140       0.7   |
     |  100 a      100       |  102 a      102       |   0.07893       0.6   |
     |   98 a       98       |  104 a      104       |  -0.07016       0.5   |
     |   94 a       94       |  106 a      106       |  -0.06722       0.5   |
     |   98 a       98       |  105 a      105       |   0.06612       0.4   |
     |   90 a       90       |  102 a      102       |  -0.06596       0.4   |
     +=======================+=======================+=======================+
     norm of printed elements:  0.95427


       Energy:     0.1427808 H      3.88526 eV    31336.763 cm-1

     +=======================================================================+
     | type: RE0                    symmetry: a               state:    6    |
     +-----------------------+-----------------------+-----------------------+
     | occ. orb.  index spin | vir. orb.  index spin |  coeff/|amp|     %    |
     +=======================+=======================+=======================+
     |  101 a      101       |  103 a      103       |   0.85414      73.0   |
     |  100 a      100       |  102 a      102       |   0.31023       9.6   |
     |  101 a      101       |  105 a      105       |  -0.17474       3.1   |
     |   97 a       97       |  103 a      103       |   0.15595       2.4   |
     |  101 a      101       |  109 a      109       |  -0.14447       2.1   |
     |  101 a      101       |  115 a      115       |   0.14288       2.0   |
     |   96 a       96       |  102 a      102       |   0.11212       1.3   |
     |  100 a      100       |  104 a      104       |  -0.08369       0.7   |
     |   99 a       99       |  105 a      105       |   0.06941       0.5   |
     |   97 a       97       |  115 a      115       |   0.05954       0.4   |
     |   91 a       91       |  103 a      103       |  -0.05693       0.3   |
     +=======================+=======================+=======================+
     norm of printed elements:  0.95312


       Energy:     0.1513785 H      4.11922 eV    33223.735 cm-1

     +=======================================================================+
     | type: RE0                    symmetry: a               state:    7    |
     +-----------------------+-----------------------+-----------------------+
     | occ. orb.  index spin | vir. orb.  index spin |  coeff/|amp|     %    |
     +=======================+=======================+=======================+
     |   97 a       97       |  102 a      102       |   0.64330      41.4   |
     |  101 a      101       |  104 a      104       |   0.53711      28.8   |
     |   98 a       98       |  103 a      103       |   0.24324       5.9   |
     |  101 a      101       |  102 a      102       |  -0.21183       4.5   |
     |   99 a       99       |  102 a      102       |  -0.17875       3.2   |
     |  100 a      100       |  105 a      105       |  -0.16774       2.8   |
     |   91 a       91       |  102 a      102       |  -0.15666       2.5   |
     |   99 a       99       |  106 a      106       |   0.11705       1.4   |
     |   98 a       98       |  102 a      102       |   0.09286       0.9   |
     |   94 a       94       |  102 a      102       |  -0.08362       0.7   |
     |   86 a       86       |  102 a      102       |   0.08121       0.7   |
     |  100 a      100       |  103 a      103       |  -0.07909       0.6   |
     |   90 a       90       |  102 a      102       |   0.06748       0.5   |
     |   97 a       97       |  103 a      103       |   0.06377       0.4   |
     |   99 a       99       |  103 a      103       |  -0.06292       0.4   |
     |  101 a      101       |  106 a      106       |   0.06185       0.4   |
     |   99 a       99       |  104 a      104       |   0.05065       0.3   |
     |   91 a       91       |  106 a      106       |   0.05015       0.3   |
     +=======================+=======================+=======================+
     norm of printed elements:  0.95464


       Energy:     0.1541721 H      4.19524 eV    33836.859 cm-1

     +=======================================================================+
     | type: RE0                    symmetry: a               state:    8    |
     +-----------------------+-----------------------+-----------------------+
     | occ. orb.  index spin | vir. orb.  index spin |  coeff/|amp|     %    |
     +=======================+=======================+=======================+
     |   98 a       98       |  102 a      102       |   0.62728      39.3   |
     |  101 a      101       |  105 a      105       |  -0.46082      21.2   |
     |  100 a      100       |  102 a      102       |  -0.27163       7.4   |
     |   97 a       97       |  103 a      103       |   0.23282       5.4   |
     |   97 a       97       |  102 a      102       |  -0.20884       4.4   |
     |  100 a      100       |  106 a      106       |   0.17253       3.0   |
     |  100 a      100       |  104 a      104       |   0.15401       2.4   |
     |   99 a       99       |  102 a      102       |  -0.14458       2.1   |
     |   96 a       96       |  102 a      102       |   0.13644       1.9   |
     |  100 a      100       |  105 a      105       |   0.12610       1.6   |
     |   90 a       90       |  102 a      102       |   0.12118       1.5   |
     |   98 a       98       |  104 a      104       |  -0.10408       1.1   |
     |  101 a      101       |  104 a      104       |   0.09821       1.0   |
     |   91 a       91       |  102 a      102       |   0.08904       0.8   |
     |   99 a       99       |  105 a      105       |  -0.08768       0.8   |
     |   87 a       87       |  102 a      102       |   0.08393       0.7   |
     |  101 a      101       |  102 a      102       |   0.06453       0.4   |
     |   98 a       98       |  103 a      103       |  -0.06360       0.4   |
     +=======================+=======================+=======================+
     norm of printed elements:  0.95237


       Energy:     0.1619431 H      4.40670 eV    35542.410 cm-1

     +=======================================================================+
     | type: RE0                    symmetry: a               state:    9    |
     +-----------------------+-----------------------+-----------------------+
     | occ. orb.  index spin | vir. orb.  index spin |  coeff/|amp|     %    |
     +=======================+=======================+=======================+
     |  101 a      101       |  104 a      104       |  -0.65092      42.4   |
     |   97 a       97       |  102 a      102       |   0.51707      26.7   |
     |   99 a       99       |  102 a      102       |   0.25903       6.7   |
     |  101 a      101       |  105 a      105       |  -0.20709       4.3   |
     |   91 a       91       |  102 a      102       |  -0.15117       2.3   |
     |  101 a      101       |  106 a      106       |   0.14664       2.2   |
     |  101 a      101       |  110 a      110       |   0.13906       1.9   |
     |   98 a       98       |  102 a      102       |   0.13351       1.8   |
     |  100 a      100       |  103 a      103       |   0.12696       1.6   |
     |   97 a       97       |  104 a      104       |  -0.10684       1.1   |
     |  100 a      100       |  102 a      102       |  -0.10525       1.1   |
     |   94 a       94       |  102 a      102       |  -0.07883       0.6   |
     |   98 a       98       |  103 a      103       |   0.07602       0.6   |
     |   96 a       96       |  102 a      102       |  -0.07267       0.5   |
     |  101 a      101       |  109 a      109       |   0.07071       0.5   |
     |  100 a      100       |  105 a      105       |   0.06881       0.5   |
     |   99 a       99       |  103 a      103       |   0.06520       0.4   |
     +=======================+=======================+=======================+
     norm of printed elements:  0.95243


       Energy:     0.1682377 H      4.57798 eV    36923.909 cm-1

     +=======================================================================+
     | type: RE0                    symmetry: a               state:   10    |
     +-----------------------+-----------------------+-----------------------+
     | occ. orb.  index spin | vir. orb.  index spin |  coeff/|amp|     %    |
     +=======================+=======================+=======================+
     |  101 a      101       |  105 a      105       |   0.68910      47.5   |
     |   98 a       98       |  102 a      102       |   0.58098      33.8   |
     |  101 a      101       |  115 a      115       |  -0.20022       4.0   |
     |  101 a      101       |  103 a      103       |   0.13162       1.7   |
     |  100 a      100       |  102 a      102       |   0.12666       1.6   |
     |   99 a       99       |  105 a      105       |  -0.12371       1.5   |
     |   98 a       98       |  104 a      104       |   0.10459       1.1   |
     |   90 a       90       |  102 a      102       |   0.10335       1.1   |
     |  101 a      101       |  104 a      104       |  -0.09906       1.0   |
     |   97 a       97       |  105 a      105       |   0.07587       0.6   |
     |   97 a       97       |  103 a      103       |   0.07248       0.5   |
     |   98 a       98       |  106 a      106       |  -0.06356       0.4   |
     |   99 a       99       |  115 a      115       |   0.06344       0.4   |
     +=======================+=======================+=======================+
     norm of printed elements:  0.95167



     Info: copy ADC(2) right eigenvectors into left eigenvector files.


                    ========   CC DENSITY MODULE   ========

                      current wave-function model: ADC(2)  

  calculating overlap between   10 left and right vector(s)
    density nr.      cpu/min        wall/min    L     R
   ------------------------------------------------------
         1           182.42            8.29    LE0    RE0 
         2           187.66            8.60    LE0    RE0 
         3           184.55            8.29    LE0    RE0 
         4           185.03            8.42    LE0    RE0 
         5           183.40            8.45    LE0    RE0 
         6           183.37            8.35    LE0    RE0 
         7           183.14            8.43    LE0    RE0 
         8           183.10            8.49    LE0    RE0 
         9           183.87            8.58    LE0    RE0 
        10           183.36            8.46    LE0    RE0 
   ------------------------------------------------------
     time in cc_1den       cpu:   1 d  6 h 40 min  wall:   0 d  1 h 24 min  ratio: 21.8



     +==========================================================+
     |   contributions of excitation levels to excited states   |
     |     wavefunctions as computed from the <L|R> overlap     |
     +----------------------------------------------------------+
     | sym | multi | state |    E / eV  | % singles | % doubles |
     +==========================================================+
     | a   |   1   |   1   |    2.46961 |   87.83   |   12.17   |
     | a   |   1   |   2   |    3.34986 |   85.63   |   14.37   |
     | a   |   1   |   3   |    3.50131 |   86.95   |   13.05   |
     | a   |   1   |   4   |    3.60277 |   86.37   |   13.63   |
     | a   |   1   |   5   |    3.70176 |   86.91   |   13.09   |
     | a   |   1   |   6   |    3.88526 |   87.02   |   12.98   |
     | a   |   1   |   7   |    4.11922 |   86.70   |   13.30   |
     | a   |   1   |   8   |    4.19524 |   86.36   |   13.64   |
     | a   |   1   |   9   |    4.40670 |   85.49   |   14.51   |
     | a   |   1   |  10   |    4.57798 |   86.01   |   13.99   |
     +==========================================================+



      The semi-canonical algorithm will be used for densities


                    ========   CC DENSITY MODULE   ========

                      current wave-function model: ADC(2)  

  calculating    10 xi densities

   a semicanonical algorithm will be used when possible

    density nr.      cpu/min        wall/min    L     R
   ------------------------------------------------------
         1           342.00           14.21    LE0    R0  
         2           341.85           14.14    LE0    R0  
         3           333.89           13.71    LE0    R0  
         4           339.49           13.91    LE0    R0  
         5           333.75           13.52    LE0    R0  
         6           339.71           14.05    LE0    R0  
         7           339.21           14.09    LE0    R0  
         8           335.83           13.67    LE0    R0  
         9           332.67           13.49    LE0    R0  
        10           332.52           13.74    LE0    R0  
   ------------------------------------------------------
     time in cc_1den       cpu:   2 d  8 h 12 min  wall:   0 d  2 h 18 min  ratio: 24.3


 **************************************************************
 *                                                            *
 *<<<<<<<<<<<<  ONE-PHOTON ABSORPTION STRENGTHS  >>>>>>>>>>>>>*
 *                                                            *
 **************************************************************


  +=========================================================================+
  |  Transition                                             model: ADC(2)   |
  |    number, symmetry, multiplicity:    1 a    1                          |
  |    frequency :   0.0907566012 a.u.     2.46961 e.V.     19918.8 rcm     |
  +=========================================================================+

     +-----------+-----------------+-----------------+---------------------+
     | operator  |   left moment   |  right moment   | transition strength |
     +-----------+-----------------+-----------------+---------------------+
     | xdiplen   |     -3.27184475 |     -3.27184475 |      10.70496810    |
     | ydiplen   |     -1.04462629 |     -1.04462629 |       1.09124409    |
     | zdiplen   |     -0.00005440 |     -0.00005440 |       0.00000000    |
     | xdipvel   |     -0.27405236 |      0.27405236 |       0.07510470    |
     | ydipvel   |     -0.09679682 |      0.09679682 |       0.00936962    |
     | zdipvel   |     -0.00000619 |      0.00000619 |       0.00000000    |
     | xangmom   |     -0.00001278 |      0.00001278 |       0.00000000    |
     | yangmom   |      0.00003080 |     -0.00003080 |       0.00000000    |
     | zangmom   |      0.56738653 |     -0.56738653 |       0.32192747    |
     +-----------+-----------------+-----------------+---------------------+
 
       oscillator strength (length gauge)   :      0.71372275
       oscillator strength (velocity gauge) :      0.62051921
       oscillator strength (mixed gauge)    :      0.66518219
 
       rotator strength (length gauge)      :     -0.00001062 a.u.
       Rotator strength (length gauge)      :     -0.00500808 10^(-40)*erg*cm^3
       rotator strength (velocity gauge)    :     -0.00001649 a.u.
       Rotator strength (velocity gauge)    :     -0.00777357 10^(-40)*erg*cm^3
 


  +=========================================================================+
  |  Transition                                             model: ADC(2)   |
  |    number, symmetry, multiplicity:    2 a    1                          |
  |    frequency :   0.1231052299 a.u.     3.34986 e.V.     27018.5 rcm     |
  +=========================================================================+

     +-----------+-----------------+-----------------+---------------------+
     | operator  |   left moment   |  right moment   | transition strength |
     +-----------+-----------------+-----------------+---------------------+
     | xdiplen   |      0.00008256 |      0.00008256 |       0.00000001    |
     | ydiplen   |     -0.00009539 |     -0.00009539 |       0.00000001    |
     | zdiplen   |     -0.01646375 |     -0.01646375 |       0.00027106    |
     | xdipvel   |      0.00000983 |     -0.00000983 |       0.00000000    |
     | ydipvel   |     -0.00001189 |      0.00001189 |       0.00000000    |
     | zdipvel   |     -0.00062206 |      0.00062206 |       0.00000039    |
     | xangmom   |     -0.00213228 |      0.00213228 |       0.00000455    |
     | yangmom   |     -0.00258930 |      0.00258930 |       0.00000670    |
     | zangmom   |     -0.00010082 |      0.00010082 |       0.00000001    |
     +-----------+-----------------+-----------------+---------------------+
 
       oscillator strength (length gauge)   :      0.00002225
       oscillator strength (velocity gauge) :      0.00000210
       oscillator strength (mixed gauge)    :      0.00000683
 
       rotator strength (length gauge)      :      0.00000087 a.u.
       Rotator strength (length gauge)      :      0.00040801 10^(-40)*erg*cm^3
       rotator strength (velocity gauge)    :      0.00000029 a.u.
       Rotator strength (velocity gauge)    :      0.00013888 10^(-40)*erg*cm^3
 


  +=========================================================================+
  |  Transition                                             model: ADC(2)   |
  |    number, symmetry, multiplicity:    3 a    1                          |
  |    frequency :   0.1286707045 a.u.     3.50131 e.V.     28240.0 rcm     |
  +=========================================================================+

     +-----------+-----------------+-----------------+---------------------+
     | operator  |   left moment   |  right moment   | transition strength |
     +-----------+-----------------+-----------------+---------------------+
     | xdiplen   |     -0.45318832 |     -0.45318832 |       0.20537965    |
     | ydiplen   |      0.07701550 |      0.07701550 |       0.00593139    |
     | zdiplen   |     -0.00000087 |     -0.00000087 |       0.00000000    |
     | xdipvel   |     -0.06199183 |      0.06199183 |       0.00384299    |
     | ydipvel   |      0.01366411 |     -0.01366411 |       0.00018671    |
     | zdipvel   |      0.00000096 |     -0.00000096 |       0.00000000    |
     | xangmom   |     -0.00001834 |      0.00001834 |       0.00000000    |
     | yangmom   |      0.00008444 |     -0.00008444 |       0.00000001    |
     | zangmom   |     -0.30651541 |      0.30651541 |       0.09395170    |
     +-----------+-----------------+-----------------+---------------------+
 
       oscillator strength (length gauge)   :      0.01812636
       oscillator strength (velocity gauge) :      0.02087859
       oscillator strength (mixed gauge)    :      0.01943088
 
       rotator strength (length gauge)      :      0.00000754 a.u.
       Rotator strength (length gauge)      :      0.00355494 10^(-40)*erg*cm^3
       rotator strength (velocity gauge)    :      0.00000776 a.u.
       Rotator strength (velocity gauge)    :      0.00365849 10^(-40)*erg*cm^3
 


  +=========================================================================+
  |  Transition                                             model: ADC(2)   |
  |    number, symmetry, multiplicity:    4 a    1                          |
  |    frequency :   0.1323994251 a.u.     3.60277 e.V.     29058.3 rcm     |
  +=========================================================================+

     +-----------+-----------------+-----------------+---------------------+
     | operator  |   left moment   |  right moment   | transition strength |
     +-----------+-----------------+-----------------+---------------------+
     | xdiplen   |      0.18946984 |      0.18946984 |       0.03589882    |
     | ydiplen   |      0.53129753 |      0.53129753 |       0.28227707    |
     | zdiplen   |     -0.00000389 |     -0.00000389 |       0.00000000    |
     | xdipvel   |      0.02424918 |     -0.02424918 |       0.00058802    |
     | ydipvel   |      0.05228830 |     -0.05228830 |       0.00273407    |
     | zdipvel   |     -0.00000054 |      0.00000054 |       0.00000000    |
     | xangmom   |      0.00000559 |     -0.00000559 |       0.00000000    |
     | yangmom   |      0.00001576 |     -0.00001576 |       0.00000000    |
     | zangmom   |     -0.34627322 |      0.34627322 |       0.11990514    |
     +-----------+-----------------+-----------------+---------------------+
 
       oscillator strength (length gauge)   :      0.02808420
       oscillator strength (velocity gauge) :      0.01672761
       oscillator strength (mixed gauge)    :      0.02158342
 
       rotator strength (length gauge)      :      0.00000539 a.u.
       Rotator strength (length gauge)      :      0.00254083 10^(-40)*erg*cm^3
       rotator strength (velocity gauge)    :      0.00000433 a.u.
       Rotator strength (velocity gauge)    :      0.00204259 10^(-40)*erg*cm^3
 


  +=========================================================================+
  |  Transition                                             model: ADC(2)   |
  |    number, symmetry, multiplicity:    5 a    1                          |
  |    frequency :   0.1360373107 a.u.     3.70176 e.V.     29856.7 rcm     |
  +=========================================================================+

     +-----------+-----------------+-----------------+---------------------+
     | operator  |   left moment   |  right moment   | transition strength |
     +-----------+-----------------+-----------------+---------------------+
     | xdiplen   |     -0.63849586 |     -0.63849586 |       0.40767696    |
     | ydiplen   |      0.36453614 |      0.36453614 |       0.13288660    |
     | zdiplen   |     -0.00000736 |     -0.00000736 |       0.00000000    |
     | xdipvel   |     -0.09039124 |      0.09039124 |       0.00817058    |
     | ydipvel   |      0.04630984 |     -0.04630984 |       0.00214460    |
     | zdipvel   |      0.00000001 |     -0.00000001 |       0.00000000    |
     | xangmom   |      0.00008125 |     -0.00008125 |       0.00000001    |
     | yangmom   |     -0.00012220 |      0.00012220 |       0.00000001    |
     | zangmom   |      1.55404080 |     -1.55404080 |       2.41504280    |
     +-----------+-----------------+-----------------+---------------------+
 
       oscillator strength (length gauge)   :      0.04902454
       oscillator strength (velocity gauge) :      0.05055072
       oscillator strength (mixed gauge)    :      0.04973069
 
       rotator strength (length gauge)      :     -0.00005393 a.u.
       Rotator strength (length gauge)      :     -0.02542573 10^(-40)*erg*cm^3
       rotator strength (velocity gauge)    :     -0.00004773 a.u.
       Rotator strength (velocity gauge)    :     -0.02250176 10^(-40)*erg*cm^3
 


  +=========================================================================+
  |  Transition                                             model: ADC(2)   |
  |    number, symmetry, multiplicity:    6 a    1                          |
  |    frequency :   0.1427807992 a.u.     3.88526 e.V.     31336.8 rcm     |
  +=========================================================================+

     +-----------+-----------------+-----------------+---------------------+
     | operator  |   left moment   |  right moment   | transition strength |
     +-----------+-----------------+-----------------+---------------------+
     | xdiplen   |      0.49224922 |      0.49224922 |       0.24230930    |
     | ydiplen   |      0.82691412 |      0.82691412 |       0.68378696    |
     | zdiplen   |     -0.00002913 |     -0.00002913 |       0.00000000    |
     | xdipvel   |      0.06640318 |     -0.06640318 |       0.00440938    |
     | ydipvel   |      0.09293147 |     -0.09293147 |       0.00863626    |
     | zdipvel   |     -0.00000408 |      0.00000408 |       0.00000000    |
     | xangmom   |     -0.00000730 |      0.00000730 |       0.00000000    |
     | yangmom   |      0.00003873 |     -0.00003873 |       0.00000000    |
     | zangmom   |      0.08770572 |     -0.08770572 |       0.00769229    |
     +-----------+-----------------+-----------------+---------------------+
 
       oscillator strength (length gauge)   :      0.08815251
       oscillator strength (velocity gauge) :      0.06091220
       oscillator strength (mixed gauge)    :      0.07302217
 
       rotator strength (length gauge)      :      0.00001294 a.u.
       Rotator strength (length gauge)      :      0.00610137 10^(-40)*erg*cm^3
       rotator strength (velocity gauge)    :      0.00000965 a.u.
       Rotator strength (velocity gauge)    :      0.00455160 10^(-40)*erg*cm^3
 


  +=========================================================================+
  |  Transition                                             model: ADC(2)   |
  |    number, symmetry, multiplicity:    7 a    1                          |
  |    frequency :   0.1513784758 a.u.     4.11922 e.V.     33223.7 rcm     |
  +=========================================================================+

     +-----------+-----------------+-----------------+---------------------+
     | operator  |   left moment   |  right moment   | transition strength |
     +-----------+-----------------+-----------------+---------------------+
     | xdiplen   |      1.99354417 |      1.99354417 |       3.97421835    |
     | ydiplen   |     -0.63536220 |     -0.63536220 |       0.40368512    |
     | zdiplen   |     -0.00003646 |     -0.00003646 |       0.00000000    |
     | xdipvel   |      0.31333118 |     -0.31333118 |       0.09817643    |
     | ydipvel   |     -0.10730695 |      0.10730695 |       0.01151478    |
     | zdipvel   |     -0.00000782 |      0.00000782 |       0.00000000    |
     | xangmom   |     -0.00001564 |      0.00001564 |       0.00000000    |
     | yangmom   |     -0.00001845 |      0.00001845 |       0.00000000    |
     | zangmom   |     -1.43761377 |      1.43761377 |       2.06673336    |
     +-----------+-----------------+-----------------+---------------------+
 
       oscillator strength (length gauge)   :      0.44181357
       oscillator strength (velocity gauge) :      0.48307709
       oscillator strength (mixed gauge)    :      0.46187888
 
       rotator strength (length gauge)      :      0.00001648 a.u.
       Rotator strength (length gauge)      :      0.00776874 10^(-40)*erg*cm^3
       rotator strength (velocity gauge)    :      0.00002751 a.u.
       Rotator strength (velocity gauge)    :      0.01296867 10^(-40)*erg*cm^3
 


  +=========================================================================+
  |  Transition                                             model: ADC(2)   |
  |    number, symmetry, multiplicity:    8 a    1                          |
  |    frequency :   0.1541720733 a.u.     4.19524 e.V.     33836.9 rcm     |
  +=========================================================================+

     +-----------+-----------------+-----------------+---------------------+
     | operator  |   left moment   |  right moment   | transition strength |
     +-----------+-----------------+-----------------+---------------------+
     | xdiplen   |     -0.91425699 |     -0.91425699 |       0.83586585    |
     | ydiplen   |     -0.40010486 |     -0.40010486 |       0.16008390    |
     | zdiplen   |      0.00003262 |      0.00003262 |       0.00000000    |
     | xdipvel   |     -0.13755481 |      0.13755481 |       0.01892132    |
     | ydipvel   |     -0.04558262 |      0.04558262 |       0.00207778    |
     | zdipvel   |      0.00000541 |     -0.00000541 |       0.00000000    |
     | xangmom   |     -0.00000256 |      0.00000256 |       0.00000000    |
     | yangmom   |      0.00000861 |     -0.00000861 |       0.00000000    |
     | zangmom   |     -0.42889543 |      0.42889543 |       0.18395129    |
     +-----------+-----------------+-----------------+---------------------+
 
       oscillator strength (length gauge)   :      0.10236509
       oscillator strength (velocity gauge) :      0.09080374
       oscillator strength (mixed gauge)    :      0.09599885
 
       rotator strength (length gauge)      :     -0.00000755 a.u.
       Rotator strength (length gauge)      :     -0.00355841 10^(-40)*erg*cm^3
       rotator strength (velocity gauge)    :     -0.00000765 a.u.
       Rotator strength (velocity gauge)    :     -0.00360779 10^(-40)*erg*cm^3
 


  +=========================================================================+
  |  Transition                                             model: ADC(2)   |
  |    number, symmetry, multiplicity:    9 a    1                          |
  |    frequency :   0.1619431353 a.u.     4.40670 e.V.     35542.4 rcm     |
  +=========================================================================+

     +-----------+-----------------+-----------------+---------------------+
     | operator  |   left moment   |  right moment   | transition strength |
     +-----------+-----------------+-----------------+---------------------+
     | xdiplen   |      1.70335490 |      1.70335490 |       2.90141792    |
     | ydiplen   |     -0.08795509 |     -0.08795509 |       0.00773610    |
     | zdiplen   |     -0.00004902 |     -0.00004902 |       0.00000000    |
     | xdipvel   |      0.25932014 |     -0.25932014 |       0.06724694    |
     | ydipvel   |     -0.02206772 |      0.02206772 |       0.00048698    |
     | zdipvel   |     -0.00000813 |      0.00000813 |       0.00000000    |
     | xangmom   |      0.00000919 |     -0.00000919 |       0.00000000    |
     | yangmom   |      0.00002353 |     -0.00002353 |       0.00000000    |
     | zangmom   |      1.03052795 |     -1.03052795 |       1.06198786    |
     +-----------+-----------------+-----------------+---------------------+
 
       oscillator strength (length gauge)   :      0.31407835
       oscillator strength (velocity gauge) :      0.27883829
       oscillator strength (mixed gauge)    :      0.29577013
 
       rotator strength (length gauge)      :     -0.00001847 a.u.
       Rotator strength (length gauge)      :     -0.00870712 10^(-40)*erg*cm^3
       rotator strength (velocity gauge)    :     -0.00002010 a.u.
       Rotator strength (velocity gauge)    :     -0.00947625 10^(-40)*erg*cm^3
 


  +=========================================================================+
  |  Transition                                             model: ADC(2)   |
  |    number, symmetry, multiplicity:   10 a    1                          |
  |    frequency :   0.1682377067 a.u.     4.57798 e.V.     36923.9 rcm     |
  +=========================================================================+

     +-----------+-----------------+-----------------+---------------------+
     | operator  |   left moment   |  right moment   | transition strength |
     +-----------+-----------------+-----------------+---------------------+
     | xdiplen   |      0.48447950 |      0.48447950 |       0.23472039    |
     | ydiplen   |      0.26476195 |      0.26476195 |       0.07009889    |
     | zdiplen   |     -0.00000799 |     -0.00000799 |       0.00000000    |
     | xdipvel   |      0.08342030 |     -0.08342030 |       0.00695895    |
     | ydipvel   |      0.04074712 |     -0.04074712 |       0.00166033    |
     | zdipvel   |     -0.00000158 |      0.00000158 |       0.00000000    |
     | xangmom   |      0.00000850 |     -0.00000850 |       0.00000000    |
     | yangmom   |      0.00007314 |     -0.00007314 |       0.00000001    |
     | zangmom   |     -0.79171215 |      0.79171215 |       0.62680813    |
     +-----------+-----------------+-----------------+---------------------+
 
       oscillator strength (length gauge)   :      0.03418806
       oscillator strength (velocity gauge) :      0.03415514
       oscillator strength (mixed gauge)    :      0.03413581
 
       rotator strength (length gauge)      :      0.00001490 a.u.
       Rotator strength (length gauge)      :      0.00702663 10^(-40)*erg*cm^3
       rotator strength (velocity gauge)    :      0.00001469 a.u.
       Rotator strength (velocity gauge)    :      0.00692653 10^(-40)*erg*cm^3
 
 Exporting transition densities


    ------------------------------------------------------------------------
         total  cpu-time :  36 days 21 hours 23 minutes and 49 seconds
         total wall-time :   1 days  7 hours  9 minutes and 44 seconds
    ------------------------------------------------------------------------

   ****  ricc2 : all done  ****


    2023-10-17 21:14:04.646 

