
   OpenMP run-time library returned nthreads = 36

 ricc2 (cpu-3-27) : TURBOMOLE rev. V7.5.0 compiled 17 Jun 2020 at 09:15:30
 Copyright (C) 2020 TURBOMOLE GmbH, Karlsruhe


    2023-10-16 14:13:11.039 



                              R I C C 2 - PROGRAM

                          the quantum chemistry groups
                             at the universities in
                               Karlsruhe & Bochum
                                   Germany



   *-----------------------------------------------------------------------*
   |                     program will use 36 thread(s)                     |
   *-----------------------------------------------------------------------*


              +--------------------------------------------------+
              | Atomic coordinate, charge and isotop information |
              +--------------------------------------------------+

                    atomic coordinates            atom    charge  isotop
         -1.85182074   -3.25317707    0.00224562    n      7.000     0
          0.81569776   -3.05341412    0.13069031    c      6.000     0
         -3.07468141   -0.92701869   -0.14229953    c      6.000     0
         -1.18144040    0.88897032   -0.11172376    c      6.000     0
          1.23389415   -0.33782099    0.05529024    c      6.000     0
          3.12826900    1.47782788    0.09045804    c      6.000     0
         -0.76067398    3.60652877   -0.18493175    c      6.000     0
          1.90858307    3.80408073   -0.05282099    n      7.000     0
          2.22860819   -4.89495223    0.26720412    o      8.000     0
         -2.17005062    5.44831254   -0.32273058    o      8.000     0
          2.75412213    5.51176954   -0.07368357    h      1.000     0
         -2.69531889   -4.96164066    0.02040589    h      1.000     0
         11.16049321    0.69661510    0.53983491    c      6.000     0
          9.59527085   -1.44514380    0.52602101    c      6.000     0
          6.98289456   -1.16627692    0.37852789    c      6.000     0
          5.79378439   -2.84027191    0.36941941    h      1.000     0
          5.85727919    1.24410655    0.24146605    c      6.000     0
          7.46598415    3.37715381    0.25873815    c      6.000     0
          6.69660105    5.27663092    0.15924407    h      1.000     0
         10.06615281    3.11501100    0.40488957    c      6.000     0
         11.29706371    4.75448069    0.41966723    h      1.000     0
         10.38315436   -3.33127945    0.62916227    h      1.000     0
         13.72265947    0.63506672    0.67941008    o      8.000     0
         14.98788781   -1.75976430    0.83659750    c      6.000     0
         14.50744384   -2.90172580   -0.83038660    h      1.000     0
         14.33899365   -2.76628913    2.53096374    h      1.000     0
         17.82045499   -1.27455823    0.96114935    c      6.000     0
         18.74434209   -3.09889983    1.32125556    h      1.000     0
         18.21720299   -0.07475221    2.60638271    h      1.000     0
         18.92900613   -0.07352389   -1.43419189    c      6.000     0
         17.97014019    1.72566546   -1.79819094    h      1.000     0
         18.51647891   -1.29742391   -3.06062248    h      1.000     0
         21.78663107    0.36090525   -1.24954675    c      6.000     0
         22.80226438   -1.41891440   -0.94068992    h      1.000     0
         22.52923675    1.21525043   -2.98195318    h      1.000     0
         22.25036986    1.62739970    0.32323450    h      1.000     0
        -11.11172441   -0.17647617   -0.57279804    c      6.000     0
        -10.01974617   -2.58925959   -0.42847965    c      6.000     0
         -7.40020782   -2.82487064   -0.28863992    c      6.000     0
         -6.62392722   -4.72115411   -0.17937595    h      1.000     0
         -5.80497661   -0.69794609   -0.28790292    c      6.000     0
         -6.94302638    1.72024194   -0.43594407    c      6.000     0
         -5.75945311    3.39780852   -0.43866527    h      1.000     0
         -9.54321394    1.96949682   -0.57606726    c      6.000     0
        -10.41481232    3.82191975   -0.69052797    h      1.000     0
        -11.17569164   -4.27788106   -0.42413328    h      1.000     0
        -13.63494343    0.27412903   -0.71679517    o      8.000     0
        -15.36377827   -1.81373488   -0.71120158    c      6.000     0
        -15.10199451   -2.91856326    1.02865037    h      1.000     0
        -14.96223036   -3.04166002   -2.33562905    h      1.000     0
        -18.04006510   -0.76968010   -0.86334343    c      6.000     0
        -19.32307575   -2.38811714   -1.07835647    h      1.000     0
        -18.21533720    0.35997928   -2.59437035    h      1.000     0
        -18.83361779    0.80895931    1.43620760    c      6.000     0
        -17.52902646    2.40301889    1.64746009    h      1.000     0
        -18.63491309   -0.34343347    3.15272143    h      1.000     0
        -21.55202661    1.78840436    1.23714385    c      6.000     0
        -22.90690355    0.22813309    1.07950290    h      1.000     0
        -22.07052967    2.90483566    2.90059417    h      1.000     0
        -21.79175727    2.99692202   -0.42853634    h      1.000     0
 
       center of nuclear mass  :    0.01188242    0.12180995   -0.00957522
       center of nuclear charge:    0.01029641    0.10550860   -0.00827875

   *************************************************************************
   teste                                                                    
   *************************************************************************



              +--------------------------------------------------+
              |               basis set information              |
              +--------------------------------------------------+

              we will work with the 1s 3p 5d 7f 9g ... basis set
              ...i.e. with spherical basis functions...

   type   atoms  prim   cont   basis
   ---------------------------------------------------------------------------
    n        2     46     31   def2-TZVP   [5s3p2d1f|11s6p2d1f]
    c       26     46     31   def2-TZVP   [5s3p2d1f|11s6p2d1f]
    o        4     46     31   def2-TZVP   [5s3p2d1f|11s6p2d1f]
    h       28      8      6   def2-TZVP   [3s1p|5s1p]
   ---------------------------------------------------------------------------
   total:   60   1696   1160
   ---------------------------------------------------------------------------

   total number of primitive shells          :   66
   total number of contracted shells         :  464
   total number of cartesian basis functions : 1320
   total number of SCF-basis functions       : 1160


 symmetry group of the molecule :   c1 

 the group has the following generators :
   c1(z)

    1 symmetry operations found

 there are 1 real representations :   a   


   =========================================================================


     restricted closed shell calculation for the wavefunction models:
               ADC(2)     - Algebraic Diagrammatic Construction to 2. Order (strict)


     global parameters for ricc2 program:

        hard restart (reuse of interm.) :  disabled
        soft restart (reuse of vectors) :  disabled
        threshold for vector function   :    0.100000E-06
        convergence threshold energy    :    0.100000E-07
        linear dependence threshold     :    0.100000E-13
        global print level              :      1
        maximum number of iterations    :   500
        maximum number DIIS vectors     :    10
        max. dim. of reduced space      :   100
        core memory limit (MB)          : 18000

     Scratch Directory : 


   =========================================================================

    der. integral neglect threshold  :  0.10E-08
    integral neglect threshold       :  0.25E-12
    integral storage threshold THIZE :  0.10E-04
    integral storage threshold THIME :         5


                  +------------------------------------------+
                  |     Auxiliary basis set information      |
                  +------------------------------------------+

              assign orbital basis set names as defaults
              read basis sets from /home/hlischka/programs/TURBOMOLE-7.5/TURBOMOLE//cbasen/
              (basis sets have been saved in file auxbasis)

              we will work with the 1s 3p 5d 7f 9g ... basis set
              ...i.e. with spherical basis functions...

   type   atoms  prim   cont   basis
   ---------------------------------------------------------------------------
    n        2     81     76   def2-TZVP   [8s6p4d3f1g|8s6p5d3f1g]
    c       26     81     76   def2-TZVP   [8s6p4d3f1g|8s6p5d3f1g]
    o        4     81     76   def2-TZVP   [8s6p4d3f1g|8s6p5d3f1g]
    h       28     23     15   def2-TZVP   [4s2p1d|4s3p2d]
   ---------------------------------------------------------------------------
   total:   60   3236   2852
   ---------------------------------------------------------------------------

   total number of primitive shells          :   78
   total number of contracted shells         :  900
   total number of cartesian basis functions : 3488
   total number of SCF-basis functions       : 2852


 maximum number of shells which are related by symmetry :  1


 The symmetry information takes   1 MB

*---------------------------------------------------------------------*
|               simplified C1 algorithm will be applied               |
*---------------------------------------------------------------------*
  MOs are in ASCII format !


 reading orbital data $scfmo  from file mos
 orbital characterization : scfconv=7
 time elapsed for calculating density matrices :   6.310 sec
 all orbitals will be active in the correlation treatment


   Molecular Orbital Statistic:
   ============================

   -----------------------------
   orbitals in total:
   -----------------------------
    frozen occupied :      0
    active occupied :    115
    active virtual  :   1045
    frozen virtual  :      0
    all together    :   1160
   -----------------------------


     time in riccmos       cpu: 17.80 sec    wall:  1.13 sec    ratio: 15.7

     total memory allocated for calculation of (Q|P)**(-1/2) : 94 MiB


     calculation of (P|Q) ...
     time in lp2sym        cpu:  9.32 sec    wall:  0.26 sec    ratio: 35.5


     calculation of the Cholesky decomposition of (P|Q)**(-1) ...
     time in invmetri      cpu: 19.89 sec    wall:  0.88 sec    ratio: 22.7

   threshold for RMS(d[D]) in SCF was     :  0.10E-07
   integral neglect threshold             :  0.25E-12
   derivative integral neglect threshold  :  0.10E-08


 setting up bound for integral derivative estimation

 increment for numerical differentiation : 0.00050000

   =========================================================================

     Energy of reference wave function is -1409.7480774989999
     Maximum orbital residual is           0.2471915251029E-05


     Number of symmetry-nonredundant auxiliary basis functions:     2852

     Block lengths for integral files:
        frozen occupied (BOI):        0 MiB
        active occupied (BJI):        3 MiB
        active virtual  (BAI):       23 MiB
        frozen virtual  (BGI):        0 MiB
               general  (BTI):       26 MiB

   =========================================================================




   **************************************************************************
   *                                                                        *
   *          OPTIMIZATION OF THE GROUND STATE CLUSTER AMPLITUDES           *
   *                                                                        *
   **************************************************************************


   Iter.   MP2 energy       Norm(Omega)   Norm(t1)  Norm(t2)     cpu    wall
   ...........................................................................
    1  -1415.7734301818    0.2580073505     0.00000   0.79175  281.08    8.16
   ...........................................................................


     time in total         cpu:  4 h 41 min  wall:  0 h  8 min  ratio: 34.3


     **********************************************************************
     *                                                                    *
     *   RHF  energy                             :  -1409.7480774990      *
     *   MP2 correlation energy                  :     -6.0253526828      *
     *                                                                    *
     *   Final MP2 energy                        :  -1415.7734301818      *
     *                                                                    *
     *   Norm of MP1 T2 amplitudes               :      0.7917503242      *
     *                                                                    *
     *   D1 diagnostic                           :      0.0574            *
     *                                                                    *
     **********************************************************************



 **************************************************************
 *                                                            *
 *    OPTIMIZATION OF THE EXCITED STATE CLUSTER AMPLITUDES    *
 *                                                            *
 **************************************************************


  preoptimize excitation energies/vectors using CCS:
  ==================================================


 ======== LINEAR CC RESPONSE SOLVER ========

    threshold for convergence: 1.00E-03
    maximum number of simultaneous Jacobi matrix transformations: 10
                                                
     summary of start vectors generation:
     -------------------------------------------
     type of solution vectors      : RE0
     symmetry                      : a  
     number of vectors requested   :    10
     number of vectors generated   :    10
       -- guessed as rhs/(e_a-e_i) :    10
     -------------------------------------------
                                                

    Iter  #Vectors  time (min)    max. residual 
    --------------------------------------------
      1      10        10.95     0.14E+00  (  1)
      2      10        11.22     0.61E-01  (  6)
      3      10        11.67     0.29E-01  (  2)
      4      10        10.70     0.62E-01  (  9)
      5      10        11.98     0.39E-01  (  5)
      6      10        10.64     0.17E-01  ( 10)
      7       8         8.29     0.12E-01  ( 10)
      8       6         6.43     0.55E-02  ( 10)
      9       3         3.37     0.29E-02  ( 10)
     10       1         1.17     0.14E-02  ( 10)
     11       1         1.01     0.13E-02  ( 10)
     12       1         1.10     0.10E+00  (  8)
     13       1         1.17     0.38E-01  (  7)
     14       2         2.40     0.19E-01  (  7)
     15       1         1.23     0.78E-02  (  7)
     16       1         1.30     0.44E-02  (  7)
     17       1         1.25     0.53E-02  (  7)
     18       1         1.25     0.58E-01  (  9)
     19       2         2.32     0.23E-01  (  9)
     20       2         1.94     0.10E-01  (  9)
     21       2         2.31     0.45E-02  (  9)
     22       1         1.12     0.16E-02  (  9)
     23       1         1.17     0.70E-03  (  6)
    --------------------------------------------
    converged in 23 iterations

         Total time        106.02 minutes


 ===========================================




 Note that this is the intermediate result of a preoptimization!
 The convergence threshold was  0.1E-02 only!


 +==================================================================+
 | sym | multi | state |          CCS excitation energies           |
 |     |       |       +--------------------------------------------+
 |     |       |       |   Hartree    |     eV       |     cm-1     |
 +==================================================================+
 | a   |   1   |   1   |    0.1275239 |      3.47010 |    27988.254 |
 | a   |   1   |   2   |    0.1803477 |      4.90751 |    39581.744 |
 | a   |   1   |   3   |    0.2010640 |      5.47123 |    44128.457 |
 | a   |   1   |   4   |    0.2018518 |      5.49267 |    44301.358 |
 | a   |   1   |   5   |    0.2089428 |      5.68562 |    45857.643 |
 | a   |   1   |   6   |    0.2146346 |      5.84051 |    47106.855 |
 | a   |   1   |   7   |    0.2166544 |      5.89547 |    47550.134 |
 | a   |   1   |   8   |    0.2210337 |      6.01463 |    48511.292 |
 | a   |   1   |   9   |    0.2292182 |      6.23734 |    50307.573 |
 | a   |   1   |  10   |    0.2461672 |      6.69855 |    54027.453 |
 +==================================================================+




  preoptimize ADC(2) excitation energies/vectors using a quasi linear algorithm:
  ==============================================================================


 ======== LINEAR CC RESPONSE SOLVER ========

    threshold for convergence: 1.00E-03
    maximum number of simultaneous Jacobi matrix transformations: 10
                                                
     summary of start vectors generation:
     -------------------------------------------
     type of solution vectors      : RE0
     symmetry                      : a  
     number of vectors requested   :    10
     number of vectors generated   :    10
       -- restarted from file      :    10
     -------------------------------------------
                                                

    Iter  #Vectors  time (min)    max. residual 
    --------------------------------------------
 threshold for this macro iteration:  5.621944375530394E-002
      1      10       128.89     0.92E-01  (  3)
 ...adapted threshold to:  7.433251734470375E-002
      2      10       129.04     0.58E-01  (  6)
                                                
     summary of start vectors generation:
     -------------------------------------------
     type of solution vectors      : RE0
     symmetry                      : a  
     number of vectors requested   :    10
     number of vectors generated   :    10
       -- restarted from file      :    10
     -------------------------------------------
                                                

    Iter  #Vectors  time (min)    max. residual 
    --------------------------------------------
 threshold for this macro iteration:  1.222967180381564E-002
      3      10       129.39     0.58E-01  (  6)
      4      10       130.48     0.24E-01  (  4)
      5       8       107.75     0.17E-01  (  4)
      6       2        27.24     0.11E-01  (  2)
                                                
     summary of start vectors generation:
     -------------------------------------------
     type of solution vectors      : RE0
     symmetry                      : a  
     number of vectors requested   :    10
     number of vectors generated   :    10
       -- restarted from file      :    10
     -------------------------------------------
                                                

    Iter  #Vectors  time (min)    max. residual 
    --------------------------------------------
 threshold for this macro iteration:  1.352255872664104E-003
      7      10       128.22     0.11E-01  (  2)
 ...adapted threshold to:  1.485783655720940E-003
      8      10       130.69     0.55E-02  (  1)
 ...adapted threshold to:  1.513943727939310E-003
      9       7        93.55     0.16E-02  (  2)
 ...adapted threshold to:  1.513943766143194E-003
     10       1        14.77     0.12E-02  (  3)
                                                
     summary of start vectors generation:
     -------------------------------------------
     type of solution vectors      : RE0
     symmetry                      : a  
     number of vectors requested   :    10
     number of vectors generated   :    10
       -- restarted from file      :    10
     -------------------------------------------
                                                

    Iter  #Vectors  time (min)    max. residual 
    --------------------------------------------
 threshold for this macro iteration:  1.000000000000000E-003
     11      10       128.31     0.44E-03  ( 10)
    --------------------------------------------
    converged in 11 iterations

         Total time       1148.41 minutes


 ===========================================




 Note that this is the intermediate result of a preoptimization!
 The convergence threshold was  0.1E-02 only!


 +==================================================================+
 | sym | multi | state |          ADC(2) excitation energies        |
 |     |       |       +--------------------------------------------+
 |     |       |       |   Hartree    |     eV       |     cm-1     |
 +==================================================================+
 | a   |   1   |   1   |    0.0934418 |      2.54268 |    20508.108 |
 | a   |   1   |   2   |    0.1282617 |      3.49018 |    28150.194 |
 | a   |   1   |   3   |    0.1355385 |      3.68819 |    29747.273 |
 | a   |   1   |   4   |    0.1449518 |      3.94434 |    31813.236 |
 | a   |   1   |   5   |    0.1497140 |      4.07392 |    32858.421 |
 | a   |   1   |   6   |    0.1508695 |      4.10537 |    33112.030 |
 | a   |   1   |   7   |    0.1515159 |      4.12296 |    33253.887 |
 | a   |   1   |   8   |    0.1586681 |      4.31758 |    34823.632 |
 | a   |   1   |   9   |    0.1598192 |      4.34890 |    35076.250 |
 | a   |   1   |  10   |    0.1854890 |      5.04741 |    40710.124 |
 +==================================================================+





 solve for ADC(2) excitation energies/vectors using a DIIS algorithm:
 =================================================================


 ========= DIIS CC RESPONSE SOLVER =========

    threshold for convergence: 1.00E-06
    max. nb. of DIIS vectors :      10
    maximum number of simultaneous Jacobi matrix transformations: 10
                                                
     summary of start vectors generation:
     -------------------------------------------
     type of solution vectors      : RE0
     symmetry                      : a  
     number of vectors requested   :    10
     number of vectors generated   :    10
       -- restarted from file      :    10
     -------------------------------------------
                                                

    Iter  #Vectors  time (min)   residual
    --------------------------------------
      1      10       129.61     0.33E-03  ( 10)    0.13E-01
      2      10       131.40     0.29E-03  ( 10)    0.40E-03
      3      10       130.88     0.22E-03  ( 10)    0.64E-02
      4      10       130.50     0.21E-03  ( 10)    0.72E-03
      5      10       131.07     0.20E-03  ( 10)    0.11E-02
      6       9       116.96     0.20E-03  ( 10)    0.67E-03
      7       8       107.65     0.19E-03  ( 10)    0.72E-03
      8       5        65.55     0.18E-03  ( 10)    0.69E-03
      9       3        39.25     0.15E-03  ( 10)    0.64E-03
     10       1        15.04     0.96E-04  ( 10)    0.67E-03
     11       1        14.74     0.67E-04  ( 10)    0.68E-03
     12       1        14.89     0.45E-04  ( 10)    0.66E-03
     13       1        14.69     0.32E-04  ( 10)    0.66E-03
     14       1        14.94     0.18E-04  ( 10)    0.64E-03
     15       1        14.90     0.11E-04  ( 10)    0.65E-03
     16       1        14.98     0.84E-05  ( 10)    0.64E-03
     17       1        14.89     0.62E-05  ( 10)    0.65E-03
     18       1        14.76     0.46E-05  ( 10)    0.65E-03
     19       1        14.75     0.28E-05  ( 10)    0.65E-03
     20       1        14.75     0.18E-05  ( 10)    0.64E-03
     21       1        14.99     0.12E-05  ( 10)    0.64E-03
     22       1        14.90     0.73E-06  ( 10)    0.64E-03
    --------------------------------------
    converged in  22 iterations

   Total time       1176.16 minutes


 ===========================================





 +================================================================================+
 | sym | multi | state |          ADC(2) excitation energies    |  %t1   |  %t2   |
 |     |       |       +----------------------------------------+--------+--------+
 |     |       |       |   Hartree    |    eV      |    cm-1    |    %   |    %   |
 +================================================================================+
 | a   |   1   |   1   |    0.0934302 |    2.54236 |  20505.555 |  88.06 |  11.94 |
 | a   |   1   |   2   |    0.1282310 |    3.48934 |  28143.452 |  85.89 |  14.11 |
 | a   |   1   |   3   |    0.1355097 |    3.68741 |  29740.946 |  87.61 |  12.39 |
 | a   |   1   |   4   |    0.1449361 |    3.94391 |  31809.795 |  85.88 |  14.12 |
 | a   |   1   |   5   |    0.1497049 |    4.07368 |  32856.417 |  85.69 |  14.31 |
 | a   |   1   |   6   |    0.1508486 |    4.10480 |  33107.434 |  87.26 |  12.74 |
 | a   |   1   |   7   |    0.1514930 |    4.12233 |  33248.871 |  85.65 |  14.35 |
 | a   |   1   |   8   |    0.1586559 |    4.31725 |  34820.940 |  87.75 |  12.25 |
 | a   |   1   |   9   |    0.1598067 |    4.34856 |  35073.522 |  87.74 |  12.26 |
 | a   |   1   |  10   |    0.1854200 |    5.04554 |  40694.996 |  86.40 |  13.60 |
 +================================================================================+


       Energy:     0.0934302 H      2.54236 eV    20505.555 cm-1

     +=======================================================================+
     | type: RE0                    symmetry: a               state:    1    |
     +-----------------------+-----------------------+-----------------------+
     | occ. orb.  index spin | vir. orb.  index spin |  coeff/|amp|     %    |
     +=======================+=======================+=======================+
     |  115 a      115       |  116 a      116       |   0.96073      92.3   |
     |  113 a      113       |  116 a      116       |  -0.11968       1.4   |
     |  107 a      107       |  116 a      116       |   0.11382       1.3   |
     +=======================+=======================+=======================+
     norm of printed elements:  0.95027


       Energy:     0.1282310 H      3.48934 eV    28143.452 cm-1

     +=======================================================================+
     | type: RE0                    symmetry: a               state:    2    |
     +-----------------------+-----------------------+-----------------------+
     | occ. orb.  index spin | vir. orb.  index spin |  coeff/|amp|     %    |
     +=======================+=======================+=======================+
     |  109 a      109       |  116 a      116       |   0.94936      90.1   |
     |  109 a      109       |  126 a      126       |   0.21251       4.5   |
     |  108 a      108       |  117 a      117       |  -0.12407       1.5   |
     +=======================+=======================+=======================+
     norm of printed elements:  0.96184


       Energy:     0.1355097 H      3.68741 eV    29740.946 cm-1

     +=======================================================================+
     | type: RE0                    symmetry: a               state:    3    |
     +-----------------------+-----------------------+-----------------------+
     | occ. orb.  index spin | vir. orb.  index spin |  coeff/|amp|     %    |
     +=======================+=======================+=======================+
     |  110 a      110       |  116 a      116       |   0.89050      79.3   |
     |  114 a      114       |  116 a      116       |   0.26712       7.1   |
     |  112 a      112       |  116 a      116       |   0.22244       4.9   |
     |  110 a      110       |  126 a      126       |   0.19477       3.8   |
     +=======================+=======================+=======================+
     norm of printed elements:  0.95176


       Energy:     0.1449361 H      3.94391 eV    31809.795 cm-1

     +=======================================================================+
     | type: RE0                    symmetry: a               state:    4    |
     +-----------------------+-----------------------+-----------------------+
     | occ. orb.  index spin | vir. orb.  index spin |  coeff/|amp|     %    |
     +=======================+=======================+=======================+
     |  108 a      108       |  116 a      116       |   0.92151      84.9   |
     |  108 a      108       |  126 a      126       |   0.21697       4.7   |
     |  109 a      109       |  117 a      117       |  -0.20226       4.1   |
     |  109 a      109       |  134 a      134       |  -0.14311       2.0   |
     +=======================+=======================+=======================+
     norm of printed elements:  0.95764


       Energy:     0.1497049 H      4.07368 eV    32856.417 cm-1

     +=======================================================================+
     | type: RE0                    symmetry: a               state:    5    |
     +-----------------------+-----------------------+-----------------------+
     | occ. orb.  index spin | vir. orb.  index spin |  coeff/|amp|     %    |
     +=======================+=======================+=======================+
     |  113 a      113       |  116 a      116       |   0.85577      73.2   |
     |  112 a      112       |  116 a      116       |  -0.30948       9.6   |
     |  115 a      115       |  117 a      117       |   0.19917       4.0   |
     |  114 a      114       |  117 a      117       |   0.16357       2.7   |
     |  115 a      115       |  116 a      116       |   0.13204       1.7   |
     |   96 a       96       |  116 a      116       |  -0.12235       1.5   |
     |  104 a      104       |  116 a      116       |  -0.07302       0.5   |
     |  107 a      107       |  116 a      116       |  -0.06982       0.5   |
     |  114 a      114       |  116 a      116       |  -0.06542       0.4   |
     |  115 a      115       |  126 a      126       |   0.05636       0.3   |
     |  107 a      107       |  126 a      126       |  -0.05527       0.3   |
     |   84 a       84       |  116 a      116       |  -0.05059       0.3   |
     +=======================+=======================+=======================+
     norm of printed elements:  0.95023


       Energy:     0.1508486 H      4.10480 eV    33107.434 cm-1

     +=======================================================================+
     | type: RE0                    symmetry: a               state:    6    |
     +-----------------------+-----------------------+-----------------------+
     | occ. orb.  index spin | vir. orb.  index spin |  coeff/|amp|     %    |
     +=======================+=======================+=======================+
     |  115 a      115       |  117 a      117       |   0.91138      83.1   |
     |  115 a      115       |  134 a      134       |   0.20039       4.0   |
     |  112 a      112       |  116 a      116       |   0.15873       2.5   |
     |  113 a      113       |  116 a      116       |  -0.14352       2.1   |
     |  113 a      113       |  117 a      117       |  -0.13601       1.8   |
     |  107 a      107       |  117 a      117       |   0.08438       0.7   |
     |  113 a      113       |  134 a      134       |  -0.06484       0.4   |
     |  113 a      113       |  119 a      119       |  -0.05405       0.3   |
     |  114 a      114       |  116 a      116       |   0.05122       0.3   |
     +=======================+=======================+=======================+
     norm of printed elements:  0.95194


       Energy:     0.1514930 H      4.12233 eV    33248.871 cm-1

     +=======================================================================+
     | type: RE0                    symmetry: a               state:    7    |
     +-----------------------+-----------------------+-----------------------+
     | occ. orb.  index spin | vir. orb.  index spin |  coeff/|amp|     %    |
     +=======================+=======================+=======================+
     |  114 a      114       |  116 a      116       |   0.90365      81.7   |
     |  110 a      110       |  116 a      116       |  -0.22965       5.3   |
     |  113 a      113       |  117 a      117       |   0.15660       2.5   |
     |  112 a      112       |  116 a      116       |  -0.13099       1.7   |
     |   97 a       97       |  116 a      116       |  -0.09895       1.0   |
     |   99 a       99       |  116 a      116       |   0.07907       0.6   |
     |  105 a      105       |  116 a      116       |   0.07452       0.6   |
     |  115 a      115       |  119 a      119       |   0.07219       0.5   |
     |   69 a       69       |  116 a      116       |   0.05972       0.4   |
     |  111 a      111       |  116 a      116       |   0.05907       0.3   |
     |  114 a      114       |  126 a      126       |   0.05765       0.3   |
     |  107 a      107       |  117 a      117       |   0.05548       0.3   |
     |  115 a      115       |  118 a      118       |   0.05479       0.3   |
     |  112 a      112       |  119 a      119       |  -0.05419       0.3   |
     |  111 a      111       |  118 a      118       |  -0.05392       0.3   |
     |  101 a      101       |  116 a      116       |   0.05321       0.3   |
     +=======================+=======================+=======================+
     norm of printed elements:  0.96296


       Energy:     0.1586559 H      4.31725 eV    34820.940 cm-1

     +=======================================================================+
     | type: RE0                    symmetry: a               state:    8    |
     +-----------------------+-----------------------+-----------------------+
     | occ. orb.  index spin | vir. orb.  index spin |  coeff/|amp|     %    |
     +=======================+=======================+=======================+
     |  115 a      115       |  118 a      118       |   0.73796      54.5   |
     |  111 a      111       |  116 a      116       |   0.39998      16.0   |
     |  114 a      114       |  118 a      118       |   0.30620       9.4   |
     |  111 a      111       |  117 a      117       |   0.22394       5.0   |
     |  115 a      115       |  119 a      119       |  -0.15697       2.5   |
     |  112 a      112       |  116 a      116       |  -0.14844       2.2   |
     |  110 a      110       |  116 a      116       |   0.12403       1.5   |
     |  113 a      113       |  118 a      118       |   0.11063       1.2   |
     |  114 a      114       |  119 a      119       |  -0.10994       1.2   |
     |  111 a      111       |  126 a      126       |  -0.09472       0.9   |
     |  112 a      112       |  117 a      117       |  -0.06452       0.4   |
     |  111 a      111       |  118 a      118       |   0.06348       0.4   |
     +=======================+=======================+=======================+
     norm of printed elements:  0.95202


       Energy:     0.1598067 H      4.34856 eV    35073.522 cm-1

     +=======================================================================+
     | type: RE0                    symmetry: a               state:    9    |
     +-----------------------+-----------------------+-----------------------+
     | occ. orb.  index spin | vir. orb.  index spin |  coeff/|amp|     %    |
     +=======================+=======================+=======================+
     |  115 a      115       |  119 a      119       |   0.71958      51.8   |
     |  112 a      112       |  116 a      116       |  -0.36759      13.5   |
     |  114 a      114       |  119 a      119       |  -0.29204       8.5   |
     |  112 a      112       |  117 a      117       |   0.23343       5.4   |
     |  111 a      111       |  116 a      116       |  -0.21537       4.6   |
     |  115 a      115       |  118 a      118       |   0.16755       2.8   |
     |  110 a      110       |  116 a      116       |   0.14385       2.1   |
     |  113 a      113       |  119 a      119       |   0.13066       1.7   |
     |  113 a      113       |  116 a      116       |  -0.11441       1.3   |
     |  114 a      114       |  118 a      118       |  -0.11208       1.3   |
     |  112 a      112       |  126 a      126       |   0.07812       0.6   |
     |  114 a      114       |  117 a      117       |   0.07600       0.6   |
     |  114 a      114       |  116 a      116       |  -0.07433       0.6   |
     |  111 a      111       |  117 a      117       |   0.07117       0.5   |
     +=======================+=======================+=======================+
     norm of printed elements:  0.95304


       Energy:     0.1854200 H      5.04554 eV    40694.996 cm-1

     +=======================================================================+
     | type: RE0                    symmetry: a               state:   10    |
     +-----------------------+-----------------------+-----------------------+
     | occ. orb.  index spin | vir. orb.  index spin |  coeff/|amp|     %    |
     +=======================+=======================+=======================+
     |  112 a      112       |  116 a      116       |   0.67061      45.0   |
     |  115 a      115       |  119 a      119       |   0.45952      21.1   |
     |  115 a      115       |  118 a      118       |   0.30853       9.5   |
     |  113 a      113       |  116 a      116       |   0.28610       8.2   |
     |  110 a      110       |  116 a      116       |  -0.18028       3.2   |
     |  113 a      113       |  119 a      119       |  -0.15918       2.5   |
     |  112 a      112       |  117 a      117       |  -0.13277       1.8   |
     |  111 a      111       |  117 a      117       |  -0.12202       1.5   |
     |  113 a      113       |  118 a      118       |  -0.11585       1.3   |
     |  115 a      115       |  117 a      117       |  -0.09894       1.0   |
     +=======================+=======================+=======================+
     norm of printed elements:  0.95149



     Info: copy ADC(2) right eigenvectors into left eigenvector files.


                    ========   CC DENSITY MODULE   ========

                      current wave-function model: ADC(2)  

  calculating overlap between   10 left and right vector(s)
    density nr.      cpu/min        wall/min    L     R
   ------------------------------------------------------
         1           322.18           14.07    LE0    RE0 
         2           328.74           14.33    LE0    RE0 
         3           330.77           14.24    LE0    RE0 
         4           327.65           14.09    LE0    RE0 
         5           328.24           14.12    LE0    RE0 
         6           328.02           14.14    LE0    RE0 
         7           327.06           14.10    LE0    RE0 
         8           328.56           14.23    LE0    RE0 
         9           328.16           14.05    LE0    RE0 
        10           328.50           14.15    LE0    RE0 
   ------------------------------------------------------
     time in cc_1den       cpu:   2 d  6 h 38 min  wall:   0 d  2 h 21 min  ratio: 23.2



     +==========================================================+
     |   contributions of excitation levels to excited states   |
     |     wavefunctions as computed from the <L|R> overlap     |
     +----------------------------------------------------------+
     | sym | multi | state |    E / eV  | % singles | % doubles |
     +==========================================================+
     | a   |   1   |   1   |    2.54236 |   88.06   |   11.94   |
     | a   |   1   |   2   |    3.48934 |   85.89   |   14.11   |
     | a   |   1   |   3   |    3.68741 |   87.61   |   12.39   |
     | a   |   1   |   4   |    3.94391 |   85.88   |   14.12   |
     | a   |   1   |   5   |    4.07368 |   85.69   |   14.31   |
     | a   |   1   |   6   |    4.10480 |   87.26   |   12.74   |
     | a   |   1   |   7   |    4.12233 |   85.66   |   14.34   |
     | a   |   1   |   8   |    4.31725 |   87.75   |   12.25   |
     | a   |   1   |   9   |    4.34856 |   87.74   |   12.26   |
     | a   |   1   |  10   |    5.04554 |   86.40   |   13.60   |
     +==========================================================+



      The semi-canonical algorithm will be used for densities


                    ========   CC DENSITY MODULE   ========

                      current wave-function model: ADC(2)  

  calculating    10 xi densities

   a semicanonical algorithm will be used when possible

    density nr.      cpu/min        wall/min    L     R
   ------------------------------------------------------
         1           609.42           24.13    LE0    R0  
         2           610.72           24.48    LE0    R0  
         3           619.37           25.07    LE0    R0  
         4           613.67           24.40    LE0    R0  
         5           606.46           23.87    LE0    R0  
         6           604.08           23.61    LE0    R0  
         7           603.63           23.79    LE0    R0  
         8           606.18           24.04    LE0    R0  
         9           614.43           25.17    LE0    R0  
        10           600.76           23.34    LE0    R0  
   ------------------------------------------------------
     time in cc_1den       cpu:   4 d  5 h 29 min  wall:   0 d  4 h  2 min  ratio: 25.2


 **************************************************************
 *                                                            *
 *<<<<<<<<<<<<  ONE-PHOTON ABSORPTION STRENGTHS  >>>>>>>>>>>>>*
 *                                                            *
 **************************************************************


  +=========================================================================+
  |  Transition                                             model: ADC(2)   |
  |    number, symmetry, multiplicity:    1 a    1                          |
  |    frequency :   0.0934301828 a.u.     2.54236 e.V.     20505.6 rcm     |
  +=========================================================================+

     +-----------+-----------------+-----------------+---------------------+
     | operator  |   left moment   |  right moment   | transition strength |
     +-----------+-----------------+-----------------+---------------------+
     | xdiplen   |      3.15620568 |      3.15620568 |       9.96163429    |
     | ydiplen   |      1.28424143 |      1.28424143 |       1.64927605    |
     | zdiplen   |      0.09496681 |      0.09496681 |       0.00901870    |
     | xdipvel   |      0.31152159 |     -0.31152159 |       0.09704570    |
     | ydipvel   |      0.11759266 |     -0.11759266 |       0.01382803    |
     | zdipvel   |      0.00618255 |     -0.00618255 |       0.00003822    |
     | xangmom   |      0.01533406 |     -0.01533406 |       0.00023513    |
     | yangmom   |     -0.01678305 |      0.01678305 |       0.00028167    |
     | zangmom   |     -0.15198901 |      0.15198901 |       0.02310066    |
     +-----------+-----------------+-----------------+---------------------+
 
       oscillator strength (length gauge)   :      0.72376806
       oscillator strength (velocity gauge) :      0.79140707
       oscillator strength (mixed gauge)    :      0.75655382
 
       rotator strength (length gauge)      :      0.00620502 a.u.
       Rotator strength (length gauge)      :      2.92531489 10^(-40)*erg*cm^3
       rotator strength (velocity gauge)    :      0.00997347 a.u.
       Rotator strength (velocity gauge)    :      4.70192865 10^(-40)*erg*cm^3
 


  +=========================================================================+
  |  Transition                                             model: ADC(2)   |
  |    number, symmetry, multiplicity:    2 a    1                          |
  |    frequency :   0.1282310034 a.u.     3.48934 e.V.     28143.5 rcm     |
  +=========================================================================+

     +-----------+-----------------+-----------------+---------------------+
     | operator  |   left moment   |  right moment   | transition strength |
     +-----------+-----------------+-----------------+---------------------+
     | xdiplen   |     -0.00155628 |     -0.00155628 |       0.00000242    |
     | ydiplen   |     -0.00018511 |     -0.00018511 |       0.00000003    |
     | zdiplen   |      0.01571193 |      0.01571193 |       0.00024686    |
     | xdipvel   |     -0.00011449 |      0.00011449 |       0.00000001    |
     | ydipvel   |     -0.00008555 |      0.00008555 |       0.00000001    |
     | zdipvel   |      0.00059356 |     -0.00059356 |       0.00000035    |
     | xangmom   |     -0.00293088 |      0.00293088 |       0.00000859    |
     | yangmom   |      0.00590582 |     -0.00590582 |       0.00003488    |
     | zangmom   |     -0.00140010 |      0.00140010 |       0.00000196    |
     +-----------+-----------------+-----------------+---------------------+
 
       oscillator strength (length gauge)   :      0.00002131
       oscillator strength (velocity gauge) :      0.00000194
       oscillator strength (mixed gauge)    :      0.00000635
 
       rotator strength (length gauge)      :     -0.00000927 a.u.
       Rotator strength (length gauge)      :     -0.00436800 10^(-40)*erg*cm^3
       rotator strength (velocity gauge)    :     -0.00000390 a.u.
       Rotator strength (velocity gauge)    :     -0.00183959 10^(-40)*erg*cm^3
 


  +=========================================================================+
  |  Transition                                             model: ADC(2)   |
  |    number, symmetry, multiplicity:    3 a    1                          |
  |    frequency :   0.1355097219 a.u.     3.68741 e.V.     29740.9 rcm     |
  +=========================================================================+

     +-----------+-----------------+-----------------+---------------------+
     | operator  |   left moment   |  right moment   | transition strength |
     +-----------+-----------------+-----------------+---------------------+
     | xdiplen   |      0.04215409 |      0.04215409 |       0.00177697    |
     | ydiplen   |     -0.03094787 |     -0.03094787 |       0.00095777    |
     | zdiplen   |      0.00343889 |      0.00343889 |       0.00001183    |
     | xdipvel   |      0.00767506 |     -0.00767506 |       0.00005891    |
     | ydipvel   |     -0.00404202 |      0.00404202 |       0.00001634    |
     | zdipvel   |      0.00054209 |     -0.00054209 |       0.00000029    |
     | xangmom   |     -0.05771965 |      0.05771965 |       0.00333156    |
     | yangmom   |      0.04805929 |     -0.04805929 |       0.00230970    |
     | zangmom   |      1.12017853 |     -1.12017853 |       1.25479993    |
     +-----------+-----------------+-----------------+---------------------+
 
       oscillator strength (length gauge)   :      0.00024812
       oscillator strength (velocity gauge) :      0.00037163
       oscillator strength (mixed gauge)    :      0.00030033
 
       rotator strength (length gauge)      :     -0.00003414 a.u.
       Rotator strength (length gauge)      :     -0.01609468 10^(-40)*erg*cm^3
       rotator strength (velocity gauge)    :     -0.00011076 a.u.
       Rotator strength (velocity gauge)    :     -0.05221870 10^(-40)*erg*cm^3
 


  +=========================================================================+
  |  Transition                                             model: ADC(2)   |
  |    number, symmetry, multiplicity:    4 a    1                          |
  |    frequency :   0.1449360900 a.u.     3.94391 e.V.     31809.8 rcm     |
  +=========================================================================+

     +-----------+-----------------+-----------------+---------------------+
     | operator  |   left moment   |  right moment   | transition strength |
     +-----------+-----------------+-----------------+---------------------+
     | xdiplen   |     -0.00164661 |     -0.00164661 |       0.00000271    |
     | ydiplen   |      0.00090031 |      0.00090031 |       0.00000081    |
     | zdiplen   |     -0.00062412 |     -0.00062412 |       0.00000039    |
     | xdipvel   |     -0.00020717 |      0.00020717 |       0.00000004    |
     | ydipvel   |      0.00014136 |     -0.00014136 |       0.00000002    |
     | zdipvel   |     -0.00008756 |      0.00008756 |       0.00000001    |
     | xangmom   |     -0.38598065 |      0.38598065 |       0.14898106    |
     | yangmom   |      0.53627231 |     -0.53627231 |       0.28758799    |
     | zangmom   |     -0.03690143 |      0.03690143 |       0.00136172    |
     +-----------+-----------------+-----------------+---------------------+
 
       oscillator strength (length gauge)   :      0.00000038
       oscillator strength (velocity gauge) :      0.00000032
       oscillator strength (mixed gauge)    :      0.00000035
 
       rotator strength (length gauge)      :      0.00057070 a.u.
       Rotator strength (length gauge)      :      0.26905271 10^(-40)*erg*cm^3
       rotator strength (velocity gauge)    :      0.00054852 a.u.
       Rotator strength (velocity gauge)    :      0.25859807 10^(-40)*erg*cm^3
 


  +=========================================================================+
  |  Transition                                             model: ADC(2)   |
  |    number, symmetry, multiplicity:    5 a    1                          |
  |    frequency :   0.1497048535 a.u.     4.07368 e.V.     32856.4 rcm     |
  +=========================================================================+

     +-----------+-----------------+-----------------+---------------------+
     | operator  |   left moment   |  right moment   | transition strength |
     +-----------+-----------------+-----------------+---------------------+
     | xdiplen   |      2.65778389 |      2.65778389 |       7.06381521    |
     | ydiplen   |     -0.49181035 |     -0.49181035 |       0.24187742    |
     | zdiplen   |      0.12888499 |      0.12888499 |       0.01661134    |
     | xdipvel   |      0.46841625 |     -0.46841625 |       0.21941379    |
     | ydipvel   |     -0.09342665 |      0.09342665 |       0.00872854    |
     | zdipvel   |      0.02056098 |     -0.02056098 |       0.00042275    |
     | xangmom   |      0.02429181 |     -0.02429181 |       0.00059009    |
     | yangmom   |     -0.01894127 |      0.01894127 |       0.00035877    |
     | zangmom   |     -0.37423208 |      0.37423208 |       0.14004965    |
     +-----------+-----------------+-----------------+---------------------+
 
       oscillator strength (length gauge)   :      0.73078963
       oscillator strength (velocity gauge) :      1.01784756
       oscillator strength (mixed gauge)    :      0.86236491
 
       rotator strength (length gauge)      :      0.01282249 a.u.
       Rotator strength (length gauge)      :      6.04508342 10^(-40)*erg*cm^3
       rotator strength (velocity gauge)    :      0.01821490 a.u.
       Rotator strength (velocity gauge)    :      8.58730003 10^(-40)*erg*cm^3
 


  +=========================================================================+
  |  Transition                                             model: ADC(2)   |
  |    number, symmetry, multiplicity:    6 a    1                          |
  |    frequency :   0.1508485682 a.u.     4.10480 e.V.     33107.4 rcm     |
  +=========================================================================+

     +-----------+-----------------+-----------------+---------------------+
     | operator  |   left moment   |  right moment   | transition strength |
     +-----------+-----------------+-----------------+---------------------+
     | xdiplen   |     -0.67076302 |     -0.67076302 |       0.44992303    |
     | ydiplen   |     -0.01570023 |     -0.01570023 |       0.00024650    |
     | zdiplen   |     -0.02502588 |     -0.02502588 |       0.00062629    |
     | xdipvel   |     -0.11639198 |      0.11639198 |       0.01354709    |
     | ydipvel   |      0.00453788 |     -0.00453788 |       0.00002059    |
     | zdipvel   |     -0.00393405 |      0.00393405 |       0.00001548    |
     | xangmom   |      0.00814514 |     -0.00814514 |       0.00006634    |
     | yangmom   |      0.05610824 |     -0.05610824 |       0.00314814    |
     | zangmom   |     -0.20153148 |      0.20153148 |       0.04061494    |
     +-----------+-----------------+-----------------+---------------------+
 
       oscillator strength (length gauge)   :      0.04533460
       oscillator strength (velocity gauge) :      0.06003001
       oscillator strength (mixed gauge)    :      0.05206576
 
       rotator strength (length gauge)      :     -0.00065044 a.u.
       Rotator strength (length gauge)      :     -0.30664350 10^(-40)*erg*cm^3
       rotator strength (velocity gauge)    :      0.00032953 a.u.
       Rotator strength (velocity gauge)    :      0.15535355 10^(-40)*erg*cm^3
 


  +=========================================================================+
  |  Transition                                             model: ADC(2)   |
  |    number, symmetry, multiplicity:    7 a    1                          |
  |    frequency :   0.1514930046 a.u.     4.12233 e.V.     33248.9 rcm     |
  +=========================================================================+

     +-----------+-----------------+-----------------+---------------------+
     | operator  |   left moment   |  right moment   | transition strength |
     +-----------+-----------------+-----------------+---------------------+
     | xdiplen   |      0.22468787 |      0.22468787 |       0.05048464    |
     | ydiplen   |     -0.21887297 |     -0.21887297 |       0.04790538    |
     | zdiplen   |      0.02069627 |      0.02069627 |       0.00042834    |
     | xdipvel   |      0.04054107 |     -0.04054107 |       0.00164358    |
     | ydipvel   |     -0.03165299 |      0.03165299 |       0.00100191    |
     | zdipvel   |      0.00323799 |     -0.00323799 |       0.00001048    |
     | xangmom   |      0.05368006 |     -0.05368006 |       0.00288155    |
     | yangmom   |      0.05451101 |     -0.05451101 |       0.00297145    |
     | zangmom   |     -1.06208718 |      1.06208718 |       1.12802917    |
     +-----------+-----------------+-----------------+---------------------+
 
       oscillator strength (length gauge)   :      0.00998019
       oscillator strength (velocity gauge) :      0.01168800
       oscillator strength (mixed gauge)    :      0.01073606
 
       rotator strength (length gauge)      :     -0.01092549 a.u.
       Rotator strength (length gauge)      :     -5.15075055 10^(-40)*erg*cm^3
       rotator strength (velocity gauge)    :     -0.00986257 a.u.
       Rotator strength (velocity gauge)    :     -4.64964807 10^(-40)*erg*cm^3
 


  +=========================================================================+
  |  Transition                                             model: ADC(2)   |
  |    number, symmetry, multiplicity:    8 a    1                          |
  |    frequency :   0.1586558775 a.u.     4.31725 e.V.     34820.9 rcm     |
  +=========================================================================+

     +-----------+-----------------+-----------------+---------------------+
     | operator  |   left moment   |  right moment   | transition strength |
     +-----------+-----------------+-----------------+---------------------+
     | xdiplen   |     -0.12878077 |     -0.12878077 |       0.01658449    |
     | ydiplen   |     -0.23042503 |     -0.23042503 |       0.05309569    |
     | zdiplen   |      0.00048618 |      0.00048618 |       0.00000024    |
     | xdipvel   |     -0.01691356 |      0.01691356 |       0.00028607    |
     | ydipvel   |     -0.03683124 |      0.03683124 |       0.00135654    |
     | zdipvel   |      0.00001415 |     -0.00001415 |       0.00000000    |
     | xangmom   |     -0.00046643 |      0.00046643 |       0.00000022    |
     | yangmom   |      0.00854448 |     -0.00854448 |       0.00007301    |
     | zangmom   |      0.03297886 |     -0.03297886 |       0.00108761    |
     +-----------+-----------------+-----------------+---------------------+
 
       oscillator strength (length gauge)   :      0.00737014
       oscillator strength (velocity gauge) :      0.00690219
       oscillator strength (mixed gauge)    :      0.00710999
 
       rotator strength (length gauge)      :     -0.00094638 a.u.
       Rotator strength (length gauge)      :     -0.44616510 10^(-40)*erg*cm^3
       rotator strength (velocity gauge)    :     -0.00096545 a.u.
       Rotator strength (velocity gauge)    :     -0.45515460 10^(-40)*erg*cm^3
 


  +=========================================================================+
  |  Transition                                             model: ADC(2)   |
  |    number, symmetry, multiplicity:    9 a    1                          |
  |    frequency :   0.1598067254 a.u.     4.34856 e.V.     35073.5 rcm     |
  +=========================================================================+

     +-----------+-----------------+-----------------+---------------------+
     | operator  |   left moment   |  right moment   | transition strength |
     +-----------+-----------------+-----------------+---------------------+
     | xdiplen   |      0.37153432 |      0.37153432 |       0.13803775    |
     | ydiplen   |      0.13282958 |      0.13282958 |       0.01764370    |
     | zdiplen   |      0.01190404 |      0.01190404 |       0.00014171    |
     | xdipvel   |      0.06249467 |     -0.06249467 |       0.00390558    |
     | ydipvel   |      0.01972217 |     -0.01972217 |       0.00038896    |
     | zdipvel   |      0.00160203 |     -0.00160203 |       0.00000257    |
     | xangmom   |     -0.00251691 |      0.00251691 |       0.00000633    |
     | yangmom   |      0.00045597 |     -0.00045597 |       0.00000021    |
     | zangmom   |      0.09387060 |     -0.09387060 |       0.00881169    |
     +-----------+-----------------+-----------------+---------------------+
 
       oscillator strength (length gauge)   :      0.01660106
       oscillator strength (velocity gauge) :      0.01792630
       oscillator strength (mixed gauge)    :      0.01723845
 
       rotator strength (length gauge)      :      0.00012144 a.u.
       Rotator strength (length gauge)      :      0.05725354 10^(-40)*erg*cm^3
       rotator strength (velocity gauge)    :      0.00000652 a.u.
       Rotator strength (velocity gauge)    :      0.00307235 10^(-40)*erg*cm^3
 


  +=========================================================================+
  |  Transition                                             model: ADC(2)   |
  |    number, symmetry, multiplicity:   10 a    1                          |
  |    frequency :   0.1854200445 a.u.     5.04554 e.V.     40695.0 rcm     |
  +=========================================================================+

     +-----------+-----------------+-----------------+---------------------+
     | operator  |   left moment   |  right moment   | transition strength |
     +-----------+-----------------+-----------------+---------------------+
     | xdiplen   |      0.16390021 |      0.16390021 |       0.02686328    |
     | ydiplen   |      0.27458675 |      0.27458675 |       0.07539789    |
     | zdiplen   |     -0.00568930 |     -0.00568930 |       0.00003237    |
     | xdipvel   |      0.03893571 |     -0.03893571 |       0.00151599    |
     | ydipvel   |      0.04157637 |     -0.04157637 |       0.00172859    |
     | zdipvel   |     -0.00077629 |      0.00077629 |       0.00000060    |
     | xangmom   |      0.08684637 |     -0.08684637 |       0.00754229    |
     | yangmom   |     -0.06425697 |      0.06425697 |       0.00412896    |
     | zangmom   |     -1.63367046 |      1.63367046 |       2.66887919    |
     +-----------+-----------------+-----------------+---------------------+
 
       oscillator strength (length gauge)   :      0.01264485
       oscillator strength (velocity gauge) :      0.01166787
       oscillator strength (mixed gauge)    :      0.01186821
 
       rotator strength (length gauge)      :      0.00294223 a.u.
       Rotator strength (length gauge)      :      1.38709558 10^(-40)*erg*cm^3
       rotator strength (velocity gauge)    :      0.00533401 a.u.
       Rotator strength (velocity gauge)    :      2.51468289 10^(-40)*erg*cm^3
 
 Exporting transition densities


    ------------------------------------------------------------------------
         total  cpu-time :  57 days 19 hours 53 minutes and 21 seconds
         total wall-time :   1 days 23 hours  4 minutes and 34 seconds
    ------------------------------------------------------------------------

   ****  ricc2 : all done  ****


    2023-10-18 13:17:44.894 

