
   OpenMP run-time library returned nthreads = 36

 dscf (cpu-3-27) : TURBOMOLE rev. V7.5.0 compiled 17 Jun 2020 at 09:15:30
 Copyright (C) 2020 TURBOMOLE GmbH, Karlsruhe


    2023-10-16 14:08:04.021 



                             d s c f - program

                   idea & directorship : reinhart ahlrichs
                   program development : marco haeser
                                         michael baer
                           dft version : oliver treutler


                          quantum chemistry group
                          universitaet  karlsruhe
                                  germany



   *-----------------------------------------------------------------------*
   |                     program will use 36 thread(s)                     |
   *-----------------------------------------------------------------------*


              +--------------------------------------------------+
              | Atomic coordinate, charge and isotop information |
              +--------------------------------------------------+

                    atomic coordinates            atom    charge  isotop
         -1.85182074   -3.25317707    0.00224562    n      7.000     0
          0.81569776   -3.05341412    0.13069031    c      6.000     0
         -3.07468141   -0.92701869   -0.14229953    c      6.000     0
         -1.18144040    0.88897032   -0.11172376    c      6.000     0
          1.23389415   -0.33782099    0.05529024    c      6.000     0
          3.12826900    1.47782788    0.09045804    c      6.000     0
         -0.76067398    3.60652877   -0.18493175    c      6.000     0
          1.90858307    3.80408073   -0.05282099    n      7.000     0
          2.22860819   -4.89495223    0.26720412    o      8.000     0
         -2.17005062    5.44831254   -0.32273058    o      8.000     0
          2.75412213    5.51176954   -0.07368357    h      1.000     0
         -2.69531889   -4.96164066    0.02040589    h      1.000     0
         11.16049321    0.69661510    0.53983491    c      6.000     0
          9.59527085   -1.44514380    0.52602101    c      6.000     0
          6.98289456   -1.16627692    0.37852789    c      6.000     0
          5.79378439   -2.84027191    0.36941941    h      1.000     0
          5.85727919    1.24410655    0.24146605    c      6.000     0
          7.46598415    3.37715381    0.25873815    c      6.000     0
          6.69660105    5.27663092    0.15924407    h      1.000     0
         10.06615281    3.11501100    0.40488957    c      6.000     0
         11.29706371    4.75448069    0.41966723    h      1.000     0
         10.38315436   -3.33127945    0.62916227    h      1.000     0
         13.72265947    0.63506672    0.67941008    o      8.000     0
         14.98788781   -1.75976430    0.83659750    c      6.000     0
         14.50744384   -2.90172580   -0.83038660    h      1.000     0
         14.33899365   -2.76628913    2.53096374    h      1.000     0
         17.82045499   -1.27455823    0.96114935    c      6.000     0
         18.74434209   -3.09889983    1.32125556    h      1.000     0
         18.21720299   -0.07475221    2.60638271    h      1.000     0
         18.92900613   -0.07352389   -1.43419189    c      6.000     0
         17.97014019    1.72566546   -1.79819094    h      1.000     0
         18.51647891   -1.29742391   -3.06062248    h      1.000     0
         21.78663107    0.36090525   -1.24954675    c      6.000     0
         22.80226438   -1.41891440   -0.94068992    h      1.000     0
         22.52923675    1.21525043   -2.98195318    h      1.000     0
         22.25036986    1.62739970    0.32323450    h      1.000     0
        -11.11172441   -0.17647617   -0.57279804    c      6.000     0
        -10.01974617   -2.58925959   -0.42847965    c      6.000     0
         -7.40020782   -2.82487064   -0.28863992    c      6.000     0
         -6.62392722   -4.72115411   -0.17937595    h      1.000     0
         -5.80497661   -0.69794609   -0.28790292    c      6.000     0
         -6.94302638    1.72024194   -0.43594407    c      6.000     0
         -5.75945311    3.39780852   -0.43866527    h      1.000     0
         -9.54321394    1.96949682   -0.57606726    c      6.000     0
        -10.41481232    3.82191975   -0.69052797    h      1.000     0
        -11.17569164   -4.27788106   -0.42413328    h      1.000     0
        -13.63494343    0.27412903   -0.71679517    o      8.000     0
        -15.36377827   -1.81373488   -0.71120158    c      6.000     0
        -15.10199451   -2.91856326    1.02865037    h      1.000     0
        -14.96223036   -3.04166002   -2.33562905    h      1.000     0
        -18.04006510   -0.76968010   -0.86334343    c      6.000     0
        -19.32307575   -2.38811714   -1.07835647    h      1.000     0
        -18.21533720    0.35997928   -2.59437035    h      1.000     0
        -18.83361779    0.80895931    1.43620760    c      6.000     0
        -17.52902646    2.40301889    1.64746009    h      1.000     0
        -18.63491309   -0.34343347    3.15272143    h      1.000     0
        -21.55202661    1.78840436    1.23714385    c      6.000     0
        -22.90690355    0.22813309    1.07950290    h      1.000     0
        -22.07052967    2.90483566    2.90059417    h      1.000     0
        -21.79175727    2.99692202   -0.42853634    h      1.000     0
 
       center of nuclear mass  :    0.01188242    0.12180995   -0.00957522
       center of nuclear charge:    0.01029641    0.10550860   -0.00827875

   *************************************************************************
   teste                                                                    
   *************************************************************************



              +--------------------------------------------------+
              |               basis set information              |
              +--------------------------------------------------+

              we will work with the 1s 3p 5d 7f 9g ... basis set
              ...i.e. with spherical basis functions...

   type   atoms  prim   cont   basis
   ---------------------------------------------------------------------------
    n        2     46     31   def2-TZVP   [5s3p2d1f|11s6p2d1f]
    c       26     46     31   def2-TZVP   [5s3p2d1f|11s6p2d1f]
    o        4     46     31   def2-TZVP   [5s3p2d1f|11s6p2d1f]
    h       28      8      6   def2-TZVP   [3s1p|5s1p]
   ---------------------------------------------------------------------------
   total:   60   1696   1160
   ---------------------------------------------------------------------------

   total number of primitive shells          :   66
   total number of contracted shells         :  464
   total number of cartesian basis functions : 1320
   total number of SCF-basis functions       : 1160


 integral neglect threshold       :  0.25E-11
 integral storage threshold THIZE :  0.10E-04
 integral storage threshold THIME :         5


 DENSITY CONVERGENCE CHECK SWITCHED ON !
 SCF CONVERGENCE IF RMS(delta[D]) <     0.1000000000E-07


 symmetry group of the molecule :   c1 

 the group has the following generators :
   c1(z)

    1 symmetry operations found

 there are 1 real representations :   a   

 maximum number of shells which are related by symmetry :  1


          ------------------------
          nuclear repulsion energy  :   2817.86272929    
          ------------------------


         -----------------
         -S,T+V- integrals
         -----------------

 1e-integrals will be neglected if expon. factor < 0.253179E-12
 
   Difference densities algorithm switched on.
   The maximal number of linear combinations of
   difference densities is                    20 .

 DIIS switched on: error vector is FDS-SDF
 Max. Iterations for DIIS is     :   5
 DIIS matrix (see manual) 
    Scaling factor of diagonals  :  1.200
    threshold for scaling factor :  0.000

 scf convergence criterion : increment of total energy < .1000000D-06
                  and increment of one-electron energy < .1000000D-03

 MOs are in ASCII format !


    mo occupation :
   irrep   mo's   occupied
    a     1160      115
 
 number of basis functions   :  1160
 number of occupied orbitals :   115
 

 reading orbital data $scfmo  from file mos
 orbital characterization : expanded
 virtual MOs provided and orthogonalized by Cholesky decomposition

 automatic virtual orbital shift switched on 
      shift if e(lumo)-e(homo) < 0.10000000    


 DSCF restart information will be dumped onto file mos

 
                                              current damping :  0.300
 ITERATION  ENERGY          1e-ENERGY        2e-ENERGY     RMS[dD(SAO)]   TOL
   1  -1404.7092257599    -7482.5123636     3259.9404085    0.000D+00 0.253D-11
          max. resid. norm for Fia-block=  3.681D-01 for orbital     70a         
          max. resid. fock norm         =  7.893D+00 for orbital    748a         
          Delta Eig. =   926.3540191904 eV 
 
                                              current damping :  0.250
 ITERATION  ENERGY          1e-ENERGY        2e-ENERGY     RMS[dD(SAO)]   TOL
   2  -1409.1731348205    -7516.1123226     3289.0764585    0.132D-01 0.245D-11
          Norm of current diis error:  3.7443    
          max. resid. norm for Fia-block=  1.333D-01 for orbital      4a         
          max. resid. fock norm         =  3.599D-01 for orbital    914a         
          Delta Eig. =   212.3531639380 eV 
 
                                              current damping :  0.150
 ITERATION  ENERGY          1e-ENERGY        2e-ENERGY     RMS[dD(SAO)]   TOL
   3  -1409.6421192983    -7521.1549974     3293.6501488    0.358D-02 0.146D-11
          Norm of current diis error:  1.3890    
          max. resid. norm for Fia-block=  5.306D-02 for orbital    108a         
          max. resid. fock norm         =  6.998D-02 for orbital    109a         
          Delta Eig. =    52.6065868915 eV 
 
                                              current damping :  0.100
 ITERATION  ENERGY          1e-ENERGY        2e-ENERGY     RMS[dD(SAO)]   TOL
   4  -1409.7365596584    -7522.5035876     3294.9042986    0.193D-02 0.120D-11
          Norm of current diis error: 0.40939    
          max. resid. norm for Fia-block=  1.914D-02 for orbital    109a         
          max. resid. fock norm         =  3.547D-02 for orbital     37a         
          Delta Eig. =     5.3103524530 eV 
 
                                              current damping :  0.100
 ITERATION  ENERGY          1e-ENERGY        2e-ENERGY     RMS[dD(SAO)]   TOL
   5  -1409.7465741347    -7523.1380234     3295.5287200    0.403D-03 0.112D-11
          Norm of current diis error: 0.12349    
          max. resid. norm for Fia-block=  6.648D-03 for orbital    115a         
          max. resid. fock norm         =  1.047D-02 for orbital   1146a         
 mo-orthogonalization: Cholesky decomposition
          Delta Eig. =     1.0007490110 eV 
 
                                              current damping :  0.100
 ITERATION  ENERGY          1e-ENERGY        2e-ENERGY     RMS[dD(SAO)]   TOL
   6  -1409.7477938873    -7523.1485775     3295.5380543    0.190D-03 0.106D-11
          Norm of current diis error: 0.45141E-01
          max. resid. norm for Fia-block=  2.067D-03 for orbital    115a         
          max. resid. fock norm         =  3.476D-03 for orbital   1149a         
          Delta Eig. =     0.1717372245 eV 
 
                                              current damping :  0.150
 ITERATION  ENERGY          1e-ENERGY        2e-ENERGY     RMS[dD(SAO)]   TOL
   7  -1409.7480058179    -7523.1133614     3295.5026263    0.582D-04 0.101D-11
          Norm of current diis error: 0.19727E-01
          max. resid. norm for Fia-block=  1.576D-03 for orbital    115a         
          max. resid. fock norm         =  1.658D-03 for orbital    115a         
          Delta Eig. =     0.0789819473 eV 
 
                                              current damping :  0.200
 ITERATION  ENERGY          1e-ENERGY        2e-ENERGY     RMS[dD(SAO)]   TOL
   8  -1409.7480595252    -7523.1405785     3295.5297896    0.223D-04 0.958D-12
          Norm of current diis error: 0.86466E-02
          max. resid. norm for Fia-block=  8.656D-04 for orbital    115a         
          max. resid. fock norm         =  8.673D-04 for orbital    115a         
          Delta Eig. =     0.0217443663 eV 
 
                                              current damping :  0.250
 ITERATION  ENERGY          1e-ENERGY        2e-ENERGY     RMS[dD(SAO)]   TOL
   9  -1409.7480732845    -7523.1311079     3295.5203053    0.124D-04 0.911D-12
          Norm of current diis error: 0.39656E-02
          max. resid. norm for Fia-block=  4.657D-04 for orbital    115a         
          max. resid. fock norm         =  4.744D-04 for orbital    115a         
          Delta Eig. =     0.0078307974 eV 
 
                                              current damping :  0.300
 ITERATION  ENERGY          1e-ENERGY        2e-ENERGY     RMS[dD(SAO)]   TOL
  10  -1409.7480764379    -7523.1336219     3295.5228162    0.557D-05 0.876D-12
          Norm of current diis error: 0.20041E-02
          max. resid. norm for Fia-block=  2.499D-04 for orbital    110a         
          max. resid. fock norm         =  2.536D-04 for orbital    110a         
 mo-orthogonalization: Cholesky decomposition
          Delta Eig. =     0.0083297813 eV 
 
                                              current damping :  0.350
 ITERATION  ENERGY          1e-ENERGY        2e-ENERGY     RMS[dD(SAO)]   TOL
  11  -1409.7480772427    -7523.1331337     3295.5223272    0.380D-05 0.846D-12
          Norm of current diis error: 0.97118E-03
          max. resid. norm for Fia-block=  1.206D-04 for orbital    110a         
          max. resid. fock norm         =  1.226D-04 for orbital    110a         
          Delta Eig. =     0.0020595858 eV 
 
                                              current damping :  0.400
 ITERATION  ENERGY          1e-ENERGY        2e-ENERGY     RMS[dD(SAO)]   TOL
  12  -1409.7480774328    -7523.1332946     3295.5224878    0.153D-05 0.820D-12
          Norm of current diis error: 0.51365E-03
          max. resid. norm for Fia-block=  6.728D-05 for orbital    110a         
          max. resid. fock norm         =  6.872D-05 for orbital    110a         
          Delta Eig. =     0.0015188398 eV 
 
                                              current damping :  0.450
 ITERATION  ENERGY          1e-ENERGY        2e-ENERGY     RMS[dD(SAO)]   TOL
  13  -1409.7480774850    -7523.1332210     3295.5224142    0.973D-06 0.794D-12
          Norm of current diis error: 0.25622E-03
          max. resid. norm for Fia-block=  3.268D-05 for orbital    110a         
          max. resid. fock norm         =  3.413D-05 for orbital    116a         
          Delta Eig. =     0.0005097962 eV 
 
                                              current damping :  0.500
 ITERATION  ENERGY          1e-ENERGY        2e-ENERGY     RMS[dD(SAO)]   TOL
  14  -1409.7480774971    -7523.1333040     3295.5224972    0.428D-06 0.768D-12
          Norm of current diis error: 0.12817E-03
          max. resid. norm for Fia-block=  1.533D-05 for orbital    110a         
          max. resid. fock norm         =  1.696D-05 for orbital    116a         
          Delta Eig. =     0.0001905653 eV 
 
                                              current damping :  0.550
 ITERATION  ENERGY          1e-ENERGY        2e-ENERGY     RMS[dD(SAO)]   TOL
  15  -1409.7480774995    -7523.1332653     3295.5224585    0.195D-06 0.742D-12
          Norm of current diis error: 0.67081E-04
          max. resid. norm for Fia-block=  7.870D-06 for orbital    113a         
          max. resid. fock norm         =  8.902D-06 for orbital    116a         
 mo-orthogonalization: Cholesky decomposition
          Delta Eig. =     0.0001011877 eV 

 ENERGY & DENSITY CONVERGED !

 
                                              current damping :  0.600
 ITERATION  ENERGY          1e-ENERGY        2e-ENERGY     RMS[dD(SAO)]   TOL
  16  -1409.7480774986    -7523.1332813     3295.5224745    0.891D-07 0.721D-12
          max. resid. norm for Fia-block=  2.228D-06 for orbital    115a         
          max. resid. fock norm         =  2.472D-06 for orbital    377a         

 convergence criteria satisfied after    16 iterations


   *************************************************************************
   teste                                                                    
   *************************************************************************


                  ------------------------------------------ 
                 |  total energy      =  -1409.74807749858  |
                  ------------------------------------------ 
                 :  kinetic energy    =   1407.50211654331  :
                 :  potential energy  =  -2817.25019404189  :
                 :  virial theorem    =      1.99840683524  :
                 :  wavefunction norm =      1.00000000000  :
                  .......................................... 


 <geterg> : there is no data group $energy 


 <skperg> : $end is missing 


 orbitals $scfmo  will be written to file mos

    irrep                111a        112a        113a        114a        115a   
 eigenvalues H         -0.35462    -0.35395    -0.34723    -0.33058    -0.25130
            eV          -9.6498     -9.6316     -9.4486     -8.9956     -6.8382
 occupation              2.0000      2.0000      2.0000      2.0000      2.0000

    irrep                116a        117a        118a        119a        120a   
 eigenvalues H          0.02836     0.09821     0.11071     0.11285     0.12905
            eV           0.7716      2.6726      3.0126      3.0708      3.5117
 
 
 
 
 ==============================================================================
                           electrostatic moments
 ==============================================================================

 reference point for electrostatic moments:    0.00000   0.00000   0.00000

 
              nuc           elec       ->  total
 ------------------------------------------------------------------------------
                          charge      
 ------------------------------------------------------------------------------
         230.000000    -230.000000       0.000000
 
 ------------------------------------------------------------------------------
                       dipole moment  
 ------------------------------------------------------------------------------
   x       2.368173      -2.422963      -0.054790
   y      24.266978     -25.180159      -0.913181
   z      -1.904113       1.943785       0.039672
 
   | dipole moment | =     0.9157 a.u. =     2.3274 debye 
 
 ------------------------------------------------------------------------------
                     quadrupole moment
 ------------------------------------------------------------------------------
  xx   32471.573691  -32565.979718     -94.406027
  yy    1408.167386   -1550.320258    -142.152871
  zz     160.079769    -306.577508    -146.497739
  xy       0.248798      13.112359      13.361157
  xz      -0.908196       1.922842       1.014646
  yz      -0.243880       0.811179       0.567299
 
     1/3  trace=    -127.685546
     anisotropy=      55.187936
 
 ==============================================================================
 
HOMO-LUMO Separation
 HOMO         :   -0.25129682 H =     -6.83814 eV
 LUMO         :    0.02835587 H =     +0.77160 eV
 HOMO-LUMO gap:    0.27965269 H =     +7.60974 eV
 
 ==============================================================================


    ------------------------------------------------------------------------
         total  cpu-time :  2 hours 56 minutes and 41 seconds
         total wall-time :  5 minutes and  7 seconds
    ------------------------------------------------------------------------

   ****  dscf : all done  ****


    2023-10-16 14:13:10.695 

