
   OpenMP run-time library returned nthreads = 36

 ricc2 (cpu-3-16) : TURBOMOLE rev. V7.5.0 compiled 17 Jun 2020 at 09:15:30
 Copyright (C) 2020 TURBOMOLE GmbH, Karlsruhe


    2023-11-09 07:13:30.858 



                              R I C C 2 - PROGRAM

                          the quantum chemistry groups
                             at the universities in
                               Karlsruhe & Bochum
                                   Germany



   *-----------------------------------------------------------------------*
   |                     program will use 36 thread(s)                     |
   *-----------------------------------------------------------------------*


              +--------------------------------------------------+
              | Atomic coordinate, charge and isotop information |
              +--------------------------------------------------+

                    atomic coordinates            atom    charge  isotop
          2.95793161    2.70019186   -0.26019639    n      7.000     0
          0.36957374    3.40600457   -0.42006722    c      6.000     0
          3.32302670    0.09218084   -0.32180146    c      6.000     0
          0.93157829   -0.98326230   -0.43367325    c      6.000     0
         -0.93169167    0.98280876   -0.43348428    c      6.000     0
         -3.32295111   -0.09244540   -0.32142352    c      6.000     0
         -0.36949815   -3.40626913   -0.42044517    c      6.000     0
         -2.95785602   -2.70045643   -0.26057434    n      7.000     0
         -0.34852219    5.60753551   -0.56973353    o      8.000     0
          0.34840881   -5.60761110   -0.57143428    o      8.000     0
         -4.32734054   -3.98112382   -0.61697668    h      1.000     0
          4.32760511    3.98104823   -0.61470901    h      1.000     0
         10.48754535   -1.04807990    0.41179022    c      6.000     0
          8.05093249    0.21312331    0.65121852    c      6.000     0
          5.80896142   -1.07075662   -0.27493625    c      6.000     0
          6.07408999   -3.51228277   -1.19598877    c      6.000     0
          4.40319415   -4.52895542   -1.81166154    h      1.000     0
          8.46421559   -4.72699872   -1.38023706    c      6.000     0
          8.54150539   -6.62825218   -2.14576512    h      1.000     0
         10.64099112   -3.52569983   -0.64532257    c      6.000     0
         12.46892320   -4.44202802   -0.81955532    h      1.000     0
          8.29489613    2.52936062    1.86480064    c      6.000     0
          6.84320852    3.82703555    2.47196964    h      1.000     0
         12.45645100    0.38149791    1.39388089    c      6.000     0
         14.44160830   -0.09735869    1.46039925    h      1.000     0
         11.38667704    3.16959983    2.63675376    s     16.000     0
         -8.05123485   -0.21319890    0.65159647    c      6.000     0
        -10.48765874    1.04819329    0.41216817    c      6.000     0
        -10.64072655    3.52600218   -0.64437771    c      6.000     0
        -12.46865863    4.44251935   -0.81861046    h      1.000     0
         -8.46357309    4.72730108   -1.37872528    c      6.000     0
         -8.54086288    6.62893248   -2.14387539    h      1.000     0
         -6.07382543    3.51239615   -1.19466596    c      6.000     0
         -4.40274062    4.52906881   -1.80977181    h      1.000     0
         -5.80888583    1.07049206   -0.27436934    c      6.000     0
        -12.45675336   -0.38138453    1.39388089    c      6.000     0
        -14.44172168    0.09766105    1.46021027    h      1.000     0
         -8.29538746   -2.52962518    1.86498961    c      6.000     0
         -6.84407780   -3.82748909    2.47234759    h      1.000     0
        -11.38735735   -3.16967542    2.63637581    s     16.000     0
 
       center of nuclear mass  :   -0.00005247   -0.00003493    0.33019295
       center of nuclear charge:   -0.00004935   -0.00003137    0.31314652

   *************************************************************************
   teste4a                                                                  
   *************************************************************************



              +--------------------------------------------------+
              |               basis set information              |
              +--------------------------------------------------+

              we will work with the 1s 3p 5d 7f 9g ... basis set
              ...i.e. with spherical basis functions...

   type   atoms  prim   cont   basis
   ---------------------------------------------------------------------------
    n        2     46     31   def2-TZVP   [5s3p2d1f|11s6p2d1f]
    c       22     46     31   def2-TZVP   [5s3p2d1f|11s6p2d1f]
    o        2     46     31   def2-TZVP   [5s3p2d1f|11s6p2d1f]
    h       12      8      6   def2-TZVP   [3s1p|5s1p]
    s        2     63     37   def2-TZVP   [5s5p2d1f|14s9p3d1f]
   ---------------------------------------------------------------------------
   total:   40   1418    952
   ---------------------------------------------------------------------------

   total number of primitive shells          :   93
   total number of contracted shells         :  360
   total number of cartesian basis functions : 1092
   total number of SCF-basis functions       :  952


 symmetry group of the molecule :   c1 

 the group has the following generators :
   c1(z)

    1 symmetry operations found

 there are 1 real representations :   a   


   =========================================================================


     restricted closed shell calculation for the wavefunction models:
               ADC(2)     - Algebraic Diagrammatic Construction to 2. Order (strict)


     global parameters for ricc2 program:

        hard restart (reuse of interm.) :  disabled
        soft restart (reuse of vectors) :  disabled
        threshold for vector function   :    0.100000E-06
        convergence threshold energy    :    0.100000E-07
        linear dependence threshold     :    0.100000E-13
        global print level              :      1
        maximum number of iterations    :   500
        maximum number DIIS vectors     :    10
        max. dim. of reduced space      :   100
        core memory limit (MB)          : 18000

     Scratch Directory : 


   =========================================================================

    der. integral neglect threshold  :  0.10E-08
    integral neglect threshold       :  0.31E-12
    integral storage threshold THIZE :  0.10E-04
    integral storage threshold THIME :         5


                  +------------------------------------------+
                  |     Auxiliary basis set information      |
                  +------------------------------------------+

              assign orbital basis set names as defaults
              read basis sets from /home/hlischka/programs/TURBOMOLE-7.5/TURBOMOLE//cbasen/
              (basis sets have been saved in file auxbasis)

              we will work with the 1s 3p 5d 7f 9g ... basis set
              ...i.e. with spherical basis functions...

   type   atoms  prim   cont   basis
   ---------------------------------------------------------------------------
    n        2     81     76   def2-TZVP   [8s6p4d3f1g|8s6p5d3f1g]
    c       22     81     76   def2-TZVP   [8s6p4d3f1g|8s6p5d3f1g]
    o        2     81     76   def2-TZVP   [8s6p4d3f1g|8s6p5d3f1g]
    h       12     23     15   def2-TZVP   [4s2p1d|4s3p2d]
    s        2    119    113   def2-TZVP   [9s7p6d5f2g|10s7p7d5f2g]
   ---------------------------------------------------------------------------
   total:   40   2620   2382
   ---------------------------------------------------------------------------

   total number of primitive shells          :  109
   total number of contracted shells         :  714
   total number of cartesian basis functions : 2954
   total number of SCF-basis functions       : 2382


 maximum number of shells which are related by symmetry :  1


 The symmetry information takes   1 MB

*---------------------------------------------------------------------*
|               simplified C1 algorithm will be applied               |
*---------------------------------------------------------------------*
  MOs are in ASCII format !


 reading orbital data $scfmo  from file mos
 orbital characterization : scfconv=7
 time elapsed for calculating density matrices :   3.896 sec
 all orbitals will be active in the correlation treatment


   Molecular Orbital Statistic:
   ============================

   -----------------------------
   orbitals in total:
   -----------------------------
    frozen occupied :      0
    active occupied :    103
    active virtual  :    849
    frozen virtual  :      0
    all together    :    952
   -----------------------------


     time in riccmos       cpu: 13.78 sec    wall:  0.80 sec    ratio: 17.3

     total memory allocated for calculation of (Q|P)**(-1/2) : 65 MiB


     calculation of (P|Q) ...
     time in lp2sym        cpu:  8.63 sec    wall:  0.35 sec    ratio: 24.8


     calculation of the Cholesky decomposition of (P|Q)**(-1) ...
     time in invmetri      cpu: 21.72 sec    wall:  0.79 sec    ratio: 27.3

   threshold for RMS(d[D]) in SCF was     :  0.10E-07
   integral neglect threshold             :  0.31E-12
   derivative integral neglect threshold  :  0.10E-08


 setting up bound for integral derivative estimation

 increment for numerical differentiation : 0.00050000

   =========================================================================

     Energy of reference wave function is -1894.1436609279999
     Maximum orbital residual is           0.2107125598196E-05


     Number of symmetry-nonredundant auxiliary basis functions:     2382

     Block lengths for integral files:
        frozen occupied (BOI):        0 MiB
        active occupied (BJI):        2 MiB
        active virtual  (BAI):       16 MiB
        frozen virtual  (BGI):        0 MiB
               general  (BTI):       18 MiB

   =========================================================================




   **************************************************************************
   *                                                                        *
   *          OPTIMIZATION OF THE GROUND STATE CLUSTER AMPLITUDES           *
   *                                                                        *
   **************************************************************************


   Iter.   MP2 energy       Norm(Omega)   Norm(t1)  Norm(t2)     cpu    wall
   ...........................................................................
    1  -1899.4310649998    0.2453584498     0.00000   0.75692  130.28    3.76
   ...........................................................................


     time in total         cpu:  2 h 10 min  wall:  0 h  3 min  ratio: 34.5


     **********************************************************************
     *                                                                    *
     *   RHF  energy                             :  -1894.1436609280      *
     *   MP2 correlation energy                  :     -5.2874040718      *
     *                                                                    *
     *   Final MP2 energy                        :  -1899.4310649998      *
     *                                                                    *
     *   Norm of MP1 T2 amplitudes               :      0.7569168196      *
     *                                                                    *
     *   D1 diagnostic                           :      0.0557            *
     *                                                                    *
     **********************************************************************



 **************************************************************
 *                                                            *
 *    OPTIMIZATION OF THE EXCITED STATE CLUSTER AMPLITUDES    *
 *                                                            *
 **************************************************************


  preoptimize excitation energies/vectors using CCS:
  ==================================================


 ======== LINEAR CC RESPONSE SOLVER ========

    threshold for convergence: 1.00E-03
    maximum number of simultaneous Jacobi matrix transformations: 10
                                                
     summary of start vectors generation:
     -------------------------------------------
     type of solution vectors      : RE0
     symmetry                      : a  
     number of vectors requested   :    10
     number of vectors generated   :    10
       -- guessed as rhs/(e_a-e_i) :    10
     -------------------------------------------
                                                

    Iter  #Vectors  time (min)    max. residual 
    --------------------------------------------
      1      10         6.54     0.17E+00  (  4)
      2      10         6.35     0.72E-01  (  7)
      3      10         6.94     0.60E-01  ( 10)
      4      10         6.94     0.67E-01  ( 10)
      5      10         6.12     0.44E-01  (  9)
      6       9         5.97     0.22E-01  (  9)
      7       8         5.00     0.90E-02  (  9)
      8       7         3.94     0.63E-01  ( 10)
      9       5         3.09     0.26E-01  ( 10)
     10       3         1.95     0.99E-02  ( 10)
     11       1         0.70     0.47E-02  ( 10)
     12       1         0.68     0.25E-02  ( 10)
     13       1         0.54     0.14E-02  ( 10)
     14       1         0.67     0.87E-03  ( 10)
    --------------------------------------------
    converged in 14 iterations

         Total time         55.45 minutes


 ===========================================




 Note that this is the intermediate result of a preoptimization!
 The convergence threshold was  0.1E-02 only!


 +==================================================================+
 | sym | multi | state |          CCS excitation energies           |
 |     |       |       +--------------------------------------------+
 |     |       |       |   Hartree    |     eV       |     cm-1     |
 +==================================================================+
 | a   |   1   |   1   |    0.1119466 |      3.04622 |    24569.441 |
 | a   |   1   |   2   |    0.1434471 |      3.90340 |    31483.008 |
 | a   |   1   |   3   |    0.1639314 |      4.46080 |    35978.787 |
 | a   |   1   |   4   |    0.1839752 |      5.00622 |    40377.900 |
 | a   |   1   |   5   |    0.1877521 |      5.10899 |    41206.821 |
 | a   |   1   |   6   |    0.1931747 |      5.25655 |    42396.953 |
 | a   |   1   |   7   |    0.1936541 |      5.26960 |    42502.153 |
 | a   |   1   |   8   |    0.1968860 |      5.35754 |    43211.473 |
 | a   |   1   |   9   |    0.2097298 |      5.70704 |    46030.371 |
 | a   |   1   |  10   |    0.2116653 |      5.75971 |    46455.169 |
 +==================================================================+




  preoptimize ADC(2) excitation energies/vectors using a quasi linear algorithm:
  ==============================================================================


 ======== LINEAR CC RESPONSE SOLVER ========

    threshold for convergence: 1.00E-03
    maximum number of simultaneous Jacobi matrix transformations: 10
                                                
     summary of start vectors generation:
     -------------------------------------------
     type of solution vectors      : RE0
     symmetry                      : a  
     number of vectors requested   :    10
     number of vectors generated   :    10
       -- restarted from file      :    10
     -------------------------------------------
                                                

    Iter  #Vectors  time (min)    max. residual 
    --------------------------------------------
 threshold for this macro iteration:  5.298097542022973E-002
      1      10        61.57     0.85E-01  (  6)
 ...adapted threshold to:  6.759362264517493E-002
      2      10        61.22     0.45E-01  (  3)
                                                
     summary of start vectors generation:
     -------------------------------------------
     type of solution vectors      : RE0
     symmetry                      : a  
     number of vectors requested   :    10
     number of vectors generated   :    10
       -- restarted from file      :    10
     -------------------------------------------
                                                

    Iter  #Vectors  time (min)    max. residual 
    --------------------------------------------
 threshold for this macro iteration:  1.112835129773843E-002
      3      10        61.41     0.46E-01  (  5)
      4      10        63.29     0.22E-01  (  7)
      5       9        59.10     0.15E-01  (  7)
      6       4        25.98     0.16E-01  (  8)
      7       1         6.50     0.62E-01  (  8)
      8       3        19.67     0.42E-01  (  7)
 ...adapted threshold to:  1.130853821386973E-002
      9       3        20.48     0.16E-01  (  7)
 ...adapted threshold to:  1.134589115140319E-002
     10       1         6.60     0.11E-01  (  3)
                                                
     summary of start vectors generation:
     -------------------------------------------
     type of solution vectors      : RE0
     symmetry                      : a  
     number of vectors requested   :    10
     number of vectors generated   :    10
       -- restarted from file      :    10
     -------------------------------------------
                                                

    Iter  #Vectors  time (min)    max. residual 
    --------------------------------------------
 threshold for this macro iteration:  2.044514842663270E-003
     11      10        65.59     0.96E-02  (  3)
     12       6        39.53     0.23E-02  (  7)
     13       2        13.76     0.16E-02  (  6)
                                                
     summary of start vectors generation:
     -------------------------------------------
     type of solution vectors      : RE0
     symmetry                      : a  
     number of vectors requested   :    10
     number of vectors generated   :    10
       -- restarted from file      :    10
     -------------------------------------------
                                                

    Iter  #Vectors  time (min)    max. residual 
    --------------------------------------------
 threshold for this macro iteration:  1.000000000000000E-003
     14      10        65.92     0.79E-03  (  6)
    --------------------------------------------
    converged in 14 iterations

         Total time        570.67 minutes


 ===========================================




 Note that this is the intermediate result of a preoptimization!
 The convergence threshold was  0.1E-02 only!


 +==================================================================+
 | sym | multi | state |          ADC(2) excitation energies        |
 |     |       |       +--------------------------------------------+
 |     |       |       |   Hartree    |     eV       |     cm-1     |
 +==================================================================+
 | a   |   1   |   1   |    0.0849932 |      2.31278 |    18653.856 |
 | a   |   1   |   2   |    0.1202132 |      3.27117 |    26383.755 |
 | a   |   1   |   3   |    0.1220045 |      3.31991 |    26776.896 |
 | a   |   1   |   4   |    0.1235768 |      3.36270 |    27121.972 |
 | a   |   1   |   5   |    0.1246069 |      3.39073 |    27348.049 |
 | a   |   1   |   6   |    0.1335665 |      3.63453 |    29314.448 |
 | a   |   1   |   7   |    0.1385932 |      3.77131 |    30417.694 |
 | a   |   1   |   8   |    0.1432540 |      3.89814 |    31440.619 |
 | a   |   1   |   9   |    0.1538919 |      4.18761 |    33775.363 |
 | a   |   1   |  10   |    0.1541561 |      4.19480 |    33833.350 |
 +==================================================================+





 solve for ADC(2) excitation energies/vectors using a DIIS algorithm:
 =================================================================


 ========= DIIS CC RESPONSE SOLVER =========

    threshold for convergence: 1.00E-06
    max. nb. of DIIS vectors :      10
    maximum number of simultaneous Jacobi matrix transformations: 10
                                                
     summary of start vectors generation:
     -------------------------------------------
     type of solution vectors      : RE0
     symmetry                      : a  
     number of vectors requested   :    10
     number of vectors generated   :    10
       -- restarted from file      :    10
     -------------------------------------------
                                                

    Iter  #Vectors  time (min)   residual
    --------------------------------------
      1      10        66.48     0.38E-03  (  6)    0.17E-02
      2      10        65.09     0.29E-03  (  6)    0.13E-02
      3      10        65.18     0.13E-03  (  6)    0.14E-02
      4      10        63.88     0.56E-04  (  6)    0.13E-02
      5      10        64.34     0.32E-04  (  9)    0.13E-02
      6      10        65.33     0.24E-04  (  9)    0.12E-02
      7       9        59.39     0.19E-04  (  9)    0.13E-02
      8       8        53.47     0.13E-04  (  9)    0.13E-02
      9       5        31.35     0.95E-05  (  9)    0.13E-02
     10       3        19.39     0.50E-05  (  9)    0.13E-02
     11       2        13.27     0.27E-05  (  9)    0.13E-02
     12       1         6.45     0.19E-05  (  9)    0.13E-02
     13       1         6.42     0.13E-05  (  9)    0.13E-02
     14       1         6.48     0.82E-06  (  9)    0.13E-02
    --------------------------------------
    converged in  14 iterations

   Total time        586.53 minutes


 ===========================================





 +================================================================================+
 | sym | multi | state |          ADC(2) excitation energies    |  %t1   |  %t2   |
 |     |       |       +----------------------------------------+--------+--------+
 |     |       |       |   Hartree    |    eV      |    cm-1    |    %   |    %   |
 +================================================================================+
 | a   |   1   |   1   |    0.0849810 |    2.31245 |  18651.169 |  87.70 |  12.30 |
 | a   |   1   |   2   |    0.1201920 |    3.27059 |  26379.103 |  86.71 |  13.29 |
 | a   |   1   |   3   |    0.1219823 |    3.31931 |  26772.029 |  86.52 |  13.48 |
 | a   |   1   |   4   |    0.1235236 |    3.36125 |  27110.289 |  85.00 |  15.00 |
 | a   |   1   |   5   |    0.1245698 |    3.38972 |  27339.906 |  86.32 |  13.68 |
 | a   |   1   |   6   |    0.1335379 |    3.63375 |  29308.188 |  86.94 |  13.06 |
 | a   |   1   |   7   |    0.1386386 |    3.77255 |  30427.656 |  85.75 |  14.25 |
 | a   |   1   |   8   |    0.1432512 |    3.89806 |  31440.006 |  86.42 |  13.58 |
 | a   |   1   |   9   |    0.1538824 |    4.18735 |  33773.285 |  87.41 |  12.59 |
 | a   |   1   |  10   |    0.1541465 |    4.19454 |  33831.248 |  87.40 |  12.60 |
 +================================================================================+


       Energy:     0.0849810 H      2.31245 eV    18651.169 cm-1

     +=======================================================================+
     | type: RE0                    symmetry: a               state:    1    |
     +-----------------------+-----------------------+-----------------------+
     | occ. orb.  index spin | vir. orb.  index spin |  coeff/|amp|     %    |
     +=======================+=======================+=======================+
     |  103 a      103       |  104 a      104       |   0.92984      86.5   |
     |  101 a      101       |  104 a      104       |  -0.20233       4.1   |
     |  103 a      103       |  106 a      106       |   0.18130       3.3   |
     |  102 a      102       |  105 a      105       |   0.09739       0.9   |
     |   97 a       97       |  104 a      104       |   0.08913       0.8   |
     +=======================+=======================+=======================+
     norm of printed elements:  0.95583


       Energy:     0.1201920 H      3.27059 eV    26379.103 cm-1

     +=======================================================================+
     | type: RE0                    symmetry: a               state:    2    |
     +-----------------------+-----------------------+-----------------------+
     | occ. orb.  index spin | vir. orb.  index spin |  coeff/|amp|     %    |
     +=======================+=======================+=======================+
     |  102 a      102       |  104 a      104       |   0.66348      44.0   |
     |   95 a       95       |  104 a      104       |  -0.56397      31.8   |
     |  103 a      103       |  105 a      105       |   0.28347       8.0   |
     |   95 a       95       |  106 a      106       |  -0.22601       5.1   |
     |   98 a       98       |  104 a      104       |   0.15643       2.4   |
     |  101 a      101       |  105 a      105       |   0.12178       1.5   |
     |  102 a      102       |  106 a      106       |   0.07911       0.6   |
     |   98 a       98       |  106 a      106       |   0.07617       0.6   |
     |   95 a       95       |  115 a      115       |  -0.07330       0.5   |
     |  103 a      103       |  107 a      107       |   0.06471       0.4   |
     +=======================+=======================+=======================+
     norm of printed elements:  0.95062


       Energy:     0.1219823 H      3.31931 eV    26772.029 cm-1

     +=======================================================================+
     | type: RE0                    symmetry: a               state:    3    |
     +-----------------------+-----------------------+-----------------------+
     | occ. orb.  index spin | vir. orb.  index spin |  coeff/|amp|     %    |
     +=======================+=======================+=======================+
     |  103 a      103       |  105 a      105       |   0.71872      51.7   |
     |   95 a       95       |  104 a      104       |   0.50768      25.8   |
     |  102 a      102       |  104 a      104       |   0.27749       7.7   |
     |   95 a       95       |  106 a      106       |   0.20761       4.3   |
     |  103 a      103       |  107 a      107       |   0.13880       1.9   |
     |   98 a       98       |  104 a      104       |  -0.09520       0.9   |
     |   96 a       96       |  104 a      104       |  -0.09357       0.9   |
     |  102 a      102       |  106 a      106       |  -0.07225       0.5   |
     |  101 a      101       |  105 a      105       |  -0.06967       0.5   |
     |   95 a       95       |  115 a      115       |   0.06965       0.5   |
     |   97 a       97       |  105 a      105       |   0.06604       0.4   |
     +=======================+=======================+=======================+
     norm of printed elements:  0.95077


       Energy:     0.1235236 H      3.36125 eV    27110.289 cm-1

     +=======================================================================+
     | type: RE0                    symmetry: a               state:    4    |
     +-----------------------+-----------------------+-----------------------+
     | occ. orb.  index spin | vir. orb.  index spin |  coeff/|amp|     %    |
     +=======================+=======================+=======================+
     |  102 a      102       |  104 a      104       |   0.57618      33.2   |
     |  103 a      103       |  105 a      105       |  -0.51137      26.1   |
     |   95 a       95       |  104 a      104       |   0.43237      18.7   |
     |  101 a      101       |  105 a      105       |   0.28556       8.2   |
     |   95 a       95       |  106 a      106       |   0.17927       3.2   |
     |  102 a      102       |  106 a      106       |   0.17579       3.1   |
     |  101 a      101       |  107 a      107       |   0.10421       1.1   |
     |   96 a       96       |  104 a      104       |  -0.09903       1.0   |
     |   98 a       98       |  104 a      104       |   0.09726       0.9   |
     +=======================+=======================+=======================+
     norm of printed elements:  0.95513


       Energy:     0.1245698 H      3.38972 eV    27339.906 cm-1

     +=======================================================================+
     | type: RE0                    symmetry: a               state:    5    |
     +-----------------------+-----------------------+-----------------------+
     | occ. orb.  index spin | vir. orb.  index spin |  coeff/|amp|     %    |
     +=======================+=======================+=======================+
     |  101 a      101       |  104 a      104       |   0.87255      76.1   |
     |  102 a      102       |  105 a      105       |   0.28000       7.8   |
     |  103 a      103       |  104 a      104       |   0.19657       3.9   |
     |   94 a       94       |  104 a      104       |   0.18173       3.3   |
     |  101 a      101       |  106 a      106       |   0.12768       1.6   |
     |   97 a       97       |  104 a      104       |  -0.10291       1.1   |
     |  102 a      102       |  107 a      107       |   0.08964       0.8   |
     |   94 a       94       |  106 a      106       |   0.07490       0.6   |
     +=======================+=======================+=======================+
     norm of printed elements:  0.95195


       Energy:     0.1335379 H      3.63375 eV    29308.188 cm-1

     +=======================================================================+
     | type: RE0                    symmetry: a               state:    6    |
     +-----------------------+-----------------------+-----------------------+
     | occ. orb.  index spin | vir. orb.  index spin |  coeff/|amp|     %    |
     +=======================+=======================+=======================+
     |   98 a       98       |  104 a      104       |   0.82517      68.1   |
     |   98 a       98       |  106 a      106       |   0.31249       9.8   |
     |   96 a       96       |  104 a      104       |  -0.30627       9.4   |
     |  102 a      102       |  104 a      104       |  -0.14894       2.2   |
     |  100 a      100       |  104 a      104       |  -0.13643       1.9   |
     |   96 a       96       |  106 a      106       |  -0.13401       1.8   |
     |  101 a      101       |  105 a      105       |  -0.12125       1.5   |
     |   98 a       98       |  115 a      115       |   0.09563       0.9   |
     +=======================+=======================+=======================+
     norm of printed elements:  0.95497


       Energy:     0.1386386 H      3.77255 eV    30427.656 cm-1

     +=======================================================================+
     | type: RE0                    symmetry: a               state:    7    |
     +-----------------------+-----------------------+-----------------------+
     | occ. orb.  index spin | vir. orb.  index spin |  coeff/|amp|     %    |
     +=======================+=======================+=======================+
     |   94 a       94       |  104 a      104       |   0.79776      63.6   |
     |   94 a       94       |  106 a      106       |   0.33242      11.1   |
     |   93 a       93       |  104 a      104       |   0.23204       5.4   |
     |  101 a      101       |  104 a      104       |  -0.15403       2.4   |
     |   95 a       95       |  107 a      107       |  -0.15193       2.3   |
     |   95 a       95       |  105 a      105       |  -0.15024       2.3   |
     |   99 a       99       |  104 a      104       |   0.14350       2.1   |
     |  102 a      102       |  105 a      105       |  -0.11733       1.4   |
     |   94 a       94       |  115 a      115       |   0.11405       1.3   |
     |  103 a      103       |  106 a      106       |   0.10655       1.1   |
     |   93 a       93       |  106 a      106       |   0.09964       1.0   |
     |   95 a       95       |  117 a      117       |  -0.07399       0.5   |
     |   95 a       95       |  114 a      114       |  -0.05763       0.3   |
     |  100 a      100       |  105 a      105       |  -0.05387       0.3   |
     +=======================+=======================+=======================+
     norm of printed elements:  0.95049


       Energy:     0.1432512 H      3.89806 eV    31440.006 cm-1

     +=======================================================================+
     | type: RE0                    symmetry: a               state:    8    |
     +-----------------------+-----------------------+-----------------------+
     | occ. orb.  index spin | vir. orb.  index spin |  coeff/|amp|     %    |
     +=======================+=======================+=======================+
     |  103 a      103       |  106 a      106       |   0.89356      79.8   |
     |  102 a      102       |  105 a      105       |  -0.27319       7.5   |
     |  103 a      103       |  115 a      115       |   0.13719       1.9   |
     |  103 a      103       |  104 a      104       |  -0.13570       1.8   |
     |   94 a       94       |  104 a      104       |  -0.11941       1.4   |
     |  101 a      101       |  106 a      106       |  -0.08890       0.8   |
     |   98 a       98       |  105 a      105       |  -0.08219       0.7   |
     |  101 a      101       |  104 a      104       |   0.08186       0.7   |
     |  102 a      102       |  107 a      107       |   0.07044       0.5   |
     +=======================+=======================+=======================+
     norm of printed elements:  0.95089


       Energy:     0.1538824 H      4.18735 eV    33773.285 cm-1

     +=======================================================================+
     | type: RE0                    symmetry: a               state:    9    |
     +-----------------------+-----------------------+-----------------------+
     | occ. orb.  index spin | vir. orb.  index spin |  coeff/|amp|     %    |
     +=======================+=======================+=======================+
     |  100 a      100       |  104 a      104       |   0.77669      60.3   |
     |   99 a       99       |  105 a      105       |  -0.43182      18.6   |
     |  103 a      103       |  109 a      109       |  -0.27491       7.6   |
     |  102 a      102       |  108 a      108       |   0.20949       4.4   |
     |   98 a       98       |  104 a      104       |   0.13834       1.9   |
     |  101 a      101       |  109 a      109       |  -0.10879       1.2   |
     |  102 a      102       |  112 a      112       |   0.07982       0.6   |
     |  103 a      103       |  113 a      113       |   0.06975       0.5   |
     +=======================+=======================+=======================+
     norm of printed elements:  0.95138


       Energy:     0.1541465 H      4.19454 eV    33831.248 cm-1

     +=======================================================================+
     | type: RE0                    symmetry: a               state:   10    |
     +-----------------------+-----------------------+-----------------------+
     | occ. orb.  index spin | vir. orb.  index spin |  coeff/|amp|     %    |
     +=======================+=======================+=======================+
     |   99 a       99       |  104 a      104       |  -0.77147      59.5   |
     |  100 a      100       |  105 a      105       |   0.43757      19.1   |
     |  103 a      103       |  108 a      108       |   0.25771       6.6   |
     |  102 a      102       |  109 a      109       |  -0.22516       5.1   |
     |   94 a       94       |  104 a      104       |   0.11118       1.2   |
     |  101 a      101       |  108 a      108       |   0.10205       1.0   |
     |  103 a      103       |  112 a      112       |   0.09172       0.8   |
     |   93 a       93       |  104 a      104       |   0.06548       0.4   |
     |  103 a      103       |  104 a      104       |  -0.06524       0.4   |
     |  103 a      103       |  106 a      106       |   0.06160       0.4   |
     |   99 a       99       |  106 a      106       |   0.06050       0.4   |
     +=======================+=======================+=======================+
     norm of printed elements:  0.95093



     Info: copy ADC(2) right eigenvectors into left eigenvector files.


                    ========   CC DENSITY MODULE   ========

                      current wave-function model: ADC(2)  

  calculating overlap between   10 left and right vector(s)
    density nr.      cpu/min        wall/min    L     R
   ------------------------------------------------------
         1           148.32            5.25    LE0    RE0 
         2           149.52            5.32    LE0    RE0 
         3           148.18            5.27    LE0    RE0 
         4           148.07            5.26    LE0    RE0 
         5           148.39            5.29    LE0    RE0 
         6           148.10            5.28    LE0    RE0 
         7           147.96            5.27    LE0    RE0 
         8           147.94            5.25    LE0    RE0 
         9           148.79            5.31    LE0    RE0 
        10           147.96            5.25    LE0    RE0 
   ------------------------------------------------------
     time in cc_1den       cpu:   1 d  0 h 44 min  wall:   0 d  0 h 52 min  ratio: 28.1



     +==========================================================+
     |   contributions of excitation levels to excited states   |
     |     wavefunctions as computed from the <L|R> overlap     |
     +----------------------------------------------------------+
     | sym | multi | state |    E / eV  | % singles | % doubles |
     +==========================================================+
     | a   |   1   |   1   |    2.31245 |   87.70   |   12.30   |
     | a   |   1   |   2   |    3.27059 |   86.71   |   13.29   |
     | a   |   1   |   3   |    3.31931 |   86.52   |   13.48   |
     | a   |   1   |   4   |    3.36125 |   85.00   |   15.00   |
     | a   |   1   |   5   |    3.38972 |   86.32   |   13.68   |
     | a   |   1   |   6   |    3.63375 |   86.94   |   13.06   |
     | a   |   1   |   7   |    3.77255 |   85.75   |   14.25   |
     | a   |   1   |   8   |    3.89806 |   86.42   |   13.58   |
     | a   |   1   |   9   |    4.18735 |   87.41   |   12.59   |
     | a   |   1   |  10   |    4.19454 |   87.40   |   12.60   |
     +==========================================================+



      The semi-canonical algorithm will be used for densities


                    ========   CC DENSITY MODULE   ========

                      current wave-function model: ADC(2)  

  calculating    10 xi densities

   a semicanonical algorithm will be used when possible

    density nr.      cpu/min        wall/min    L     R
   ------------------------------------------------------
         1           277.97           10.66    LE0    R0  
         2           281.86           10.85    LE0    R0  
         3           281.46           10.90    LE0    R0  
         4           278.75           10.68    LE0    R0  
         5           277.86           10.55    LE0    R0  
         6           275.69           10.48    LE0    R0  
         7           280.25           10.58    LE0    R0  
         8           276.05           10.47    LE0    R0  
         9           278.62           10.62    LE0    R0  
        10           276.86           10.52    LE0    R0  
   ------------------------------------------------------
     time in cc_1den       cpu:   1 d 22 h 26 min  wall:   0 d  1 h 46 min  ratio: 26.2


 **************************************************************
 *                                                            *
 *<<<<<<<<<<<<  ONE-PHOTON ABSORPTION STRENGTHS  >>>>>>>>>>>>>*
 *                                                            *
 **************************************************************


  +=========================================================================+
  |  Transition                                             model: ADC(2)   |
  |    number, symmetry, multiplicity:    1 a    1                          |
  |    frequency :   0.0849809801 a.u.     2.31245 e.V.     18651.2 rcm     |
  +=========================================================================+

     +-----------+-----------------+-----------------+---------------------+
     | operator  |   left moment   |  right moment   | transition strength |
     +-----------+-----------------+-----------------+---------------------+
     | xdiplen   |      3.35765966 |      3.35765966 |      11.27387840    |
     | ydiplen   |      0.29619930 |      0.29619930 |       0.08773402    |
     | zdiplen   |     -0.00008121 |     -0.00008121 |       0.00000001    |
     | xdipvel   |      0.25464662 |     -0.25464662 |       0.06484490    |
     | ydipvel   |      0.04064669 |     -0.04064669 |       0.00165215    |
     | zdipvel   |     -0.00000519 |      0.00000519 |       0.00000000    |
     | xangmom   |     -0.09468780 |      0.09468780 |       0.00896578    |
     | yangmom   |     -0.23442571 |      0.23442571 |       0.05495541    |
     | zangmom   |      0.00006129 |     -0.00006129 |       0.00000000    |
     +-----------+-----------------+-----------------+---------------------+
 
       oscillator strength (length gauge)   :      0.64368064
       oscillator strength (velocity gauge) :      0.52166225
       oscillator strength (mixed gauge)    :      0.57803747
 
       rotator strength (length gauge)      :     -0.19368308 a.u.
       Rotator strength (length gauge)      :    -91.31065387 10^(-40)*erg*cm^3
       rotator strength (velocity gauge)    :     -0.19792992 a.u.
       Rotator strength (velocity gauge)    :    -93.31280264 10^(-40)*erg*cm^3
 


  +=========================================================================+
  |  Transition                                             model: ADC(2)   |
  |    number, symmetry, multiplicity:    2 a    1                          |
  |    frequency :   0.1201920373 a.u.     3.27059 e.V.     26379.1 rcm     |
  +=========================================================================+

     +-----------+-----------------+-----------------+---------------------+
     | operator  |   left moment   |  right moment   | transition strength |
     +-----------+-----------------+-----------------+---------------------+
     | xdiplen   |     -0.00211590 |     -0.00211590 |       0.00000448    |
     | ydiplen   |      0.00102035 |      0.00102035 |       0.00000104    |
     | zdiplen   |      0.05747178 |      0.05747178 |       0.00330301    |
     | xdipvel   |     -0.00023388 |      0.00023388 |       0.00000005    |
     | ydipvel   |      0.00013459 |     -0.00013459 |       0.00000002    |
     | zdipvel   |      0.00437758 |     -0.00437758 |       0.00001916    |
     | xangmom   |      0.00013486 |     -0.00013486 |       0.00000002    |
     | yangmom   |      0.00063894 |     -0.00063894 |       0.00000041    |
     | zangmom   |      0.51424352 |     -0.51424352 |       0.26444640    |
     +-----------+-----------------+-----------------+---------------------+
 
       oscillator strength (length gauge)   :      0.00026511
       oscillator strength (velocity gauge) :      0.00010670
       oscillator strength (mixed gauge)    :      0.00016815
 
       rotator strength (length gauge)      :      0.01477743 a.u.
       Rotator strength (length gauge)      :      6.96672469 10^(-40)*erg*cm^3
       rotator strength (velocity gauge)    :      0.00936501 a.u.
       Rotator strength (velocity gauge)    :      4.41507229 10^(-40)*erg*cm^3
 


  +=========================================================================+
  |  Transition                                             model: ADC(2)   |
  |    number, symmetry, multiplicity:    3 a    1                          |
  |    frequency :   0.1219823416 a.u.     3.31931 e.V.     26772.0 rcm     |
  +=========================================================================+

     +-----------+-----------------+-----------------+---------------------+
     | operator  |   left moment   |  right moment   | transition strength |
     +-----------+-----------------+-----------------+---------------------+
     | xdiplen   |     -0.00109518 |     -0.00109518 |       0.00000120    |
     | ydiplen   |      0.00061826 |      0.00061826 |       0.00000038    |
     | zdiplen   |      0.02810404 |      0.02810404 |       0.00078984    |
     | xdipvel   |     -0.00011569 |      0.00011569 |       0.00000001    |
     | ydipvel   |      0.00008283 |     -0.00008283 |       0.00000001    |
     | zdipvel   |      0.00130452 |     -0.00130452 |       0.00000170    |
     | xangmom   |      0.00013103 |     -0.00013103 |       0.00000002    |
     | yangmom   |      0.00033954 |     -0.00033954 |       0.00000012    |
     | zangmom   |      0.52734358 |     -0.52734358 |       0.27809125    |
     +-----------+-----------------+-----------------+---------------------+
 
       oscillator strength (length gauge)   :      0.00006436
       oscillator strength (velocity gauge) :      0.00000941
       oscillator strength (mixed gauge)    :      0.00002456
 
       rotator strength (length gauge)      :      0.00741028 a.u.
       Rotator strength (length gauge)      :      3.49352755 10^(-40)*erg*cm^3
       rotator strength (velocity gauge)    :      0.00281984 a.u.
       Rotator strength (velocity gauge)    :      1.32939601 10^(-40)*erg*cm^3
 


  +=========================================================================+
  |  Transition                                             model: ADC(2)   |
  |    number, symmetry, multiplicity:    4 a    1                          |
  |    frequency :   0.1235235680 a.u.     3.36125 e.V.     27110.3 rcm     |
  +=========================================================================+

     +-----------+-----------------+-----------------+---------------------+
     | operator  |   left moment   |  right moment   | transition strength |
     +-----------+-----------------+-----------------+---------------------+
     | xdiplen   |     -0.00281763 |     -0.00281763 |       0.00000794    |
     | ydiplen   |      0.00185435 |      0.00185435 |       0.00000344    |
     | zdiplen   |      0.03766071 |      0.03766071 |       0.00141833    |
     | xdipvel   |     -0.00033463 |      0.00033463 |       0.00000011    |
     | ydipvel   |      0.00025880 |     -0.00025880 |       0.00000007    |
     | zdipvel   |      0.00399315 |     -0.00399315 |       0.00001595    |
     | xangmom   |      0.00035552 |     -0.00035552 |       0.00000013    |
     | yangmom   |      0.00115301 |     -0.00115301 |       0.00000133    |
     | zangmom   |      0.60006009 |     -0.60006009 |       0.36007211    |
     +-----------+-----------------+-----------------+---------------------+
 
       oscillator strength (length gauge)   :      0.00011773
       oscillator strength (velocity gauge) :      0.00008702
       oscillator strength (mixed gauge)    :      0.00010121
 
       rotator strength (length gauge)      :      0.01129991 a.u.
       Rotator strength (length gauge)      :      5.32727221 10^(-40)*erg*cm^3
       rotator strength (velocity gauge)    :      0.00969981 a.u.
       Rotator strength (velocity gauge)    :      4.57291159 10^(-40)*erg*cm^3
 


  +=========================================================================+
  |  Transition                                             model: ADC(2)   |
  |    number, symmetry, multiplicity:    5 a    1                          |
  |    frequency :   0.1245697759 a.u.     3.38972 e.V.     27339.9 rcm     |
  +=========================================================================+

     +-----------+-----------------+-----------------+---------------------+
     | operator  |   left moment   |  right moment   | transition strength |
     +-----------+-----------------+-----------------+---------------------+
     | xdiplen   |      1.35649639 |      1.35649639 |       1.84008245    |
     | ydiplen   |     -0.73537157 |     -0.73537157 |       0.54077135    |
     | zdiplen   |      0.00006990 |      0.00006990 |       0.00000000    |
     | xdipvel   |      0.15677760 |     -0.15677760 |       0.02457922    |
     | ydipvel   |     -0.10074949 |      0.10074949 |       0.01015046    |
     | zdipvel   |      0.00000405 |     -0.00000405 |       0.00000000    |
     | xangmom   |     -0.13912238 |      0.13912238 |       0.01935504    |
     | yangmom   |     -0.57250306 |      0.57250306 |       0.32775976    |
     | zangmom   |      0.00346630 |     -0.00346630 |       0.00001202    |
     +-----------+-----------------+-----------------+---------------------+
 
       oscillator strength (length gauge)   :      0.19772162
       oscillator strength (velocity gauge) :      0.18586464
       oscillator strength (mixed gauge)    :      0.19117104
 
       rotator strength (length gauge)      :      0.11614186 a.u.
       Rotator strength (length gauge)      :     54.75433918 10^(-40)*erg*cm^3
       rotator strength (velocity gauge)    :      0.14396804 a.u.
       Rotator strength (velocity gauge)    :     67.87281546 10^(-40)*erg*cm^3
 


  +=========================================================================+
  |  Transition                                             model: ADC(2)   |
  |    number, symmetry, multiplicity:    6 a    1                          |
  |    frequency :   0.1335379294 a.u.     3.63375 e.V.     29308.2 rcm     |
  +=========================================================================+

     +-----------+-----------------+-----------------+---------------------+
     | operator  |   left moment   |  right moment   | transition strength |
     +-----------+-----------------+-----------------+---------------------+
     | xdiplen   |     -0.00189087 |     -0.00189087 |       0.00000358    |
     | ydiplen   |      0.00069208 |      0.00069208 |       0.00000048    |
     | zdiplen   |     -0.03208993 |     -0.03208993 |       0.00102976    |
     | xdipvel   |     -0.00023725 |      0.00023725 |       0.00000006    |
     | ydipvel   |      0.00009672 |     -0.00009672 |       0.00000001    |
     | zdipvel   |     -0.00147573 |      0.00147573 |       0.00000218    |
     | xangmom   |      0.00046435 |     -0.00046435 |       0.00000022    |
     | yangmom   |     -0.00004133 |      0.00004133 |       0.00000000    |
     | zangmom   |      0.96840913 |     -0.96840913 |       0.93781624    |
     +-----------+-----------------+-----------------+---------------------+
 
       oscillator strength (length gauge)   :      0.00009204
       oscillator strength (velocity gauge) :      0.00001120
       oscillator strength (mixed gauge)    :      0.00003191
 
       rotator strength (length gauge)      :     -0.01553855 a.u.
       Rotator strength (length gauge)      :     -7.32554850 10^(-40)*erg*cm^3
       rotator strength (velocity gauge)    :     -0.00535137 a.u.
       Rotator strength (velocity gauge)    :     -2.52286945 10^(-40)*erg*cm^3
 


  +=========================================================================+
  |  Transition                                             model: ADC(2)   |
  |    number, symmetry, multiplicity:    7 a    1                          |
  |    frequency :   0.1386386007 a.u.     3.77255 e.V.     30427.7 rcm     |
  +=========================================================================+

     +-----------+-----------------+-----------------+---------------------+
     | operator  |   left moment   |  right moment   | transition strength |
     +-----------+-----------------+-----------------+---------------------+
     | xdiplen   |     -0.39405190 |     -0.39405190 |       0.15527690    |
     | ydiplen   |      0.05075458 |      0.05075458 |       0.00257603    |
     | zdiplen   |      0.00006630 |      0.00006630 |       0.00000000    |
     | xdipvel   |     -0.05297616 |      0.05297616 |       0.00280647    |
     | ydipvel   |      0.00889480 |     -0.00889480 |       0.00007912    |
     | zdipvel   |      0.00000506 |     -0.00000506 |       0.00000000    |
     | xangmom   |      0.19046566 |     -0.19046566 |       0.03627717    |
     | yangmom   |     -0.34260696 |      0.34260696 |       0.11737953    |
     | zangmom   |     -0.00203657 |      0.00203657 |       0.00000415    |
     +-----------+-----------------+-----------------+---------------------+
 
       oscillator strength (length gauge)   :      0.01458967
       oscillator strength (velocity gauge) :      0.01387584
       oscillator strength (mixed gauge)    :      0.01421787
 
       rotator strength (length gauge)      :     -0.04622118 a.u.
       Rotator strength (length gauge)      :    -21.79068170 10^(-40)*erg*cm^3
       rotator strength (velocity gauge)    :     -0.04738064 a.u.
       Rotator strength (velocity gauge)    :    -22.33730111 10^(-40)*erg*cm^3
 


  +=========================================================================+
  |  Transition                                             model: ADC(2)   |
  |    number, symmetry, multiplicity:    8 a    1                          |
  |    frequency :   0.1432512095 a.u.     3.89806 e.V.     31440.0 rcm     |
  +=========================================================================+

     +-----------+-----------------+-----------------+---------------------+
     | operator  |   left moment   |  right moment   | transition strength |
     +-----------+-----------------+-----------------+---------------------+
     | xdiplen   |     -0.14821382 |     -0.14821382 |       0.02196734    |
     | ydiplen   |      0.66966255 |      0.66966255 |       0.44844793    |
     | zdiplen   |      0.00005741 |      0.00005741 |       0.00000000    |
     | xdipvel   |     -0.00772333 |      0.00772333 |       0.00005965    |
     | ydipvel   |      0.08907443 |     -0.08907443 |       0.00793425    |
     | zdipvel   |      0.00000615 |     -0.00000615 |       0.00000000    |
     | xangmom   |     -0.01850262 |      0.01850262 |       0.00034235    |
     | yangmom   |      0.18921399 |     -0.18921399 |       0.03580193    |
     | zangmom   |      0.00059493 |     -0.00059493 |       0.00000035    |
     +-----------+-----------------+-----------------+---------------------+
 
       oscillator strength (length gauge)   :      0.04492504
       oscillator strength (velocity gauge) :      0.03720227
       oscillator strength (mixed gauge)    :      0.04052968
 
       rotator strength (length gauge)      :      0.06472595 a.u.
       Rotator strength (length gauge)      :     30.51463758 10^(-40)*erg*cm^3
       rotator strength (velocity gauge)    :      0.05932597 a.u.
       Rotator strength (velocity gauge)    :     27.96885194 10^(-40)*erg*cm^3
 


  +=========================================================================+
  |  Transition                                             model: ADC(2)   |
  |    number, symmetry, multiplicity:    9 a    1                          |
  |    frequency :   0.1538824110 a.u.     4.18735 e.V.     33773.3 rcm     |
  +=========================================================================+

     +-----------+-----------------+-----------------+---------------------+
     | operator  |   left moment   |  right moment   | transition strength |
     +-----------+-----------------+-----------------+---------------------+
     | xdiplen   |     -0.00397970 |     -0.00397970 |       0.00001584    |
     | ydiplen   |     -0.00753530 |     -0.00753530 |       0.00005678    |
     | zdiplen   |      0.53274217 |      0.53274217 |       0.28381422    |
     | xdipvel   |     -0.00056339 |      0.00056339 |       0.00000032    |
     | ydipvel   |     -0.00092218 |      0.00092218 |       0.00000085    |
     | zdipvel   |      0.06816265 |     -0.06816265 |       0.00464615    |
     | xangmom   |      0.00079293 |     -0.00079293 |       0.00000063    |
     | yangmom   |      0.00611585 |     -0.00611585 |       0.00003740    |
     | zangmom   |      1.65646213 |     -1.65646213 |       2.74386678    |
     +-----------+-----------------+-----------------+---------------------+
 
       oscillator strength (length gauge)   :      0.02912346
       oscillator strength (velocity gauge) :      0.02013362
       oscillator strength (mixed gauge)    :      0.02421487
 
       rotator strength (length gauge)      :      0.44120900 a.u.
       Rotator strength (length gauge)      :    208.00517421 10^(-40)*erg*cm^3
       rotator strength (velocity gauge)    :      0.36684752 a.u.
       Rotator strength (velocity gauge)    :    172.94792898 10^(-40)*erg*cm^3
 


  +=========================================================================+
  |  Transition                                             model: ADC(2)   |
  |    number, symmetry, multiplicity:   10 a    1                          |
  |    frequency :   0.1541465062 a.u.     4.19454 e.V.     33831.2 rcm     |
  +=========================================================================+

     +-----------+-----------------+-----------------+---------------------+
     | operator  |   left moment   |  right moment   | transition strength |
     +-----------+-----------------+-----------------+---------------------+
     | xdiplen   |      0.48665891 |      0.48665891 |       0.23683689    |
     | ydiplen   |      0.97851052 |      0.97851052 |       0.95748285    |
     | zdiplen   |      0.00423631 |      0.00423631 |       0.00001795    |
     | xdipvel   |      0.06926491 |     -0.06926491 |       0.00479763    |
     | ydipvel   |      0.12042511 |     -0.12042511 |       0.01450221    |
     | zdipvel   |      0.00054365 |     -0.00054365 |       0.00000030    |
     | xangmom   |     -0.09689008 |      0.09689008 |       0.00938769    |
     | yangmom   |     -0.79866368 |      0.79866368 |       0.63786368    |
     | zangmom   |      0.01267754 |     -0.01267754 |       0.00016072    |
     +-----------+-----------------+-----------------+---------------------+
 
       oscillator strength (length gauge)   :      0.12273532
       oscillator strength (velocity gauge) :      0.08347095
       oscillator strength (mixed gauge)    :      0.10103195
 
       rotator strength (length gauge)      :     -0.41429977 a.u.
       Rotator strength (length gauge)      :   -195.31899002 10^(-40)*erg*cm^3
       rotator strength (velocity gauge)    :     -0.33371939 a.u.
       Rotator strength (velocity gauge)    :   -157.32988320 10^(-40)*erg*cm^3
 
 Exporting transition densities


    ------------------------------------------------------------------------
         total  cpu-time :  27 days  8 hours 22 minutes and 54 seconds
         total wall-time : 22 hours 56 minutes and 19 seconds
    ------------------------------------------------------------------------

   ****  ricc2 : all done  ****


    2023-11-10 06:09:49.274 

