
   OpenMP run-time library returned nthreads = 36

 dscf (cpu-3-16) : TURBOMOLE rev. V7.5.0 compiled 17 Jun 2020 at 09:15:30
 Copyright (C) 2020 TURBOMOLE GmbH, Karlsruhe


    2023-11-09 07:08:31.923 



                             d s c f - program

                   idea & directorship : reinhart ahlrichs
                   program development : marco haeser
                                         michael baer
                           dft version : oliver treutler


                          quantum chemistry group
                          universitaet  karlsruhe
                                  germany



   *-----------------------------------------------------------------------*
   |                     program will use 36 thread(s)                     |
   *-----------------------------------------------------------------------*


              +--------------------------------------------------+
              | Atomic coordinate, charge and isotop information |
              +--------------------------------------------------+

                    atomic coordinates            atom    charge  isotop
          2.95793161    2.70019186   -0.26019639    n      7.000     0
          0.36957374    3.40600457   -0.42006722    c      6.000     0
          3.32302670    0.09218084   -0.32180146    c      6.000     0
          0.93157829   -0.98326230   -0.43367325    c      6.000     0
         -0.93169167    0.98280876   -0.43348428    c      6.000     0
         -3.32295111   -0.09244540   -0.32142352    c      6.000     0
         -0.36949815   -3.40626913   -0.42044517    c      6.000     0
         -2.95785602   -2.70045643   -0.26057434    n      7.000     0
         -0.34852219    5.60753551   -0.56973353    o      8.000     0
          0.34840881   -5.60761110   -0.57143428    o      8.000     0
         -4.32734054   -3.98112382   -0.61697668    h      1.000     0
          4.32760511    3.98104823   -0.61470901    h      1.000     0
         10.48754535   -1.04807990    0.41179022    c      6.000     0
          8.05093249    0.21312331    0.65121852    c      6.000     0
          5.80896142   -1.07075662   -0.27493625    c      6.000     0
          6.07408999   -3.51228277   -1.19598877    c      6.000     0
          4.40319415   -4.52895542   -1.81166154    h      1.000     0
          8.46421559   -4.72699872   -1.38023706    c      6.000     0
          8.54150539   -6.62825218   -2.14576512    h      1.000     0
         10.64099112   -3.52569983   -0.64532257    c      6.000     0
         12.46892320   -4.44202802   -0.81955532    h      1.000     0
          8.29489613    2.52936062    1.86480064    c      6.000     0
          6.84320852    3.82703555    2.47196964    h      1.000     0
         12.45645100    0.38149791    1.39388089    c      6.000     0
         14.44160830   -0.09735869    1.46039925    h      1.000     0
         11.38667704    3.16959983    2.63675376    s     16.000     0
         -8.05123485   -0.21319890    0.65159647    c      6.000     0
        -10.48765874    1.04819329    0.41216817    c      6.000     0
        -10.64072655    3.52600218   -0.64437771    c      6.000     0
        -12.46865863    4.44251935   -0.81861046    h      1.000     0
         -8.46357309    4.72730108   -1.37872528    c      6.000     0
         -8.54086288    6.62893248   -2.14387539    h      1.000     0
         -6.07382543    3.51239615   -1.19466596    c      6.000     0
         -4.40274062    4.52906881   -1.80977181    h      1.000     0
         -5.80888583    1.07049206   -0.27436934    c      6.000     0
        -12.45675336   -0.38138453    1.39388089    c      6.000     0
        -14.44172168    0.09766105    1.46021027    h      1.000     0
         -8.29538746   -2.52962518    1.86498961    c      6.000     0
         -6.84407780   -3.82748909    2.47234759    h      1.000     0
        -11.38735735   -3.16967542    2.63637581    s     16.000     0
 
       center of nuclear mass  :   -0.00005247   -0.00003493    0.33019295
       center of nuclear charge:   -0.00004935   -0.00003137    0.31314652

   *************************************************************************
   teste4a                                                                  
   *************************************************************************



              +--------------------------------------------------+
              |               basis set information              |
              +--------------------------------------------------+

              we will work with the 1s 3p 5d 7f 9g ... basis set
              ...i.e. with spherical basis functions...

   type   atoms  prim   cont   basis
   ---------------------------------------------------------------------------
    n        2     46     31   def2-TZVP   [5s3p2d1f|11s6p2d1f]
    c       22     46     31   def2-TZVP   [5s3p2d1f|11s6p2d1f]
    o        2     46     31   def2-TZVP   [5s3p2d1f|11s6p2d1f]
    h       12      8      6   def2-TZVP   [3s1p|5s1p]
    s        2     63     37   def2-TZVP   [5s5p2d1f|14s9p3d1f]
   ---------------------------------------------------------------------------
   total:   40   1418    952
   ---------------------------------------------------------------------------

   total number of primitive shells          :   93
   total number of contracted shells         :  360
   total number of cartesian basis functions : 1092
   total number of SCF-basis functions       :  952


 integral neglect threshold       :  0.31E-11
 integral storage threshold THIZE :  0.10E-04
 integral storage threshold THIME :         5


 DENSITY CONVERGENCE CHECK SWITCHED ON !
 SCF CONVERGENCE IF RMS(delta[D]) <     0.1000000000E-07


 symmetry group of the molecule :   c1 

 the group has the following generators :
   c1(z)

    1 symmetry operations found

 there are 1 real representations :   a   

 maximum number of shells which are related by symmetry :  1


          ------------------------
          nuclear repulsion energy  :   2591.81384006    
          ------------------------


         -----------------
         -S,T+V- integrals
         -----------------

 1e-integrals will be neglected if expon. factor < 0.306040E-12
 
   Difference densities algorithm switched on.
   The maximal number of linear combinations of
   difference densities is                    20 .

 DIIS switched on: error vector is FDS-SDF
 Max. Iterations for DIIS is     :   5
 DIIS matrix (see manual) 
    Scaling factor of diagonals  :  1.200
    threshold for scaling factor :  0.000

 scf convergence criterion : increment of total energy < .1000000D-06
                  and increment of one-electron energy < .1000000D-03

 MOs are in ASCII format !


    mo occupation :
   irrep   mo's   occupied
    a      952      103
 
 number of basis functions   :   952
 number of occupied orbitals :   103
 

 reading orbital data $scfmo  from file mos
 orbital characterization : expanded
 virtual MOs provided and orthogonalized by Cholesky decomposition

 automatic virtual orbital shift switched on 
      shift if e(lumo)-e(homo) < 0.10000000    


 DSCF restart information will be dumped onto file mos

 
                                              current damping :  0.300
 ITERATION  ENERGY          1e-ENERGY        2e-ENERGY     RMS[dD(SAO)]   TOL
   1  -1889.3283093619    -7721.3645047     3240.2223553    0.000D+00 0.305D-11
          max. resid. norm for Fia-block=  2.362D+00 for orbital      1a         
          max. resid. fock norm         =  8.665D+00 for orbital    656a         
          Delta Eig. =   924.7049385661 eV 
 
                                              current damping :  0.250
 ITERATION  ENERGY          1e-ENERGY        2e-ENERGY     RMS[dD(SAO)]   TOL
   2  -1893.5768853341    -7745.7846629     3260.3939375    0.159D-01 0.294D-11
          Norm of current diis error:  3.5865    
          max. resid. norm for Fia-block=  4.740D-01 for orbital      1a         
          max. resid. fock norm         =  5.402D-01 for orbital      1a         
          Delta Eig. =   203.7723654602 eV 
 
                                              current damping :  0.150
 ITERATION  ENERGY          1e-ENERGY        2e-ENERGY     RMS[dD(SAO)]   TOL
   3  -1894.0247094588    -7748.5089448     3262.6703953    0.423D-02 0.178D-11
          Norm of current diis error:  1.3606    
          max. resid. norm for Fia-block=  1.021D-01 for orbital      1a         
          max. resid. fock norm         =  1.190D-01 for orbital      1a         
          Delta Eig. =    52.3082467909 eV 
 
                                              current damping :  0.100
 ITERATION  ENERGY          1e-ENERGY        2e-ENERGY     RMS[dD(SAO)]   TOL
   4  -1894.1232018268    -7750.6240479     3264.6870060    0.249D-02 0.147D-11
          Norm of current diis error: 0.43061    
          max. resid. norm for Fia-block=  2.071D-02 for orbital     94a         
          max. resid. fock norm         =  3.920D-02 for orbital     39a         
          Delta Eig. =     5.3349542957 eV 
 
                                              current damping :  0.150
 ITERATION  ENERGY          1e-ENERGY        2e-ENERGY     RMS[dD(SAO)]   TOL
   5  -1894.1383648325    -7750.3004170     3264.3482122    0.812D-03 0.135D-11
          Norm of current diis error: 0.15512    
          max. resid. norm for Fia-block=  9.519D-03 for orbital    100a         
          max. resid. fock norm         =  1.033D-02 for orbital    105a         
 mo-orthogonalization: Cholesky decomposition
          Delta Eig. =     1.0106522869 eV 
 
                                              current damping :  0.200
 ITERATION  ENERGY          1e-ENERGY        2e-ENERGY     RMS[dD(SAO)]   TOL
   6  -1894.1417431341    -7750.4665684     3264.5109852    0.320D-03 0.127D-11
          Norm of current diis error: 0.79301E-01
          max. resid. norm for Fia-block=  6.181D-03 for orbital    100a         
          max. resid. fock norm         =  6.313D-03 for orbital    105a         
          Delta Eig. =     0.1830102102 eV 
 
                                              current damping :  0.100
 ITERATION  ENERGY          1e-ENERGY        2e-ENERGY     RMS[dD(SAO)]   TOL
   7  -1894.1429586955    -7750.4686523     3264.5118536    0.177D-03 0.119D-11
          Norm of current diis error: 0.43117E-01
          max. resid. norm for Fia-block=  5.542D-03 for orbital    100a         
          max. resid. fock norm         =  5.611D-03 for orbital    100a         
          Delta Eig. =     0.0765531264 eV 
 
                                              current damping :  0.100
 ITERATION  ENERGY          1e-ENERGY        2e-ENERGY     RMS[dD(SAO)]   TOL
   8  -1894.1434994545    -7750.4734298     3264.5160903    0.117D-03 0.110D-11
          Norm of current diis error: 0.22975E-01
          max. resid. norm for Fia-block=  2.838D-03 for orbital    100a         
          max. resid. fock norm         =  2.871D-03 for orbital    100a         
          Delta Eig. =     0.0526318888 eV 
 
                                              current damping :  0.100
 ITERATION  ENERGY          1e-ENERGY        2e-ENERGY     RMS[dD(SAO)]   TOL
   9  -1894.1436343498    -7750.4883165     3264.5308421    0.671D-04 0.103D-11
          Norm of current diis error: 0.94329E-02
          max. resid. norm for Fia-block=  1.216D-03 for orbital     99a         
          max. resid. fock norm         =  1.225D-03 for orbital     99a         
          Delta Eig. =     0.0266182177 eV 
 
                                              current damping :  0.100
 ITERATION  ENERGY          1e-ENERGY        2e-ENERGY     RMS[dD(SAO)]   TOL
  10  -1894.1436562754    -7750.4928428     3264.5353465    0.250D-04 0.992D-12
          Norm of current diis error: 0.43332E-02
          max. resid. norm for Fia-block=  4.888D-04 for orbital    100a         
          max. resid. fock norm         =  4.953D-04 for orbital    102a         
 mo-orthogonalization: Cholesky decomposition
          Delta Eig. =     0.0157834784 eV 
 
                                              current damping :  0.150
 ITERATION  ENERGY          1e-ENERGY        2e-ENERGY     RMS[dD(SAO)]   TOL
  11  -1894.1436601226    -7750.4918396     3264.5343394    0.126D-04 0.966D-12
          Norm of current diis error: 0.18585E-02
          max. resid. norm for Fia-block=  2.299D-04 for orbital    102a         
          max. resid. fock norm         =  2.335D-04 for orbital    102a         
          Delta Eig. =     0.0065666900 eV 
 
                                              current damping :  0.200
 ITERATION  ENERGY          1e-ENERGY        2e-ENERGY     RMS[dD(SAO)]   TOL
  12  -1894.1436607750    -7750.4960595     3264.5385586    0.511D-05 0.947D-12
          Norm of current diis error: 0.85825E-03
          max. resid. norm for Fia-block=  8.590D-05 for orbital    102a         
          max. resid. fock norm         =  8.708D-05 for orbital    102a         
          Delta Eig. =     0.0020757736 eV 
 
                                              current damping :  0.250
 ITERATION  ENERGY          1e-ENERGY        2e-ENERGY     RMS[dD(SAO)]   TOL
  13  -1894.1436608945    -7750.4947311     3264.5372302    0.199D-05 0.932D-12
          Norm of current diis error: 0.37630E-03
          max. resid. norm for Fia-block=  4.053D-05 for orbital    102a         
          max. resid. fock norm         =  4.079D-05 for orbital    102a         
          Delta Eig. =     0.0008998082 eV 
 
                                              current damping :  0.300
 ITERATION  ENERGY          1e-ENERGY        2e-ENERGY     RMS[dD(SAO)]   TOL
  14  -1894.1436609185    -7750.4953934     3264.5378924    0.914D-06 0.917D-12
          Norm of current diis error: 0.18979E-03
          max. resid. norm for Fia-block=  1.841D-05 for orbital    102a         
          max. resid. fock norm         =  1.887D-05 for orbital    101a         
          Delta Eig. =     0.0004000104 eV 
 
                                              current damping :  0.150
 ITERATION  ENERGY          1e-ENERGY        2e-ENERGY     RMS[dD(SAO)]   TOL
  15  -1894.1436609245    -7750.4954761     3264.5379751    0.415D-06 0.900D-12
          Norm of current diis error: 0.11099E-03
          max. resid. norm for Fia-block=  1.032D-05 for orbital    102a         
          max. resid. fock norm         =  1.159D-05 for orbital    104a         
 mo-orthogonalization: Cholesky decomposition
          Delta Eig. =     0.0002245027 eV 
 
                                              current damping :  0.100
 ITERATION  ENERGY          1e-ENERGY        2e-ENERGY     RMS[dD(SAO)]   TOL
  16  -1894.1436609275    -7750.4955232     3264.5380222    0.288D-06 0.875D-12
          Norm of current diis error: 0.64649E-04
          max. resid. norm for Fia-block=  5.772D-06 for orbital     98a         
          max. resid. fock norm         =  6.378D-06 for orbital    104a         
          Delta Eig. =     0.0001825348 eV 
 
                                              current damping :  0.100
 ITERATION  ENERGY          1e-ENERGY        2e-ENERGY     RMS[dD(SAO)]   TOL
  17  -1894.1436609276    -7750.4955812     3264.5380802    0.172D-06 0.871D-12
          Norm of current diis error: 0.34821E-04
          max. resid. norm for Fia-block=  3.850D-06 for orbital    102a         
          max. resid. fock norm         =  3.941D-06 for orbital    102a         
          Delta Eig. =     0.0001210449 eV 
 
                                              current damping :  0.100
 ITERATION  ENERGY          1e-ENERGY        2e-ENERGY     RMS[dD(SAO)]   TOL
  18  -1894.1436609277    -7750.4956301     3264.5381291    0.919D-07 0.870D-12
          Norm of current diis error: 0.22055E-04
          max. resid. norm for Fia-block=  2.112D-06 for orbital    103a         
          max. resid. fock norm         =  3.543D-06 for orbital    309a         
          Delta Eig. =     0.0000829702 eV 

 ENERGY & DENSITY CONVERGED !

 
                                              current damping :  0.150
 ITERATION  ENERGY          1e-ENERGY        2e-ENERGY     RMS[dD(SAO)]   TOL
  19  -1894.1436609275    -7750.4956217     3264.5381207    0.653D-07 0.869D-12
          max. resid. norm for Fia-block=  6.667D-07 for orbital    102a         
          max. resid. fock norm         =  2.107D-06 for orbital    271a         

 convergence criteria satisfied after    19 iterations


   *************************************************************************
   teste4a                                                                  
   *************************************************************************


                  ------------------------------------------ 
                 |  total energy      =  -1894.14366092752  |
                  ------------------------------------------ 
                 :  kinetic energy    =   1892.21613333423  :
                 :  potential energy  =  -3786.35979426175  :
                 :  virial theorem    =      1.99898237518  :
                 :  wavefunction norm =      1.00000000000  :
                  .......................................... 


 <geterg> : there is no data group $energy 


 <skperg> : $end is missing 


 orbitals $scfmo  will be written to file mos

    irrep                 99a        100a        101a        102a        103a   
 eigenvalues H         -0.34279    -0.34224    -0.31504    -0.29333    -0.25018
            eV          -9.3278     -9.3128     -8.5727     -7.9819     -6.8078
 occupation              2.0000      2.0000      2.0000      2.0000      2.0000

    irrep                104a        105a        106a        107a        108a   
 eigenvalues H          0.00706     0.04019     0.07315     0.12142     0.14084
            eV           0.1920      1.0936      1.9904      3.3040      3.8323
 
 
 
 
 ==============================================================================
                           electrostatic moments
 ==============================================================================

 reference point for electrostatic moments:    0.00000   0.00000   0.00000

 
              nuc           elec       ->  total
 ------------------------------------------------------------------------------
                          charge      
 ------------------------------------------------------------------------------
         206.000000    -206.000000      -0.000000
 
 ------------------------------------------------------------------------------
                       dipole moment  
 ------------------------------------------------------------------------------
   x      -0.010167       0.010958       0.000792
   y      -0.006463       0.006395      -0.000067
   z      64.508182     -64.605749      -0.097567
 
   | dipole moment | =     0.0976 a.u. =     0.2480 debye 
 
 ------------------------------------------------------------------------------
                     quadrupole moment
 ------------------------------------------------------------------------------
  xx   13313.566684  -13402.432617     -88.865933
  yy    1978.372937   -2116.506017    -138.133080
  zz     386.622338    -520.338279    -133.715940
  xy      -0.031304      -4.466205      -4.497509
  xz      -0.269713       0.270722       0.001009
  yz       0.228713      -0.228435       0.000277
 
     1/3  trace=    -120.238318
     anisotropy=      47.852124
 
 ==============================================================================
 
HOMO-LUMO Separation
 HOMO         :   -0.25017842 H =     -6.80771 eV
 LUMO         :    0.00705739 H =     +0.19204 eV
 HOMO-LUMO gap:    0.25723581 H =     +6.99975 eV
 
 ==============================================================================


    ------------------------------------------------------------------------
         total  cpu-time :  2 hours 50 minutes and 28 seconds
         total wall-time :  4 minutes and 58 seconds
    ------------------------------------------------------------------------

   ****  dscf : all done  ****


    2023-11-09 07:13:29.140 

