
   OpenMP run-time library returned nthreads = 36

 ricc2 (cpu-3-13) : TURBOMOLE rev. V7.5.0 compiled 17 Jun 2020 at 09:15:30
 Copyright (C) 2020 TURBOMOLE GmbH, Karlsruhe


    2023-11-01 08:22:09.729 



                              R I C C 2 - PROGRAM

                          the quantum chemistry groups
                             at the universities in
                               Karlsruhe & Bochum
                                   Germany



   *-----------------------------------------------------------------------*
   |                     program will use 36 thread(s)                     |
   *-----------------------------------------------------------------------*


              +--------------------------------------------------+
              | Atomic coordinate, charge and isotop information |
              +--------------------------------------------------+

                    atomic coordinates            atom    charge  isotop
         -1.60026827   -2.31905631   -2.94261255    n      7.000     0
         -2.82647376   -2.05479701   -0.56350405    c      6.000     0
          0.19516052   -0.43556628   -3.39206501    c      6.000     0
          0.22724807    1.07443828   -1.23966695    c      6.000     0
         -1.56014938    0.11729199    0.54417782    c      6.000     0
         -1.33419483    1.45366851    2.79748725    c      6.000     0
          1.59444602    3.15610388   -0.07952629    c      6.000     0
          0.58465197    3.22630721    2.41236106    n      7.000     0
         -4.55302203   -3.42554765    0.15379820    o      8.000     0
          3.20145022    4.63396420   -0.85903832    o      8.000     0
          0.89014510    4.74277463    3.52833883    h      1.000     0
         -2.36126098   -3.42711612   -4.29593991    h      1.000     0
          3.51752581   -1.21424683   -9.64926946    c      6.000     0
          2.05695649   -2.17764810   -7.54543737    c      6.000     0
          1.36611042   -4.78460088   -7.55637888    c      6.000     0
          2.01426758   -6.28576152   -9.57874488    c      6.000     0
          1.49565114   -8.27127786   -9.56432627    h      1.000     0
          3.38520719   -5.30399211  -11.68342735    c      6.000     0
          3.85278213   -6.54864132  -13.24600409    h      1.000     0
          4.14444246   -2.82503048  -11.72035260    c      6.000     0
          5.22731222   -2.07312735  -13.29334173    h      1.000     0
          1.62358560   -0.30368230   -5.68502089    c      6.000     0
          4.17590640    1.31256266   -9.32673100    c      6.000     0
          5.26994444    2.48377712  -10.59609784    h      1.000     0
          3.08744305    2.52433064   -6.54711395    s     16.000     0
         -1.98505430    2.11248373    7.58255726    c      6.000     0
         -3.92746599    1.58052583    9.43484791    c      6.000     0
         -3.60347245    2.34176420   12.00232430    c      6.000     0
         -5.08301462    1.94467605   13.36814276    h      1.000     0
         -1.41989391    3.54816536   12.70923305    c      6.000     0
         -1.15053235    4.13511430   14.65661472    h      1.000     0
          0.53629388    4.00583813   10.91011930    c      6.000     0
          2.27491750    4.90075573   11.53276516    h      1.000     0
          0.28327845    3.30917170    8.41730598    c      6.000     0
         -5.96903161    0.29033421    8.39083091    c      6.000     0
         -7.65742631   -0.34916800    9.35016928    h      1.000     0
         -2.65106938    1.22174243    5.14845773    c      6.000     0
         -5.57742367   -0.29844775    5.24778173    s     16.000     0
          0.40650749   -5.62241096   -5.95296516    h      1.000     0
          1.84851970    3.60432802    7.13025131    h      1.000     0
 
       center of nuclear mass  :   -0.28094524    0.25110533   -0.14664394
       center of nuclear charge:   -0.26061307    0.23293443   -0.13602956

   *************************************************************************
   teste-4b                                                                 
   *************************************************************************



              +--------------------------------------------------+
              |               basis set information              |
              +--------------------------------------------------+

              we will work with the 1s 3p 5d 7f 9g ... basis set
              ...i.e. with spherical basis functions...

   type   atoms  prim   cont   basis
   ---------------------------------------------------------------------------
    n        2     46     31   def2-TZVP   [5s3p2d1f|11s6p2d1f]
    c       22     46     31   def2-TZVP   [5s3p2d1f|11s6p2d1f]
    o        2     46     31   def2-TZVP   [5s3p2d1f|11s6p2d1f]
    h       12      8      6   def2-TZVP   [3s1p|5s1p]
    s        2     63     37   def2-TZVP   [5s5p2d1f|14s9p3d1f]
   ---------------------------------------------------------------------------
   total:   40   1418    952
   ---------------------------------------------------------------------------

   total number of primitive shells          :   93
   total number of contracted shells         :  360
   total number of cartesian basis functions : 1092
   total number of SCF-basis functions       :  952


 symmetry group of the molecule :   c1 

 the group has the following generators :
   c1(z)

    1 symmetry operations found

 there are 1 real representations :   a   


   =========================================================================


     restricted closed shell calculation for the wavefunction models:
               ADC(2)     - Algebraic Diagrammatic Construction to 2. Order (strict)


     global parameters for ricc2 program:

        hard restart (reuse of interm.) :  disabled
        soft restart (reuse of vectors) :  disabled
        threshold for vector function   :    0.100000E-06
        convergence threshold energy    :    0.100000E-07
        linear dependence threshold     :    0.100000E-13
        global print level              :      1
        maximum number of iterations    :   500
        maximum number DIIS vectors     :    10
        max. dim. of reduced space      :   100
        core memory limit (MB)          : 18000

     Scratch Directory : 


   =========================================================================

    der. integral neglect threshold  :  0.10E-08
    integral neglect threshold       :  0.31E-12
    integral storage threshold THIZE :  0.10E-04
    integral storage threshold THIME :         5


                  +------------------------------------------+
                  |     Auxiliary basis set information      |
                  +------------------------------------------+

              assign orbital basis set names as defaults
              read basis sets from /home/hlischka/programs/TURBOMOLE-7.5/TURBOMOLE//cbasen/
              (basis sets have been saved in file auxbasis)

              we will work with the 1s 3p 5d 7f 9g ... basis set
              ...i.e. with spherical basis functions...

   type   atoms  prim   cont   basis
   ---------------------------------------------------------------------------
    n        2     81     76   def2-TZVP   [8s6p4d3f1g|8s6p5d3f1g]
    c       22     81     76   def2-TZVP   [8s6p4d3f1g|8s6p5d3f1g]
    o        2     81     76   def2-TZVP   [8s6p4d3f1g|8s6p5d3f1g]
    h       12     23     15   def2-TZVP   [4s2p1d|4s3p2d]
    s        2    119    113   def2-TZVP   [9s7p6d5f2g|10s7p7d5f2g]
   ---------------------------------------------------------------------------
   total:   40   2620   2382
   ---------------------------------------------------------------------------

   total number of primitive shells          :  109
   total number of contracted shells         :  714
   total number of cartesian basis functions : 2954
   total number of SCF-basis functions       : 2382


 maximum number of shells which are related by symmetry :  1


 The symmetry information takes   1 MB

*---------------------------------------------------------------------*
|               simplified C1 algorithm will be applied               |
*---------------------------------------------------------------------*
  MOs are in ASCII format !


 reading orbital data $scfmo  from file mos
 orbital characterization : scfconv=7
 time elapsed for calculating density matrices :   4.122 sec
 all orbitals will be active in the correlation treatment


   Molecular Orbital Statistic:
   ============================

   -----------------------------
   orbitals in total:
   -----------------------------
    frozen occupied :      0
    active occupied :    103
    active virtual  :    849
    frozen virtual  :      0
    all together    :    952
   -----------------------------


     time in riccmos       cpu: 18.66 sec    wall:  0.96 sec    ratio: 19.4

     total memory allocated for calculation of (Q|P)**(-1/2) : 65 MiB


     calculation of (P|Q) ...
     time in lp2sym        cpu:  9.68 sec    wall:  0.41 sec    ratio: 23.7


     calculation of the Cholesky decomposition of (P|Q)**(-1) ...
     time in invmetri      cpu: 24.57 sec    wall:  0.92 sec    ratio: 26.7

   threshold for RMS(d[D]) in SCF was     :  0.10E-07
   integral neglect threshold             :  0.31E-12
   derivative integral neglect threshold  :  0.10E-08


 setting up bound for integral derivative estimation

 increment for numerical differentiation : 0.00050000

   =========================================================================

     Energy of reference wave function is -1894.1424664179999
     Maximum orbital residual is           0.2811980860051E-05


     Number of symmetry-nonredundant auxiliary basis functions:     2382

     Block lengths for integral files:
        frozen occupied (BOI):        0 MiB
        active occupied (BJI):        2 MiB
        active virtual  (BAI):       16 MiB
        frozen virtual  (BGI):        0 MiB
               general  (BTI):       18 MiB

   =========================================================================




   **************************************************************************
   *                                                                        *
   *          OPTIMIZATION OF THE GROUND STATE CLUSTER AMPLITUDES           *
   *                                                                        *
   **************************************************************************


   Iter.   MP2 energy       Norm(Omega)   Norm(t1)  Norm(t2)     cpu    wall
   ...........................................................................
    1  -1899.4374859994    0.2454826068     0.00000   0.75832  126.24    3.66
   ...........................................................................


     time in total         cpu:  2 h  6 min  wall:  0 h  3 min  ratio: 34.3


     **********************************************************************
     *                                                                    *
     *   RHF  energy                             :  -1894.1424664180      *
     *   MP2 correlation energy                  :     -5.2950195814      *
     *                                                                    *
     *   Final MP2 energy                        :  -1899.4374859994      *
     *                                                                    *
     *   Norm of MP1 T2 amplitudes               :      0.7583202189      *
     *                                                                    *
     *   D1 diagnostic                           :      0.0562            *
     *                                                                    *
     **********************************************************************



 **************************************************************
 *                                                            *
 *    OPTIMIZATION OF THE EXCITED STATE CLUSTER AMPLITUDES    *
 *                                                            *
 **************************************************************


  preoptimize excitation energies/vectors using CCS:
  ==================================================


 ======== LINEAR CC RESPONSE SOLVER ========

    threshold for convergence: 1.00E-03
    maximum number of simultaneous Jacobi matrix transformations: 10
                                                
     summary of start vectors generation:
     -------------------------------------------
     type of solution vectors      : RE0
     symmetry                      : a  
     number of vectors requested   :    10
     number of vectors generated   :    10
       -- guessed as rhs/(e_a-e_i) :    10
     -------------------------------------------
                                                

    Iter  #Vectors  time (min)    max. residual 
    --------------------------------------------
      1      10         6.46     0.14E+00  (  4)
      2      10         6.45     0.66E-01  (  8)
      3      10         6.12     0.48E-01  ( 10)
      4      10         6.26     0.41E-01  ( 10)
      5      10         5.61     0.29E-01  ( 10)
      6       9         4.85     0.42E-01  (  9)
      7       8         4.16     0.32E-01  (  9)
      8       5         2.87     0.15E-01  (  9)
      9       4         2.26     0.94E-02  (  9)
     10       3         1.79     0.40E-01  ( 10)
     11       2         1.23     0.16E-01  ( 10)
     12       2         0.98     0.76E-02  ( 10)
     13       2         1.18     0.44E-02  ( 10)
     14       2         1.21     0.23E-02  ( 10)
     15       2         1.25     0.96E-03  ( 10)
    --------------------------------------------
    converged in 15 iterations

         Total time         52.69 minutes


 ===========================================




 Note that this is the intermediate result of a preoptimization!
 The convergence threshold was  0.1E-02 only!


 +==================================================================+
 | sym | multi | state |          CCS excitation energies           |
 |     |       |       +--------------------------------------------+
 |     |       |       |   Hartree    |     eV       |     cm-1     |
 +==================================================================+
 | a   |   1   |   1   |    0.1025672 |      2.79099 |    22510.893 |
 | a   |   1   |   2   |    0.1382387 |      3.76167 |    30339.892 |
 | a   |   1   |   3   |    0.1667226 |      4.53675 |    36591.380 |
 | a   |   1   |   4   |    0.1752429 |      4.76860 |    38461.362 |
 | a   |   1   |   5   |    0.1826854 |      4.97112 |    40094.800 |
 | a   |   1   |   6   |    0.1838690 |      5.00333 |    40354.575 |
 | a   |   1   |   7   |    0.1961714 |      5.33810 |    43054.655 |
 | a   |   1   |   8   |    0.1968810 |      5.35741 |    43210.388 |
 | a   |   1   |   9   |    0.2112623 |      5.74874 |    46366.724 |
 | a   |   1   |  10   |    0.2126736 |      5.78714 |    46676.468 |
 +==================================================================+




  preoptimize ADC(2) excitation energies/vectors using a quasi linear algorithm:
  ==============================================================================


 ======== LINEAR CC RESPONSE SOLVER ========

    threshold for convergence: 1.00E-03
    maximum number of simultaneous Jacobi matrix transformations: 10
                                                
     summary of start vectors generation:
     -------------------------------------------
     type of solution vectors      : RE0
     symmetry                      : a  
     number of vectors requested   :    10
     number of vectors generated   :    10
       -- restarted from file      :    10
     -------------------------------------------
                                                

    Iter  #Vectors  time (min)    max. residual 
    --------------------------------------------
 threshold for this macro iteration:  5.311610813261916E-002
      1      10        63.77     0.85E-01  (  6)
 ...adapted threshold to:  6.176738946493451E-002
      2      10        65.09     0.48E-01  (  3)
                                                
     summary of start vectors generation:
     -------------------------------------------
     type of solution vectors      : RE0
     symmetry                      : a  
     number of vectors requested   :    10
     number of vectors generated   :    10
       -- restarted from file      :    10
     -------------------------------------------
                                                

    Iter  #Vectors  time (min)    max. residual 
    --------------------------------------------
 threshold for this macro iteration:  1.199861299341001E-002
      3      10        65.32     0.43E-01  (  6)
      4      10        64.79     0.22E-01  (  6)
      5       8        52.47     0.21E-01  (  9)
      6       4        25.64     0.54E-01  (  8)
      7       1         6.48     0.46E-01  (  8)
      8       2        13.76     0.24E-01  (  7)
      9       1         6.42     0.11E-01  (  9)
                                                
     summary of start vectors generation:
     -------------------------------------------
     type of solution vectors      : RE0
     symmetry                      : a  
     number of vectors requested   :    10
     number of vectors generated   :    10
       -- restarted from file      :    10
     -------------------------------------------
                                                

    Iter  #Vectors  time (min)    max. residual 
    --------------------------------------------
 threshold for this macro iteration:  1.677966390281338E-003
     10      10        63.64     0.11E-01  (  9)
 ...adapted threshold to:  1.681616883703385E-003
     11       7        44.38     0.39E-02  (  9)
 ...adapted threshold to:  1.682173694527861E-003
     12       4        25.12     0.27E-02  (  9)
 ...adapted threshold to:  1.682174057899971E-003
     13       1         6.36     0.14E-02  (  7)
                                                
     summary of start vectors generation:
     -------------------------------------------
     type of solution vectors      : RE0
     symmetry                      : a  
     number of vectors requested   :    10
     number of vectors generated   :    10
       -- restarted from file      :    10
     -------------------------------------------
                                                

    Iter  #Vectors  time (min)    max. residual 
    --------------------------------------------
 threshold for this macro iteration:  1.000000000000000E-003
     14      10        62.20     0.11E-02  ( 10)
     15       1         6.44     0.10E-02  ( 10)
     16       1         6.34     0.58E-03  (  5)
    --------------------------------------------
    converged in 16 iterations

         Total time        578.24 minutes


 ===========================================




 Note that this is the intermediate result of a preoptimization!
 The convergence threshold was  0.1E-02 only!


 +==================================================================+
 | sym | multi | state |          ADC(2) excitation energies        |
 |     |       |       +--------------------------------------------+
 |     |       |       |   Hartree    |     eV       |     cm-1     |
 +==================================================================+
 | a   |   1   |   1   |    0.0801216 |      2.18022 |    17584.648 |
 | a   |   1   |   2   |    0.1120941 |      3.05023 |    24601.804 |
 | a   |   1   |   3   |    0.1209901 |      3.29231 |    26554.248 |
 | a   |   1   |   4   |    0.1278392 |      3.47868 |    28057.462 |
 | a   |   1   |   5   |    0.1282278 |      3.48926 |    28142.744 |
 | a   |   1   |   6   |    0.1325061 |      3.60568 |    29081.731 |
 | a   |   1   |   7   |    0.1364505 |      3.71301 |    29947.429 |
 | a   |   1   |   8   |    0.1371979 |      3.73334 |    30111.454 |
 | a   |   1   |   9   |    0.1498317 |      4.07713 |    32884.253 |
 | a   |   1   |  10   |    0.1544403 |      4.20254 |    33895.731 |
 +==================================================================+





 solve for ADC(2) excitation energies/vectors using a DIIS algorithm:
 =================================================================


 ========= DIIS CC RESPONSE SOLVER =========

    threshold for convergence: 1.00E-06
    max. nb. of DIIS vectors :      10
    maximum number of simultaneous Jacobi matrix transformations: 10
                                                
     summary of start vectors generation:
     -------------------------------------------
     type of solution vectors      : RE0
     symmetry                      : a  
     number of vectors requested   :    10
     number of vectors generated   :    10
       -- restarted from file      :    10
     -------------------------------------------
                                                

    Iter  #Vectors  time (min)   residual
    --------------------------------------
      1      10        62.64     0.32E-03  (  9)    0.82E-02
      2      10        61.23     0.26E-03  (  9)    0.14E-02
      3      10        61.00     0.13E-03  (  9)    0.32E-02
      4      10        61.77     0.67E-04  (  9)    0.16E-02
      5      10        60.78     0.35E-04  (  9)    0.15E-02
      6      10        61.25     0.21E-04  ( 10)    0.15E-02
      7       9        54.93     0.13E-04  ( 10)    0.14E-02
      8       8        48.01     0.82E-05  (  9)    0.13E-02
      9       7        41.94     0.61E-05  (  9)    0.13E-02
     10       2        13.09     0.41E-05  (  9)    0.13E-02
     11       2        12.64     0.25E-05  (  9)    0.13E-02
     12       2        12.72     0.13E-05  (  9)    0.13E-02
     13       2        12.87     0.81E-06  (  9)    0.13E-02
    --------------------------------------
    converged in  13 iterations

   Total time        564.89 minutes


 ===========================================





 +================================================================================+
 | sym | multi | state |          ADC(2) excitation energies    |  %t1   |  %t2   |
 |     |       |       +----------------------------------------+--------+--------+
 |     |       |       |   Hartree    |    eV      |    cm-1    |    %   |    %   |
 +================================================================================+
 | a   |   1   |   1   |    0.0801064 |    2.17981 |  17581.326 |  87.17 |  12.83 |
 | a   |   1   |   2   |    0.1120540 |    3.04914 |  24593.012 |  85.61 |  14.39 |
 | a   |   1   |   3   |    0.1209575 |    3.29142 |  26547.103 |  85.30 |  14.70 |
 | a   |   1   |   4   |    0.1278100 |    3.47789 |  28051.051 |  86.00 |  14.00 |
 | a   |   1   |   5   |    0.1281715 |    3.48772 |  28130.388 |  84.56 |  15.44 |
 | a   |   1   |   6   |    0.1325122 |    3.60584 |  29083.067 |  87.12 |  12.88 |
 | a   |   1   |   7   |    0.1364190 |    3.71215 |  29940.520 |  86.41 |  13.59 |
 | a   |   1   |   8   |    0.1372694 |    3.73529 |  30127.157 |  85.15 |  14.85 |
 | a   |   1   |   9   |    0.1498212 |    4.07684 |  32881.961 |  87.00 |  13.00 |
 | a   |   1   |  10   |    0.1544267 |    4.20216 |  33892.742 |  87.16 |  12.84 |
 +================================================================================+


       Energy:     0.0801064 H      2.17981 eV    17581.326 cm-1

     +=======================================================================+
     | type: RE0                    symmetry: a               state:    1    |
     +-----------------------+-----------------------+-----------------------+
     | occ. orb.  index spin | vir. orb.  index spin |  coeff/|amp|     %    |
     +=======================+=======================+=======================+
     |  103 a      103       |  104 a      104       |   0.95058      90.4   |
     |  101 a      101       |  104 a      104       |   0.18008       3.2   |
     |  103 a      103       |  106 a      106       |   0.11875       1.4   |
     +=======================+=======================+=======================+
     norm of printed elements:  0.95013


       Energy:     0.1120540 H      3.04914 eV    24593.012 cm-1

     +=======================================================================+
     | type: RE0                    symmetry: a               state:    2    |
     +-----------------------+-----------------------+-----------------------+
     | occ. orb.  index spin | vir. orb.  index spin |  coeff/|amp|     %    |
     +=======================+=======================+=======================+
     |  103 a      103       |  105 a      105       |   0.95522      91.2   |
     |  101 a      101       |  105 a      105       |   0.18995       3.6   |
     |  102 a      102       |  106 a      106       |  -0.14347       2.1   |
     +=======================+=======================+=======================+
     norm of printed elements:  0.96911


       Energy:     0.1209575 H      3.29142 eV    26547.103 cm-1

     +=======================================================================+
     | type: RE0                    symmetry: a               state:    3    |
     +-----------------------+-----------------------+-----------------------+
     | occ. orb.  index spin | vir. orb.  index spin |  coeff/|amp|     %    |
     +=======================+=======================+=======================+
     |   95 a       95       |  104 a      104       |   0.79083      62.5   |
     |  102 a      102       |  104 a      104       |  -0.38849      15.1   |
     |   95 a       95       |  106 a      106       |   0.27735       7.7   |
     |   98 a       98       |  104 a      104       |  -0.16415       2.7   |
     |  100 a      100       |  104 a      104       |   0.13916       1.9   |
     |   95 a       95       |  116 a      116       |   0.11282       1.3   |
     |   96 a       96       |  104 a      104       |  -0.10323       1.1   |
     |   94 a       94       |  105 a      105       |  -0.08697       0.8   |
     |  102 a      102       |  106 a      106       |  -0.08158       0.7   |
     |   94 a       94       |  107 a      107       |  -0.07586       0.6   |
     |  101 a      101       |  105 a      105       |   0.07263       0.5   |
     |   95 a       95       |  118 a      118       |   0.06931       0.5   |
     +=======================+=======================+=======================+
     norm of printed elements:  0.95300


       Energy:     0.1278100 H      3.47789 eV    28051.051 cm-1

     +=======================================================================+
     | type: RE0                    symmetry: a               state:    4    |
     +-----------------------+-----------------------+-----------------------+
     | occ. orb.  index spin | vir. orb.  index spin |  coeff/|amp|     %    |
     +=======================+=======================+=======================+
     |  102 a      102       |  104 a      104       |   0.84277      71.0   |
     |   95 a       95       |  104 a      104       |   0.39329      15.5   |
     |  101 a      101       |  105 a      105       |  -0.19100       3.6   |
     |   95 a       95       |  106 a      106       |   0.14430       2.1   |
     |  102 a      102       |  106 a      106       |   0.12986       1.7   |
     |   92 a       92       |  104 a      104       |   0.07167       0.5   |
     |  100 a      100       |  106 a      106       |   0.06497       0.4   |
     |   99 a       99       |  105 a      105       |   0.06220       0.4   |
     +=======================+=======================+=======================+
     norm of printed elements:  0.95232


       Energy:     0.1281715 H      3.48772 eV    28130.388 cm-1

     +=======================================================================+
     | type: RE0                    symmetry: a               state:    5    |
     +-----------------------+-----------------------+-----------------------+
     | occ. orb.  index spin | vir. orb.  index spin |  coeff/|amp|     %    |
     +=======================+=======================+=======================+
     |  101 a      101       |  104 a      104       |  -0.73461      54.0   |
     |  103 a      103       |  106 a      106       |   0.56663      32.1   |
     |   97 a       97       |  104 a      104       |  -0.17543       3.1   |
     |   94 a       94       |  104 a      104       |   0.16256       2.6   |
     |  102 a      102       |  107 a      107       |   0.12415       1.5   |
     |  102 a      102       |  105 a      105       |   0.08486       0.7   |
     |  103 a      103       |  116 a      116       |   0.07815       0.6   |
     |   99 a       99       |  104 a      104       |   0.07651       0.6   |
     |  103 a      103       |  104 a      104       |   0.07651       0.6   |
     +=======================+=======================+=======================+
     norm of printed elements:  0.95836


       Energy:     0.1325122 H      3.60584 eV    29083.067 cm-1

     +=======================================================================+
     | type: RE0                    symmetry: a               state:    6    |
     +-----------------------+-----------------------+-----------------------+
     | occ. orb.  index spin | vir. orb.  index spin |  coeff/|amp|     %    |
     +=======================+=======================+=======================+
     |  103 a      103       |  106 a      106       |   0.72760      52.9   |
     |  101 a      101       |  104 a      104       |   0.46781      21.9   |
     |  102 a      102       |  105 a      105       |  -0.30087       9.1   |
     |  103 a      103       |  104 a      104       |  -0.19258       3.7   |
     |  101 a      101       |  106 a      106       |   0.15893       2.5   |
     |   97 a       97       |  104 a      104       |   0.11973       1.4   |
     |   99 a       99       |  104 a      104       |   0.11029       1.2   |
     |   88 a       88       |  104 a      104       |  -0.07300       0.5   |
     |   94 a       94       |  104 a      104       |  -0.07288       0.5   |
     |   88 a       88       |  106 a      106       |  -0.06799       0.5   |
     |  102 a      102       |  107 a      107       |   0.06643       0.4   |
     |   93 a       93       |  104 a      104       |   0.06421       0.4   |
     +=======================+=======================+=======================+
     norm of printed elements:  0.95141


       Energy:     0.1364190 H      3.71215 eV    29940.520 cm-1

     +=======================================================================+
     | type: RE0                    symmetry: a               state:    7    |
     +-----------------------+-----------------------+-----------------------+
     | occ. orb.  index spin | vir. orb.  index spin |  coeff/|amp|     %    |
     +=======================+=======================+=======================+
     |   98 a       98       |  104 a      104       |   0.84715      71.8   |
     |   96 a       96       |  104 a      104       |  -0.31550      10.0   |
     |   98 a       98       |  106 a      106       |   0.27887       7.8   |
     |  100 a      100       |  104 a      104       |  -0.14643       2.1   |
     |   98 a       98       |  116 a      116       |   0.10837       1.2   |
     |   96 a       96       |  106 a      106       |  -0.10578       1.1   |
     |   95 a       95       |  104 a      104       |   0.10429       1.1   |
     +=======================+=======================+=======================+
     norm of printed elements:  0.95022


       Energy:     0.1372694 H      3.73529 eV    30127.157 cm-1

     +=======================================================================+
     | type: RE0                    symmetry: a               state:    8    |
     +-----------------------+-----------------------+-----------------------+
     | occ. orb.  index spin | vir. orb.  index spin |  coeff/|amp|     %    |
     +=======================+=======================+=======================+
     |   94 a       94       |  104 a      104       |   0.80705      65.1   |
     |   94 a       94       |  106 a      106       |   0.28919       8.4   |
     |   99 a       99       |  104 a      104       |   0.21234       4.5   |
     |   95 a       95       |  105 a      105       |  -0.18000       3.2   |
     |   93 a       93       |  104 a      104       |   0.16499       2.7   |
     |  101 a      101       |  104 a      104       |   0.15423       2.4   |
     |   89 a       89       |  104 a      104       |   0.15210       2.3   |
     |   95 a       95       |  107 a      107       |  -0.13582       1.8   |
     |   94 a       94       |  116 a      116       |   0.12181       1.5   |
     |   95 a       95       |  119 a      119       |  -0.08362       0.7   |
     |  103 a      103       |  106 a      106       |  -0.08207       0.7   |
     |   94 a       94       |  118 a      118       |   0.07517       0.6   |
     |   89 a       89       |  106 a      106       |   0.06779       0.5   |
     |   93 a       93       |  106 a      106       |   0.05897       0.3   |
     |  100 a      100       |  105 a      105       |  -0.05369       0.3   |
     +=======================+=======================+=======================+
     norm of printed elements:  0.95021


       Energy:     0.1498212 H      4.07684 eV    32881.961 cm-1

     +=======================================================================+
     | type: RE0                    symmetry: a               state:    9    |
     +-----------------------+-----------------------+-----------------------+
     | occ. orb.  index spin | vir. orb.  index spin |  coeff/|amp|     %    |
     +=======================+=======================+=======================+
     |  100 a      100       |  104 a      104       |  -0.62714      39.3   |
     |  103 a      103       |  107 a      107       |   0.54967      30.2   |
     |   99 a       99       |  105 a      105       |   0.34559      11.9   |
     |  102 a      102       |  106 a      106       |   0.20455       4.2   |
     |  103 a      103       |  108 a      108       |  -0.15029       2.3   |
     |  102 a      102       |  109 a      109       |   0.13128       1.7   |
     |   98 a       98       |  104 a      104       |  -0.12414       1.5   |
     |  101 a      101       |  105 a      105       |   0.10017       1.0   |
     |   99 a       99       |  104 a      104       |   0.09518       0.9   |
     |  102 a      102       |  104 a      104       |  -0.09233       0.9   |
     |   95 a       95       |  104 a      104       |   0.07403       0.5   |
     |  102 a      102       |  116 a      116       |  -0.06350       0.4   |
     |  102 a      102       |  111 a      111       |  -0.05522       0.3   |
     +=======================+=======================+=======================+
     norm of printed elements:  0.95212


       Energy:     0.1544267 H      4.20216 eV    33892.742 cm-1

     +=======================================================================+
     | type: RE0                    symmetry: a               state:   10    |
     +-----------------------+-----------------------+-----------------------+
     | occ. orb.  index spin | vir. orb.  index spin |  coeff/|amp|     %    |
     +=======================+=======================+=======================+
     |   99 a       99       |  104 a      104       |   0.75376      56.8   |
     |  100 a      100       |  105 a      105       |  -0.40488      16.4   |
     |  103 a      103       |  109 a      109       |   0.25565       6.5   |
     |   94 a       94       |  104 a      104       |  -0.18686       3.5   |
     |  102 a      102       |  108 a      108       |  -0.14575       2.1   |
     |  103 a      103       |  106 a      106       |  -0.12626       1.6   |
     |  102 a      102       |  107 a      107       |   0.12077       1.5   |
     |  100 a      100       |  104 a      104       |   0.11354       1.3   |
     |  103 a      103       |  116 a      116       |  -0.10739       1.2   |
     |  103 a      103       |  111 a      111       |  -0.10307       1.1   |
     |  101 a      101       |  106 a      106       |  -0.08671       0.8   |
     |  101 a      101       |  109 a      109       |  -0.06889       0.5   |
     |   94 a       94       |  106 a      106       |  -0.06641       0.4   |
     |   99 a       99       |  105 a      105       |   0.05932       0.4   |
     |  103 a      103       |  112 a      112       |  -0.05617       0.3   |
     |   99 a       99       |  106 a      106       |  -0.05616       0.3   |
     |  103 a      103       |  118 a      118       |  -0.05320       0.3   |
     |  102 a      102       |  110 a      110       |   0.05256       0.3   |
     +=======================+=======================+=======================+
     norm of printed elements:  0.95127



     Info: copy ADC(2) right eigenvectors into left eigenvector files.


                    ========   CC DENSITY MODULE   ========

                      current wave-function model: ADC(2)  

  calculating overlap between   10 left and right vector(s)
    density nr.      cpu/min        wall/min    L     R
   ------------------------------------------------------
         1           148.18            5.25    LE0    RE0 
         2           148.86            5.28    LE0    RE0 
         3           147.67            5.24    LE0    RE0 
         4           148.21            5.26    LE0    RE0 
         5           148.43            5.27    LE0    RE0 
         6           147.95            5.25    LE0    RE0 
         7           147.97            5.25    LE0    RE0 
         8           147.96            5.26    LE0    RE0 
         9           148.46            5.28    LE0    RE0 
        10           148.24            5.28    LE0    RE0 
   ------------------------------------------------------
     time in cc_1den       cpu:   1 d  0 h 42 min  wall:   0 d  0 h 52 min  ratio: 28.2



     +==========================================================+
     |   contributions of excitation levels to excited states   |
     |     wavefunctions as computed from the <L|R> overlap     |
     +----------------------------------------------------------+
     | sym | multi | state |    E / eV  | % singles | % doubles |
     +==========================================================+
     | a   |   1   |   1   |    2.17981 |   87.17   |   12.83   |
     | a   |   1   |   2   |    3.04914 |   85.61   |   14.39   |
     | a   |   1   |   3   |    3.29142 |   85.30   |   14.70   |
     | a   |   1   |   4   |    3.47789 |   86.00   |   14.00   |
     | a   |   1   |   5   |    3.48772 |   84.56   |   15.44   |
     | a   |   1   |   6   |    3.60584 |   87.12   |   12.88   |
     | a   |   1   |   7   |    3.71215 |   86.41   |   13.59   |
     | a   |   1   |   8   |    3.73529 |   85.15   |   14.85   |
     | a   |   1   |   9   |    4.07684 |   87.00   |   13.00   |
     | a   |   1   |  10   |    4.20216 |   87.16   |   12.84   |
     +==========================================================+



      The semi-canonical algorithm will be used for densities


                    ========   CC DENSITY MODULE   ========

                      current wave-function model: ADC(2)  

  calculating    10 xi densities

   a semicanonical algorithm will be used when possible

    density nr.      cpu/min        wall/min    L     R
   ------------------------------------------------------
         1           284.15           10.77    LE0    R0  
         2           279.00           10.55    LE0    R0  
         3           278.95           10.75    LE0    R0  
         4           272.59           10.26    LE0    R0  
         5           272.09           10.14    LE0    R0  
         6           274.78           10.26    LE0    R0  
         7           273.53           10.28    LE0    R0  
         8           276.33           10.49    LE0    R0  
         9           275.33           10.48    LE0    R0  
        10           278.32           10.55    LE0    R0  
   ------------------------------------------------------
     time in cc_1den       cpu:   1 d 22 h  6 min  wall:   0 d  1 h 44 min  ratio: 26.4


 **************************************************************
 *                                                            *
 *<<<<<<<<<<<<  ONE-PHOTON ABSORPTION STRENGTHS  >>>>>>>>>>>>>*
 *                                                            *
 **************************************************************


  +=========================================================================+
  |  Transition                                             model: ADC(2)   |
  |    number, symmetry, multiplicity:    1 a    1                          |
  |    frequency :   0.0801064150 a.u.     2.17981 e.V.     17581.3 rcm     |
  +=========================================================================+

     +-----------+-----------------+-----------------+---------------------+
     | operator  |   left moment   |  right moment   | transition strength |
     +-----------+-----------------+-----------------+---------------------+
     | xdiplen   |     -0.89124138 |     -0.89124138 |       0.79431120    |
     | ydiplen   |      1.12936296 |      1.12936296 |       1.27546069    |
     | zdiplen   |      3.65209953 |      3.65209953 |      13.33783099    |
     | xdipvel   |     -0.04914420 |      0.04914420 |       0.00241515    |
     | ydipvel   |      0.09484678 |     -0.09484678 |       0.00899591    |
     | zdipvel   |      0.25735980 |     -0.25735980 |       0.06623407    |
     | xangmom   |      0.11264975 |     -0.11264975 |       0.01268997    |
     | yangmom   |      0.11751327 |     -0.11751327 |       0.01380937    |
     | zangmom   |     -0.01275239 |      0.01275239 |       0.00016262    |
     +-----------+-----------------+-----------------+---------------------+
 
       oscillator strength (length gauge)   :      0.82283189
       oscillator strength (velocity gauge) :      0.64618323
       oscillator strength (mixed gauge)    :      0.72721293
 
       rotator strength (length gauge)      :     -0.00712800 a.u.
       Rotator strength (length gauge)      :     -3.36044818 10^(-40)*erg*cm^3
       rotator strength (velocity gauge)    :      0.01452892 a.u.
       Rotator strength (velocity gauge)    :      6.84956826 10^(-40)*erg*cm^3
 


  +=========================================================================+
  |  Transition                                             model: ADC(2)   |
  |    number, symmetry, multiplicity:    2 a    1                          |
  |    frequency :   0.1120540082 a.u.     3.04914 e.V.     24593.0 rcm     |
  +=========================================================================+

     +-----------+-----------------+-----------------+---------------------+
     | operator  |   left moment   |  right moment   | transition strength |
     +-----------+-----------------+-----------------+---------------------+
     | xdiplen   |     -0.01005609 |     -0.01005609 |       0.00010112    |
     | ydiplen   |      0.00802639 |      0.00802639 |       0.00006442    |
     | zdiplen   |     -0.00957767 |     -0.00957767 |       0.00009173    |
     | xdipvel   |     -0.00262198 |      0.00262198 |       0.00000687    |
     | ydipvel   |      0.00221257 |     -0.00221257 |       0.00000490    |
     | zdipvel   |     -0.00179245 |      0.00179245 |       0.00000321    |
     | xangmom   |      0.67733308 |     -0.67733308 |       0.45878010    |
     | yangmom   |     -0.60695328 |      0.60695328 |       0.36839228    |
     | zangmom   |      0.35347584 |     -0.35347584 |       0.12494517    |
     +-----------+-----------------+-----------------+---------------------+
 
       oscillator strength (length gauge)   :      0.00001922
       oscillator strength (velocity gauge) :      0.00008914
       oscillator strength (mixed gauge)    :      0.00004086
 
       rotator strength (length gauge)      :     -0.00753422 a.u.
       Rotator strength (length gauge)      :     -3.55196048 10^(-40)*erg*cm^3
       rotator strength (velocity gauge)    :     -0.01674401 a.u.
       Rotator strength (velocity gauge)    :     -7.89385934 10^(-40)*erg*cm^3
 


  +=========================================================================+
  |  Transition                                             model: ADC(2)   |
  |    number, symmetry, multiplicity:    3 a    1                          |
  |    frequency :   0.1209575006 a.u.     3.29142 e.V.     26547.1 rcm     |
  +=========================================================================+

     +-----------+-----------------+-----------------+---------------------+
     | operator  |   left moment   |  right moment   | transition strength |
     +-----------+-----------------+-----------------+---------------------+
     | xdiplen   |     -0.00975473 |     -0.00975473 |       0.00009515    |
     | ydiplen   |      0.00764919 |      0.00764919 |       0.00005851    |
     | zdiplen   |     -0.00287663 |     -0.00287663 |       0.00000828    |
     | xdipvel   |     -0.00182168 |      0.00182168 |       0.00000332    |
     | ydipvel   |      0.00146871 |     -0.00146871 |       0.00000216    |
     | zdipvel   |     -0.00064290 |      0.00064290 |       0.00000041    |
     | xangmom   |     -0.33193698 |      0.33193698 |       0.11018216    |
     | yangmom   |      0.29724404 |     -0.29724404 |       0.08835402    |
     | zangmom   |     -0.17268302 |      0.17268302 |       0.02981943    |
     +-----------+-----------------+-----------------+---------------------+
 
       oscillator strength (length gauge)   :      0.00001306
       oscillator strength (velocity gauge) :      0.00003246
       oscillator strength (mixed gauge)    :      0.00002057
 
       rotator strength (length gauge)      :      0.00300419 a.u.
       Rotator strength (length gauge)      :      1.41630626 10^(-40)*erg*cm^3
       rotator strength (velocity gauge)    :      0.00476310 a.u.
       Rotator strength (velocity gauge)    :      2.24553308 10^(-40)*erg*cm^3
 


  +=========================================================================+
  |  Transition                                             model: ADC(2)   |
  |    number, symmetry, multiplicity:    4 a    1                          |
  |    frequency :   0.1278099916 a.u.     3.47789 e.V.     28051.1 rcm     |
  +=========================================================================+

     +-----------+-----------------+-----------------+---------------------+
     | operator  |   left moment   |  right moment   | transition strength |
     +-----------+-----------------+-----------------+---------------------+
     | xdiplen   |      0.05995097 |      0.05995097 |       0.00359412    |
     | ydiplen   |     -0.05114928 |     -0.05114928 |       0.00261625    |
     | zdiplen   |      0.01926112 |      0.01926112 |       0.00037099    |
     | xdipvel   |      0.00736582 |     -0.00736582 |       0.00005426    |
     | ydipvel   |     -0.00620144 |      0.00620144 |       0.00003846    |
     | zdipvel   |      0.00223515 |     -0.00223515 |       0.00000500    |
     | xangmom   |      0.36093233 |     -0.36093233 |       0.13027215    |
     | yangmom   |     -0.32785286 |      0.32785286 |       0.10748750    |
     | zangmom   |      0.18889698 |     -0.18889698 |       0.03568207    |
     +-----------+-----------------+-----------------+---------------------+
 
       oscillator strength (length gauge)   :      0.00056078
       oscillator strength (velocity gauge) :      0.00050966
       oscillator strength (mixed gauge)    :      0.00053456
 
       rotator strength (length gauge)      :      0.02102303 a.u.
       Rotator strength (length gauge)      :      9.91117157 10^(-40)*erg*cm^3
       rotator strength (velocity gauge)    :      0.02000601 a.u.
       Rotator strength (velocity gauge)    :      9.43170727 10^(-40)*erg*cm^3
 


  +=========================================================================+
  |  Transition                                             model: ADC(2)   |
  |    number, symmetry, multiplicity:    5 a    1                          |
  |    frequency :   0.1281714810 a.u.     3.48772 e.V.     28130.4 rcm     |
  +=========================================================================+

     +-----------+-----------------+-----------------+---------------------+
     | operator  |   left moment   |  right moment   | transition strength |
     +-----------+-----------------+-----------------+---------------------+
     | xdiplen   |     -0.61107695 |     -0.61107695 |       0.37341504    |
     | ydiplen   |      0.16941724 |      0.16941724 |       0.02870220    |
     | zdiplen   |      1.46380852 |      1.46380852 |       2.14273538    |
     | xdipvel   |     -0.08433235 |      0.08433235 |       0.00711195    |
     | ydipvel   |      0.01777667 |     -0.01777667 |       0.00031601    |
     | zdipvel   |      0.19234490 |     -0.19234490 |       0.03699656    |
     | xangmom   |      0.28441294 |     -0.28441294 |       0.08089072    |
     | yangmom   |      0.35763875 |     -0.35763875 |       0.12790547    |
     | zangmom   |      0.08036475 |     -0.08036475 |       0.00645849    |
     +-----------+-----------------+-----------------+---------------------+
 
       oscillator strength (length gauge)   :      0.21745169
       oscillator strength (velocity gauge) :      0.23106814
       oscillator strength (mixed gauge)    :      0.22406756
 
       rotator strength (length gauge)      :      0.00221530 a.u.
       Rotator strength (length gauge)      :      1.04438772 10^(-40)*erg*cm^3
       rotator strength (velocity gauge)    :     -0.00846457 a.u.
       Rotator strength (velocity gauge)    :     -3.99056977 10^(-40)*erg*cm^3
 


  +=========================================================================+
  |  Transition                                             model: ADC(2)   |
  |    number, symmetry, multiplicity:    6 a    1                          |
  |    frequency :   0.1325122046 a.u.     3.60584 e.V.     29083.1 rcm     |
  +=========================================================================+

     +-----------+-----------------+-----------------+---------------------+
     | operator  |   left moment   |  right moment   | transition strength |
     +-----------+-----------------+-----------------+---------------------+
     | xdiplen   |      0.98552870 |      0.98552870 |       0.97126681    |
     | ydiplen   |      0.64615676 |      0.64615676 |       0.41751856    |
     | zdiplen   |     -0.77809942 |     -0.77809942 |       0.60543871    |
     | xdipvel   |      0.12553610 |     -0.12553610 |       0.01575931    |
     | ydipvel   |      0.09232596 |     -0.09232596 |       0.00852408    |
     | zdipvel   |     -0.08188861 |      0.08188861 |       0.00670574    |
     | xangmom   |      0.19473010 |     -0.19473010 |       0.03791981    |
     | yangmom   |      0.24221257 |     -0.24221257 |       0.05866693    |
     | zangmom   |      0.04550553 |     -0.04550553 |       0.00207075    |
     +-----------+-----------------+-----------------+---------------------+
 
       oscillator strength (length gauge)   :      0.17617269
       oscillator strength (velocity gauge) :      0.15590584
       oscillator strength (mixed gauge)    :      0.16472930
 
       rotator strength (length gauge)      :      0.15650578 a.u.
       Rotator strength (length gauge)      :     73.78365544 10^(-40)*erg*cm^3
       rotator strength (velocity gauge)    :      0.16255779 a.u.
       Rotator strength (velocity gauge)    :     76.63683419 10^(-40)*erg*cm^3
 


  +=========================================================================+
  |  Transition                                             model: ADC(2)   |
  |    number, symmetry, multiplicity:    7 a    1                          |
  |    frequency :   0.1364190455 a.u.     3.71215 e.V.     29940.5 rcm     |
  +=========================================================================+

     +-----------+-----------------+-----------------+---------------------+
     | operator  |   left moment   |  right moment   | transition strength |
     +-----------+-----------------+-----------------+---------------------+
     | xdiplen   |     -0.03398203 |     -0.03398203 |       0.00115478    |
     | ydiplen   |      0.03355983 |      0.03355983 |       0.00112626    |
     | zdiplen   |     -0.01500470 |     -0.01500470 |       0.00022514    |
     | xdipvel   |     -0.00293272 |      0.00293272 |       0.00000860    |
     | ydipvel   |      0.00302953 |     -0.00302953 |       0.00000918    |
     | zdipvel   |     -0.00113167 |      0.00113167 |       0.00000128    |
     | xangmom   |     -0.78465380 |      0.78465380 |       0.61568158    |
     | yangmom   |      0.69900859 |     -0.69900859 |       0.48861301    |
     | zangmom   |     -0.40558896 |      0.40558896 |       0.16450240    |
     +-----------+-----------------+-----------------+---------------------+
 
       oscillator strength (length gauge)   :      0.00022793
       oscillator strength (velocity gauge) :      0.00009314
       oscillator strength (mixed gauge)    :      0.00014554
 
       rotator strength (length gauge)      :      0.02810424 a.u.
       Rotator strength (length gauge)      :     13.24956568 10^(-40)*erg*cm^3
       rotator strength (velocity gauge)    :      0.01787812 a.u.
       Rotator strength (velocity gauge)    :      8.42852709 10^(-40)*erg*cm^3
 


  +=========================================================================+
  |  Transition                                             model: ADC(2)   |
  |    number, symmetry, multiplicity:    8 a    1                          |
  |    frequency :   0.1372694291 a.u.     3.73529 e.V.     30127.2 rcm     |
  +=========================================================================+

     +-----------+-----------------+-----------------+---------------------+
     | operator  |   left moment   |  right moment   | transition strength |
     +-----------+-----------------+-----------------+---------------------+
     | xdiplen   |      0.07566049 |      0.07566049 |       0.00572451    |
     | ydiplen   |     -0.25750614 |     -0.25750614 |       0.06630941    |
     | zdiplen   |     -0.58725256 |     -0.58725256 |       0.34486557    |
     | xdipvel   |      0.01237815 |     -0.01237815 |       0.00015322    |
     | ydipvel   |     -0.03167259 |      0.03167259 |       0.00100315    |
     | zdipvel   |     -0.07809415 |      0.07809415 |       0.00609870    |
     | xangmom   |      0.24698858 |     -0.24698858 |       0.06100336    |
     | yangmom   |      0.20342538 |     -0.20342538 |       0.04138188    |
     | zangmom   |     -0.16125466 |      0.16125466 |       0.02600306    |
     +-----------+-----------------+-----------------+---------------------+
 
       oscillator strength (length gauge)   :      0.03815170
       oscillator strength (velocity gauge) :      0.03523517
       oscillator strength (mixed gauge)    :      0.03663561
 
       rotator strength (length gauge)      :      0.03050060 a.u.
       Rotator strength (length gauge)      :     14.37931485 10^(-40)*erg*cm^3
       rotator strength (velocity gauge)    :      0.03353732 a.u.
       Rotator strength (velocity gauge)    :     15.81095519 10^(-40)*erg*cm^3
 


  +=========================================================================+
  |  Transition                                             model: ADC(2)   |
  |    number, symmetry, multiplicity:    9 a    1                          |
  |    frequency :   0.1498212372 a.u.     4.07684 e.V.     32882.0 rcm     |
  +=========================================================================+

     +-----------+-----------------+-----------------+---------------------+
     | operator  |   left moment   |  right moment   | transition strength |
     +-----------+-----------------+-----------------+---------------------+
     | xdiplen   |     -0.16715566 |     -0.16715566 |       0.02794102    |
     | ydiplen   |      0.14675210 |      0.14675210 |       0.02153618    |
     | zdiplen   |     -0.08858696 |     -0.08858696 |       0.00784765    |
     | xdipvel   |     -0.01740652 |      0.01740652 |       0.00030299    |
     | ydipvel   |      0.01525399 |     -0.01525399 |       0.00023268    |
     | zdipvel   |     -0.00923644 |      0.00923644 |       0.00008531    |
     | xangmom   |      0.27244883 |     -0.27244883 |       0.07422836    |
     | yangmom   |     -0.24531048 |      0.24531048 |       0.06017723    |
     | zangmom   |      0.14156265 |     -0.14156265 |       0.02003998    |
     +-----------+-----------------+-----------------+---------------------+
 
       oscillator strength (length gauge)   :      0.00572565
       oscillator strength (velocity gauge) :      0.00276322
       oscillator strength (mixed gauge)    :      0.00397759
 
       rotator strength (length gauge)      :     -0.04704090 a.u.
       Rotator strength (length gauge)      :    -22.17713197 10^(-40)*erg*cm^3
       rotator strength (velocity gauge)    :     -0.03267856 a.u.
       Rotator strength (velocity gauge)    :    -15.40609716 10^(-40)*erg*cm^3
 


  +=========================================================================+
  |  Transition                                             model: ADC(2)   |
  |    number, symmetry, multiplicity:   10 a    1                          |
  |    frequency :   0.1544266964 a.u.     4.20216 e.V.     33892.7 rcm     |
  +=========================================================================+

     +-----------+-----------------+-----------------+---------------------+
     | operator  |   left moment   |  right moment   | transition strength |
     +-----------+-----------------+-----------------+---------------------+
     | xdiplen   |     -0.38004287 |     -0.38004287 |       0.14443259    |
     | ydiplen   |     -0.99816807 |     -0.99816807 |       0.99633951    |
     | zdiplen   |     -0.98165139 |     -0.98165139 |       0.96363945    |
     | xdipvel   |     -0.04588921 |      0.04588921 |       0.00210582    |
     | ydipvel   |     -0.11786708 |      0.11786708 |       0.01389265    |
     | zdipvel   |     -0.11395308 |      0.11395308 |       0.01298530    |
     | xangmom   |     -0.57948871 |      0.57948871 |       0.33580717    |
     | yangmom   |     -0.70309938 |      0.70309938 |       0.49434874    |
     | zangmom   |     -0.09491419 |      0.09491419 |       0.00900870    |
     +-----------+-----------------+-----------------+---------------------+
 
       oscillator strength (length gauge)   :      0.21665155
       oscillator strength (velocity gauge) :      0.12512419
       oscillator strength (mixed gauge)    :      0.16463548
 
       rotator strength (length gauge)      :      0.50760728 a.u.
       Rotator strength (length gauge)      :    239.30822303 10^(-40)*erg*cm^3
       rotator strength (velocity gauge)    :      0.38944146 a.u.
       Rotator strength (velocity gauge)    :    183.59969687 10^(-40)*erg*cm^3
 
 Exporting transition densities


    ------------------------------------------------------------------------
         total  cpu-time :  27 days  2 hours 54 minutes and  1 seconds
         total wall-time : 22 hours 37 minutes and 28 seconds
    ------------------------------------------------------------------------

   ****  ricc2 : all done  ****


    2023-11-02 06:59:37.359 

