
   OpenMP run-time library returned nthreads = 36

 ricc2 (cpu-4-35) : TURBOMOLE rev. V7.5.0 compiled 17 Jun 2020 at 09:15:30
 Copyright (C) 2020 TURBOMOLE GmbH, Karlsruhe


    2023-11-01 08:47:44.759 



                              R I C C 2 - PROGRAM

                          the quantum chemistry groups
                             at the universities in
                               Karlsruhe & Bochum
                                   Germany



   *-----------------------------------------------------------------------*
   |                     program will use 36 thread(s)                     |
   *-----------------------------------------------------------------------*


              +--------------------------------------------------+
              | Atomic coordinate, charge and isotop information |
              +--------------------------------------------------+

                    atomic coordinates            atom    charge  isotop
         -1.27638567   -2.30312361   -3.02880131    n      7.000     0
         -1.71705091    0.33066328   -2.94918715    c      6.000     0
          0.05269650   -3.18120375   -0.95046162    c      6.000     0
          0.52937992   -1.09481382    0.58308892    c      6.000     0
         -0.52935804    1.09481184   -0.58309887    c      6.000     0
         -0.05269352    3.18122066    0.95045168    c      6.000     0
          1.71707279   -0.33064637    2.94917721    c      6.000     0
          1.27640755    2.30312162    3.02879137    n      7.000     0
         -2.85988168    1.50733905   -4.59825665    o      8.000     0
          2.85990356   -1.50734104    4.59824671    o      8.000     0
          1.86263839    3.45281209    4.44776782    h      1.000     0
         -1.86263541   -3.45281408   -4.44775887    h      1.000     0
         -0.04842274    7.74436123    2.44603763    c      6.000     0
         -0.77407757   10.35059591    2.00295354    c      6.000     0
         -2.14628330   11.02715565   -0.21456448    c      6.000     0
         -2.68479855   12.98007422   -0.53698955    h      1.000     0
         -2.75942384    9.15832990   -1.90942204    c      6.000     0
         -3.80359201    9.62114273   -3.61323691    h      1.000     0
         -2.06098106    6.59569120   -1.50093884    c      6.000     0
         -2.59465862    5.19238058   -2.90389042    h      1.000     0
         -0.72203451    5.81959958    0.62299994    c      6.000     0
          0.06705842   11.85394863    3.98650457    c      6.000     0
         -0.16229764   13.87081553    4.23394531    h      1.000     0
          1.60986863   10.01925133    6.13315786    s     16.000     0
          1.23379423    7.31272888    4.58509421    n      7.000     0
          0.04842572   -7.74436321   -2.44604757    c      6.000     0
          0.77406166  -10.35059790   -2.00294459    c      6.000     0
          2.14626739  -11.02715764    0.21457343    c      6.000     0
          2.68478264  -12.98007621    0.53701740    h      1.000     0
          2.75940792   -9.15833189    1.90941210    c      6.000     0
          3.80359499   -9.62114472    3.61322697    h      1.000     0
          2.06098405   -6.59569319    1.50094780    c      6.000     0
          2.59466160   -5.19238257    2.90389937    h      1.000     0
          0.72203750   -5.81960157   -0.62299098    c      6.000     0
         -0.06707434  -11.85395062   -3.98649562    c      6.000     0
          0.16226283  -13.87081752   -4.23393636    h      1.000     0
         -1.60986564  -10.01925332   -6.13316780    s     16.000     0
         -1.23379125   -7.31273087   -4.58510416    n      7.000     0
 
       center of nuclear mass  :    0.00000163    0.00000013   -0.00000192
       center of nuclear charge:    0.00000149    0.00000011   -0.00000176

   *************************************************************************
   test-5                                                                   
   *************************************************************************



              +--------------------------------------------------+
              |               basis set information              |
              +--------------------------------------------------+

              we will work with the 1s 3p 5d 7f 9g ... basis set
              ...i.e. with spherical basis functions...

   type   atoms  prim   cont   basis
   ---------------------------------------------------------------------------
    n        4     46     31   def2-TZVP   [5s3p2d1f|11s6p2d1f]
    c       20     46     31   def2-TZVP   [5s3p2d1f|11s6p2d1f]
    o        2     46     31   def2-TZVP   [5s3p2d1f|11s6p2d1f]
    h       10      8      6   def2-TZVP   [3s1p|5s1p]
    s        2     63     37   def2-TZVP   [5s5p2d1f|14s9p3d1f]
   ---------------------------------------------------------------------------
   total:   38   1402    940
   ---------------------------------------------------------------------------

   total number of primitive shells          :   93
   total number of contracted shells         :  352
   total number of cartesian basis functions : 1080
   total number of SCF-basis functions       :  940


 symmetry group of the molecule :   c1 

 the group has the following generators :
   c1(z)

    1 symmetry operations found

 there are 1 real representations :   a   


   =========================================================================


     restricted closed shell calculation for the wavefunction models:
               ADC(2)     - Algebraic Diagrammatic Construction to 2. Order (strict)


     global parameters for ricc2 program:

        hard restart (reuse of interm.) :  disabled
        soft restart (reuse of vectors) :  disabled
        threshold for vector function   :    0.100000E-06
        convergence threshold energy    :    0.100000E-07
        linear dependence threshold     :    0.100000E-13
        global print level              :      1
        maximum number of iterations    :   500
        maximum number DIIS vectors     :    10
        max. dim. of reduced space      :   100
        core memory limit (MB)          : 18000

     Scratch Directory : 


   =========================================================================

    der. integral neglect threshold  :  0.10E-08
    integral neglect threshold       :  0.31E-12
    integral storage threshold THIZE :  0.10E-04
    integral storage threshold THIME :         5


                  +------------------------------------------+
                  |     Auxiliary basis set information      |
                  +------------------------------------------+

              assign orbital basis set names as defaults
              read basis sets from /home/hlischka/programs/TURBOMOLE-7.5/TURBOMOLE//cbasen/
              (basis sets have been saved in file auxbasis)

              we will work with the 1s 3p 5d 7f 9g ... basis set
              ...i.e. with spherical basis functions...

   type   atoms  prim   cont   basis
   ---------------------------------------------------------------------------
    n        4     81     76   def2-TZVP   [8s6p4d3f1g|8s6p5d3f1g]
    c       20     81     76   def2-TZVP   [8s6p4d3f1g|8s6p5d3f1g]
    o        2     81     76   def2-TZVP   [8s6p4d3f1g|8s6p5d3f1g]
    h       10     23     15   def2-TZVP   [4s2p1d|4s3p2d]
    s        2    119    113   def2-TZVP   [9s7p6d5f2g|10s7p7d5f2g]
   ---------------------------------------------------------------------------
   total:   38   2574   2352
   ---------------------------------------------------------------------------

   total number of primitive shells          :  109
   total number of contracted shells         :  700
   total number of cartesian basis functions : 2922
   total number of SCF-basis functions       : 2352


 maximum number of shells which are related by symmetry :  1


 The symmetry information takes   1 MB

*---------------------------------------------------------------------*
|               simplified C1 algorithm will be applied               |
*---------------------------------------------------------------------*
  MOs are in ASCII format !


 reading orbital data $scfmo  from file mos
 orbital characterization : scfconv=7
 time elapsed for calculating density matrices :   4.813 sec
 all orbitals will be active in the correlation treatment


   Molecular Orbital Statistic:
   ============================

   -----------------------------
   orbitals in total:
   -----------------------------
    frozen occupied :      0
    active occupied :    103
    active virtual  :    837
    frozen virtual  :      0
    all together    :    940
   -----------------------------


     time in riccmos       cpu: 15.84 sec    wall:  1.00 sec    ratio: 15.8

     total memory allocated for calculation of (Q|P)**(-1/2) : 64 MiB


     calculation of (P|Q) ...
     time in lp2sym        cpu:  7.19 sec    wall:  0.20 sec    ratio: 35.5


     calculation of the Cholesky decomposition of (P|Q)**(-1) ...
     time in invmetri      cpu: 15.85 sec    wall:  0.52 sec    ratio: 30.5

   threshold for RMS(d[D]) in SCF was     :  0.10E-07
   integral neglect threshold             :  0.31E-12
   derivative integral neglect threshold  :  0.10E-08


 setting up bound for integral derivative estimation

 increment for numerical differentiation : 0.00050000

   =========================================================================

     Energy of reference wave function is -1926.1638085190000
     Maximum orbital residual is           0.4149322793141E-05


     Number of symmetry-nonredundant auxiliary basis functions:     2352

     Block lengths for integral files:
        frozen occupied (BOI):        0 MiB
        active occupied (BJI):        2 MiB
        active virtual  (BAI):       16 MiB
        frozen virtual  (BGI):        0 MiB
               general  (BTI):       17 MiB

   =========================================================================




   **************************************************************************
   *                                                                        *
   *          OPTIMIZATION OF THE GROUND STATE CLUSTER AMPLITUDES           *
   *                                                                        *
   **************************************************************************


   Iter.   MP2 energy       Norm(Omega)   Norm(t1)  Norm(t2)     cpu    wall
   ...........................................................................
    1  -1931.5313962724    0.2540276577     0.00000   0.75701  132.94    3.87
   ...........................................................................


     time in total         cpu:  2 h 13 min  wall:  0 h  3 min  ratio: 34.2


     **********************************************************************
     *                                                                    *
     *   RHF  energy                             :  -1926.1638085190      *
     *   MP2 correlation energy                  :     -5.3675877534      *
     *                                                                    *
     *   Final MP2 energy                        :  -1931.5313962724      *
     *                                                                    *
     *   Norm of MP1 T2 amplitudes               :      0.7570057989      *
     *                                                                    *
     *   D1 diagnostic                           :      0.0632            *
     *                                                                    *
     **********************************************************************



 **************************************************************
 *                                                            *
 *    OPTIMIZATION OF THE EXCITED STATE CLUSTER AMPLITUDES    *
 *                                                            *
 **************************************************************


  preoptimize excitation energies/vectors using CCS:
  ==================================================


 ======== LINEAR CC RESPONSE SOLVER ========

    threshold for convergence: 1.00E-03
    maximum number of simultaneous Jacobi matrix transformations: 10
                                                
     summary of start vectors generation:
     -------------------------------------------
     type of solution vectors      : RE0
     symmetry                      : a  
     number of vectors requested   :    10
     number of vectors generated   :    10
       -- guessed as rhs/(e_a-e_i) :    10
     -------------------------------------------
                                                

    Iter  #Vectors  time (min)    max. residual 
    --------------------------------------------
      1      10         6.85     0.13E+00  (  5)
      2      10         6.60     0.66E-01  (  7)
      3      10         6.46     0.57E-01  ( 10)
      4      10         6.09     0.54E-01  (  9)
      5      10         6.34     0.36E-01  (  9)
      6      10         6.07     0.25E-01  (  9)
      7       8         4.50     0.12E-01  (  9)
      8       5         3.06     0.53E-02  (  9)
      9       4         2.83     0.21E-02  (  9)
     10       1         0.68     0.62E-03  (  9)
    --------------------------------------------
    converged in 10 iterations

         Total time         49.48 minutes


 ===========================================




 Note that this is the intermediate result of a preoptimization!
 The convergence threshold was  0.1E-02 only!


 +==================================================================+
 | sym | multi | state |          CCS excitation energies           |
 |     |       |       +--------------------------------------------+
 |     |       |       |   Hartree    |     eV       |     cm-1     |
 +==================================================================+
 | a   |   1   |   1   |    0.1086982 |      2.95783 |    23856.499 |
 | a   |   1   |   2   |    0.1439690 |      3.91760 |    31597.546 |
 | a   |   1   |   3   |    0.1684770 |      4.58449 |    36976.429 |
 | a   |   1   |   4   |    0.1823644 |      4.96239 |    40024.350 |
 | a   |   1   |   5   |    0.1836977 |      4.99867 |    40316.989 |
 | a   |   1   |   6   |    0.1894831 |      5.15610 |    41586.727 |
 | a   |   1   |   7   |    0.1952371 |      5.31267 |    42849.601 |
 | a   |   1   |   8   |    0.1990852 |      5.41738 |    43694.147 |
 | a   |   1   |   9   |    0.2146027 |      5.83964 |    47099.851 |
 | a   |   1   |  10   |    0.2256438 |      6.14008 |    49523.088 |
 +==================================================================+




  preoptimize ADC(2) excitation energies/vectors using a quasi linear algorithm:
  ==============================================================================


 ======== LINEAR CC RESPONSE SOLVER ========

    threshold for convergence: 1.00E-03
    maximum number of simultaneous Jacobi matrix transformations: 10
                                                
     summary of start vectors generation:
     -------------------------------------------
     type of solution vectors      : RE0
     symmetry                      : a  
     number of vectors requested   :    10
     number of vectors generated   :    10
       -- restarted from file      :    10
     -------------------------------------------
                                                

    Iter  #Vectors  time (min)    max. residual 
    --------------------------------------------
 threshold for this macro iteration:  5.505021466171481E-002
      1      10        66.45     0.71E-01  ( 10)
 ...adapted threshold to:  6.209158257775477E-002
      2      10        67.51     0.53E-01  ( 10)
                                                
     summary of start vectors generation:
     -------------------------------------------
     type of solution vectors      : RE0
     symmetry                      : a  
     number of vectors requested   :    10
     number of vectors generated   :    10
       -- restarted from file      :    10
     -------------------------------------------
                                                

    Iter  #Vectors  time (min)    max. residual 
    --------------------------------------------
 threshold for this macro iteration:  1.111543421903462E-002
      3      10        67.63     0.55E-01  ( 10)
      4      10        67.58     0.25E-01  (  9)
      5       7        47.67     0.19E-01  (  9)
      6       4        27.46     0.10E-01  (  9)
                                                
     summary of start vectors generation:
     -------------------------------------------
     type of solution vectors      : RE0
     symmetry                      : a  
     number of vectors requested   :    10
     number of vectors generated   :    10
       -- restarted from file      :    10
     -------------------------------------------
                                                

    Iter  #Vectors  time (min)    max. residual 
    --------------------------------------------
 threshold for this macro iteration:  1.752955140739407E-003
      7      10        66.03     0.10E-01  (  3)
 ...adapted threshold to:  1.801489202692838E-003
      8       6        40.19     0.20E-01  ( 10)
 ...adapted threshold to:  8.144866482413610E-003
      9       5        34.32     0.82E-01  (  9)
 ...adapted threshold to:  1.569690606792376E-002
     10       1         6.71     0.11E+00  (  5)
     11       1         6.69     0.60E-01  (  3)
     12       1         6.27     0.18E-01  (  3)
     13       1         6.32     0.61E-02  (  2)
                                                
     summary of start vectors generation:
     -------------------------------------------
     type of solution vectors      : RE0
     symmetry                      : a  
     number of vectors requested   :    10
     number of vectors generated   :    10
       -- restarted from file      :    10
     -------------------------------------------
                                                

    Iter  #Vectors  time (min)    max. residual 
    --------------------------------------------
 threshold for this macro iteration:  9.798224643018508E-003
     14      10        64.83     0.55E-02  (  3)
                                                
     summary of start vectors generation:
     -------------------------------------------
     type of solution vectors      : RE0
     symmetry                      : a  
     number of vectors requested   :    10
     number of vectors generated   :    10
       -- restarted from file      :    10
     -------------------------------------------
                                                

    Iter  #Vectors  time (min)    max. residual 
    --------------------------------------------
 threshold for this macro iteration:  1.933544418371014E-003
     15      10        64.97     0.35E-02  (  3)
 ...adapted threshold to:  2.056398112373931E-003
     16       2        14.12     0.61E-02  ( 10)
     17       1         6.33     0.40E-02  ( 10)
 ...adapted threshold to:  2.056457888500285E-003
     18       1         6.32     0.33E-02  ( 10)
 ...adapted threshold to:  2.056697617448797E-003
     19       1         6.19     0.24E-02  ( 10)
 ...adapted threshold to:  2.057070710172040E-003
     20       1         6.31     0.11E-01  ( 10)
 ...adapted threshold to:  1.186638359457926E-002
     21       1         6.24     0.90E-01  (  8)
 ...adapted threshold to:  1.536313458220201E-002
     22       1         6.33     0.43E-01  (  6)
     23       1         6.31     0.24E-01  (  5)
     24       1         6.30     0.94E-02  (  5)
                                                
     summary of start vectors generation:
     -------------------------------------------
     type of solution vectors      : RE0
     symmetry                      : a  
     number of vectors requested   :    10
     number of vectors generated   :    10
       -- restarted from file      :    10
     -------------------------------------------
                                                

    Iter  #Vectors  time (min)    max. residual 
    --------------------------------------------
 threshold for this macro iteration:  3.400059451733689E-003
     25      10        64.28     0.16E-02  (  6)
                                                
     summary of start vectors generation:
     -------------------------------------------
     type of solution vectors      : RE0
     symmetry                      : a  
     number of vectors requested   :    10
     number of vectors generated   :    10
       -- restarted from file      :    10
     -------------------------------------------
                                                

    Iter  #Vectors  time (min)    max. residual 
    --------------------------------------------
 threshold for this macro iteration:  1.257485709757006E-003
     26      10        64.76     0.32E-02  (  6)
 ...adapted threshold to:  1.369298638574240E-003
     27       1         6.37     0.30E-02  (  6)
 ...adapted threshold to:  1.415247766331340E-003
     28       1         6.32     0.11E-02  (  6)
                                                
     summary of start vectors generation:
     -------------------------------------------
     type of solution vectors      : RE0
     symmetry                      : a  
     number of vectors requested   :    10
     number of vectors generated   :    10
       -- restarted from file      :    10
     -------------------------------------------
                                                

    Iter  #Vectors  time (min)    max. residual 
    --------------------------------------------
 threshold for this macro iteration:  1.000000000000000E-003
     29      10        63.84     0.12E-02  (  6)
     30       1         6.17     0.72E-03  (  6)
    --------------------------------------------
    converged in 30 iterations

         Total time        916.90 minutes


 ===========================================




 Note that this is the intermediate result of a preoptimization!
 The convergence threshold was  0.1E-02 only!


 +==================================================================+
 | sym | multi | state |          ADC(2) excitation energies        |
 |     |       |       +--------------------------------------------+
 |     |       |       |   Hartree    |     eV       |     cm-1     |
 +==================================================================+
 | a   |   1   |   1   |    0.0768268 |      2.09056 |    16861.524 |
 | a   |   1   |   2   |    0.1055258 |      2.87150 |    23160.231 |
 | a   |   1   |   3   |    0.1132927 |      3.08285 |    24864.879 |
 | a   |   1   |   4   |    0.1185179 |      3.22504 |    26011.668 |
 | a   |   1   |   5   |    0.1281888 |      3.48820 |    28134.200 |
 | a   |   1   |   6   |    0.1304340 |      3.54929 |    28626.959 |
 | a   |   1   |   7   |    0.1387845 |      3.77652 |    30459.667 |
 | a   |   1   |   8   |    0.1406835 |      3.82819 |    30876.457 |
 | a   |   1   |   9   |    0.1560420 |      4.24612 |    34247.253 |
 | a   |   1   |  10   |    0.1560787 |      4.24712 |    34255.322 |
 +==================================================================+





 solve for ADC(2) excitation energies/vectors using a DIIS algorithm:
 =================================================================


 ========= DIIS CC RESPONSE SOLVER =========

    threshold for convergence: 1.00E-06
    max. nb. of DIIS vectors :      10
    maximum number of simultaneous Jacobi matrix transformations: 10
                                                
     summary of start vectors generation:
     -------------------------------------------
     type of solution vectors      : RE0
     symmetry                      : a  
     number of vectors requested   :    10
     number of vectors generated   :    10
       -- restarted from file      :    10
     -------------------------------------------
                                                

    Iter  #Vectors  time (min)   residual
    --------------------------------------
      1      10        63.12     0.13E-02  (  6)    0.24E+01
      2       9        57.16     0.66E-03  ( 10)    0.17E+00
      3       9        57.14     0.54E-03  ( 10)    0.46E+00
      4       9        57.18     0.41E-03  ( 10)    0.15E+00
      5       9        57.77     0.22E-03  ( 10)    0.56E+00
      6       7        45.11     0.15E-03  ( 10)    0.46E-01
      7       7        44.78     0.10E-03  ( 10)    0.24E+00
      8       5        32.07     0.71E-04  ( 10)    0.21E-02
      9       4        26.21     0.43E-04  ( 10)    0.49E-01
     10       3        20.14     0.24E-04  ( 10)    0.20E-02
     11       3        20.09     0.15E-04  ( 10)    0.18E-02
     12       2        13.82     0.95E-05  ( 10)    0.37E-02
     13       2        13.88     0.58E-05  ( 10)    0.27E-02
     14       2        13.58     0.35E-05  ( 10)    0.23E-02
     15       2        13.78     0.23E-05  ( 10)    0.22E-02
     16       2        13.67     0.17E-05  ( 10)    0.19E-02
     17       2        13.86     0.13E-05  ( 10)    0.18E-02
     18       1         6.36     0.99E-06  ( 10)    0.18E-02
    --------------------------------------
    converged in  18 iterations

   Total time        569.73 minutes


 ===========================================





 +================================================================================+
 | sym | multi | state |          ADC(2) excitation energies    |  %t1   |  %t2   |
 |     |       |       +----------------------------------------+--------+--------+
 |     |       |       |   Hartree    |    eV      |    cm-1    |    %   |    %   |
 +================================================================================+
 | a   |   1   |   1   |    0.0768268 |    2.09056 |  16861.524 |  87.05 |  12.95 |
 | a   |   1   |   2   |    0.1055256 |    2.87150 |  23160.185 |  85.29 |  14.71 |
 | a   |   1   |   3   |    0.1132909 |    3.08280 |  24864.485 |  85.04 |  14.96 |
 | a   |   1   |   4   |    0.1185178 |    3.22503 |  26011.660 |  86.80 |  13.20 |
 | a   |   1   |   5   |    0.1281864 |    3.48813 |  28133.660 |  85.86 |  14.14 |
 | a   |   1   |   6   |    0.1303984 |    3.54832 |  28619.130 |  84.92 |  15.08 |
 | a   |   1   |   7   |    0.1387836 |    3.77649 |  30459.474 |  86.73 |  13.27 |
 | a   |   1   |   8   |    0.1406834 |    3.82819 |  30876.435 |  86.93 |  13.07 |
 | a   |   1   |   9   |    0.1560328 |    4.24587 |  34245.251 |  87.60 |  12.40 |
 | a   |   1   |  10   |    0.1560572 |    4.24653 |  34250.601 |  87.60 |  12.40 |
 +================================================================================+


       Energy:     0.0768268 H      2.09056 eV    16861.524 cm-1

     +=======================================================================+
     | type: RE0                    symmetry: a               state:    1    |
     +-----------------------+-----------------------+-----------------------+
     | occ. orb.  index spin | vir. orb.  index spin |  coeff/|amp|     %    |
     +=======================+=======================+=======================+
     |  103 a      103       |  104 a      104       |   0.93674      87.7   |
     |  103 a      103       |  106 a      106       |  -0.19334       3.7   |
     |  101 a      101       |  104 a      104       |  -0.14900       2.2   |
     |   99 a       99       |  104 a      104       |   0.10028       1.0   |
     |   96 a       96       |  104 a      104       |   0.09728       0.9   |
     +=======================+=======================+=======================+
     norm of printed elements:  0.95658


       Energy:     0.1055256 H      2.87150 eV    23160.185 cm-1

     +=======================================================================+
     | type: RE0                    symmetry: a               state:    2    |
     +-----------------------+-----------------------+-----------------------+
     | occ. orb.  index spin | vir. orb.  index spin |  coeff/|amp|     %    |
     +=======================+=======================+=======================+
     |  103 a      103       |  105 a      105       |   0.95792      91.8   |
     |  103 a      103       |  107 a      107       |  -0.12750       1.6   |
     |  101 a      101       |  105 a      105       |  -0.12704       1.6   |
     +=======================+=======================+=======================+
     norm of printed elements:  0.95001


       Energy:     0.1132909 H      3.08280 eV    24864.485 cm-1

     +=======================================================================+
     | type: RE0                    symmetry: a               state:    3    |
     +-----------------------+-----------------------+-----------------------+
     | occ. orb.  index spin | vir. orb.  index spin |  coeff/|amp|     %    |
     +=======================+=======================+=======================+
     |   97 a       97       |  104 a      104       |   0.87524      76.6   |
     |   97 a       97       |  106 a      106       |  -0.40739      16.6   |
     |   97 a       97       |  114 a      114       |   0.12990       1.7   |
     |   92 a       92       |  104 a      104       |  -0.08907       0.8   |
     +=======================+=======================+=======================+
     norm of printed elements:  0.95681


       Energy:     0.1185178 H      3.22503 eV    26011.660 cm-1

     +=======================================================================+
     | type: RE0                    symmetry: a               state:    4    |
     +-----------------------+-----------------------+-----------------------+
     | occ. orb.  index spin | vir. orb.  index spin |  coeff/|amp|     %    |
     +=======================+=======================+=======================+
     |   98 a       98       |  104 a      104       |   0.77991      60.8   |
     |   98 a       98       |  106 a      106       |  -0.37485      14.1   |
     |  102 a      102       |  104 a      104       |  -0.33858      11.5   |
     |  100 a      100       |  104 a      104       |   0.26980       7.3   |
     |   98 a       98       |  114 a      114       |   0.11980       1.4   |
     +=======================+=======================+=======================+
     norm of printed elements:  0.95055


       Energy:     0.1281864 H      3.48813 eV    28133.660 cm-1

     +=======================================================================+
     | type: RE0                    symmetry: a               state:    5    |
     +-----------------------+-----------------------+-----------------------+
     | occ. orb.  index spin | vir. orb.  index spin |  coeff/|amp|     %    |
     +=======================+=======================+=======================+
     |  103 a      103       |  106 a      106       |   0.92390      85.4   |
     |  103 a      103       |  104 a      104       |   0.19906       4.0   |
     |  102 a      102       |  105 a      105       |   0.16709       2.8   |
     |  103 a      103       |  114 a      114       |  -0.12061       1.5   |
     |  101 a      101       |  106 a      106       |  -0.10092       1.0   |
     |   98 a       98       |  105 a      105       |  -0.08136       0.7   |
     +=======================+=======================+=======================+
     norm of printed elements:  0.95249


       Energy:     0.1303984 H      3.54832 eV    28619.130 cm-1

     +=======================================================================+
     | type: RE0                    symmetry: a               state:    6    |
     +-----------------------+-----------------------+-----------------------+
     | occ. orb.  index spin | vir. orb.  index spin |  coeff/|amp|     %    |
     +=======================+=======================+=======================+
     |   94 a       94       |  104 a      104       |   0.84269      71.0   |
     |   94 a       94       |  106 a      106       |  -0.39657      15.7   |
     |   97 a       97       |  105 a      105       |   0.17335       3.0   |
     |   93 a       93       |  104 a      104       |   0.15595       2.4   |
     |   94 a       94       |  114 a      114       |   0.13195       1.7   |
     |   97 a       97       |  107 a      107       |  -0.12346       1.5   |
     +=======================+=======================+=======================+
     norm of printed elements:  0.95441


       Energy:     0.1387836 H      3.77649 eV    30459.474 cm-1

     +=======================================================================+
     | type: RE0                    symmetry: a               state:    7    |
     +-----------------------+-----------------------+-----------------------+
     | occ. orb.  index spin | vir. orb.  index spin |  coeff/|amp|     %    |
     +=======================+=======================+=======================+
     |  101 a      101       |  104 a      104       |   0.83937      70.5   |
     |  102 a      102       |  105 a      105       |   0.35254      12.4   |
     |   99 a       99       |  104 a      104       |  -0.19308       3.7   |
     |  103 a      103       |  104 a      104       |   0.15317       2.3   |
     |  103 a      103       |  106 a      106       |  -0.12736       1.6   |
     |   90 a       90       |  104 a      104       |  -0.12702       1.6   |
     |   96 a       96       |  104 a      104       |  -0.12328       1.5   |
     |  101 a      101       |  106 a      106       |  -0.09207       0.8   |
     |  100 a      100       |  105 a      105       |   0.08206       0.7   |
     +=======================+=======================+=======================+
     norm of printed elements:  0.95234


       Energy:     0.1406834 H      3.82819 eV    30876.435 cm-1

     +=======================================================================+
     | type: RE0                    symmetry: a               state:    8    |
     +-----------------------+-----------------------+-----------------------+
     | occ. orb.  index spin | vir. orb.  index spin |  coeff/|amp|     %    |
     +=======================+=======================+=======================+
     |  102 a      102       |  104 a      104       |   0.82427      67.9   |
     |  101 a      101       |  105 a      105       |   0.37468      14.0   |
     |   98 a       98       |  104 a      104       |   0.28558       8.2   |
     |   91 a       91       |  104 a      104       |  -0.12280       1.5   |
     |  100 a      100       |  104 a      104       |   0.12199       1.5   |
     |   98 a       98       |  106 a      106       |  -0.08636       0.7   |
     |  103 a      103       |  107 a      107       |   0.08017       0.6   |
     |  102 a      102       |  106 a      106       |  -0.07219       0.5   |
     +=======================+=======================+=======================+
     norm of printed elements:  0.95043


       Energy:     0.1560328 H      4.24587 eV    34245.251 cm-1

     +=======================================================================+
     | type: RE0                    symmetry: a               state:    9    |
     +-----------------------+-----------------------+-----------------------+
     | occ. orb.  index spin | vir. orb.  index spin |  coeff/|amp|     %    |
     +=======================+=======================+=======================+
     |   99 a       99       |  104 a      104       |   0.70281      49.4   |
     |  100 a      100       |  105 a      105       |   0.50252      25.3   |
     |  103 a      103       |  111 a      111       |   0.33990      11.6   |
     |  102 a      102       |  110 a      110       |   0.22237       4.9   |
     |  101 a      101       |  104 a      104       |   0.13479       1.8   |
     |  101 a      101       |  111 a      111       |   0.12315       1.5   |
     |  103 a      103       |  104 a      104       |  -0.06730       0.5   |
     |   99 a       99       |  106 a      106       |   0.06300       0.4   |
     +=======================+=======================+=======================+
     norm of printed elements:  0.95327


       Energy:     0.1560572 H      4.24653 eV    34250.601 cm-1

     +=======================================================================+
     | type: RE0                    symmetry: a               state:   10    |
     +-----------------------+-----------------------+-----------------------+
     | occ. orb.  index spin | vir. orb.  index spin |  coeff/|amp|     %    |
     +=======================+=======================+=======================+
     |  100 a      100       |  104 a      104       |   0.67441      45.5   |
     |   99 a       99       |  105 a      105       |   0.46151      21.3   |
     |  103 a      103       |  110 a      110       |   0.33653      11.3   |
     |   98 a       98       |  104 a      104       |  -0.23030       5.3   |
     |  102 a      102       |  111 a      111       |   0.21910       4.8   |
     |  103 a      103       |  107 a      107       |  -0.15687       2.5   |
     |  101 a      101       |  105 a      105       |   0.13899       1.9   |
     |  101 a      101       |  110 a      110       |   0.11977       1.4   |
     |  100 a      100       |  106 a      106       |   0.09732       0.9   |
     |   91 a       91       |  104 a      104       |   0.05645       0.3   |
     |   98 a       98       |  106 a      106       |   0.05561       0.3   |
     +=======================+=======================+=======================+
     norm of printed elements:  0.95614



     Info: copy ADC(2) right eigenvectors into left eigenvector files.


                    ========   CC DENSITY MODULE   ========

                      current wave-function model: ADC(2)  

  calculating overlap between   10 left and right vector(s)
    density nr.      cpu/min        wall/min    L     R
   ------------------------------------------------------
         1           144.90            5.14    LE0    RE0 
         2           145.69            5.18    LE0    RE0 
         3           144.99            5.15    LE0    RE0 
         4           145.27            5.17    LE0    RE0 
         5           145.05            5.17    LE0    RE0 
         6           144.88            5.14    LE0    RE0 
         7           145.93            5.22    LE0    RE0 
         8           145.31            5.17    LE0    RE0 
         9           145.91            5.23    LE0    RE0 
        10           145.17            5.16    LE0    RE0 
   ------------------------------------------------------
     time in cc_1den       cpu:   1 d  0 h 14 min  wall:   0 d  0 h 51 min  ratio: 28.1



     +==========================================================+
     |   contributions of excitation levels to excited states   |
     |     wavefunctions as computed from the <L|R> overlap     |
     +----------------------------------------------------------+
     | sym | multi | state |    E / eV  | % singles | % doubles |
     +==========================================================+
     | a   |   1   |   1   |    2.09056 |   87.05   |   12.95   |
     | a   |   1   |   2   |    2.87150 |   85.29   |   14.71   |
     | a   |   1   |   3   |    3.08280 |   85.04   |   14.96   |
     | a   |   1   |   4   |    3.22503 |   86.80   |   13.20   |
     | a   |   1   |   5   |    3.48813 |   85.86   |   14.14   |
     | a   |   1   |   6   |    3.54832 |   84.92   |   15.08   |
     | a   |   1   |   7   |    3.77649 |   86.73   |   13.27   |
     | a   |   1   |   8   |    3.82819 |   86.93   |   13.07   |
     | a   |   1   |   9   |    4.24587 |   87.60   |   12.40   |
     | a   |   1   |  10   |    4.24653 |   87.60   |   12.40   |
     +==========================================================+



      The semi-canonical algorithm will be used for densities


                    ========   CC DENSITY MODULE   ========

                      current wave-function model: ADC(2)  

  calculating    10 xi densities

   a semicanonical algorithm will be used when possible

    density nr.      cpu/min        wall/min    L     R
   ------------------------------------------------------
         1           274.63           10.50    LE0    R0  
         2           271.59           10.42    LE0    R0  
         3           274.93           10.80    LE0    R0  
         4           269.39           10.29    LE0    R0  
         5           271.44           10.39    LE0    R0  
         6           270.68           10.37    LE0    R0  
         7           269.80           10.38    LE0    R0  
         8           273.89           10.51    LE0    R0  
         9           271.83           10.37    LE0    R0  
        10           271.12           10.33    LE0    R0  
   ------------------------------------------------------
     time in cc_1den       cpu:   1 d 21 h 20 min  wall:   0 d  1 h 44 min  ratio: 26.0


 **************************************************************
 *                                                            *
 *<<<<<<<<<<<<  ONE-PHOTON ABSORPTION STRENGTHS  >>>>>>>>>>>>>*
 *                                                            *
 **************************************************************


  +=========================================================================+
  |  Transition                                             model: ADC(2)   |
  |    number, symmetry, multiplicity:    1 a    1                          |
  |    frequency :   0.0768267568 a.u.     2.09056 e.V.     16861.5 rcm     |
  +=========================================================================+

     +-----------+-----------------+-----------------+---------------------+
     | operator  |   left moment   |  right moment   | transition strength |
     +-----------+-----------------+-----------------+---------------------+
     | xdiplen   |      0.06156167 |      0.06156167 |       0.00378984    |
     | ydiplen   |      2.96555121 |      2.96555121 |       8.79449398    |
     | zdiplen   |      1.08040575 |      1.08040575 |       1.16727658    |
     | xdipvel   |      0.01381770 |     -0.01381770 |       0.00019093    |
     | ydipvel   |      0.19974138 |     -0.19974138 |       0.03989662    |
     | zdipvel   |      0.08998760 |     -0.08998760 |       0.00809777    |
     | xangmom   |     -0.00000661 |      0.00000661 |       0.00000000    |
     | yangmom   |     -0.00000184 |      0.00000184 |       0.00000000    |
     | zangmom   |      0.00000763 |     -0.00000763 |       0.00000000    |
     +-----------+-----------------+-----------------+---------------------+
 
       oscillator strength (length gauge)   :      0.51041446
       oscillator strength (velocity gauge) :      0.41812964
       oscillator strength (mixed gauge)    :      0.46027804
 
       rotator strength (length gauge)      :      0.00000119 a.u.
       Rotator strength (length gauge)      :      0.00056090 10^(-40)*erg*cm^3
       rotator strength (velocity gauge)    :      0.00000148 a.u.
       Rotator strength (velocity gauge)    :      0.00069865 10^(-40)*erg*cm^3
 


  +=========================================================================+
  |  Transition                                             model: ADC(2)   |
  |    number, symmetry, multiplicity:    2 a    1                          |
  |    frequency :   0.1055255668 a.u.     2.87150 e.V.     23160.2 rcm     |
  +=========================================================================+

     +-----------+-----------------+-----------------+---------------------+
     | operator  |   left moment   |  right moment   | transition strength |
     +-----------+-----------------+-----------------+---------------------+
     | xdiplen   |      0.00001042 |      0.00001042 |       0.00000000    |
     | ydiplen   |      0.00005496 |      0.00005496 |       0.00000000    |
     | zdiplen   |      0.00003164 |      0.00003164 |       0.00000000    |
     | xdipvel   |      0.00000143 |     -0.00000143 |       0.00000000    |
     | ydipvel   |      0.00000465 |     -0.00000465 |       0.00000000    |
     | zdipvel   |      0.00000362 |     -0.00000362 |       0.00000000    |
     | xangmom   |     -0.04045499 |      0.04045499 |       0.00163661    |
     | yangmom   |     -0.00689601 |      0.00689601 |       0.00004755    |
     | zangmom   |      0.02341835 |     -0.02341835 |       0.00054842    |
     +-----------+-----------------+-----------------+---------------------+
 
       oscillator strength (length gauge)   :      0.00000000
       oscillator strength (velocity gauge) :      0.00000000
       oscillator strength (mixed gauge)    :      0.00000000
 
       rotator strength (length gauge)      :     -0.00000003 a.u.
       Rotator strength (length gauge)      :     -0.00001405 10^(-40)*erg*cm^3
       rotator strength (velocity gauge)    :     -0.00000003 a.u.
       Rotator strength (velocity gauge)    :     -0.00001194 10^(-40)*erg*cm^3
 


  +=========================================================================+
  |  Transition                                             model: ADC(2)   |
  |    number, symmetry, multiplicity:    3 a    1                          |
  |    frequency :   0.1132909318 a.u.     3.08280 e.V.     24864.5 rcm     |
  +=========================================================================+

     +-----------+-----------------+-----------------+---------------------+
     | operator  |   left moment   |  right moment   | transition strength |
     +-----------+-----------------+-----------------+---------------------+
     | xdiplen   |      0.01613982 |      0.01613982 |       0.00026049    |
     | ydiplen   |      0.00330176 |      0.00330176 |       0.00001090    |
     | zdiplen   |     -0.00996198 |     -0.00996198 |       0.00009924    |
     | xdipvel   |      0.00029566 |     -0.00029566 |       0.00000009    |
     | ydipvel   |      0.00006162 |     -0.00006162 |       0.00000000    |
     | zdipvel   |     -0.00029576 |      0.00029576 |       0.00000009    |
     | xangmom   |      0.00002845 |     -0.00002845 |       0.00000000    |
     | yangmom   |     -0.00000540 |      0.00000540 |       0.00000000    |
     | zangmom   |     -0.00000633 |      0.00000633 |       0.00000000    |
     +-----------+-----------------+-----------------+---------------------+
 
       oscillator strength (length gauge)   :      0.00002799
       oscillator strength (velocity gauge) :      0.00000105
       oscillator strength (mixed gauge)    :      0.00000528
 
       rotator strength (length gauge)      :      0.00000025 a.u.
       Rotator strength (length gauge)      :      0.00011891 10^(-40)*erg*cm^3
       rotator strength (velocity gauge)    :      0.00000004 a.u.
       Rotator strength (velocity gauge)    :      0.00002071 10^(-40)*erg*cm^3
 


  +=========================================================================+
  |  Transition                                             model: ADC(2)   |
  |    number, symmetry, multiplicity:    4 a    1                          |
  |    frequency :   0.1185178458 a.u.     3.22503 e.V.     26011.7 rcm     |
  +=========================================================================+

     +-----------+-----------------+-----------------+---------------------+
     | operator  |   left moment   |  right moment   | transition strength |
     +-----------+-----------------+-----------------+---------------------+
     | xdiplen   |     -0.00000466 |     -0.00000466 |       0.00000000    |
     | ydiplen   |      0.00002830 |      0.00002830 |       0.00000000    |
     | zdiplen   |      0.00000365 |      0.00000365 |       0.00000000    |
     | xdipvel   |     -0.00000010 |      0.00000010 |       0.00000000    |
     | ydipvel   |      0.00000222 |     -0.00000222 |       0.00000000    |
     | zdipvel   |      0.00000053 |     -0.00000053 |       0.00000000    |
     | xangmom   |      0.99509909 |     -0.99509909 |       0.99022221    |
     | yangmom   |      0.18336634 |     -0.18336634 |       0.03362322    |
     | zangmom   |     -0.55918361 |      0.55918361 |       0.31268631    |
     +-----------+-----------------+-----------------+---------------------+
 
       oscillator strength (length gauge)   :      0.00000000
       oscillator strength (velocity gauge) :      0.00000000
       oscillator strength (mixed gauge)    :      0.00000000
 
       rotator strength (length gauge)      :     -0.00000075 a.u.
       Rotator strength (length gauge)      :     -0.00035151 10^(-40)*erg*cm^3
       rotator strength (velocity gauge)    :      0.00000007 a.u.
       Rotator strength (velocity gauge)    :      0.00003263 10^(-40)*erg*cm^3
 


  +=========================================================================+
  |  Transition                                             model: ADC(2)   |
  |    number, symmetry, multiplicity:    5 a    1                          |
  |    frequency :   0.1281863881 a.u.     3.48813 e.V.     28133.7 rcm     |
  +=========================================================================+

     +-----------+-----------------+-----------------+---------------------+
     | operator  |   left moment   |  right moment   | transition strength |
     +-----------+-----------------+-----------------+---------------------+
     | xdiplen   |     -0.40239466 |     -0.40239466 |       0.16192146    |
     | ydiplen   |      0.03479809 |      0.03479809 |       0.00121091    |
     | zdiplen   |     -0.70607429 |     -0.70607429 |       0.49854090    |
     | xdipvel   |     -0.05472526 |      0.05472526 |       0.00299485    |
     | ydipvel   |      0.02146731 |     -0.02146731 |       0.00046085    |
     | zdipvel   |     -0.09054570 |      0.09054570 |       0.00819852    |
     | xangmom   |     -0.00003125 |      0.00003125 |       0.00000000    |
     | yangmom   |     -0.00001056 |      0.00001056 |       0.00000000    |
     | zangmom   |      0.00001518 |     -0.00001518 |       0.00000000    |
     +-----------+-----------------+-----------------+---------------------+
 
       oscillator strength (length gauge)   :      0.05654500
       oscillator strength (velocity gauge) :      0.06061082
       oscillator strength (mixed gauge)    :      0.05780011
 
       rotator strength (length gauge)      :      0.00000074 a.u.
       Rotator strength (length gauge)      :      0.00035067 10^(-40)*erg*cm^3
       rotator strength (velocity gauge)    :      0.00000042 a.u.
       Rotator strength (velocity gauge)    :      0.00019992 10^(-40)*erg*cm^3
 


  +=========================================================================+
  |  Transition                                             model: ADC(2)   |
  |    number, symmetry, multiplicity:    6 a    1                          |
  |    frequency :   0.1303983515 a.u.     3.54832 e.V.     28619.1 rcm     |
  +=========================================================================+

     +-----------+-----------------+-----------------+---------------------+
     | operator  |   left moment   |  right moment   | transition strength |
     +-----------+-----------------+-----------------+---------------------+
     | xdiplen   |      0.00002884 |      0.00002884 |       0.00000000    |
     | ydiplen   |     -0.00003895 |     -0.00003895 |       0.00000000    |
     | zdiplen   |      0.00004037 |      0.00004037 |       0.00000000    |
     | xdipvel   |      0.00000374 |     -0.00000374 |       0.00000000    |
     | ydipvel   |     -0.00000468 |      0.00000468 |       0.00000000    |
     | zdipvel   |      0.00000532 |     -0.00000532 |       0.00000000    |
     | xangmom   |      0.27116795 |     -0.27116795 |       0.07353206    |
     | yangmom   |     -0.26171377 |      0.26171377 |       0.06849410    |
     | zangmom   |      0.39034525 |     -0.39034525 |       0.15236941    |
     +-----------+-----------------+-----------------+---------------------+
 
       oscillator strength (length gauge)   :      0.00000000
       oscillator strength (velocity gauge) :      0.00000000
       oscillator strength (mixed gauge)    :      0.00000000
 
       rotator strength (length gauge)      :      0.00001689 a.u.
       Rotator strength (length gauge)      :      0.00796117 10^(-40)*erg*cm^3
       rotator strength (velocity gauge)    :      0.00001655 a.u.
       Rotator strength (velocity gauge)    :      0.00780167 10^(-40)*erg*cm^3
 


  +=========================================================================+
  |  Transition                                             model: ADC(2)   |
  |    number, symmetry, multiplicity:    7 a    1                          |
  |    frequency :   0.1387835760 a.u.     3.77649 e.V.     30459.5 rcm     |
  +=========================================================================+

     +-----------+-----------------+-----------------+---------------------+
     | operator  |   left moment   |  right moment   | transition strength |
     +-----------+-----------------+-----------------+---------------------+
     | xdiplen   |     -0.30766875 |     -0.30766875 |       0.09466006    |
     | ydiplen   |      2.33868876 |      2.33868876 |       5.46946510    |
     | zdiplen   |      0.21545767 |      0.21545767 |       0.04642201    |
     | xdipvel   |     -0.04970498 |      0.04970498 |       0.00247059    |
     | ydipvel   |      0.29441181 |     -0.29441181 |       0.08667832    |
     | zdipvel   |      0.00759614 |     -0.00759614 |       0.00005770    |
     | xangmom   |      0.00009042 |     -0.00009042 |       0.00000001    |
     | yangmom   |      0.00000949 |     -0.00000949 |       0.00000000    |
     | zangmom   |     -0.00005761 |      0.00005761 |       0.00000000    |
     +-----------+-----------------+-----------------+---------------------+
 
       oscillator strength (length gauge)   :      0.51910120
       oscillator strength (velocity gauge) :      0.42851662
       oscillator strength (mixed gauge)    :      0.47031128
 
       rotator strength (length gauge)      :     -0.00000902 a.u.
       Rotator strength (length gauge)      :     -0.00425060 10^(-40)*erg*cm^3
       rotator strength (velocity gauge)    :     -0.00000770 a.u.
       Rotator strength (velocity gauge)    :     -0.00363015 10^(-40)*erg*cm^3
 


  +=========================================================================+
  |  Transition                                             model: ADC(2)   |
  |    number, symmetry, multiplicity:    8 a    1                          |
  |    frequency :   0.1406833893 a.u.     3.82819 e.V.     30876.4 rcm     |
  +=========================================================================+

     +-----------+-----------------+-----------------+---------------------+
     | operator  |   left moment   |  right moment   | transition strength |
     +-----------+-----------------+-----------------+---------------------+
     | xdiplen   |     -0.00003330 |     -0.00003330 |       0.00000000    |
     | ydiplen   |      0.00022741 |      0.00022741 |       0.00000005    |
     | zdiplen   |      0.00000870 |      0.00000870 |       0.00000000    |
     | xdipvel   |     -0.00000521 |      0.00000521 |       0.00000000    |
     | ydipvel   |      0.00002974 |     -0.00002974 |       0.00000000    |
     | zdipvel   |     -0.00000042 |      0.00000042 |       0.00000000    |
     | xangmom   |     -0.57455546 |      0.57455546 |       0.33011398    |
     | yangmom   |     -0.10430400 |      0.10430400 |       0.01087932    |
     | zangmom   |      0.32522160 |     -0.32522160 |       0.10576909    |
     +-----------+-----------------+-----------------+---------------------+
 
       oscillator strength (length gauge)   :      0.00000000
       oscillator strength (velocity gauge) :      0.00000000
       oscillator strength (mixed gauge)    :      0.00000000
 
       rotator strength (length gauge)      :     -0.00000088 a.u.
       Rotator strength (length gauge)      :     -0.00041411 10^(-40)*erg*cm^3
       rotator strength (velocity gauge)    :     -0.00000087 a.u.
       Rotator strength (velocity gauge)    :     -0.00041100 10^(-40)*erg*cm^3
 


  +=========================================================================+
  |  Transition                                             model: ADC(2)   |
  |    number, symmetry, multiplicity:    9 a    1                          |
  |    frequency :   0.1560328467 a.u.     4.24587 e.V.     34245.3 rcm     |
  +=========================================================================+

     +-----------+-----------------+-----------------+---------------------+
     | operator  |   left moment   |  right moment   | transition strength |
     +-----------+-----------------+-----------------+---------------------+
     | xdiplen   |      0.66275417 |      0.66275417 |       0.43924309    |
     | ydiplen   |     -0.02659214 |     -0.02659214 |       0.00070714    |
     | zdiplen   |      1.16833114 |      1.16833114 |       1.36499766    |
     | xdipvel   |      0.07918104 |     -0.07918104 |       0.00626964    |
     | ydipvel   |     -0.01395836 |      0.01395836 |       0.00019484    |
     | zdipvel   |      0.13608163 |     -0.13608163 |       0.01851821    |
     | xangmom   |      0.03343054 |     -0.03343054 |       0.00111760    |
     | yangmom   |      0.00615397 |     -0.00615397 |       0.00003787    |
     | zangmom   |     -0.01879894 |      0.01879894 |       0.00035340    |
     +-----------+-----------------+-----------------+---------------------+
 
       oscillator strength (length gauge)   :      0.18775411
       oscillator strength (velocity gauge) :      0.10674113
       oscillator strength (mixed gauge)    :      0.14122477
 
       rotator strength (length gauge)      :      0.00001460 a.u.
       Rotator strength (length gauge)      :      0.00688259 10^(-40)*erg*cm^3
       rotator strength (velocity gauge)    :      0.00000953 a.u.
       Rotator strength (velocity gauge)    :      0.00449510 10^(-40)*erg*cm^3
 


  +=========================================================================+
  |  Transition                                             model: ADC(2)   |
  |    number, symmetry, multiplicity:   10 a    1                          |
  |    frequency :   0.1560572197 a.u.     4.24653 e.V.     34250.6 rcm     |
  +=========================================================================+

     +-----------+-----------------+-----------------+---------------------+
     | operator  |   left moment   |  right moment   | transition strength |
     +-----------+-----------------+-----------------+---------------------+
     | xdiplen   |      0.01183299 |      0.01183299 |       0.00014002    |
     | ydiplen   |     -0.00045809 |     -0.00045809 |       0.00000021    |
     | zdiplen   |      0.02086855 |      0.02086855 |       0.00043550    |
     | xdipvel   |      0.00141406 |     -0.00141406 |       0.00000200    |
     | ydipvel   |     -0.00024683 |      0.00024683 |       0.00000006    |
     | zdipvel   |      0.00243160 |     -0.00243160 |       0.00000591    |
     | xangmom   |     -1.93328887 |      1.93328887 |       3.73760585    |
     | yangmom   |     -0.35542650 |      0.35542650 |       0.12632800    |
     | zangmom   |      1.08747818 |     -1.08747818 |       1.18260880    |
     +-----------+-----------------+-----------------+---------------------+
 
       oscillator strength (length gauge)   :      0.00005990
       oscillator strength (velocity gauge) :      0.00003406
       oscillator strength (mixed gauge)    :      0.00004506
 
       rotator strength (length gauge)      :     -0.00000983 a.u.
       Rotator strength (length gauge)      :     -0.00463651 10^(-40)*erg*cm^3
       rotator strength (velocity gauge)    :     -0.00000555 a.u.
       Rotator strength (velocity gauge)    :     -0.00261825 10^(-40)*erg*cm^3
 
 Exporting transition densities


    ------------------------------------------------------------------------
         total  cpu-time :  32 days 15 hours 48 minutes and  4 seconds
         total wall-time :   1 days  4 hours 16 minutes and 47 seconds
    ------------------------------------------------------------------------

   ****  ricc2 : all done  ****


    2023-11-02 13:04:31.819 

