
   OpenMP run-time library returned nthreads = 36

 ricc2 (cpu-3-23) : TURBOMOLE rev. V7.5.0 compiled 17 Jun 2020 at 09:15:30
 Copyright (C) 2020 TURBOMOLE GmbH, Karlsruhe


    2023-11-01 09:01:43.691 



                              R I C C 2 - PROGRAM

                          the quantum chemistry groups
                             at the universities in
                               Karlsruhe & Bochum
                                   Germany



   *-----------------------------------------------------------------------*
   |                     program will use 36 thread(s)                     |
   *-----------------------------------------------------------------------*


              +--------------------------------------------------+
              | Atomic coordinate, charge and isotop information |
              +--------------------------------------------------+

                    atomic coordinates            atom    charge  isotop
          2.74420359   -2.92644728   -0.71335222    n      7.000     0
          0.10463414   -3.42629874   -0.85134002    c      6.000     0
          3.30017991   -0.34904982   -0.77777298    c      6.000     0
          0.99628251    0.90402757   -0.88956918    c      6.000     0
         -0.99628251   -0.90400569   -0.88956918    c      6.000     0
         -3.30017991    0.34907170   -0.77777298    c      6.000     0
         -0.10463414    3.42632062   -0.85134002    c      6.000     0
         -2.74420359    2.92645027   -0.71335222    n      7.000     0
         -0.81613492   -5.54596674   -0.95304508    o      8.000     0
          0.81613492    5.54598862   -0.95304508    o      8.000     0
         -4.01224761    4.32023667   -1.00903766    h      1.000     0
          4.01224761   -4.32023368   -1.00901877    h      1.000     0
        -10.20043926   -1.15178658   -0.33946990    c      6.000     0
         -8.11335014    0.58341664   -0.01245280    c      6.000     0
         -8.61442992    3.03883228    0.97285040    c      6.000     0
         -7.09391849    4.35039670    1.37706282    h      1.000     0
        -11.06644406    3.71994627    1.51183809    c      6.000     0
        -11.44796086    5.58544610    2.27619451    h      1.000     0
        -13.12373220    2.01936283    1.11954984    c      6.000     0
        -15.02774465    2.64045911    1.56524175    h      1.000     0
        -12.72031346   -0.38198775    0.22731565    c      6.000     0
         -5.82857677   -0.61962081   -0.69891471    c      6.000     0
         -6.54049330   -3.70093264   -1.58270182    s     16.000     0
         -9.61638161   -3.47420330   -1.17391627    n      7.000     0
         10.20043926    1.15177067   -0.33946990    c      6.000     0
          8.11335014   -0.58341365   -0.01243390    c      6.000     0
          8.61442992   -3.03882929    0.97286930    c      6.000     0
          7.09391849   -4.35039371    1.37708172    h      1.000     0
         11.06644406   -3.71994328    1.51183809    c      6.000     0
         11.44796086   -5.58546201    2.27617561    h      1.000     0
         13.12373220   -2.01937874    1.11954984    c      6.000     0
         15.02774465   -2.64047503    1.56522285    h      1.000     0
         12.72031346    0.38199073    0.22731565    c      6.000     0
          5.82857677    0.61962379   -0.69889581    c      6.000     0
          6.54049330    3.70091672   -1.58270182    s     16.000     0
          9.61638161    3.47418738   -1.17391627    n      7.000     0
        -14.24981999   -1.71828868   -0.04850877    h      1.000     0
         14.24981999    1.71827277   -0.04850877    h      1.000     0
 
       center of nuclear mass  :    0.00000000    0.00000050   -0.42284598
       center of nuclear charge:   -0.00000000    0.00000039   -0.39247709

   *************************************************************************
   test5b                                                                   
   *************************************************************************



              +--------------------------------------------------+
              |               basis set information              |
              +--------------------------------------------------+

              we will work with the 1s 3p 5d 7f 9g ... basis set
              ...i.e. with spherical basis functions...

   type   atoms  prim   cont   basis
   ---------------------------------------------------------------------------
    n        4     46     31   def2-TZVP   [5s3p2d1f|11s6p2d1f]
    c       20     46     31   def2-TZVP   [5s3p2d1f|11s6p2d1f]
    o        2     46     31   def2-TZVP   [5s3p2d1f|11s6p2d1f]
    h       10      8      6   def2-TZVP   [3s1p|5s1p]
    s        2     63     37   def2-TZVP   [5s5p2d1f|14s9p3d1f]
   ---------------------------------------------------------------------------
   total:   38   1402    940
   ---------------------------------------------------------------------------

   total number of primitive shells          :   93
   total number of contracted shells         :  352
   total number of cartesian basis functions : 1080
   total number of SCF-basis functions       :  940


 symmetry group of the molecule :   c1 

 the group has the following generators :
   c1(z)

    1 symmetry operations found

 there are 1 real representations :   a   


   =========================================================================


     restricted closed shell calculation for the wavefunction models:
               ADC(2)     - Algebraic Diagrammatic Construction to 2. Order (strict)


     global parameters for ricc2 program:

        hard restart (reuse of interm.) :  disabled
        soft restart (reuse of vectors) :  disabled
        threshold for vector function   :    0.100000E-06
        convergence threshold energy    :    0.100000E-07
        linear dependence threshold     :    0.100000E-13
        global print level              :      1
        maximum number of iterations    :   500
        maximum number DIIS vectors     :    10
        max. dim. of reduced space      :   100
        core memory limit (MB)          : 18000

     Scratch Directory : 


   =========================================================================

    der. integral neglect threshold  :  0.10E-08
    integral neglect threshold       :  0.31E-12
    integral storage threshold THIZE :  0.10E-04
    integral storage threshold THIME :         5


                  +------------------------------------------+
                  |     Auxiliary basis set information      |
                  +------------------------------------------+

              assign orbital basis set names as defaults
              read basis sets from /home/hlischka/programs/TURBOMOLE-7.5/TURBOMOLE//cbasen/
              (basis sets have been saved in file auxbasis)

              we will work with the 1s 3p 5d 7f 9g ... basis set
              ...i.e. with spherical basis functions...

   type   atoms  prim   cont   basis
   ---------------------------------------------------------------------------
    n        4     81     76   def2-TZVP   [8s6p4d3f1g|8s6p5d3f1g]
    c       20     81     76   def2-TZVP   [8s6p4d3f1g|8s6p5d3f1g]
    o        2     81     76   def2-TZVP   [8s6p4d3f1g|8s6p5d3f1g]
    h       10     23     15   def2-TZVP   [4s2p1d|4s3p2d]
    s        2    119    113   def2-TZVP   [9s7p6d5f2g|10s7p7d5f2g]
   ---------------------------------------------------------------------------
   total:   38   2574   2352
   ---------------------------------------------------------------------------

   total number of primitive shells          :  109
   total number of contracted shells         :  700
   total number of cartesian basis functions : 2922
   total number of SCF-basis functions       : 2352


 maximum number of shells which are related by symmetry :  1


 The symmetry information takes   1 MB

*---------------------------------------------------------------------*
|               simplified C1 algorithm will be applied               |
*---------------------------------------------------------------------*
  MOs are in ASCII format !


 reading orbital data $scfmo  from file mos
 orbital characterization : scfconv=7
 time elapsed for calculating density matrices :   4.139 sec
 all orbitals will be active in the correlation treatment


   Molecular Orbital Statistic:
   ============================

   -----------------------------
   orbitals in total:
   -----------------------------
    frozen occupied :      0
    active occupied :    103
    active virtual  :    837
    frozen virtual  :      0
    all together    :    940
   -----------------------------


     time in riccmos       cpu: 16.36 sec    wall:  0.79 sec    ratio: 20.8

     total memory allocated for calculation of (Q|P)**(-1/2) : 64 MiB


     calculation of (P|Q) ...
     time in lp2sym        cpu:  6.16 sec    wall:  0.17 sec    ratio: 35.2


     calculation of the Cholesky decomposition of (P|Q)**(-1) ...
     time in invmetri      cpu: 15.32 sec    wall:  0.47 sec    ratio: 32.3

   threshold for RMS(d[D]) in SCF was     :  0.10E-07
   integral neglect threshold             :  0.31E-12
   derivative integral neglect threshold  :  0.10E-08


 setting up bound for integral derivative estimation

 increment for numerical differentiation : 0.00050000

   =========================================================================

     Energy of reference wave function is -1926.1385030330000
     Maximum orbital residual is           0.2096736351922E-05


     Number of symmetry-nonredundant auxiliary basis functions:     2352

     Block lengths for integral files:
        frozen occupied (BOI):        0 MiB
        active occupied (BJI):        2 MiB
        active virtual  (BAI):       16 MiB
        frozen virtual  (BGI):        0 MiB
               general  (BTI):       17 MiB

   =========================================================================




   **************************************************************************
   *                                                                        *
   *          OPTIMIZATION OF THE GROUND STATE CLUSTER AMPLITUDES           *
   *                                                                        *
   **************************************************************************


   Iter.   MP2 energy       Norm(Omega)   Norm(t1)  Norm(t2)     cpu    wall
   ...........................................................................
    1  -1931.5202668736    0.2541095040     0.00000   0.76173  117.39    3.41
   ...........................................................................


     time in total         cpu:  1 h 57 min  wall:  0 h  3 min  ratio: 34.3


     **********************************************************************
     *                                                                    *
     *   RHF  energy                             :  -1926.1385030330      *
     *   MP2 correlation energy                  :     -5.3817638406      *
     *                                                                    *
     *   Final MP2 energy                        :  -1931.5202668736      *
     *                                                                    *
     *   Norm of MP1 T2 amplitudes               :      0.7617342935      *
     *                                                                    *
     *   D1 diagnostic                           :      0.0617            *
     *                                                                    *
     **********************************************************************



 **************************************************************
 *                                                            *
 *    OPTIMIZATION OF THE EXCITED STATE CLUSTER AMPLITUDES    *
 *                                                            *
 **************************************************************


  preoptimize excitation energies/vectors using CCS:
  ==================================================


 ======== LINEAR CC RESPONSE SOLVER ========

    threshold for convergence: 1.00E-03
    maximum number of simultaneous Jacobi matrix transformations: 10
                                                
     summary of start vectors generation:
     -------------------------------------------
     type of solution vectors      : RE0
     symmetry                      : a  
     number of vectors requested   :    10
     number of vectors generated   :    10
       -- guessed as rhs/(e_a-e_i) :    10
     -------------------------------------------
                                                

    Iter  #Vectors  time (min)    max. residual 
    --------------------------------------------
      1      10         6.17     0.15E+00  (  4)
      2      10         5.82     0.64E-01  (  6)
      3      10         5.08     0.56E-01  (  8)
      4      10         5.88     0.38E-01  (  9)
      5      10         5.68     0.59E-01  ( 10)
      6      10         5.59     0.63E-01  ( 10)
      7       9         5.11     0.32E-01  ( 10)
      8       7         4.60     0.59E-01  ( 10)
      9       6         3.63     0.30E-01  (  9)
     10       3         2.28     0.24E-01  (  9)
     11       3         2.01     0.20E-01  (  9)
     12       2         1.55     0.12E-01  (  9)
     13       2         1.52     0.67E-02  (  9)
     14       2         1.22     0.33E-02  (  9)
     15       1         0.72     0.15E-02  (  9)
     16       1         0.72     0.80E-03  ( 10)
    --------------------------------------------
    converged in 16 iterations

         Total time         57.59 minutes


 ===========================================




 Note that this is the intermediate result of a preoptimization!
 The convergence threshold was  0.1E-02 only!


 +==================================================================+
 | sym | multi | state |          CCS excitation energies           |
 |     |       |       +--------------------------------------------+
 |     |       |       |   Hartree    |     eV       |     cm-1     |
 +==================================================================+
 | a   |   1   |   1   |    0.1041853 |      2.83503 |    22866.026 |
 | a   |   1   |   2   |    0.1447818 |      3.93971 |    31775.939 |
 | a   |   1   |   3   |    0.1670217 |      4.54489 |    36657.017 |
 | a   |   1   |   4   |    0.1735605 |      4.72282 |    38092.132 |
 | a   |   1   |   5   |    0.1770703 |      4.81833 |    38862.449 |
 | a   |   1   |   6   |    0.1772383 |      4.82290 |    38899.317 |
 | a   |   1   |   7   |    0.1938846 |      5.27587 |    42552.754 |
 | a   |   1   |   8   |    0.2031243 |      5.52729 |    44580.621 |
 | a   |   1   |   9   |    0.2032229 |      5.52998 |    44602.260 |
 | a   |   1   |  10   |    0.2116413 |      5.75905 |    46449.907 |
 +==================================================================+




  preoptimize ADC(2) excitation energies/vectors using a quasi linear algorithm:
  ==============================================================================


 ======== LINEAR CC RESPONSE SOLVER ========

    threshold for convergence: 1.00E-03
    maximum number of simultaneous Jacobi matrix transformations: 10
                                                
     summary of start vectors generation:
     -------------------------------------------
     type of solution vectors      : RE0
     symmetry                      : a  
     number of vectors requested   :    10
     number of vectors generated   :    10
       -- restarted from file      :    10
     -------------------------------------------
                                                

    Iter  #Vectors  time (min)    max. residual 
    --------------------------------------------
 threshold for this macro iteration:  5.217207732009377E-002
      1      10        63.30     0.83E-01  ( 10)
 ...adapted threshold to:  6.058899558619624E-002
      2      10        63.66     0.51E-01  (  6)
                                                
     summary of start vectors generation:
     -------------------------------------------
     type of solution vectors      : RE0
     symmetry                      : a  
     number of vectors requested   :    10
     number of vectors generated   :    10
       -- restarted from file      :    10
     -------------------------------------------
                                                

    Iter  #Vectors  time (min)    max. residual 
    --------------------------------------------
 threshold for this macro iteration:  1.209306955483386E-002
      3      10        62.14     0.49E-01  (  6)
      4      10        62.17     0.33E-01  (  6)
      5       8        50.50     0.22E-01  (  6)
      6       5        32.36     0.25E-01  ( 10)
      7       3        19.58     0.42E-01  (  7)
      8       4        25.61     0.19E-01  (  6)
      9       1         6.20     0.11E-01  (  9)
                                                
     summary of start vectors generation:
     -------------------------------------------
     type of solution vectors      : RE0
     symmetry                      : a  
     number of vectors requested   :    10
     number of vectors generated   :    10
       -- restarted from file      :    10
     -------------------------------------------
                                                

    Iter  #Vectors  time (min)    max. residual 
    --------------------------------------------
 threshold for this macro iteration:  1.409687226465034E-003
     10      10        64.15     0.11E-01  (  9)
 ...adapted threshold to:  1.451007909169091E-003
     11       8        51.29     0.35E-02  (  9)
 ...adapted threshold to:  1.455854331902914E-003
     12       5        30.28     0.26E-02  (  9)
 ...adapted threshold to:  1.456044852608446E-003
     13       1         5.98     0.12E-02  (  7)
                                                
     summary of start vectors generation:
     -------------------------------------------
     type of solution vectors      : RE0
     symmetry                      : a  
     number of vectors requested   :    10
     number of vectors generated   :    10
       -- restarted from file      :    10
     -------------------------------------------
                                                

    Iter  #Vectors  time (min)    max. residual 
    --------------------------------------------
 threshold for this macro iteration:  1.000000000000000E-003
     14      10        60.03     0.49E-03  ( 10)
    --------------------------------------------
    converged in 14 iterations

         Total time        597.29 minutes


 ===========================================




 Note that this is the intermediate result of a preoptimization!
 The convergence threshold was  0.1E-02 only!


 +==================================================================+
 | sym | multi | state |          ADC(2) excitation energies        |
 |     |       |       +--------------------------------------------+
 |     |       |       |   Hartree    |     eV       |     cm-1     |
 +==================================================================+
 | a   |   1   |   1   |    0.0833845 |      2.26901 |    18300.776 |
 | a   |   1   |   2   |    0.1168478 |      3.17959 |    25645.120 |
 | a   |   1   |   3   |    0.1217651 |      3.31340 |    26724.345 |
 | a   |   1   |   4   |    0.1272156 |      3.46171 |    27920.589 |
 | a   |   1   |   5   |    0.1283037 |      3.49132 |    28159.401 |
 | a   |   1   |   6   |    0.1326827 |      3.61048 |    29120.494 |
 | a   |   1   |   7   |    0.1331420 |      3.62298 |    29221.286 |
 | a   |   1   |   8   |    0.1421275 |      3.86749 |    31193.389 |
 | a   |   1   |   9   |    0.1441305 |      3.92199 |    31632.987 |
 | a   |   1   |  10   |    0.1492568 |      4.06148 |    32758.072 |
 +==================================================================+





 solve for ADC(2) excitation energies/vectors using a DIIS algorithm:
 =================================================================


 ========= DIIS CC RESPONSE SOLVER =========

    threshold for convergence: 1.00E-06
    max. nb. of DIIS vectors :      10
    maximum number of simultaneous Jacobi matrix transformations: 10
                                                
     summary of start vectors generation:
     -------------------------------------------
     type of solution vectors      : RE0
     symmetry                      : a  
     number of vectors requested   :    10
     number of vectors generated   :    10
       -- restarted from file      :    10
     -------------------------------------------
                                                

    Iter  #Vectors  time (min)   residual
    --------------------------------------
      1      10        60.93     0.32E-03  ( 10)    0.35E-02
      2      10        61.02     0.27E-03  ( 10)    0.13E-02
      3      10        60.06     0.15E-03  ( 10)    0.23E-02
      4      10        60.29     0.14E-03  ( 10)    0.15E-02
      5      10        59.70     0.12E-03  ( 10)    0.14E-02
      6      10        59.06     0.10E-03  ( 10)    0.18E-02
      7       9        53.29     0.75E-04  ( 10)    0.13E-02
      8       9        53.54     0.58E-04  ( 10)    0.15E-02
      9       8        48.24     0.34E-04  ( 10)    0.14E-02
     10       7        41.38     0.21E-04  ( 10)    0.14E-02
     11       5        30.00     0.11E-04  ( 10)    0.14E-02
     12       3        18.82     0.61E-05  ( 10)    0.15E-02
     13       2        12.89     0.38E-05  ( 10)    0.15E-02
     14       1         6.09     0.23E-05  ( 10)    0.15E-02
     15       1         6.00     0.13E-05  ( 10)    0.15E-02
     16       1         5.98     0.54E-06  ( 10)    0.15E-02
    --------------------------------------
    converged in  16 iterations

   Total time        637.31 minutes


 ===========================================





 +================================================================================+
 | sym | multi | state |          ADC(2) excitation energies    |  %t1   |  %t2   |
 |     |       |       +----------------------------------------+--------+--------+
 |     |       |       |   Hartree    |    eV      |    cm-1    |    %   |    %   |
 +================================================================================+
 | a   |   1   |   1   |    0.0833733 |    2.26870 |  18298.325 |  87.13 |  12.87 |
 | a   |   1   |   2   |    0.1168181 |    3.17878 |  25638.618 |  85.20 |  14.80 |
 | a   |   1   |   3   |    0.1217195 |    3.31216 |  26714.344 |  85.22 |  14.78 |
 | a   |   1   |   4   |    0.1271972 |    3.46121 |  27916.552 |  86.10 |  13.90 |
 | a   |   1   |   5   |    0.1282673 |    3.49033 |  28151.418 |  85.03 |  14.97 |
 | a   |   1   |   6   |    0.1327257 |    3.61165 |  29129.930 |  85.34 |  14.66 |
 | a   |   1   |   7   |    0.1331486 |    3.62316 |  29222.744 |  86.44 |  13.56 |
 | a   |   1   |   8   |    0.1421220 |    3.86734 |  31192.176 |  86.42 |  13.58 |
 | a   |   1   |   9   |    0.1441219 |    3.92176 |  31631.103 |  86.78 |  13.22 |
 | a   |   1   |  10   |    0.1492408 |    4.06105 |  32754.559 |  86.26 |  13.74 |
 +================================================================================+


       Energy:     0.0833733 H      2.26870 eV    18298.325 cm-1

     +=======================================================================+
     | type: RE0                    symmetry: a               state:    1    |
     +-----------------------+-----------------------+-----------------------+
     | occ. orb.  index spin | vir. orb.  index spin |  coeff/|amp|     %    |
     +=======================+=======================+=======================+
     |  103 a      103       |  104 a      104       |   0.94401      89.1   |
     |  101 a      101       |  104 a      104       |   0.18914       3.6   |
     |  103 a      103       |  106 a      106       |  -0.13735       1.9   |
     |   86 a       86       |  104 a      104       |   0.09475       0.9   |
     +=======================+=======================+=======================+
     norm of printed elements:  0.95477


       Energy:     0.1168181 H      3.17878 eV    25638.618 cm-1

     +=======================================================================+
     | type: RE0                    symmetry: a               state:    2    |
     +-----------------------+-----------------------+-----------------------+
     | occ. orb.  index spin | vir. orb.  index spin |  coeff/|amp|     %    |
     +=======================+=======================+=======================+
     |   95 a       95       |  104 a      104       |   0.84980      72.2   |
     |   95 a       95       |  106 a      106       |  -0.27670       7.7   |
     |  102 a      102       |  104 a      104       |   0.19378       3.8   |
     |   96 a       96       |  104 a      104       |   0.16905       2.9   |
     |  100 a      100       |  104 a      104       |  -0.15208       2.3   |
     |   98 a       98       |  104 a      104       |   0.13773       1.9   |
     |   92 a       92       |  104 a      104       |   0.11253       1.3   |
     |   95 a       95       |  114 a      114       |  -0.09793       1.0   |
     |   94 a       94       |  105 a      105       |   0.08307       0.7   |
     |   94 a       94       |  107 a      107       |   0.07986       0.6   |
     |   95 a       95       |  115 a      115       |   0.07507       0.6   |
     |   92 a       92       |  106 a      106       |  -0.05970       0.4   |
     +=======================+=======================+=======================+
     norm of printed elements:  0.95168


       Energy:     0.1217195 H      3.31216 eV    26714.344 cm-1

     +=======================================================================+
     | type: RE0                    symmetry: a               state:    3    |
     +-----------------------+-----------------------+-----------------------+
     | occ. orb.  index spin | vir. orb.  index spin |  coeff/|amp|     %    |
     +=======================+=======================+=======================+
     |  103 a      103       |  105 a      105       |   0.92559      85.7   |
     |  101 a      101       |  105 a      105       |   0.21385       4.6   |
     |  102 a      102       |  106 a      106       |   0.13663       1.9   |
     |   98 a       98       |  104 a      104       |  -0.13046       1.7   |
     |  102 a      102       |  104 a      104       |  -0.09813       1.0   |
     |  103 a      103       |  107 a      107       |   0.09279       0.9   |
     +=======================+=======================+=======================+
     norm of printed elements:  0.95638


       Energy:     0.1271972 H      3.46121 eV    27916.552 cm-1

     +=======================================================================+
     | type: RE0                    symmetry: a               state:    4    |
     +-----------------------+-----------------------+-----------------------+
     | occ. orb.  index spin | vir. orb.  index spin |  coeff/|amp|     %    |
     +=======================+=======================+=======================+
     |  102 a      102       |  104 a      104       |   0.87639      76.8   |
     |   95 a       95       |  104 a      104       |  -0.21477       4.6   |
     |  103 a      103       |  105 a      105       |   0.20042       4.0   |
     |  101 a      101       |  105 a      105       |  -0.15514       2.4   |
     |  100 a      100       |  104 a      104       |  -0.15067       2.3   |
     |   98 a       98       |  104 a      104       |   0.13320       1.8   |
     |  102 a      102       |  106 a      106       |  -0.12634       1.6   |
     |   99 a       99       |  105 a      105       |  -0.11555       1.3   |
     |   95 a       95       |  106 a      106       |   0.07475       0.6   |
     +=======================+=======================+=======================+
     norm of printed elements:  0.95375


       Energy:     0.1282673 H      3.49033 eV    28151.418 cm-1

     +=======================================================================+
     | type: RE0                    symmetry: a               state:    5    |
     +-----------------------+-----------------------+-----------------------+
     | occ. orb.  index spin | vir. orb.  index spin |  coeff/|amp|     %    |
     +=======================+=======================+=======================+
     |  101 a      101       |  104 a      104       |   0.79881      63.8   |
     |   94 a       94       |  104 a      104       |  -0.27964       7.8   |
     |   99 a       99       |  104 a      104       |   0.24869       6.2   |
     |   97 a       97       |  104 a      104       |  -0.22251       5.0   |
     |  102 a      102       |  105 a      105       |  -0.18248       3.3   |
     |  103 a      103       |  106 a      106       |   0.16580       2.7   |
     |  103 a      103       |  104 a      104       |  -0.14260       2.0   |
     |  101 a      101       |  106 a      106       |  -0.11126       1.2   |
     |   94 a       94       |  106 a      106       |   0.09767       1.0   |
     |   86 a       86       |  104 a      104       |   0.08537       0.7   |
     |  102 a      102       |  107 a      107       |  -0.08361       0.7   |
     |   93 a       93       |  104 a      104       |   0.08189       0.7   |
     +=======================+=======================+=======================+
     norm of printed elements:  0.95168


       Energy:     0.1327257 H      3.61165 eV    29129.930 cm-1

     +=======================================================================+
     | type: RE0                    symmetry: a               state:    6    |
     +-----------------------+-----------------------+-----------------------+
     | occ. orb.  index spin | vir. orb.  index spin |  coeff/|amp|     %    |
     +=======================+=======================+=======================+
     |   94 a       94       |  104 a      104       |   0.75266      56.6   |
     |  101 a      101       |  104 a      104       |   0.37145      13.8   |
     |   94 a       94       |  106 a      106       |  -0.25200       6.4   |
     |   99 a       99       |  104 a      104       |  -0.22494       5.1   |
     |   87 a       87       |  104 a      104       |   0.18177       3.3   |
     |   95 a       95       |  105 a      105       |   0.14294       2.0   |
     |   95 a       95       |  107 a      107       |   0.11399       1.3   |
     |  102 a      102       |  105 a      105       |  -0.10818       1.2   |
     |  103 a      103       |  104 a      104       |  -0.10690       1.1   |
     |   93 a       93       |  104 a      104       |  -0.09631       0.9   |
     |   94 a       94       |  114 a      114       |  -0.09330       0.9   |
     |   91 a       91       |  104 a      104       |  -0.07859       0.6   |
     |   87 a       87       |  106 a      106       |  -0.07586       0.6   |
     |   94 a       94       |  115 a      115       |   0.07242       0.5   |
     |  100 a      100       |  105 a      105       |  -0.06427       0.4   |
     |   99 a       99       |  106 a      106       |   0.05143       0.3   |
     |   86 a       86       |  104 a      104       |   0.05125       0.3   |
     +=======================+=======================+=======================+
     norm of printed elements:  0.95272


       Energy:     0.1331486 H      3.62316 eV    29222.744 cm-1

     +=======================================================================+
     | type: RE0                    symmetry: a               state:    7    |
     +-----------------------+-----------------------+-----------------------+
     | occ. orb.  index spin | vir. orb.  index spin |  coeff/|amp|     %    |
     +=======================+=======================+=======================+
     |   98 a       98       |  104 a      104       |   0.80601      65.0   |
     |   96 a       96       |  104 a      104       |  -0.33736      11.4   |
     |   98 a       98       |  106 a      106       |  -0.24644       6.1   |
     |  100 a      100       |  104 a      104       |  -0.23890       5.7   |
     |  102 a      102       |  104 a      104       |  -0.20325       4.1   |
     |   96 a       96       |  106 a      106       |   0.11478       1.3   |
     |  101 a      101       |  105 a      105       |   0.10805       1.2   |
     |  103 a      103       |  105 a      105       |   0.09742       0.9   |
     +=======================+=======================+=======================+
     norm of printed elements:  0.95692


       Energy:     0.1421220 H      3.86734 eV    31192.176 cm-1

     +=======================================================================+
     | type: RE0                    symmetry: a               state:    8    |
     +-----------------------+-----------------------+-----------------------+
     | occ. orb.  index spin | vir. orb.  index spin |  coeff/|amp|     %    |
     +=======================+=======================+=======================+
     |   99 a       99       |  104 a      104       |   0.59900      35.9   |
     |  103 a      103       |  106 a      106       |   0.58262      33.9   |
     |   94 a       94       |  104 a      104       |   0.25994       6.8   |
     |  100 a      100       |  105 a      105       |   0.24185       5.8   |
     |  102 a      102       |  105 a      105       |   0.19253       3.7   |
     |  101 a      101       |  104 a      104       |  -0.15430       2.4   |
     |  103 a      103       |  104 a      104       |   0.14345       2.1   |
     |  102 a      102       |  107 a      107       |  -0.10948       1.2   |
     |  103 a      103       |  109 a      109       |   0.09978       1.0   |
     |   94 a       94       |  106 a      106       |  -0.08880       0.8   |
     |  102 a      102       |  108 a      108       |   0.06729       0.5   |
     |  103 a      103       |  110 a      110       |  -0.05347       0.3   |
     |   87 a       87       |  104 a      104       |   0.04991       0.2   |
     |  101 a      101       |  106 a      106       |   0.04903       0.2   |
     |   86 a       86       |  106 a      106       |   0.04873       0.2   |
     |   95 a       95       |  107 a      107       |   0.04811       0.2   |
     +=======================+=======================+=======================+
     norm of printed elements:  0.95255


       Energy:     0.1441219 H      3.92176 eV    31631.103 cm-1

     +=======================================================================+
     | type: RE0                    symmetry: a               state:    9    |
     +-----------------------+-----------------------+-----------------------+
     | occ. orb.  index spin | vir. orb.  index spin |  coeff/|amp|     %    |
     +=======================+=======================+=======================+
     |  100 a      100       |  104 a      104       |   0.81034      65.7   |
     |   99 a       99       |  105 a      105       |   0.31371       9.8   |
     |   98 a       98       |  104 a      104       |   0.24123       5.8   |
     |  103 a      103       |  107 a      107       |  -0.19083       3.6   |
     |  102 a      102       |  104 a      104       |   0.15794       2.5   |
     |  101 a      101       |  105 a      105       |  -0.11833       1.4   |
     |  103 a      103       |  108 a      108       |   0.11410       1.3   |
     |  102 a      102       |  109 a      109       |   0.10066       1.0   |
     |   95 a       95       |  104 a      104       |   0.09980       1.0   |
     |   96 a       96       |  104 a      104       |  -0.09562       0.9   |
     |  102 a      102       |  106 a      106       |   0.08720       0.8   |
     |  102 a      102       |  110 a      110       |  -0.07959       0.6   |
     |   98 a       98       |  106 a      106       |  -0.07300       0.5   |
     +=======================+=======================+=======================+
     norm of printed elements:  0.95014


       Energy:     0.1492408 H      4.06105 eV    32754.559 cm-1

     +=======================================================================+
     | type: RE0                    symmetry: a               state:   10    |
     +-----------------------+-----------------------+-----------------------+
     | occ. orb.  index spin | vir. orb.  index spin |  coeff/|amp|     %    |
     +=======================+=======================+=======================+
     |  103 a      103       |  106 a      106       |   0.68769      47.3   |
     |   99 a       99       |  104 a      104       |  -0.55969      31.3   |
     |  100 a      100       |  105 a      105       |  -0.23477       5.5   |
     |  102 a      102       |  105 a      105       |   0.16558       2.7   |
     |  101 a      101       |  106 a      106       |   0.12345       1.5   |
     |   94 a       94       |  104 a      104       |  -0.12166       1.5   |
     |  103 a      103       |  114 a      114       |   0.11083       1.2   |
     |   98 a       98       |  105 a      105       |   0.08902       0.8   |
     |  103 a      103       |  110 a      110       |   0.08799       0.8   |
     |  103 a      103       |  115 a      115       |  -0.07219       0.5   |
     |  103 a      103       |  109 a      109       |  -0.06984       0.5   |
     |  102 a      102       |  108 a      108       |  -0.06484       0.4   |
     |  103 a      103       |  104 a      104       |   0.06424       0.4   |
     |  101 a      101       |  104 a      104       |   0.06282       0.4   |
     |   86 a       86       |  106 a      106       |   0.05654       0.3   |
     +=======================+=======================+=======================+
     norm of printed elements:  0.95225



     Info: copy ADC(2) right eigenvectors into left eigenvector files.


                    ========   CC DENSITY MODULE   ========

                      current wave-function model: ADC(2)  

  calculating overlap between   10 left and right vector(s)
    density nr.      cpu/min        wall/min    L     R
   ------------------------------------------------------
         1           139.73            4.94    LE0    RE0 
         2           141.86            5.02    LE0    RE0 
         3           140.03            4.93    LE0    RE0 
         4           139.65            4.91    LE0    RE0 
         5           139.88            4.93    LE0    RE0 
         6           140.12            4.95    LE0    RE0 
         7           139.60            4.92    LE0    RE0 
         8           139.61            4.92    LE0    RE0 
         9           140.14            4.95    LE0    RE0 
        10           140.00            4.94    LE0    RE0 
   ------------------------------------------------------
     time in cc_1den       cpu: 23 h 21 min  wall:  0 h 49 min  ratio: 28.3



     +==========================================================+
     |   contributions of excitation levels to excited states   |
     |     wavefunctions as computed from the <L|R> overlap     |
     +----------------------------------------------------------+
     | sym | multi | state |    E / eV  | % singles | % doubles |
     +==========================================================+
     | a   |   1   |   1   |    2.26870 |   87.13   |   12.87   |
     | a   |   1   |   2   |    3.17878 |   85.20   |   14.80   |
     | a   |   1   |   3   |    3.31216 |   85.22   |   14.78   |
     | a   |   1   |   4   |    3.46121 |   86.10   |   13.90   |
     | a   |   1   |   5   |    3.49033 |   85.03   |   14.97   |
     | a   |   1   |   6   |    3.61165 |   85.34   |   14.66   |
     | a   |   1   |   7   |    3.62316 |   86.44   |   13.56   |
     | a   |   1   |   8   |    3.86734 |   86.42   |   13.58   |
     | a   |   1   |   9   |    3.92176 |   86.78   |   13.22   |
     | a   |   1   |  10   |    4.06105 |   86.26   |   13.74   |
     +==========================================================+



      The semi-canonical algorithm will be used for densities


                    ========   CC DENSITY MODULE   ========

                      current wave-function model: ADC(2)  

  calculating    10 xi densities

   a semicanonical algorithm will be used when possible

    density nr.      cpu/min        wall/min    L     R
   ------------------------------------------------------
         1           277.80           10.85    LE0    R0  
         2           272.68           10.47    LE0    R0  
         3           268.23           10.48    LE0    R0  
         4           264.55           10.06    LE0    R0  
         5           266.79           10.18    LE0    R0  
         6           263.33            9.95    LE0    R0  
         7           263.47            9.95    LE0    R0  
         8           266.51           10.07    LE0    R0  
         9           263.67           10.11    LE0    R0  
        10           266.65           10.17    LE0    R0  
   ------------------------------------------------------
     time in cc_1den       cpu:   1 d 20 h 34 min  wall:   0 d  1 h 42 min  ratio: 26.1


 **************************************************************
 *                                                            *
 *<<<<<<<<<<<<  ONE-PHOTON ABSORPTION STRENGTHS  >>>>>>>>>>>>>*
 *                                                            *
 **************************************************************


  +=========================================================================+
  |  Transition                                             model: ADC(2)   |
  |    number, symmetry, multiplicity:    1 a    1                          |
  |    frequency :   0.0833733046 a.u.     2.26870 e.V.     18298.3 rcm     |
  +=========================================================================+

     +-----------+-----------------+-----------------+---------------------+
     | operator  |   left moment   |  right moment   | transition strength |
     +-----------+-----------------+-----------------+---------------------+
     | xdiplen   |      3.66924137 |      3.66924137 |      13.46333223    |
     | ydiplen   |     -0.53147742 |     -0.53147742 |       0.28246825    |
     | zdiplen   |      0.00000042 |      0.00000042 |       0.00000000    |
     | xdipvel   |      0.26196302 |     -0.26196302 |       0.06862462    |
     | ydipvel   |     -0.06270387 |      0.06270387 |       0.00393177    |
     | zdipvel   |      0.00000004 |     -0.00000004 |       0.00000000    |
     | xangmom   |     -0.00008526 |      0.00008526 |       0.00000001    |
     | yangmom   |     -0.21700602 |      0.21700602 |       0.04709161    |
     | zangmom   |     -0.00000481 |      0.00000481 |       0.00000000    |
     +-----------+-----------------+-----------------+---------------------+
 
       oscillator strength (length gauge)   :      0.76402187
       oscillator strength (velocity gauge) :      0.58017291
       oscillator strength (mixed gauge)    :      0.66302083
 
       rotator strength (length gauge)      :      0.05751047 a.u.
       Rotator strength (length gauge)      :     27.11294690 10^(-40)*erg*cm^3
       rotator strength (velocity gauge)    :      0.08146961 a.u.
       Rotator strength (velocity gauge)    :     38.40832735 10^(-40)*erg*cm^3
 


  +=========================================================================+
  |  Transition                                             model: ADC(2)   |
  |    number, symmetry, multiplicity:    2 a    1                          |
  |    frequency :   0.1168181403 a.u.     3.17878 e.V.     25638.6 rcm     |
  +=========================================================================+

     +-----------+-----------------+-----------------+---------------------+
     | operator  |   left moment   |  right moment   | transition strength |
     +-----------+-----------------+-----------------+---------------------+
     | xdiplen   |      0.00002573 |      0.00002573 |       0.00000000    |
     | ydiplen   |     -0.00000708 |     -0.00000708 |       0.00000000    |
     | zdiplen   |     -0.02264894 |     -0.02264894 |       0.00051297    |
     | xdipvel   |      0.00000273 |     -0.00000273 |       0.00000000    |
     | ydipvel   |     -0.00000078 |      0.00000078 |       0.00000000    |
     | zdipvel   |     -0.00098445 |      0.00098445 |       0.00000097    |
     | xangmom   |      0.00000288 |     -0.00000288 |       0.00000000    |
     | yangmom   |      0.00000777 |     -0.00000777 |       0.00000000    |
     | zangmom   |      0.25993909 |     -0.25993909 |       0.06756833    |
     +-----------+-----------------+-----------------+---------------------+
 
       oscillator strength (length gauge)   :      0.00003995
       oscillator strength (velocity gauge) :      0.00000553
       oscillator strength (mixed gauge)    :      0.00001486
 
       rotator strength (length gauge)      :     -0.00294367 a.u.
       Rotator strength (length gauge)      :     -1.38777565 10^(-40)*erg*cm^3
       rotator strength (velocity gauge)    :     -0.00109527 a.u.
       Rotator strength (velocity gauge)    :     -0.51636023 10^(-40)*erg*cm^3
 


  +=========================================================================+
  |  Transition                                             model: ADC(2)   |
  |    number, symmetry, multiplicity:    3 a    1                          |
  |    frequency :   0.1217195058 a.u.     3.31216 e.V.     26714.3 rcm     |
  +=========================================================================+

     +-----------+-----------------+-----------------+---------------------+
     | operator  |   left moment   |  right moment   | transition strength |
     +-----------+-----------------+-----------------+---------------------+
     | xdiplen   |     -0.00003892 |     -0.00003892 |       0.00000000    |
     | ydiplen   |     -0.00000403 |     -0.00000403 |       0.00000000    |
     | zdiplen   |      0.02045002 |      0.02045002 |       0.00041820    |
     | xdipvel   |     -0.00000523 |      0.00000523 |       0.00000000    |
     | ydipvel   |     -0.00000058 |      0.00000058 |       0.00000000    |
     | zdipvel   |      0.00019434 |     -0.00019434 |       0.00000004    |
     | xangmom   |      0.00000208 |     -0.00000208 |       0.00000000    |
     | yangmom   |      0.00001081 |     -0.00001081 |       0.00000000    |
     | zangmom   |      0.88306714 |     -0.88306714 |       0.77980757    |
     +-----------+-----------------+-----------------+---------------------+
 
       oscillator strength (length gauge)   :      0.00003394
       oscillator strength (velocity gauge) :      0.00000021
       oscillator strength (mixed gauge)    :      0.00000265
 
       rotator strength (length gauge)      :      0.00902937 a.u.
       Rotator strength (length gauge)      :      4.25683926 10^(-40)*erg*cm^3
       rotator strength (velocity gauge)    :      0.00070495 a.u.
       Rotator strength (velocity gauge)    :      0.33234639 10^(-40)*erg*cm^3
 


  +=========================================================================+
  |  Transition                                             model: ADC(2)   |
  |    number, symmetry, multiplicity:    4 a    1                          |
  |    frequency :   0.1271971706 a.u.     3.46121 e.V.     27916.6 rcm     |
  +=========================================================================+

     +-----------+-----------------+-----------------+---------------------+
     | operator  |   left moment   |  right moment   | transition strength |
     +-----------+-----------------+-----------------+---------------------+
     | xdiplen   |      0.00039969 |      0.00039969 |       0.00000016    |
     | ydiplen   |      0.00017063 |      0.00017063 |       0.00000003    |
     | zdiplen   |      0.07496128 |      0.07496128 |       0.00561919    |
     | xdipvel   |      0.00005372 |     -0.00005372 |       0.00000000    |
     | ydipvel   |      0.00002123 |     -0.00002123 |       0.00000000    |
     | zdipvel   |      0.01172837 |     -0.01172837 |       0.00013755    |
     | xangmom   |     -0.00000528 |      0.00000528 |       0.00000000    |
     | yangmom   |     -0.00008635 |      0.00008635 |       0.00000001    |
     | zangmom   |      0.43553217 |     -0.43553217 |       0.18968827    |
     +-----------+-----------------+-----------------+---------------------+
 
       oscillator strength (length gauge)   :      0.00047651
       oscillator strength (velocity gauge) :      0.00072097
       oscillator strength (mixed gauge)    :      0.00058613
 
       rotator strength (length gauge)      :      0.01632402 a.u.
       Rotator strength (length gauge)      :      7.69585397 10^(-40)*erg*cm^3
       rotator strength (velocity gauge)    :      0.02007938 a.u.
       Rotator strength (velocity gauge)    :      9.46629431 10^(-40)*erg*cm^3
 


  +=========================================================================+
  |  Transition                                             model: ADC(2)   |
  |    number, symmetry, multiplicity:    5 a    1                          |
  |    frequency :   0.1282673005 a.u.     3.49033 e.V.     28151.4 rcm     |
  +=========================================================================+

     +-----------+-----------------+-----------------+---------------------+
     | operator  |   left moment   |  right moment   | transition strength |
     +-----------+-----------------+-----------------+---------------------+
     | xdiplen   |     -1.35836895 |     -1.35836895 |       1.84516620    |
     | ydiplen   |     -0.63244510 |     -0.63244510 |       0.39998680    |
     | zdiplen   |      0.00001621 |      0.00001621 |       0.00000000    |
     | xdipvel   |     -0.18582819 |      0.18582819 |       0.03453212    |
     | ydipvel   |     -0.07942092 |      0.07942092 |       0.00630768    |
     | zdipvel   |      0.00000280 |     -0.00000280 |       0.00000000    |
     | xangmom   |      0.03496074 |     -0.03496074 |       0.00122225    |
     | yangmom   |      0.31362095 |     -0.31362095 |       0.09835810    |
     | zangmom   |      0.00010410 |     -0.00010410 |       0.00000001    |
     +-----------+-----------------+-----------------+---------------------+
 
       oscillator strength (length gauge)   :      0.19198648
       oscillator strength (velocity gauge) :      0.21226402
       oscillator strength (mixed gauge)    :      0.20176841
 
       rotator strength (length gauge)      :     -0.12291881 a.u.
       Rotator strength (length gauge)      :    -57.94929096 10^(-40)*erg*cm^3
       rotator strength (velocity gauge)    :     -0.12241918 a.u.
       Rotator strength (velocity gauge)    :    -57.71374532 10^(-40)*erg*cm^3
 


  +=========================================================================+
  |  Transition                                             model: ADC(2)   |
  |    number, symmetry, multiplicity:    6 a    1                          |
  |    frequency :   0.1327257290 a.u.     3.61165 e.V.     29129.9 rcm     |
  +=========================================================================+

     +-----------+-----------------+-----------------+---------------------+
     | operator  |   left moment   |  right moment   | transition strength |
     +-----------+-----------------+-----------------+---------------------+
     | xdiplen   |     -0.96225773 |     -0.96225773 |       0.92593994    |
     | ydiplen   |      0.07972317 |      0.07972317 |       0.00635578    |
     | zdiplen   |     -0.00002173 |     -0.00002173 |       0.00000000    |
     | xdipvel   |     -0.11501038 |      0.11501038 |       0.01322739    |
     | ydipvel   |      0.00147851 |     -0.00147851 |       0.00000219    |
     | zdipvel   |     -0.00000207 |      0.00000207 |       0.00000000    |
     | xangmom   |     -0.12133187 |      0.12133187 |       0.01472142    |
     | yangmom   |     -0.33792888 |      0.33792888 |       0.11419592    |
     | zangmom   |     -0.00020182 |      0.00020182 |       0.00000004    |
     +-----------+-----------------+-----------------+---------------------+
 
       oscillator strength (length gauge)   :      0.08249309
       oscillator strength (velocity gauge) :      0.06645069
       oscillator strength (mixed gauge)    :      0.07385833
 
       rotator strength (length gauge)      :      0.04490588 a.u.
       Rotator strength (length gauge)      :     21.17059319 10^(-40)*erg*cm^3
       rotator strength (velocity gauge)    :      0.05068646 a.u.
       Rotator strength (velocity gauge)    :     23.89580946 10^(-40)*erg*cm^3
 


  +=========================================================================+
  |  Transition                                             model: ADC(2)   |
  |    number, symmetry, multiplicity:    7 a    1                          |
  |    frequency :   0.1331486195 a.u.     3.62316 e.V.     29222.7 rcm     |
  +=========================================================================+

     +-----------+-----------------+-----------------+---------------------+
     | operator  |   left moment   |  right moment   | transition strength |
     +-----------+-----------------+-----------------+---------------------+
     | xdiplen   |      0.00027944 |      0.00027944 |       0.00000008    |
     | ydiplen   |     -0.00001566 |     -0.00001566 |       0.00000000    |
     | zdiplen   |     -0.10339671 |     -0.10339671 |       0.01069088    |
     | xdipvel   |      0.00003336 |     -0.00003336 |       0.00000000    |
     | ydipvel   |     -0.00000031 |      0.00000031 |       0.00000000    |
     | zdipvel   |     -0.01021750 |      0.01021750 |       0.00010440    |
     | xangmom   |      0.00002613 |     -0.00002613 |       0.00000000    |
     | yangmom   |      0.00007451 |     -0.00007451 |       0.00000001    |
     | zangmom   |     -0.90479016 |      0.90479016 |       0.81864523    |
     +-----------+-----------------+-----------------+---------------------+
 
       oscillator strength (length gauge)   :      0.00094899
       oscillator strength (velocity gauge) :      0.00052272
       oscillator strength (mixed gauge)    :      0.00070431
 
       rotator strength (length gauge)      :      0.04677617 a.u.
       Rotator strength (length gauge)      :     22.05232546 10^(-40)*erg*cm^3
       rotator strength (velocity gauge)    :      0.03471568 a.u.
       Rotator strength (velocity gauge)    :     16.36648842 10^(-40)*erg*cm^3
 


  +=========================================================================+
  |  Transition                                             model: ADC(2)   |
  |    number, symmetry, multiplicity:    8 a    1                          |
  |    frequency :   0.1421220127 a.u.     3.86734 e.V.     31192.2 rcm     |
  +=========================================================================+

     +-----------+-----------------+-----------------+---------------------+
     | operator  |   left moment   |  right moment   | transition strength |
     +-----------+-----------------+-----------------+---------------------+
     | xdiplen   |      1.01568843 |      1.01568843 |       1.03162299    |
     | ydiplen   |     -0.14451135 |     -0.14451135 |       0.02088353    |
     | zdiplen   |     -0.00003223 |     -0.00003223 |       0.00000000    |
     | xdipvel   |      0.08127186 |     -0.08127186 |       0.00660512    |
     | ydipvel   |      0.00991051 |     -0.00991051 |       0.00009822    |
     | zdipvel   |     -0.00000342 |      0.00000342 |       0.00000000    |
     | xangmom   |     -0.03238604 |      0.03238604 |       0.00104886    |
     | yangmom   |     -0.26384794 |      0.26384794 |       0.06961574    |
     | zangmom   |      0.00009456 |     -0.00009456 |       0.00000001    |
     +-----------+-----------------+-----------------+---------------------+
 
       oscillator strength (length gauge)   :      0.09972290
       oscillator strength (velocity gauge) :      0.03144403
       oscillator strength (mixed gauge)    :      0.05407647
 
       rotator strength (length gauge)      :      0.00261745 a.u.
       Rotator strength (length gauge)      :      1.23397963 10^(-40)*erg*cm^3
       rotator strength (velocity gauge)    :     -0.01845929 a.u.
       Rotator strength (velocity gauge)    :     -8.70251285 10^(-40)*erg*cm^3
 


  +=========================================================================+
  |  Transition                                             model: ADC(2)   |
  |    number, symmetry, multiplicity:    9 a    1                          |
  |    frequency :   0.1441219103 a.u.     3.92176 e.V.     31631.1 rcm     |
  +=========================================================================+

     +-----------+-----------------+-----------------+---------------------+
     | operator  |   left moment   |  right moment   | transition strength |
     +-----------+-----------------+-----------------+---------------------+
     | xdiplen   |      0.00003361 |      0.00003361 |       0.00000000    |
     | ydiplen   |      0.00008301 |      0.00008301 |       0.00000001    |
     | zdiplen   |      0.43258609 |      0.43258609 |       0.18713073    |
     | xdipvel   |      0.00000213 |     -0.00000213 |       0.00000000    |
     | ydipvel   |      0.00001174 |     -0.00001174 |       0.00000000    |
     | zdipvel   |      0.04397874 |     -0.04397874 |       0.00193413    |
     | xangmom   |     -0.00000636 |      0.00000636 |       0.00000000    |
     | yangmom   |      0.00003583 |     -0.00003583 |       0.00000000    |
     | zangmom   |     -1.15179047 |      1.15179047 |       1.32662129    |
     +-----------+-----------------+-----------------+---------------------+
 
       oscillator strength (length gauge)   :      0.01797976
       oscillator strength (velocity gauge) :      0.00894673
       oscillator strength (mixed gauge)    :      0.01268306
 
       rotator strength (length gauge)      :     -0.24912427 a.u.
       Rotator strength (length gauge)      :   -117.44805148 10^(-40)*erg*cm^3
       rotator strength (velocity gauge)    :     -0.17573420 a.u.
       Rotator strength (velocity gauge)    :    -82.84877268 10^(-40)*erg*cm^3
 


  +=========================================================================+
  |  Transition                                             model: ADC(2)   |
  |    number, symmetry, multiplicity:   10 a    1                          |
  |    frequency :   0.1492407515 a.u.     4.06105 e.V.     32754.6 rcm     |
  +=========================================================================+

     +-----------+-----------------+-----------------+---------------------+
     | operator  |   left moment   |  right moment   | transition strength |
     +-----------+-----------------+-----------------+---------------------+
     | xdiplen   |     -0.41037471 |     -0.41037471 |       0.16840741    |
     | ydiplen   |      1.49016827 |      1.49016827 |       2.22060147    |
     | zdiplen   |     -0.00003373 |     -0.00003373 |       0.00000000    |
     | xdipvel   |     -0.04072746 |      0.04072746 |       0.00165873    |
     | ydipvel   |      0.18946431 |     -0.18946431 |       0.03589673    |
     | zdipvel   |     -0.00000374 |      0.00000374 |       0.00000000    |
     | xangmom   |     -0.01124152 |      0.01124152 |       0.00012637    |
     | yangmom   |      0.74742706 |     -0.74742706 |       0.55864721    |
     | zangmom   |      0.00009977 |     -0.00009977 |       0.00000001    |
     +-----------+-----------------+-----------------+---------------------+
 
       oscillator strength (length gauge)   :      0.23769165
       oscillator strength (velocity gauge) :      0.16776228
       oscillator strength (mixed gauge)    :      0.19936482
 
       rotator strength (length gauge)      :      0.55920266 a.u.
       Rotator strength (length gauge)      :    263.63253674 10^(-40)*erg*cm^3
       rotator strength (velocity gauge)    :      0.47597118 a.u.
       Rotator strength (velocity gauge)    :    224.39358459 10^(-40)*erg*cm^3
 
 Exporting transition densities


    ------------------------------------------------------------------------
         total  cpu-time :  28 days  9 hours 16 minutes and 17 seconds
         total wall-time :   1 days  0 hours  7 minutes and 57 seconds
    ------------------------------------------------------------------------

   ****  ricc2 : all done  ****


    2023-11-02 09:09:40.158 

