
   OpenMP run-time library returned nthreads = 36

 dscf (cpu-3-23) : TURBOMOLE rev. V7.5.0 compiled 17 Jun 2020 at 09:15:30
 Copyright (C) 2020 TURBOMOLE GmbH, Karlsruhe


    2023-11-01 08:57:03.830 



                             d s c f - program

                   idea & directorship : reinhart ahlrichs
                   program development : marco haeser
                                         michael baer
                           dft version : oliver treutler


                          quantum chemistry group
                          universitaet  karlsruhe
                                  germany



   *-----------------------------------------------------------------------*
   |                     program will use 36 thread(s)                     |
   *-----------------------------------------------------------------------*


              +--------------------------------------------------+
              | Atomic coordinate, charge and isotop information |
              +--------------------------------------------------+

                    atomic coordinates            atom    charge  isotop
          2.74420359   -2.92644728   -0.71335222    n      7.000     0
          0.10463414   -3.42629874   -0.85134002    c      6.000     0
          3.30017991   -0.34904982   -0.77777298    c      6.000     0
          0.99628251    0.90402757   -0.88956918    c      6.000     0
         -0.99628251   -0.90400569   -0.88956918    c      6.000     0
         -3.30017991    0.34907170   -0.77777298    c      6.000     0
         -0.10463414    3.42632062   -0.85134002    c      6.000     0
         -2.74420359    2.92645027   -0.71335222    n      7.000     0
         -0.81613492   -5.54596674   -0.95304508    o      8.000     0
          0.81613492    5.54598862   -0.95304508    o      8.000     0
         -4.01224761    4.32023667   -1.00903766    h      1.000     0
          4.01224761   -4.32023368   -1.00901877    h      1.000     0
        -10.20043926   -1.15178658   -0.33946990    c      6.000     0
         -8.11335014    0.58341664   -0.01245280    c      6.000     0
         -8.61442992    3.03883228    0.97285040    c      6.000     0
         -7.09391849    4.35039670    1.37706282    h      1.000     0
        -11.06644406    3.71994627    1.51183809    c      6.000     0
        -11.44796086    5.58544610    2.27619451    h      1.000     0
        -13.12373220    2.01936283    1.11954984    c      6.000     0
        -15.02774465    2.64045911    1.56524175    h      1.000     0
        -12.72031346   -0.38198775    0.22731565    c      6.000     0
         -5.82857677   -0.61962081   -0.69891471    c      6.000     0
         -6.54049330   -3.70093264   -1.58270182    s     16.000     0
         -9.61638161   -3.47420330   -1.17391627    n      7.000     0
         10.20043926    1.15177067   -0.33946990    c      6.000     0
          8.11335014   -0.58341365   -0.01243390    c      6.000     0
          8.61442992   -3.03882929    0.97286930    c      6.000     0
          7.09391849   -4.35039371    1.37708172    h      1.000     0
         11.06644406   -3.71994328    1.51183809    c      6.000     0
         11.44796086   -5.58546201    2.27617561    h      1.000     0
         13.12373220   -2.01937874    1.11954984    c      6.000     0
         15.02774465   -2.64047503    1.56522285    h      1.000     0
         12.72031346    0.38199073    0.22731565    c      6.000     0
          5.82857677    0.61962379   -0.69889581    c      6.000     0
          6.54049330    3.70091672   -1.58270182    s     16.000     0
          9.61638161    3.47418738   -1.17391627    n      7.000     0
        -14.24981999   -1.71828868   -0.04850877    h      1.000     0
         14.24981999    1.71827277   -0.04850877    h      1.000     0
 
       center of nuclear mass  :    0.00000000    0.00000050   -0.42284598
       center of nuclear charge:   -0.00000000    0.00000039   -0.39247709

   *************************************************************************
   test5b                                                                   
   *************************************************************************



              +--------------------------------------------------+
              |               basis set information              |
              +--------------------------------------------------+

              we will work with the 1s 3p 5d 7f 9g ... basis set
              ...i.e. with spherical basis functions...

   type   atoms  prim   cont   basis
   ---------------------------------------------------------------------------
    n        4     46     31   def2-TZVP   [5s3p2d1f|11s6p2d1f]
    c       20     46     31   def2-TZVP   [5s3p2d1f|11s6p2d1f]
    o        2     46     31   def2-TZVP   [5s3p2d1f|11s6p2d1f]
    h       10      8      6   def2-TZVP   [3s1p|5s1p]
    s        2     63     37   def2-TZVP   [5s5p2d1f|14s9p3d1f]
   ---------------------------------------------------------------------------
   total:   38   1402    940
   ---------------------------------------------------------------------------

   total number of primitive shells          :   93
   total number of contracted shells         :  352
   total number of cartesian basis functions : 1080
   total number of SCF-basis functions       :  940


 integral neglect threshold       :  0.31E-11
 integral storage threshold THIZE :  0.10E-04
 integral storage threshold THIME :         5


 DENSITY CONVERGENCE CHECK SWITCHED ON !
 SCF CONVERGENCE IF RMS(delta[D]) <     0.1000000000E-07


 symmetry group of the molecule :   c1 

 the group has the following generators :
   c1(z)

    1 symmetry operations found

 there are 1 real representations :   a   

 maximum number of shells which are related by symmetry :  1


          ------------------------
          nuclear repulsion energy  :   2639.66265884    
          ------------------------


         -----------------
         -S,T+V- integrals
         -----------------

 1e-integrals will be neglected if expon. factor < 0.309441E-12
 
   Difference densities algorithm switched on.
   The maximal number of linear combinations of
   difference densities is                    20 .

 DIIS switched on: error vector is FDS-SDF
 Max. Iterations for DIIS is     :   5
 DIIS matrix (see manual) 
    Scaling factor of diagonals  :  1.200
    threshold for scaling factor :  0.000

 scf convergence criterion : increment of total energy < .1000000D-06
                  and increment of one-electron energy < .1000000D-03

 MOs are in ASCII format !


    mo occupation :
   irrep   mo's   occupied
    a      940      103
 
 number of basis functions   :   940
 number of occupied orbitals :   103
 

 reading orbital data $scfmo  from file mos
 orbital characterization : expanded
 virtual MOs provided and orthogonalized by Cholesky decomposition

 automatic virtual orbital shift switched on 
      shift if e(lumo)-e(homo) < 0.10000000    


 DSCF restart information will be dumped onto file mos

 
                                              current damping :  0.300
 ITERATION  ENERGY          1e-ENERGY        2e-ENERGY     RMS[dD(SAO)]   TOL
   1  -1920.8951963386    -7855.1833781     3294.6255230    0.000D+00 0.309D-11
          max. resid. norm for Fia-block=  2.354D+00 for orbital      2a         
          max. resid. fock norm         =  8.389D+00 for orbital    714a         
          Delta Eig. =   923.1013470818 eV 
 
                                              current damping :  0.250
 ITERATION  ENERGY          1e-ENERGY        2e-ENERGY     RMS[dD(SAO)]   TOL
   2  -1925.5500617540    -7882.5689501     3317.3562295    0.169D-01 0.298D-11
          Norm of current diis error:  3.5694    
          max. resid. norm for Fia-block=  4.744D-01 for orbital      2a         
          max. resid. fock norm         =  5.428D-01 for orbital      2a         
          Delta Eig. =   204.7334415925 eV 
 
                                              current damping :  0.150
 ITERATION  ENERGY          1e-ENERGY        2e-ENERGY     RMS[dD(SAO)]   TOL
   3  -1926.0000531401    -7886.2225033     3320.5597913    0.436D-02 0.179D-11
          Norm of current diis error:  1.4247    
          max. resid. norm for Fia-block=  1.004D-01 for orbital      1a         
          max. resid. fock norm         =  1.164D-01 for orbital      2a         
          Delta Eig. =    51.7582555399 eV 
 
                                              current damping :  0.100
 ITERATION  ENERGY          1e-ENERGY        2e-ENERGY     RMS[dD(SAO)]   TOL
   4  -1926.1110715860    -7889.0280432     3323.2543127    0.283D-02 0.147D-11
          Norm of current diis error: 0.49724    
          max. resid. norm for Fia-block=  1.952D-02 for orbital    100a         
          max. resid. fock norm         =  3.861D-02 for orbital    935a         
          Delta Eig. =     5.6396996211 eV 
 
                                              current damping :  0.150
 ITERATION  ENERGY          1e-ENERGY        2e-ENERGY     RMS[dD(SAO)]   TOL
   5  -1926.1303966441    -7888.6509828     3322.8579274    0.931D-03 0.136D-11
          Norm of current diis error: 0.18116    
          max. resid. norm for Fia-block=  1.079D-02 for orbital    100a         
          max. resid. fock norm         =  1.389D-02 for orbital    929a         
 mo-orthogonalization: Cholesky decomposition
          Delta Eig. =     0.9231262183 eV 
 
                                              current damping :  0.200
 ITERATION  ENERGY          1e-ENERGY        2e-ENERGY     RMS[dD(SAO)]   TOL
   6  -1926.1351041038    -7888.9881552     3323.1903923    0.444D-03 0.128D-11
          Norm of current diis error: 0.10600    
          max. resid. norm for Fia-block=  7.162D-03 for orbital    100a         
          max. resid. fock norm         =  7.398D-03 for orbital    104a         
          Delta Eig. =     0.2302124419 eV 
 
                                              current damping :  0.250
 ITERATION  ENERGY          1e-ENERGY        2e-ENERGY     RMS[dD(SAO)]   TOL
   7  -1926.1369843550    -7888.9895455     3323.1899024    0.221D-03 0.120D-11
          Norm of current diis error: 0.58842E-01
          max. resid. norm for Fia-block=  7.365D-03 for orbital    100a         
          max. resid. fock norm         =  7.659D-03 for orbital    105a         
          Delta Eig. =     0.1129570627 eV 
 
                                              current damping :  0.300
 ITERATION  ENERGY          1e-ENERGY        2e-ENERGY     RMS[dD(SAO)]   TOL
   8  -1926.1380086273    -7889.0292473     3323.2285798    0.166D-03 0.111D-11
          Norm of current diis error: 0.34945E-01
          max. resid. norm for Fia-block=  5.292D-03 for orbital    100a         
          max. resid. fock norm         =  5.308D-03 for orbital    100a         
          Delta Eig. =     0.0651252555 eV 
 
                                              current damping :  0.150
 ITERATION  ENERGY          1e-ENERGY        2e-ENERGY     RMS[dD(SAO)]   TOL
   9  -1926.1383860064    -7889.0537831     3323.2527383    0.111D-03 0.103D-11
          Norm of current diis error: 0.16968E-01
          max. resid. norm for Fia-block=  2.788D-03 for orbital    100a         
          max. resid. fock norm         =  2.843D-03 for orbital    105a         
          Delta Eig. =     0.0372555881 eV 
 
                                              current damping :  0.100
 ITERATION  ENERGY          1e-ENERGY        2e-ENERGY     RMS[dD(SAO)]   TOL
  10  -1926.1384868360    -7889.0754380     3323.2742924    0.666D-04 0.977D-12
          Norm of current diis error: 0.73289E-02
          max. resid. norm for Fia-block=  1.072D-03 for orbital    100a         
          max. resid. fock norm         =  1.075D-03 for orbital    100a         
 mo-orthogonalization: Cholesky decomposition
          Delta Eig. =     0.0289978020 eV 
 
                                              current damping :  0.150
 ITERATION  ENERGY          1e-ENERGY        2e-ENERGY     RMS[dD(SAO)]   TOL
  11  -1926.1385005942    -7889.0748077     3323.2736483    0.292D-04 0.946D-12
          Norm of current diis error: 0.33858E-02
          max. resid. norm for Fia-block=  3.501D-04 for orbital    102a         
          max. resid. fock norm         =  3.656D-04 for orbital    102a         
          Delta Eig. =     0.0125692941 eV 
 
                                              current damping :  0.200
 ITERATION  ENERGY          1e-ENERGY        2e-ENERGY     RMS[dD(SAO)]   TOL
  12  -1926.1385024446    -7889.0818462     3323.2806849    0.876D-05 0.930D-12
          Norm of current diis error: 0.16305E-02
          max. resid. norm for Fia-block=  1.488D-04 for orbital    100a         
          max. resid. fock norm         =  1.615D-04 for orbital     93a         
          Delta Eig. =     0.0056294174 eV 
 
                                              current damping :  0.250
 ITERATION  ENERGY          1e-ENERGY        2e-ENERGY     RMS[dD(SAO)]   TOL
  13  -1926.1385028595    -7889.0805038     3323.2793421    0.506D-05 0.915D-12
          Norm of current diis error: 0.76370E-03
          max. resid. norm for Fia-block=  6.549D-05 for orbital    102a         
          max. resid. fock norm         =  6.664D-05 for orbital    102a         
          Delta Eig. =     0.0018425599 eV 
 
                                              current damping :  0.300
 ITERATION  ENERGY          1e-ENERGY        2e-ENERGY     RMS[dD(SAO)]   TOL
  14  -1926.1385029668    -7889.0815413     3323.2803795    0.185D-05 0.896D-12
          Norm of current diis error: 0.44038E-03
          max. resid. norm for Fia-block=  3.712D-05 for orbital    102a         
          max. resid. fock norm         =  4.005D-05 for orbital     93a         
          Delta Eig. =     0.0008355701 eV 
 
                                              current damping :  0.150
 ITERATION  ENERGY          1e-ENERGY        2e-ENERGY     RMS[dD(SAO)]   TOL
  15  -1926.1385030066    -7889.0816543     3323.2804924    0.114D-05 0.874D-12
          Norm of current diis error: 0.25386E-03
          max. resid. norm for Fia-block=  2.737D-05 for orbital    102a         
          max. resid. fock norm         =  2.773D-05 for orbital    104a         
 mo-orthogonalization: Cholesky decomposition
          Delta Eig. =     0.0004417039 eV 
 
                                              current damping :  0.100
 ITERATION  ENERGY          1e-ENERGY        2e-ENERGY     RMS[dD(SAO)]   TOL
  16  -1926.1385030252    -7889.0818415     3323.2806796    0.714D-06 0.844D-12
          Norm of current diis error: 0.15093E-03
          max. resid. norm for Fia-block=  1.557D-05 for orbital    102a         
          max. resid. fock norm         =  1.609D-05 for orbital    105a         
          Delta Eig. =     0.0005147022 eV 
 
                                              current damping :  0.100
 ITERATION  ENERGY          1e-ENERGY        2e-ENERGY     RMS[dD(SAO)]   TOL
  17  -1926.1385030315    -7889.0819302     3323.2807683    0.517D-06 0.816D-12
          Norm of current diis error: 0.76980E-04
          max. resid. norm for Fia-block=  9.148D-06 for orbital    102a         
          max. resid. fock norm         =  9.684D-06 for orbital    105a         
          Delta Eig. =     0.0002008617 eV 
 
                                              current damping :  0.100
 ITERATION  ENERGY          1e-ENERGY        2e-ENERGY     RMS[dD(SAO)]   TOL
  18  -1926.1385030333    -7889.0820234     3323.2808615    0.203D-06 0.879D-12
          Norm of current diis error: 0.48872E-04
          max. resid. norm for Fia-block=  5.399D-06 for orbital    102a         
          max. resid. fock norm         =  6.323D-06 for orbital    302a         
          Delta Eig. =     0.0002720387 eV 

 ENERGY & DENSITY CONVERGED !

 
                                              current damping :  0.150
 ITERATION  ENERGY          1e-ENERGY        2e-ENERGY     RMS[dD(SAO)]   TOL
  19  -1926.1385030330    -7889.0820182     3323.2808563    0.188D-06 0.880D-12
          max. resid. norm for Fia-block=  1.293D-06 for orbital    102a         
          max. resid. fock norm         =  2.097D-06 for orbital    302a         

 convergence criteria satisfied after    19 iterations


   *************************************************************************
   test5b                                                                   
   *************************************************************************


                  ------------------------------------------ 
                 |  total energy      =  -1926.13850303299  |
                  ------------------------------------------ 
                 :  kinetic energy    =   1923.99577566940  :
                 :  potential energy  =  -3850.13427870239  :
                 :  virial theorem    =      1.99888755281  :
                 :  wavefunction norm =      1.00000000000  :
                  .......................................... 


 <geterg> : there is no data group $energy 


 <skperg> : $end is missing 


 orbitals $scfmo  will be written to file mos

    irrep                 99a        100a        101a        102a        103a   
 eigenvalues H         -0.34948    -0.34926    -0.34344    -0.32194    -0.26929
            eV          -9.5099     -9.5038     -9.3457     -8.7606     -7.3279
 occupation              2.0000      2.0000      2.0000      2.0000      2.0000

    irrep                104a        105a        106a        107a        108a   
 eigenvalues H         -0.02631     0.02042     0.06643     0.10881     0.12809
            eV          -0.7159      0.5558      1.8078      2.9609      3.4855
 
 
 
 
 ==============================================================================
                           electrostatic moments
 ==============================================================================

 reference point for electrostatic moments:    0.00000   0.00000   0.00000

 
              nuc           elec       ->  total
 ------------------------------------------------------------------------------
                          charge      
 ------------------------------------------------------------------------------
         206.000000    -206.000000      -0.000000
 
 ------------------------------------------------------------------------------
                       dipole moment  
 ------------------------------------------------------------------------------
   x       0.000000       0.000003       0.000003
   y       0.000081      -0.000060       0.000021
   z     -80.850280      81.442459       0.592179
 
   | dipole moment | =     0.5922 a.u. =     1.5052 debye 
 
 ------------------------------------------------------------------------------
                     quadrupole moment
 ------------------------------------------------------------------------------
  xx   12989.836278  -13091.595865    -101.759587
  yy    1881.037339   -2022.031502    -140.994163
  zz     229.348837    -361.690797    -132.341961
  xy      -0.000052     -26.204867     -26.204919
  xz       0.002267      -0.002376      -0.000109
  yz      -0.000425       0.000414      -0.000011
 
     1/3  trace=    -125.031903
     anisotropy=      57.748078
 
 ==============================================================================
 
HOMO-LUMO Separation
 HOMO         :   -0.26929163 H =     -7.32780 eV
 LUMO         :   -0.02630875 H =     -0.71590 eV
 HOMO-LUMO gap:    0.24298287 H =     +6.61190 eV
 
 ==============================================================================


    ------------------------------------------------------------------------
         total  cpu-time :  2 hours 38 minutes and 43 seconds
         total wall-time :  4 minutes and 40 seconds
    ------------------------------------------------------------------------

   ****  dscf : all done  ****


    2023-11-01 09:01:43.418 

