
   OpenMP run-time library returned nthreads = 36

 dscf (cpu-7-17) : TURBOMOLE rev. V7.5.0 compiled 17 Jun 2020 at 09:15:30
 Copyright (C) 2020 TURBOMOLE GmbH, Karlsruhe


    2023-11-13 08:30:19.275 



                             d s c f - program

                   idea & directorship : reinhart ahlrichs
                   program development : marco haeser
                                         michael baer
                           dft version : oliver treutler


                          quantum chemistry group
                          universitaet  karlsruhe
                                  germany



   *-----------------------------------------------------------------------*
   |                     program will use 36 thread(s)                     |
   *-----------------------------------------------------------------------*


              +--------------------------------------------------+
              | Atomic coordinate, charge and isotop information |
              +--------------------------------------------------+

                    atomic coordinates            atom    charge  isotop
         -3.03338838   -2.62955390    0.00000000    n      7.000     0
         -0.47224256   -3.39734963    0.00000000    c      6.000     0
         -3.31854805   -0.02551130    0.00000000    c      6.000     0
         -0.89818683    1.00495635    0.00000000    c      6.000     0
          0.89818683   -1.00495635    0.00000000    c      6.000     0
          3.31854805    0.02551130    0.00000000    c      6.000     0
          0.47224256    3.39734963    0.00000000    c      6.000     0
          3.03338837    2.62955390    0.00000000    n      7.000     0
          0.21996412   -5.61456529    0.00000000    o      8.000     0
         -0.21996412    5.61456529    0.00000000    o      8.000     0
          4.50888653    3.85220671    0.00000000    h      1.000     0
         -4.50888653   -3.85220670    0.00000000    h      1.000     0
          8.10616918    0.20635809    0.00000000    c      6.000     0
         10.51273540   -1.11267074    0.00000000    c      6.000     0
         10.60306431   -3.80023924    0.00000000    c      6.000     0
         12.41455578   -4.75776346    0.00000000    h      1.000     0
          8.34503057   -5.08506403    0.00000000    c      6.000     0
          8.34162906   -7.13636174    0.00000000    h      1.000     0
          5.97096764   -3.81932547    0.00000000    c      6.000     0
          4.25339556   -4.94711402    0.00000000    h      1.000     0
          5.77008975   -1.19846431    0.00000000    c      6.000     0
         11.41054429    3.33347689    0.00000000    s     16.000     0
          8.35617995    2.72422918    0.00000000    n      7.000     0
         12.51395537    0.43973927    0.00000000    n      7.000     0
        -10.51273540    1.11267074    0.00000000    c      6.000     0
         -8.10616918   -0.20635809    0.00000000    c      6.000     0
         -5.77008975    1.19846431    0.00000000    c      6.000     0
         -5.97096764    3.81932547    0.00000000    c      6.000     0
         -4.25339556    4.94711402    0.00000000    h      1.000     0
         -8.34503057    5.08506403    0.00000000    c      6.000     0
         -8.34162906    7.13636174    0.00000000    h      1.000     0
        -10.60306431    3.80023924    0.00000000    c      6.000     0
        -12.41455578    4.75776346    0.00000000    h      1.000     0
        -11.41054429   -3.33347689    0.00000000    s     16.000     0
        -12.51395537   -0.43973927    0.00000000    n      7.000     0
         -8.35617995   -2.72422918    0.00000000    n      7.000     0
 
       center of nuclear mass  :   -0.00000000   -0.00000000    0.00000000
       center of nuclear charge:   -0.00000000   -0.00000000    0.00000000

   *************************************************************************
   test6                                                                    
   *************************************************************************



              +--------------------------------------------------+
              |               basis set information              |
              +--------------------------------------------------+

              we will work with the 1s 3p 5d 7f 9g ... basis set
              ...i.e. with spherical basis functions...

   type   atoms  prim   cont   basis
   ---------------------------------------------------------------------------
    n        6     46     31   def2-TZVP   [5s3p2d1f|11s6p2d1f]
    c       18     46     31   def2-TZVP   [5s3p2d1f|11s6p2d1f]
    o        2     46     31   def2-TZVP   [5s3p2d1f|11s6p2d1f]
    h        8      8      6   def2-TZVP   [3s1p|5s1p]
    s        2     63     37   def2-TZVP   [5s5p2d1f|14s9p3d1f]
   ---------------------------------------------------------------------------
   total:   36   1386    928
   ---------------------------------------------------------------------------

   total number of primitive shells          :   93
   total number of contracted shells         :  344
   total number of cartesian basis functions : 1068
   total number of SCF-basis functions       :  928


 integral neglect threshold       :  0.31E-11
 integral storage threshold THIZE :  0.10E-04
 integral storage threshold THIME :         5


 DENSITY CONVERGENCE CHECK SWITCHED ON !
 SCF CONVERGENCE IF RMS(delta[D]) <     0.1000000000E-07


 symmetry group of the molecule :   cs

 the group has the following generators :
   c1(z)
   mirror plane sigma(xy)

    2 symmetry operations found

 there are 2 real representations :   a'   a"  

 maximum number of shells which are related by symmetry :  1


          ------------------------
          nuclear repulsion energy  :   2629.17431062    
          ------------------------


         -----------------
         -S,T+V- integrals
         -----------------

 1e-integrals will be neglected if expon. factor < 0.312918E-12
 
   Difference densities algorithm switched on.
   The maximal number of linear combinations of
   difference densities is                    20 .

 DIIS switched on: error vector is FDS-SDF
 Max. Iterations for DIIS is     :   5
 DIIS matrix (see manual) 
    Scaling factor of diagonals  :  1.200
    threshold for scaling factor :  0.000

 scf convergence criterion : increment of total energy < .1000000D-06
                  and increment of one-electron energy < .1000000D-03

 MOs are in ASCII format !


    mo occupation :
   irrep   mo's   occupied
    a'     636       85
    a"     292       18
 
 number of basis functions   :   928
 number of occupied orbitals :   103
 

 reading orbital data $scfmo  from file mos
 orbital characterization : expanded
 virtual MOs provided and orthogonalized by Cholesky decomposition

 automatic virtual orbital shift switched on 
      shift if e(lumo)-e(homo) < 0.10000000    


 DSCF restart information will be dumped onto file mos

 
                                              current damping :  0.300
 ITERATION  ENERGY          1e-ENERGY        2e-ENERGY     RMS[dD(SAO)]   TOL
   1  -1952.7187176266    -7885.8595426     3303.9665144    0.000D+00 0.312D-11
          max. resid. norm for Fia-block=  2.348D+00 for orbital      1a'        
          max. resid. fock norm         =  8.981D+00 for orbital    354a'        
          Delta Eig. =   925.5353249389 eV 
 
                                              current damping :  0.250
 ITERATION  ENERGY          1e-ENERGY        2e-ENERGY     RMS[dD(SAO)]   TOL
   2  -1957.5485283130    -7908.6116698     3321.8888309    0.281D-01 0.304D-11
          Norm of current diis error:  3.5457    
          max. resid. norm for Fia-block=  4.771D-01 for orbital      2a'        
          max. resid. fock norm         =  5.478D-01 for orbital      2a'        
          Delta Eig. =   204.2559325228 eV 
 
                                              current damping :  0.150
 ITERATION  ENERGY          1e-ENERGY        2e-ENERGY     RMS[dD(SAO)]   TOL
   3  -1958.0230042100    -7911.7164763     3324.5191615    0.695D-02 0.180D-11
          Norm of current diis error:  1.3392    
          max. resid. norm for Fia-block=  9.950D-02 for orbital      2a'        
          max. resid. fock norm         =  1.152D-01 for orbital      2a'        
          Delta Eig. =    51.7106905370 eV 
 
                                              current damping :  0.100
 ITERATION  ENERGY          1e-ENERGY        2e-ENERGY     RMS[dD(SAO)]   TOL
   4  -1958.1309359747    -7913.1715178     3325.8662712    0.367D-02 0.148D-11
          Norm of current diis error: 0.43736    
          max. resid. norm for Fia-block=  2.082D-02 for orbital     15a"        
          max. resid. fock norm         =  3.673D-02 for orbital     39a'        
          Delta Eig. =     5.2017148838 eV 
 
                                              current damping :  0.150
 ITERATION  ENERGY          1e-ENERGY        2e-ENERGY     RMS[dD(SAO)]   TOL
   5  -1958.1512447563    -7912.8330755     3325.5075202    0.117D-02 0.136D-11
          Norm of current diis error: 0.19092    
          max. resid. norm for Fia-block=  1.207D-02 for orbital     16a"        
          max. resid. fock norm         =  1.388D-02 for orbital     20a"        
 mo-orthogonalization: Cholesky decomposition
          Delta Eig. =     1.0536414908 eV 
 
                                              current damping :  0.200
 ITERATION  ENERGY          1e-ENERGY        2e-ENERGY     RMS[dD(SAO)]   TOL
   6  -1958.1573930248    -7913.0202243     3325.6885206    0.647D-03 0.126D-11
          Norm of current diis error: 0.10646    
          max. resid. norm for Fia-block=  1.031D-02 for orbital     15a"        
          max. resid. fock norm         =  1.162D-02 for orbital     20a"        
          Delta Eig. =     0.2441335633 eV 
 
                                              current damping :  0.250
 ITERATION  ENERGY          1e-ENERGY        2e-ENERGY     RMS[dD(SAO)]   TOL
   7  -1958.1602064402    -7912.9375892     3325.6030721    0.387D-03 0.116D-11
          Norm of current diis error: 0.63712E-01
          max. resid. norm for Fia-block=  9.060D-03 for orbital     15a"        
          max. resid. fock norm         =  9.598D-03 for orbital     20a"        
          Delta Eig. =     0.1468313695 eV 
 
                                              current damping :  0.300
 ITERATION  ENERGY          1e-ENERGY        2e-ENERGY     RMS[dD(SAO)]   TOL
   8  -1958.1614880368    -7912.9723464     3325.6365477    0.253D-03 0.107D-11
          Norm of current diis error: 0.36419E-01
          max. resid. norm for Fia-block=  5.598D-03 for orbital     15a"        
          max. resid. fock norm         =  5.834D-03 for orbital     20a"        
          Delta Eig. =     0.0891862748 eV 
 
                                              current damping :  0.350
 ITERATION  ENERGY          1e-ENERGY        2e-ENERGY     RMS[dD(SAO)]   TOL
   9  -1958.1618858772    -7912.9519162     3325.6157197    0.148D-03 0.101D-11
          Norm of current diis error: 0.16145E-01
          max. resid. norm for Fia-block=  2.718D-03 for orbital     15a"        
          max. resid. fock norm         =  2.849D-03 for orbital     20a"        
          Delta Eig. =     0.0441564996 eV 
 
                                              current damping :  0.400
 ITERATION  ENERGY          1e-ENERGY        2e-ENERGY     RMS[dD(SAO)]   TOL
  10  -1958.1619659579    -7912.9606393     3325.6243627    0.602D-04 0.979D-12
          Norm of current diis error: 0.78520E-02
          max. resid. norm for Fia-block=  1.292D-03 for orbital     15a"        
          max. resid. fock norm         =  1.302D-03 for orbital     15a"        
 mo-orthogonalization: Cholesky decomposition
          Delta Eig. =     0.0225116567 eV 
 
                                              current damping :  0.450
 ITERATION  ENERGY          1e-ENERGY        2e-ENERGY     RMS[dD(SAO)]   TOL
  11  -1958.1619820589    -7912.9553851     3325.6190924    0.267D-04 0.957D-12
          Norm of current diis error: 0.37491E-02
          max. resid. norm for Fia-block=  5.684D-04 for orbital     15a"        
          max. resid. fock norm         =  5.846D-04 for orbital     15a"        
          Delta Eig. =     0.0081294758 eV 
 
                                              current damping :  0.500
 ITERATION  ENERGY          1e-ENERGY        2e-ENERGY     RMS[dD(SAO)]   TOL
  12  -1958.1619853572    -7912.9569069     3325.6206109    0.124D-04 0.940D-12
          Norm of current diis error: 0.17244E-02
          max. resid. norm for Fia-block=  2.415D-04 for orbital     15a"        
          max. resid. fock norm         =  2.436D-04 for orbital     15a"        
          Delta Eig. =     0.0012680662 eV 
 
                                              current damping :  0.550
 ITERATION  ENERGY          1e-ENERGY        2e-ENERGY     RMS[dD(SAO)]   TOL
  13  -1958.1619859649    -7912.9559664     3325.6196698    0.497D-05 0.926D-12
          Norm of current diis error: 0.89247E-03
          max. resid. norm for Fia-block=  1.052D-04 for orbital     17a"        
          max. resid. fock norm         =  1.114D-04 for orbital     20a"        
          Delta Eig. =     0.0014217006 eV 
 
                                              current damping :  0.600
 ITERATION  ENERGY          1e-ENERGY        2e-ENERGY     RMS[dD(SAO)]   TOL
  14  -1958.1619861051    -7912.9561955     3325.6198988    0.225D-05 0.910D-12
          Norm of current diis error: 0.46676E-03
          max. resid. norm for Fia-block=  4.669D-05 for orbital     17a"        
          max. resid. fock norm         =  4.751D-05 for orbital     20a"        
          Delta Eig. =     0.0005348575 eV 
 
                                              current damping :  0.650
 ITERATION  ENERGY          1e-ENERGY        2e-ENERGY     RMS[dD(SAO)]   TOL
  15  -1958.1619861407    -7912.9560335     3325.6197368    0.995D-06 0.892D-12
          Norm of current diis error: 0.26647E-03
          max. resid. norm for Fia-block=  2.609D-05 for orbital     18a"        
          max. resid. fock norm         =  2.727D-05 for orbital     21a"        
 mo-orthogonalization: Cholesky decomposition
          Delta Eig. =     0.0002319623 eV 
 
                                              current damping :  0.700
 ITERATION  ENERGY          1e-ENERGY        2e-ENERGY     RMS[dD(SAO)]   TOL
  16  -1958.1619861522    -7912.9561323     3325.6198355    0.504D-06 0.871D-12
          Norm of current diis error: 0.16328E-03
          max. resid. norm for Fia-block=  1.692D-05 for orbital     18a"        
          max. resid. fock norm         =  1.743D-05 for orbital     18a"        
          Delta Eig. =     0.0002337613 eV 
 
                                              current damping :  0.750
 ITERATION  ENERGY          1e-ENERGY        2e-ENERGY     RMS[dD(SAO)]   TOL
  17  -1958.1619861575    -7912.9561000     3325.6198033    0.296D-06 0.890D-12
          Norm of current diis error: 0.10276E-03
          max. resid. norm for Fia-block=  1.128D-05 for orbital     13a"        
          max. resid. fock norm         =  1.204D-05 for orbital     21a"        
          Delta Eig. =     0.0001068117 eV 
 
                                              current damping :  0.800
 ITERATION  ENERGY          1e-ENERGY        2e-ENERGY     RMS[dD(SAO)]   TOL
  18  -1958.1619861592    -7912.9561589     3325.6198622    0.240D-06 0.890D-12
          Norm of current diis error: 0.67637E-04
          max. resid. norm for Fia-block=  7.788D-06 for orbital     13a"        
          max. resid. fock norm         =  8.074D-06 for orbital     21a"        
          Delta Eig. =     0.0000856705 eV 

 ENERGY & DENSITY CONVERGED !

 
                                              current damping :  0.650
 ITERATION  ENERGY          1e-ENERGY        2e-ENERGY     RMS[dD(SAO)]   TOL
  19  -1958.1619861593    -7912.9561668     3325.6198700    0.187D-06 0.889D-12
          max. resid. norm for Fia-block=  2.529D-06 for orbital     16a"        
          max. resid. fock norm         =  2.846D-06 for orbital     20a"        

 convergence criteria satisfied after    19 iterations


   *************************************************************************
   test6                                                                    
   *************************************************************************


                  ------------------------------------------ 
                 |  total energy      =  -1958.16198615932  |
                  ------------------------------------------ 
                 :  kinetic energy    =   1955.86763869865  :
                 :  potential energy  =  -3914.02962485797  :
                 :  virial theorem    =      1.99882831580  :
                 :  wavefunction norm =      1.00000000000  :
                  .......................................... 


 <geterg> : there is no data group $energy 


 <skperg> : $end is missing 


 orbitals $scfmo  will be written to file mos

    irrep                 81a'        82a'        83a'        84a'        85a'  
 eigenvalues H         -0.49643    -0.48621    -0.48512    -0.45100    -0.42627
            eV         -13.5087    -13.2306    -13.2009    -12.2723    -11.5996
 occupation              2.0000      2.0000      2.0000      2.0000      2.0000

    irrep                 86a'        87a'        88a'        89a'        90a'  
 eigenvalues H          0.13809     0.13824     0.15017     0.15117     0.15760
            eV           3.7577      3.7617      4.0863      4.1137      4.2886

    irrep                 14a"        15a"        16a"        17a"        18a"  
 eigenvalues H         -0.36395    -0.35905    -0.35862    -0.34709    -0.26255
            eV          -9.9036     -9.7703     -9.7586     -9.4450     -7.1445
 occupation              2.0000      2.0000      2.0000      2.0000      2.0000

    irrep                 19a"        20a"        21a"        22a"        23a"  
 eigenvalues H         -0.01736     0.00470     0.04613     0.10650     0.12800
            eV          -0.4724      0.1278      1.2553      2.8980      3.4830
 
 
 
 
 ==============================================================================
                           electrostatic moments
 ==============================================================================

 reference point for electrostatic moments:    0.00000   0.00000   0.00000

 
              nuc           elec       ->  total
 ------------------------------------------------------------------------------
                          charge      
 ------------------------------------------------------------------------------
         206.000000    -206.000000      -0.000000
 
 ------------------------------------------------------------------------------
                       dipole moment  
 ------------------------------------------------------------------------------
   x      -0.000000      -0.000000      -0.000000
   y      -0.000000       0.000000      -0.000000
   z       0.000000       0.000000       0.000000
 
   | dipole moment | =     0.0000 a.u. =     0.0000 debye 
 
 ------------------------------------------------------------------------------
                     quadrupole moment
 ------------------------------------------------------------------------------
  xx   13261.581322  -13372.318960    -110.737638
  yy    2131.002779   -2261.731268    -130.728489
  zz       0.000000    -131.089782    -131.089782
  xy       0.040673      -7.663861      -7.623188
  xz       0.000000       0.000000       0.000000
  yz       0.000000       0.000000       0.000000
 
     1/3  trace=    -124.185303
     anisotropy=      24.110707
 
 ==============================================================================
 
HOMO-LUMO Separation
 HOMO         :   -0.26255478 H =     -7.14448 eV
 LUMO         :   -0.01736138 H =     -0.47243 eV
 HOMO-LUMO gap:    0.24519339 H =     +6.67206 eV
 
 ==============================================================================


    ------------------------------------------------------------------------
         total  cpu-time :  2 hours 36 minutes and 40 seconds
         total wall-time :  4 minutes and 29 seconds
    ------------------------------------------------------------------------

   ****  dscf : all done  ****


    2023-11-13 08:34:47.156 

