
   OpenMP run-time library returned nthreads = 36

 ricc2 (cpu-7-17) : TURBOMOLE rev. V7.5.0 compiled 17 Jun 2020 at 09:15:30
 Copyright (C) 2020 TURBOMOLE GmbH, Karlsruhe


    2023-11-13 08:34:49.594 



                              R I C C 2 - PROGRAM

                          the quantum chemistry groups
                             at the universities in
                               Karlsruhe & Bochum
                                   Germany



   *-----------------------------------------------------------------------*
   |                     program will use 36 thread(s)                     |
   *-----------------------------------------------------------------------*


              +--------------------------------------------------+
              | Atomic coordinate, charge and isotop information |
              +--------------------------------------------------+

                    atomic coordinates            atom    charge  isotop
         -3.03338838   -2.62955390    0.00000000    n      7.000     0
         -0.47224256   -3.39734963    0.00000000    c      6.000     0
         -3.31854805   -0.02551130    0.00000000    c      6.000     0
         -0.89818683    1.00495635    0.00000000    c      6.000     0
          0.89818683   -1.00495635    0.00000000    c      6.000     0
          3.31854805    0.02551130    0.00000000    c      6.000     0
          0.47224256    3.39734963    0.00000000    c      6.000     0
          3.03338837    2.62955390    0.00000000    n      7.000     0
          0.21996412   -5.61456529    0.00000000    o      8.000     0
         -0.21996412    5.61456529    0.00000000    o      8.000     0
          4.50888653    3.85220671    0.00000000    h      1.000     0
         -4.50888653   -3.85220670    0.00000000    h      1.000     0
          8.10616918    0.20635809    0.00000000    c      6.000     0
         10.51273540   -1.11267074    0.00000000    c      6.000     0
         10.60306431   -3.80023924    0.00000000    c      6.000     0
         12.41455578   -4.75776346    0.00000000    h      1.000     0
          8.34503057   -5.08506403    0.00000000    c      6.000     0
          8.34162906   -7.13636174    0.00000000    h      1.000     0
          5.97096764   -3.81932547    0.00000000    c      6.000     0
          4.25339556   -4.94711402    0.00000000    h      1.000     0
          5.77008975   -1.19846431    0.00000000    c      6.000     0
         11.41054429    3.33347689    0.00000000    s     16.000     0
          8.35617995    2.72422918    0.00000000    n      7.000     0
         12.51395537    0.43973927    0.00000000    n      7.000     0
        -10.51273540    1.11267074    0.00000000    c      6.000     0
         -8.10616918   -0.20635809    0.00000000    c      6.000     0
         -5.77008975    1.19846431    0.00000000    c      6.000     0
         -5.97096764    3.81932547    0.00000000    c      6.000     0
         -4.25339556    4.94711402    0.00000000    h      1.000     0
         -8.34503057    5.08506403    0.00000000    c      6.000     0
         -8.34162906    7.13636174    0.00000000    h      1.000     0
        -10.60306431    3.80023924    0.00000000    c      6.000     0
        -12.41455578    4.75776346    0.00000000    h      1.000     0
        -11.41054429   -3.33347689    0.00000000    s     16.000     0
        -12.51395537   -0.43973927    0.00000000    n      7.000     0
         -8.35617995   -2.72422918    0.00000000    n      7.000     0
 
       center of nuclear mass  :   -0.00000000   -0.00000000    0.00000000
       center of nuclear charge:   -0.00000000   -0.00000000    0.00000000

   *************************************************************************
   test6                                                                    
   *************************************************************************



              +--------------------------------------------------+
              |               basis set information              |
              +--------------------------------------------------+

              we will work with the 1s 3p 5d 7f 9g ... basis set
              ...i.e. with spherical basis functions...

   type   atoms  prim   cont   basis
   ---------------------------------------------------------------------------
    n        6     46     31   def2-TZVP   [5s3p2d1f|11s6p2d1f]
    c       18     46     31   def2-TZVP   [5s3p2d1f|11s6p2d1f]
    o        2     46     31   def2-TZVP   [5s3p2d1f|11s6p2d1f]
    h        8      8      6   def2-TZVP   [3s1p|5s1p]
    s        2     63     37   def2-TZVP   [5s5p2d1f|14s9p3d1f]
   ---------------------------------------------------------------------------
   total:   36   1386    928
   ---------------------------------------------------------------------------

   total number of primitive shells          :   93
   total number of contracted shells         :  344
   total number of cartesian basis functions : 1068
   total number of SCF-basis functions       :  928


 symmetry group of the molecule :   cs

 the group has the following generators :
   c1(z)
   mirror plane sigma(xy)

    2 symmetry operations found

 there are 2 real representations :   a'   a"  


   =========================================================================


     restricted closed shell calculation for the wavefunction models:
               ADC(2)     - Algebraic Diagrammatic Construction to 2. Order (strict)


     global parameters for ricc2 program:

        hard restart (reuse of interm.) :  disabled
        soft restart (reuse of vectors) :  disabled
        threshold for vector function   :    0.100000E-06
        convergence threshold energy    :    0.100000E-07
        linear dependence threshold     :    0.100000E-13
        global print level              :      1
        maximum number of iterations    :   500
        maximum number DIIS vectors     :    10
        max. dim. of reduced space      :   100
        core memory limit (MB)          : 18000

     Scratch Directory : 


   =========================================================================

    der. integral neglect threshold  :  0.10E-08
    integral neglect threshold       :  0.31E-12
    integral storage threshold THIZE :  0.10E-04
    integral storage threshold THIME :         5


                  +------------------------------------------+
                  |     Auxiliary basis set information      |
                  +------------------------------------------+

              assign orbital basis set names as defaults
              read basis sets from /home/hlischka/programs/TURBOMOLE-7.5/TURBOMOLE//cbasen/
              (basis sets have been saved in file auxbasis)

              we will work with the 1s 3p 5d 7f 9g ... basis set
              ...i.e. with spherical basis functions...

   type   atoms  prim   cont   basis
   ---------------------------------------------------------------------------
    n        6     81     76   def2-TZVP   [8s6p4d3f1g|8s6p5d3f1g]
    c       18     81     76   def2-TZVP   [8s6p4d3f1g|8s6p5d3f1g]
    o        2     81     76   def2-TZVP   [8s6p4d3f1g|8s6p5d3f1g]
    h        8     23     15   def2-TZVP   [4s2p1d|4s3p2d]
    s        2    119    113   def2-TZVP   [9s7p6d5f2g|10s7p7d5f2g]
   ---------------------------------------------------------------------------
   total:   36   2528   2322
   ---------------------------------------------------------------------------

   total number of primitive shells          :  109
   total number of contracted shells         :  686
   total number of cartesian basis functions : 2890
   total number of SCF-basis functions       : 2322


 maximum number of shells which are related by symmetry :  1


 The symmetry information takes   1 MB

*---------------------------------------------------------------------*
|      simplified algorithm for abelian symmetry will be applied      |
*---------------------------------------------------------------------*
  MOs are in ASCII format !


 reading orbital data $scfmo  from file mos
 orbital characterization : scfconv=7
 time elapsed for calculating density matrices :   3.672 sec
 all orbitals will be active in the correlation treatment


   Molecular Orbital Statistic:
   ============================


   --------------------------
    irred. repres.:   a'   a"
   --------------------------
   frozen occupied:    0    0
   active occupied:   85   18
   active virtual :  551  274
   frozen virtual :    0    0
   --------------------------
 

   -----------------------------
   orbitals in total:
   -----------------------------
    frozen occupied :      0
    active occupied :    103
    active virtual  :    825
    frozen virtual  :      0
    all together    :    928
   -----------------------------


     time in riccmos       cpu: 16.16 sec    wall:  0.84 sec    ratio: 19.1

     total memory allocated for calculation of (Q|P)**(-1/2) : 34 MiB


     calculation of (P|Q) ...
     time in lp2sym        cpu: 10.09 sec    wall:  0.43 sec    ratio: 23.7


     calculation of the Cholesky decomposition of (P|Q)**(-1) ...
     time in invmetri      cpu: 19.36 sec    wall:  0.98 sec    ratio: 19.8

   threshold for RMS(d[D]) in SCF was     :  0.10E-07
   integral neglect threshold             :  0.31E-12
   derivative integral neglect threshold  :  0.10E-08


 setting up bound for integral derivative estimation

 increment for numerical differentiation : 0.00050000

   =========================================================================

     Energy of reference wave function is -1958.1619861590000
     Maximum orbital residual is           0.2845951568564E-05


     Number of symmetry-nonredundant auxiliary basis functions:     2322

     Block lengths for integral files:
        frozen occupied (BOI):        0 MiB
        active occupied (BJI):        2 MiB
        active virtual  (BAI):       15 MiB
        frozen virtual  (BGI):        0 MiB
               general  (BTI):       17 MiB

   =========================================================================




   **************************************************************************
   *                                                                        *
   *          OPTIMIZATION OF THE GROUND STATE CLUSTER AMPLITUDES           *
   *                                                                        *
   **************************************************************************


   Iter.   MP2 energy       Norm(Omega)   Norm(t1)  Norm(t2)     cpu    wall
   ...........................................................................
    1  -1963.6234536248    0.2617268728     0.00000   0.76122   74.08    2.22
   ...........................................................................


     time in total         cpu:  1 h 14 min  wall:  0 h  2 min  ratio: 33.3


     **********************************************************************
     *                                                                    *
     *   RHF  energy                             :  -1958.1619861590      *
     *   MP2 correlation energy                  :     -5.4614674658      *
     *                                                                    *
     *   Final MP2 energy                        :  -1963.6234536248      *
     *                                                                    *
     *   Norm of MP1 T2 amplitudes               :      0.7612214914      *
     *                                                                    *
     *   D1 diagnostic                           :      0.0583            *
     *                                                                    *
     **********************************************************************



 **************************************************************
 *                                                            *
 *    OPTIMIZATION OF THE EXCITED STATE CLUSTER AMPLITUDES    *
 *                                                            *
 **************************************************************


  preoptimize excitation energies/vectors using CCS:
  ==================================================


 ======== LINEAR CC RESPONSE SOLVER ========

    threshold for convergence: 1.00E-03
    maximum number of simultaneous Jacobi matrix transformations: 10
                                                
     summary of start vectors generation:
     -------------------------------------------
     type of solution vectors      : RE0
     symmetry                      : a' 
     number of vectors requested   :    10
     number of vectors generated   :    10
       -- guessed as rhs/(e_a-e_i) :    10
     -------------------------------------------
                                                

    Iter  #Vectors  time (min)    max. residual 
    --------------------------------------------
      1      10         6.17     0.15E+00  (  5)
      2      10         5.58     0.55E-01  (  6)
      3      10         6.59     0.61E-01  (  9)
      4      10         5.59     0.59E-01  (  9)
      5      10         5.24     0.98E-01  (  9)
      6       9         5.35     0.50E-01  (  7)
      7       9         5.50     0.20E-01  (  7)
      8       4         3.34     0.69E-02  (  7)
      9       4         2.81     0.30E-02  (  9)
     10       3         2.06     0.12E-02  (  9)
     11       1         0.41     0.63E-03  (  7)
    --------------------------------------------
    converged in 11 iterations

         Total time         48.67 minutes


 ===========================================




 Note that this is the intermediate result of a preoptimization!
 The convergence threshold was  0.1E-02 only!


 +==================================================================+
 | sym | multi | state |          CCS excitation energies           |
 |     |       |       +--------------------------------------------+
 |     |       |       |   Hartree    |     eV       |     cm-1     |
 +==================================================================+
 | a'  |   1   |   1   |    0.1077762 |      2.93274 |    23654.134 |
 | a'  |   1   |   2   |    0.1414944 |      3.85026 |    31054.437 |
 | a'  |   1   |   3   |    0.1684222 |      4.58300 |    36964.407 |
 | a'  |   1   |   4   |    0.1812138 |      4.93108 |    39771.838 |
 | a'  |   1   |   5   |    0.1816883 |      4.94399 |    39875.968 |
 | a'  |   1   |   6   |    0.1833812 |      4.99006 |    40247.521 |
 | a'  |   1   |   7   |    0.1888227 |      5.13813 |    41441.803 |
 | a'  |   1   |   8   |    0.1952728 |      5.31364 |    42857.427 |
 | a'  |   1   |   9   |    0.2162145 |      5.88350 |    47453.589 |
 | a'  |   1   |  10   |    0.2309072 |      6.28330 |    50678.268 |
 +==================================================================+




  preoptimize ADC(2) excitation energies/vectors using a quasi linear algorithm:
  ==============================================================================


 ======== LINEAR CC RESPONSE SOLVER ========

    threshold for convergence: 1.00E-03
    maximum number of simultaneous Jacobi matrix transformations: 10
                                                
     summary of start vectors generation:
     -------------------------------------------
     type of solution vectors      : RE0
     symmetry                      : a' 
     number of vectors requested   :    10
     number of vectors generated   :    10
       -- restarted from file      :    10
     -------------------------------------------
                                                

    Iter  #Vectors  time (min)    max. residual 
    --------------------------------------------
 threshold for this macro iteration:  5.645230834837639E-002
      1      10        42.28     0.76E-01  ( 10)
 ...adapted threshold to:  6.355450112435637E-002
      2      10        41.99     0.53E-01  ( 10)
                                                
     summary of start vectors generation:
     -------------------------------------------
     type of solution vectors      : RE0
     symmetry                      : a' 
     number of vectors requested   :    10
     number of vectors generated   :    10
       -- restarted from file      :    10
     -------------------------------------------
                                                

    Iter  #Vectors  time (min)    max. residual 
    --------------------------------------------
 threshold for this macro iteration:  1.170749969163269E-002
      3      10        40.78     0.55E-01  ( 10)
      4      10        40.88     0.24E-01  ( 10)
      5       6        24.37     0.17E-01  ( 10)
      6       4        17.22     0.11E-01  (  8)
                                                
     summary of start vectors generation:
     -------------------------------------------
     type of solution vectors      : RE0
     symmetry                      : a' 
     number of vectors requested   :    10
     number of vectors generated   :    10
       -- restarted from file      :    10
     -------------------------------------------
                                                

    Iter  #Vectors  time (min)    max. residual 
    --------------------------------------------
 threshold for this macro iteration:  1.759466292584583E-003
      7      10        41.95     0.11E-01  (  8)
 ...adapted threshold to:  1.857012042845760E-003
      8      10        38.89     0.20E-01  ( 10)
 ...adapted threshold to:  4.533284589399528E-003
      9       6        23.63     0.37E-01  ( 10)
 ...adapted threshold to:  6.382207857103195E-003
     10       1         3.33     0.15E-01  ( 10)
 ...adapted threshold to:  6.662694292044719E-003
     11       1         3.14     0.67E-02  ( 10)
 ...adapted threshold to:  6.725543640643233E-003
     12       1         3.36     0.27E-02  ( 10)
                                                
     summary of start vectors generation:
     -------------------------------------------
     type of solution vectors      : RE0
     symmetry                      : a' 
     number of vectors requested   :    10
     number of vectors generated   :    10
       -- restarted from file      :    10
     -------------------------------------------
                                                

    Iter  #Vectors  time (min)    max. residual 
    --------------------------------------------
 threshold for this macro iteration:  1.569417478379159E-003
     13      10        40.86     0.16E-02  ( 10)
     14       1         3.10     0.23E-02  ( 10)
     15       1         2.93     0.16E-02  ( 10)
     16       1         3.20     0.19E-02  ( 10)
     17       1         3.19     0.16E-02  ( 10)
     18       1         3.25     0.98E-03  ( 10)
                                                
     summary of start vectors generation:
     -------------------------------------------
     type of solution vectors      : RE0
     symmetry                      : a' 
     number of vectors requested   :    10
     number of vectors generated   :    10
       -- restarted from file      :    10
     -------------------------------------------
                                                

    Iter  #Vectors  time (min)    max. residual 
    --------------------------------------------
 threshold for this macro iteration:  1.000000000000000E-003
     19      10        38.35     0.48E-03  (  9)
    --------------------------------------------
    converged in 19 iterations

         Total time        416.75 minutes


 ===========================================




 Note that this is the intermediate result of a preoptimization!
 The convergence threshold was  0.1E-02 only!


 +==================================================================+
 | sym | multi | state |          ADC(2) excitation energies        |
 |     |       |       +--------------------------------------------+
 |     |       |       |   Hartree    |     eV       |     cm-1     |
 +==================================================================+
 | a'  |   1   |   1   |    0.0777840 |      2.11661 |    17071.615 |
 | a'  |   1   |   2   |    0.1041298 |      2.83352 |    22853.849 |
 | a'  |   1   |   3   |    0.1197223 |      3.25781 |    26276.014 |
 | a'  |   1   |   4   |    0.1254349 |      3.41326 |    27529.789 |
 | a'  |   1   |   5   |    0.1459616 |      3.97182 |    32034.860 |
 | a'  |   1   |   6   |    0.1488016 |      4.04910 |    32658.186 |
 | a'  |   1   |   7   |    0.1546585 |      4.20847 |    33943.619 |
 | a'  |   1   |   8   |    0.1551240 |      4.22114 |    34045.785 |
 | a'  |   1   |   9   |    0.1649365 |      4.48815 |    36199.373 |
 | a'  |   1   |  10   |    0.1712460 |      4.65984 |    37584.147 |
 +==================================================================+





 solve for ADC(2) excitation energies/vectors using a DIIS algorithm:
 =================================================================


 ========= DIIS CC RESPONSE SOLVER =========

    threshold for convergence: 1.00E-06
    max. nb. of DIIS vectors :      10
    maximum number of simultaneous Jacobi matrix transformations: 10
                                                
     summary of start vectors generation:
     -------------------------------------------
     type of solution vectors      : RE0
     symmetry                      : a' 
     number of vectors requested   :    10
     number of vectors generated   :    10
       -- restarted from file      :    10
     -------------------------------------------
                                                

    Iter  #Vectors  time (min)   residual
    --------------------------------------
      1      10        40.21     0.37E-03  ( 10)    0.33E-02
      2      10        39.11     0.28E-03  ( 10)    0.28E-02
      3      10        38.67     0.18E-03  (  9)    0.31E-02
      4      10        40.79     0.12E-03  (  9)    0.27E-02
      5       9        38.26     0.66E-04  ( 10)    0.30E-02
      6       8        33.59     0.55E-04  ( 10)    0.28E-02
      7       6        24.84     0.42E-04  ( 10)    0.29E-02
      8       6        24.42     0.32E-04  ( 10)    0.28E-02
      9       4        16.70     0.23E-04  ( 10)    0.29E-02
     10       4        16.42     0.15E-04  ( 10)    0.29E-02
     11       2         6.17     0.89E-05  ( 10)    0.29E-02
     12       2         6.94     0.53E-05  ( 10)    0.29E-02
     13       1         3.43     0.29E-05  ( 10)    0.29E-02
     14       1         3.32     0.15E-05  ( 10)    0.29E-02
     15       1         3.32     0.68E-06  ( 10)    0.29E-02
    --------------------------------------
    converged in  15 iterations

   Total time        336.22 minutes


 ===========================================





 +================================================================================+
 | sym | multi | state |          ADC(2) excitation energies    |  %t1   |  %t2   |
 |     |       |       +----------------------------------------+--------+--------+
 |     |       |       |   Hartree    |    eV      |    cm-1    |    %   |    %   |
 +================================================================================+
 | a'  |   1   |   1   |    0.0777914 |    2.11681 |  17073.238 |  86.96 |  13.04 |
 | a'  |   1   |   2   |    0.1041411 |    2.83382 |  22856.324 |  85.05 |  14.95 |
 | a'  |   1   |   3   |    0.1197292 |    3.25800 |  26277.522 |  86.77 |  13.23 |
 | a'  |   1   |   4   |    0.1254445 |    3.41352 |  27531.876 |  85.57 |  14.43 |
 | a'  |   1   |   5   |    0.1459676 |    3.97198 |  32036.192 |  86.85 |  13.15 |
 | a'  |   1   |   6   |    0.1488025 |    4.04912 |  32658.371 |  86.89 |  13.11 |
 | a'  |   1   |   7   |    0.1546574 |    4.20844 |  33943.385 |  87.53 |  12.47 |
 | a'  |   1   |   8   |    0.1551233 |    4.22112 |  34045.618 |  87.66 |  12.34 |
 | a'  |   1   |   9   |    0.1649283 |    4.48793 |  36197.585 |  86.55 |  13.45 |
 | a'  |   1   |  10   |    0.1712812 |    4.66080 |  37591.888 |  83.87 |  16.13 |
 +================================================================================+


       Energy:     0.0777914 H      2.11681 eV    17073.238 cm-1

     +=======================================================================+
     | type: RE0                    symmetry: a'              state:    1    |
     +-----------------------+-----------------------+-----------------------+
     | occ. orb.  index spin | vir. orb.  index spin |  coeff/|amp|     %    |
     +=======================+=======================+=======================+
     |   18 a"     103       |   19 a"     655       |   0.92886      86.3   |
     |   18 a"     103       |   21 a"     657       |  -0.22570       5.1   |
     |   14 a"      99       |   19 a"     655       |   0.18428       3.4   |
     |   12 a"      97       |   19 a"     655       |   0.08667       0.8   |
     +=======================+=======================+=======================+
     norm of printed elements:  0.95520


       Energy:     0.1041411 H      2.83382 eV    22856.324 cm-1

     +=======================================================================+
     | type: RE0                    symmetry: a'              state:    2    |
     +-----------------------+-----------------------+-----------------------+
     | occ. orb.  index spin | vir. orb.  index spin |  coeff/|amp|     %    |
     +=======================+=======================+=======================+
     |   18 a"     103       |   20 a"     656       |   0.96172      92.5   |
     |   14 a"      99       |   20 a"     656       |   0.14137       2.0   |
     |   17 a"     102       |   21 a"     657       |   0.11936       1.4   |
     +=======================+=======================+=======================+
     norm of printed elements:  0.95914


       Energy:     0.1197292 H      3.25800 eV    26277.522 cm-1

     +=======================================================================+
     | type: RE0                    symmetry: a'              state:    3    |
     +-----------------------+-----------------------+-----------------------+
     | occ. orb.  index spin | vir. orb.  index spin |  coeff/|amp|     %    |
     +=======================+=======================+=======================+
     |   13 a"      98       |   19 a"     655       |   0.78634      61.8   |
     |   13 a"      98       |   21 a"     657       |  -0.42508      18.1   |
     |   17 a"     102       |   19 a"     655       |  -0.32740      10.7   |
     |   15 a"     100       |   19 a"     655       |   0.17838       3.2   |
     |   17 a"     102       |   21 a"     657       |   0.14568       2.1   |
     +=======================+=======================+=======================+
     norm of printed elements:  0.95926


       Energy:     0.1254445 H      3.41352 eV    27531.876 cm-1

     +=======================================================================+
     | type: RE0                    symmetry: a'              state:    4    |
     +-----------------------+-----------------------+-----------------------+
     | occ. orb.  index spin | vir. orb.  index spin |  coeff/|amp|     %    |
     +=======================+=======================+=======================+
     |   18 a"     103       |   21 a"     657       |   0.92682      85.9   |
     |   18 a"     103       |   19 a"     655       |   0.23042       5.3   |
     |   17 a"     102       |   20 a"     656       |   0.15292       2.3   |
     |   14 a"      99       |   21 a"     657       |   0.09510       0.9   |
     |   18 a"     103       |   25 a"     661       |  -0.08935       0.8   |
     +=======================+=======================+=======================+
     norm of printed elements:  0.95250


       Energy:     0.1459676 H      3.97198 eV    32036.192 cm-1

     +=======================================================================+
     | type: RE0                    symmetry: a'              state:    5    |
     +-----------------------+-----------------------+-----------------------+
     | occ. orb.  index spin | vir. orb.  index spin |  coeff/|amp|     %    |
     +=======================+=======================+=======================+
     |   14 a"      99       |   19 a"     655       |  -0.61603      37.9   |
     |   16 a"     101       |   19 a"     655       |   0.58293      34.0   |
     |   17 a"     102       |   20 a"     656       |   0.30106       9.1   |
     |   15 a"     100       |   20 a"     656       |   0.20204       4.1   |
     |   12 a"      97       |   19 a"     655       |  -0.16495       2.7   |
     |   18 a"     103       |   19 a"     655       |   0.16119       2.6   |
     |   14 a"      99       |   21 a"     657       |   0.15116       2.3   |
     |   18 a"     103       |   21 a"     657       |  -0.10747       1.2   |
     |    9 a"      94       |   19 a"     655       |  -0.09150       0.8   |
     |   18 a"     103       |   25 a"     661       |   0.07645       0.6   |
     +=======================+=======================+=======================+
     norm of printed elements:  0.95257


       Energy:     0.1488025 H      4.04912 eV    32658.371 cm-1

     +=======================================================================+
     | type: RE0                    symmetry: a'              state:    6    |
     +-----------------------+-----------------------+-----------------------+
     | occ. orb.  index spin | vir. orb.  index spin |  coeff/|amp|     %    |
     +=======================+=======================+=======================+
     |   17 a"     102       |   19 a"     655       |   0.76530      58.6   |
     |   16 a"     101       |   20 a"     656       |   0.31877      10.2   |
     |   15 a"     100       |   19 a"     655       |   0.27595       7.6   |
     |   14 a"      99       |   20 a"     656       |  -0.23802       5.7   |
     |   13 a"      98       |   19 a"     655       |   0.23247       5.4   |
     |   18 a"     103       |   22 a"     658       |   0.18709       3.5   |
     |   11 a"      96       |   19 a"     655       |  -0.11970       1.4   |
     |   10 a"      95       |   19 a"     655       |  -0.09275       0.9   |
     |   18 a"     103       |   23 a"     659       |   0.08538       0.7   |
     |   17 a"     102       |   21 a"     657       |  -0.08323       0.7   |
     |   17 a"     102       |   24 a"     660       |   0.07763       0.6   |
     +=======================+=======================+=======================+
     norm of printed elements:  0.95232


       Energy:     0.1546574 H      4.20844 eV    33943.385 cm-1

     +=======================================================================+
     | type: RE0                    symmetry: a'              state:    7    |
     +-----------------------+-----------------------+-----------------------+
     | occ. orb.  index spin | vir. orb.  index spin |  coeff/|amp|     %    |
     +=======================+=======================+=======================+
     |   15 a"     100       |   19 a"     655       |   0.65430      42.8   |
     |   16 a"     101       |   20 a"     656       |   0.36982      13.7   |
     |   14 a"      99       |   20 a"     656       |   0.31609      10.0   |
     |   18 a"     103       |   23 a"     659       |   0.28218       8.0   |
     |   18 a"     103       |   22 a"     658       |  -0.27182       7.4   |
     |   13 a"      98       |   19 a"     655       |  -0.19813       3.9   |
     |   17 a"     102       |   19 a"     655       |  -0.19321       3.7   |
     |   17 a"     102       |   24 a"     660       |   0.18460       3.4   |
     |   14 a"      99       |   23 a"     659       |  -0.09629       0.9   |
     |   13 a"      98       |   21 a"     657       |   0.07070       0.5   |
     |   18 a"     103       |   20 a"     656       |  -0.07049       0.5   |
     |   15 a"     100       |   21 a"     657       |   0.07023       0.5   |
     +=======================+=======================+=======================+
     norm of printed elements:  0.95313


       Energy:     0.1551233 H      4.22112 eV    34045.618 cm-1

     +=======================================================================+
     | type: RE0                    symmetry: a'              state:    8    |
     +-----------------------+-----------------------+-----------------------+
     | occ. orb.  index spin | vir. orb.  index spin |  coeff/|amp|     %    |
     +=======================+=======================+=======================+
     |   14 a"      99       |   19 a"     655       |   0.54483      29.7   |
     |   16 a"     101       |   19 a"     655       |   0.49551      24.6   |
     |   15 a"     100       |   20 a"     656       |   0.48843      23.9   |
     |   18 a"     103       |   24 a"     660       |   0.29077       8.5   |
     |   17 a"     102       |   23 a"     659       |   0.19371       3.8   |
     |   17 a"     102       |   20 a"     656       |  -0.14581       2.1   |
     |   18 a"     103       |   25 a"     661       |  -0.10297       1.1   |
     |   14 a"      99       |   24 a"     660       |  -0.09663       0.9   |
     |   18 a"     103       |   19 a"     655       |  -0.09525       0.9   |
     +=======================+=======================+=======================+
     norm of printed elements:  0.95328


       Energy:     0.1649283 H      4.48793 eV    36197.585 cm-1

     +=======================================================================+
     | type: RE0                    symmetry: a'              state:    9    |
     +-----------------------+-----------------------+-----------------------+
     | occ. orb.  index spin | vir. orb.  index spin |  coeff/|amp|     %    |
     +=======================+=======================+=======================+
     |   18 a"     103       |   22 a"     658       |   0.83249      69.3   |
     |   17 a"     102       |   19 a"     655       |  -0.26337       6.9   |
     |   17 a"     102       |   21 a"     657       |   0.24005       5.8   |
     |   18 a"     103       |   26 a"     662       |   0.21670       4.7   |
     |   15 a"     100       |   19 a"     655       |   0.15745       2.5   |
     |   13 a"      98       |   19 a"     655       |  -0.14817       2.2   |
     |   14 a"      99       |   22 a"     658       |   0.10584       1.1   |
     |   16 a"     101       |   20 a"     656       |   0.10573       1.1   |
     |   18 a"     103       |   20 a"     656       |   0.07915       0.6   |
     |   14 a"      99       |   26 a"     662       |   0.07464       0.6   |
     |   18 a"     103       |   23 a"     659       |   0.07121       0.5   |
     +=======================+=======================+=======================+
     norm of printed elements:  0.95302


       Energy:     0.1712812 H      4.66080 eV    37591.888 cm-1

     +=======================================================================+
     | type: RE0                    symmetry: a'              state:   10    |
     +-----------------------+-----------------------+-----------------------+
     | occ. orb.  index spin | vir. orb.  index spin |  coeff/|amp|     %    |
     +=======================+=======================+=======================+
     |   13 a"      98       |   20 a"     656       |   0.83317      69.4   |
     |   17 a"     102       |   20 a"     656       |  -0.42778      18.3   |
     |   13 a"      98       |   22 a"     658       |  -0.14940       2.2   |
     |   15 a"     100       |   20 a"     656       |   0.13981       2.0   |
     |   14 a"      99       |   19 a"     655       |  -0.12032       1.4   |
     |   18 a"     103       |   21 a"     657       |   0.11584       1.3   |
     |   16 a"     101       |   19 a"     655       |  -0.08292       0.7   |
     +=======================+=======================+=======================+
     norm of printed elements:  0.95381



     Info: copy ADC(2) right eigenvectors into left eigenvector files.


                    ========   CC DENSITY MODULE   ========

                      current wave-function model: ADC(2)  

  calculating overlap between   10 left and right vector(s)
    density nr.      cpu/min        wall/min    L     R
   ------------------------------------------------------
         1            49.34            1.69    LE0    RE0 
         2            48.86            1.66    LE0    RE0 
         3            48.83            1.66    LE0    RE0 
         4            48.92            1.66    LE0    RE0 
         5            50.47            1.72    LE0    RE0 
         6            48.91            1.66    LE0    RE0 
         7            48.91            1.66    LE0    RE0 
         8            48.90            1.66    LE0    RE0 
         9            49.02            1.67    LE0    RE0 
        10            49.06            1.67    LE0    RE0 
   ------------------------------------------------------
     time in cc_1den       cpu:  8 h 12 min  wall:  0 h 16 min  ratio: 29.4



     +==========================================================+
     |   contributions of excitation levels to excited states   |
     |     wavefunctions as computed from the <L|R> overlap     |
     +----------------------------------------------------------+
     | sym | multi | state |    E / eV  | % singles | % doubles |
     +==========================================================+
     | a'  |   1   |   1   |    2.11681 |   86.96   |   13.04   |
     | a'  |   1   |   2   |    2.83382 |   85.05   |   14.95   |
     | a'  |   1   |   3   |    3.25800 |   86.77   |   13.23   |
     | a'  |   1   |   4   |    3.41352 |   85.57   |   14.43   |
     | a'  |   1   |   5   |    3.97198 |   86.85   |   13.15   |
     | a'  |   1   |   6   |    4.04912 |   86.89   |   13.11   |
     | a'  |   1   |   7   |    4.20844 |   87.53   |   12.47   |
     | a'  |   1   |   8   |    4.22112 |   87.66   |   12.34   |
     | a'  |   1   |   9   |    4.48793 |   86.55   |   13.45   |
     | a'  |   1   |  10   |    4.66080 |   83.87   |   16.13   |
     +==========================================================+



      The semi-canonical algorithm will be used for densities


                    ========   CC DENSITY MODULE   ========

                      current wave-function model: ADC(2)  

  calculating    10 xi densities

   a semicanonical algorithm will be used when possible

    density nr.      cpu/min        wall/min    L     R
   ------------------------------------------------------
         1           143.93            5.50    LE0    R0  
         2           139.07            5.37    LE0    R0  
         3           141.97            5.52    LE0    R0  
         4           139.72            5.54    LE0    R0  
         5           138.42            5.30    LE0    R0  
         6           138.92            5.51    LE0    R0  
         7           139.56            5.46    LE0    R0  
         8           138.72            5.47    LE0    R0  
         9           138.42            5.33    LE0    R0  
        10           140.77            5.56    LE0    R0  
   ------------------------------------------------------
     time in cc_1den       cpu: 23 h 20 min  wall:  0 h 54 min  ratio: 25.6


 **************************************************************
 *                                                            *
 *<<<<<<<<<<<<  ONE-PHOTON ABSORPTION STRENGTHS  >>>>>>>>>>>>>*
 *                                                            *
 **************************************************************


  +=========================================================================+
  |  Transition                                             model: ADC(2)   |
  |    number, symmetry, multiplicity:    1 a'   1                          |
  |    frequency :   0.0777913982 a.u.     2.11681 e.V.     17073.2 rcm     |
  +=========================================================================+

     +-----------+-----------------+-----------------+---------------------+
     | operator  |   left moment   |  right moment   | transition strength |
     +-----------+-----------------+-----------------+---------------------+
     | xdiplen   |      3.09476793 |      3.09476793 |       9.57758855    |
     | ydiplen   |      0.24450557 |      0.24450557 |       0.05978297    |
     | zdiplen   |      0.00000000 |      0.00000000 |       0.00000000    |
     | xdipvel   |      0.20623697 |     -0.20623697 |       0.04253369    |
     | ydipvel   |      0.03388111 |     -0.03388111 |       0.00114793    |
     | zdipvel   |      0.00000000 |      0.00000000 |       0.00000000    |
     | xangmom   |      0.00000000 |      0.00000000 |       0.00000000    |
     | yangmom   |      0.00000000 |      0.00000000 |       0.00000000    |
     | zangmom   |      0.00000000 |     -0.00000000 |       0.00000000    |
     +-----------+-----------------+-----------------+---------------------+
 
       oscillator strength (length gauge)   :      0.49980307
       oscillator strength (velocity gauge) :      0.37434833
       oscillator strength (mixed gauge)    :      0.43102646
 
       rotator strength (length gauge)      :      0.00000000 a.u.
       Rotator strength (length gauge)      :      0.00000000 10^(-40)*erg*cm^3
       rotator strength (velocity gauge)    :      0.00000000 a.u.
       Rotator strength (velocity gauge)    :      0.00000000 10^(-40)*erg*cm^3
 


  +=========================================================================+
  |  Transition                                             model: ADC(2)   |
  |    number, symmetry, multiplicity:    2 a'   1                          |
  |    frequency :   0.1041410734 a.u.     2.83382 e.V.     22856.3 rcm     |
  +=========================================================================+

     +-----------+-----------------+-----------------+---------------------+
     | operator  |   left moment   |  right moment   | transition strength |
     +-----------+-----------------+-----------------+---------------------+
     | xdiplen   |     -0.00000000 |     -0.00000000 |       0.00000000    |
     | ydiplen   |      0.00000000 |      0.00000000 |       0.00000000    |
     | zdiplen   |      0.00000000 |      0.00000000 |       0.00000000    |
     | xdipvel   |     -0.00000000 |      0.00000000 |       0.00000000    |
     | ydipvel   |      0.00000000 |     -0.00000000 |       0.00000000    |
     | zdipvel   |      0.00000000 |      0.00000000 |       0.00000000    |
     | xangmom   |      0.00000000 |      0.00000000 |       0.00000000    |
     | yangmom   |      0.00000000 |      0.00000000 |       0.00000000    |
     | zangmom   |     -0.01418048 |      0.01418048 |       0.00020109    |
     +-----------+-----------------+-----------------+---------------------+
 
       oscillator strength (length gauge)   :      0.00000000
       oscillator strength (velocity gauge) :      0.00000000
       oscillator strength (mixed gauge)    :      0.00000000
 
       rotator strength (length gauge)      :      0.00000000 a.u.
       Rotator strength (length gauge)      :      0.00000000 10^(-40)*erg*cm^3
       rotator strength (velocity gauge)    :      0.00000000 a.u.
       Rotator strength (velocity gauge)    :      0.00000000 10^(-40)*erg*cm^3
 


  +=========================================================================+
  |  Transition                                             model: ADC(2)   |
  |    number, symmetry, multiplicity:    3 a'   1                          |
  |    frequency :   0.1197292006 a.u.     3.25800 e.V.     26277.5 rcm     |
  +=========================================================================+

     +-----------+-----------------+-----------------+---------------------+
     | operator  |   left moment   |  right moment   | transition strength |
     +-----------+-----------------+-----------------+---------------------+
     | xdiplen   |     -0.00000000 |     -0.00000000 |       0.00000000    |
     | ydiplen   |      0.00000000 |      0.00000000 |       0.00000000    |
     | zdiplen   |      0.00000000 |      0.00000000 |       0.00000000    |
     | xdipvel   |     -0.00000000 |      0.00000000 |       0.00000000    |
     | ydipvel   |      0.00000000 |     -0.00000000 |       0.00000000    |
     | zdipvel   |      0.00000000 |      0.00000000 |       0.00000000    |
     | xangmom   |      0.00000000 |      0.00000000 |       0.00000000    |
     | yangmom   |      0.00000000 |      0.00000000 |       0.00000000    |
     | zangmom   |      1.09245182 |     -1.09245182 |       1.19345098    |
     +-----------+-----------------+-----------------+---------------------+
 
       oscillator strength (length gauge)   :      0.00000000
       oscillator strength (velocity gauge) :      0.00000000
       oscillator strength (mixed gauge)    :      0.00000000
 
       rotator strength (length gauge)      :      0.00000000 a.u.
       Rotator strength (length gauge)      :      0.00000000 10^(-40)*erg*cm^3
       rotator strength (velocity gauge)    :      0.00000000 a.u.
       Rotator strength (velocity gauge)    :      0.00000000 10^(-40)*erg*cm^3
 


  +=========================================================================+
  |  Transition                                             model: ADC(2)   |
  |    number, symmetry, multiplicity:    4 a'   1                          |
  |    frequency :   0.1254444585 a.u.     3.41352 e.V.     27531.9 rcm     |
  +=========================================================================+

     +-----------+-----------------+-----------------+---------------------+
     | operator  |   left moment   |  right moment   | transition strength |
     +-----------+-----------------+-----------------+---------------------+
     | xdiplen   |     -0.30178159 |     -0.30178159 |       0.09107213    |
     | ydiplen   |     -0.74888290 |     -0.74888290 |       0.56082560    |
     | zdiplen   |      0.00000000 |      0.00000000 |       0.00000000    |
     | xdipvel   |     -0.02446147 |      0.02446147 |       0.00059836    |
     | ydipvel   |     -0.10199212 |      0.10199212 |       0.01040239    |
     | zdipvel   |      0.00000000 |      0.00000000 |       0.00000000    |
     | xangmom   |      0.00000000 |      0.00000000 |       0.00000000    |
     | yangmom   |      0.00000000 |      0.00000000 |       0.00000000    |
     | zangmom   |      0.00000000 |     -0.00000000 |       0.00000000    |
     +-----------+-----------------+-----------------+---------------------+
 
       oscillator strength (length gauge)   :      0.05451797
       oscillator strength (velocity gauge) :      0.05846282
       oscillator strength (mixed gauge)    :      0.05584145
 
       rotator strength (length gauge)      :      0.00000000 a.u.
       Rotator strength (length gauge)      :      0.00000000 10^(-40)*erg*cm^3
       rotator strength (velocity gauge)    :      0.00000000 a.u.
       Rotator strength (velocity gauge)    :      0.00000000 10^(-40)*erg*cm^3
 


  +=========================================================================+
  |  Transition                                             model: ADC(2)   |
  |    number, symmetry, multiplicity:    5 a'   1                          |
  |    frequency :   0.1459676311 a.u.     3.97198 e.V.     32036.2 rcm     |
  +=========================================================================+

     +-----------+-----------------+-----------------+---------------------+
     | operator  |   left moment   |  right moment   | transition strength |
     +-----------+-----------------+-----------------+---------------------+
     | xdiplen   |      2.48416717 |      2.48416717 |       6.17108651    |
     | ydiplen   |     -0.39081752 |     -0.39081752 |       0.15273834    |
     | zdiplen   |      0.00000000 |      0.00000000 |       0.00000000    |
     | xdipvel   |      0.31315247 |     -0.31315247 |       0.09806447    |
     | ydipvel   |     -0.08717669 |      0.08717669 |       0.00759977    |
     | zdipvel   |      0.00000000 |      0.00000000 |       0.00000000    |
     | xangmom   |      0.00000000 |      0.00000000 |       0.00000000    |
     | yangmom   |      0.00000000 |      0.00000000 |       0.00000000    |
     | zangmom   |     -0.00000001 |      0.00000001 |       0.00000000    |
     +-----------+-----------------+-----------------+---------------------+
 
       oscillator strength (length gauge)   :      0.61538249
       oscillator strength (velocity gauge) :      0.48259213
       oscillator strength (mixed gauge)    :      0.54132884
 
       rotator strength (length gauge)      :      0.00000000 a.u.
       Rotator strength (length gauge)      :      0.00000000 10^(-40)*erg*cm^3
       rotator strength (velocity gauge)    :      0.00000000 a.u.
       Rotator strength (velocity gauge)    :      0.00000000 10^(-40)*erg*cm^3
 


  +=========================================================================+
  |  Transition                                             model: ADC(2)   |
  |    number, symmetry, multiplicity:    6 a'   1                          |
  |    frequency :   0.1488024872 a.u.     4.04912 e.V.     32658.4 rcm     |
  +=========================================================================+

     +-----------+-----------------+-----------------+---------------------+
     | operator  |   left moment   |  right moment   | transition strength |
     +-----------+-----------------+-----------------+---------------------+
     | xdiplen   |     -0.00000001 |     -0.00000001 |       0.00000000    |
     | ydiplen   |      0.00000001 |      0.00000001 |       0.00000000    |
     | zdiplen   |      0.00000000 |      0.00000000 |       0.00000000    |
     | xdipvel   |     -0.00000000 |      0.00000000 |       0.00000000    |
     | ydipvel   |      0.00000000 |     -0.00000000 |       0.00000000    |
     | zdipvel   |      0.00000000 |      0.00000000 |       0.00000000    |
     | xangmom   |      0.00000000 |      0.00000000 |       0.00000000    |
     | yangmom   |      0.00000000 |      0.00000000 |       0.00000000    |
     | zangmom   |     -0.75850783 |      0.75850783 |       0.57533412    |
     +-----------+-----------------+-----------------+---------------------+
 
       oscillator strength (length gauge)   :      0.00000000
       oscillator strength (velocity gauge) :      0.00000000
       oscillator strength (mixed gauge)    :      0.00000000
 
       rotator strength (length gauge)      :      0.00000000 a.u.
       Rotator strength (length gauge)      :      0.00000000 10^(-40)*erg*cm^3
       rotator strength (velocity gauge)    :      0.00000000 a.u.
       Rotator strength (velocity gauge)    :      0.00000000 10^(-40)*erg*cm^3
 


  +=========================================================================+
  |  Transition                                             model: ADC(2)   |
  |    number, symmetry, multiplicity:    7 a'   1                          |
  |    frequency :   0.1546574414 a.u.     4.20844 e.V.     33943.4 rcm     |
  +=========================================================================+

     +-----------+-----------------+-----------------+---------------------+
     | operator  |   left moment   |  right moment   | transition strength |
     +-----------+-----------------+-----------------+---------------------+
     | xdiplen   |     -0.00000001 |     -0.00000001 |       0.00000000    |
     | ydiplen   |     -0.00000003 |     -0.00000003 |       0.00000000    |
     | zdiplen   |      0.00000000 |      0.00000000 |       0.00000000    |
     | xdipvel   |     -0.00000000 |      0.00000000 |       0.00000000    |
     | ydipvel   |     -0.00000000 |      0.00000000 |       0.00000000    |
     | zdipvel   |      0.00000000 |      0.00000000 |       0.00000000    |
     | xangmom   |      0.00000000 |      0.00000000 |       0.00000000    |
     | yangmom   |      0.00000000 |      0.00000000 |       0.00000000    |
     | zangmom   |     -1.82598226 |      1.82598226 |       3.33421121    |
     +-----------+-----------------+-----------------+---------------------+
 
       oscillator strength (length gauge)   :      0.00000000
       oscillator strength (velocity gauge) :      0.00000000
       oscillator strength (mixed gauge)    :      0.00000000
 
       rotator strength (length gauge)      :      0.00000000 a.u.
       Rotator strength (length gauge)      :      0.00000000 10^(-40)*erg*cm^3
       rotator strength (velocity gauge)    :      0.00000000 a.u.
       Rotator strength (velocity gauge)    :      0.00000000 10^(-40)*erg*cm^3
 


  +=========================================================================+
  |  Transition                                             model: ADC(2)   |
  |    number, symmetry, multiplicity:    8 a'   1                          |
  |    frequency :   0.1551232510 a.u.     4.22112 e.V.     34045.6 rcm     |
  +=========================================================================+

     +-----------+-----------------+-----------------+---------------------+
     | operator  |   left moment   |  right moment   | transition strength |
     +-----------+-----------------+-----------------+---------------------+
     | xdiplen   |      0.14230686 |      0.14230686 |       0.02025124    |
     | ydiplen   |      1.54042780 |      1.54042780 |       2.37291782    |
     | zdiplen   |      0.00000000 |      0.00000000 |       0.00000000    |
     | xdipvel   |      0.00485674 |     -0.00485674 |       0.00002359    |
     | ydipvel   |      0.16435305 |     -0.16435305 |       0.02701192    |
     | zdipvel   |      0.00000000 |      0.00000000 |       0.00000000    |
     | xangmom   |      0.00000000 |      0.00000000 |       0.00000000    |
     | yangmom   |      0.00000000 |      0.00000000 |       0.00000000    |
     | zangmom   |     -0.00000003 |      0.00000003 |       0.00000000    |
     +-----------+-----------------+-----------------+---------------------+
 
       oscillator strength (length gauge)   :      0.24749078
       oscillator strength (velocity gauge) :      0.11618938
       oscillator strength (mixed gauge)    :      0.16924344
 
       rotator strength (length gauge)      :      0.00000000 a.u.
       Rotator strength (length gauge)      :      0.00000000 10^(-40)*erg*cm^3
       rotator strength (velocity gauge)    :      0.00000000 a.u.
       Rotator strength (velocity gauge)    :      0.00000000 10^(-40)*erg*cm^3
 


  +=========================================================================+
  |  Transition                                             model: ADC(2)   |
  |    number, symmetry, multiplicity:    9 a'   1                          |
  |    frequency :   0.1649283353 a.u.     4.48793 e.V.     36197.6 rcm     |
  +=========================================================================+

     +-----------+-----------------+-----------------+---------------------+
     | operator  |   left moment   |  right moment   | transition strength |
     +-----------+-----------------+-----------------+---------------------+
     | xdiplen   |      0.00000001 |      0.00000001 |       0.00000000    |
     | ydiplen   |      0.00000001 |      0.00000001 |       0.00000000    |
     | zdiplen   |      0.00000000 |      0.00000000 |       0.00000000    |
     | xdipvel   |      0.00000000 |     -0.00000000 |       0.00000000    |
     | ydipvel   |      0.00000000 |     -0.00000000 |       0.00000000    |
     | zdipvel   |      0.00000000 |      0.00000000 |       0.00000000    |
     | xangmom   |      0.00000000 |      0.00000000 |       0.00000000    |
     | yangmom   |      0.00000000 |      0.00000000 |       0.00000000    |
     | zangmom   |     -0.36726479 |      0.36726479 |       0.13488343    |
     +-----------+-----------------+-----------------+---------------------+
 
       oscillator strength (length gauge)   :      0.00000000
       oscillator strength (velocity gauge) :      0.00000000
       oscillator strength (mixed gauge)    :      0.00000000
 
       rotator strength (length gauge)      :      0.00000000 a.u.
       Rotator strength (length gauge)      :      0.00000000 10^(-40)*erg*cm^3
       rotator strength (velocity gauge)    :      0.00000000 a.u.
       Rotator strength (velocity gauge)    :      0.00000000 10^(-40)*erg*cm^3
 


  +=========================================================================+
  |  Transition                                             model: ADC(2)   |
  |    number, symmetry, multiplicity:   10 a'   1                          |
  |    frequency :   0.1712812432 a.u.     4.66080 e.V.     37591.9 rcm     |
  +=========================================================================+

     +-----------+-----------------+-----------------+---------------------+
     | operator  |   left moment   |  right moment   | transition strength |
     +-----------+-----------------+-----------------+---------------------+
     | xdiplen   |     -0.20339974 |     -0.20339974 |       0.04137146    |
     | ydiplen   |     -0.42960482 |     -0.42960482 |       0.18456030    |
     | zdiplen   |      0.00000000 |      0.00000000 |       0.00000000    |
     | xdipvel   |     -0.01106953 |      0.01106953 |       0.00012253    |
     | ydipvel   |     -0.08483727 |      0.08483727 |       0.00719736    |
     | zdipvel   |      0.00000000 |      0.00000000 |       0.00000000    |
     | xangmom   |      0.00000000 |      0.00000000 |       0.00000000    |
     | yangmom   |      0.00000000 |      0.00000000 |       0.00000000    |
     | zangmom   |     -0.00000000 |      0.00000000 |       0.00000000    |
     +-----------+-----------------+-----------------+---------------------+
 
       oscillator strength (length gauge)   :      0.02579858
       oscillator strength (velocity gauge) :      0.02849075
       oscillator strength (mixed gauge)    :      0.02579869
 
       rotator strength (length gauge)      :      0.00000000 a.u.
       Rotator strength (length gauge)      :      0.00000000 10^(-40)*erg*cm^3
       rotator strength (velocity gauge)    :      0.00000000 a.u.
       Rotator strength (velocity gauge)    :      0.00000000 10^(-40)*erg*cm^3
 
 Exporting transition densities


    ------------------------------------------------------------------------
         total  cpu-time :  14 days 15 hours 41 minutes and 56 seconds
         total wall-time : 14 hours 35 minutes and 46 seconds
    ------------------------------------------------------------------------

   ****  ricc2 : all done  ****


    2023-11-13 23:10:34.273 

