
   OpenMP run-time library returned nthreads = 36

 ricc2 (cpu-9-27) : TURBOMOLE rev. V7.5.0 compiled 17 Jun 2020 at 09:15:30
 Copyright (C) 2020 TURBOMOLE GmbH, Karlsruhe


    2023-11-09 19:57:26.695 



                              R I C C 2 - PROGRAM

                          the quantum chemistry groups
                             at the universities in
                               Karlsruhe & Bochum
                                   Germany



   *-----------------------------------------------------------------------*
   |                     program will use 36 thread(s)                     |
   *-----------------------------------------------------------------------*


              +--------------------------------------------------+
              | Atomic coordinate, charge and isotop information |
              +--------------------------------------------------+

                    atomic coordinates            atom    charge  isotop
          3.07402199    2.56700847   -1.17122076    n      7.000     0
          0.52742706    3.40207844   -1.15799267    c      6.000     0
          3.29852145   -0.02796345   -1.11604075    c      6.000     0
          0.89667955   -1.03386466   -1.08599411    c      6.000     0
         -0.89667055    1.03406263   -1.08599411    c      6.000     0
         -3.29851245    0.02797245   -1.11604075    c      6.000     0
         -0.52741806   -3.40206944   -1.15799267    c      6.000     0
         -3.07401299   -2.56699947   -1.17122076    n      7.000     0
         -0.08219859    5.63856931   -1.22715665    o      8.000     0
          0.08220759   -5.63856031   -1.22715665    o      8.000     0
         -4.60204553   -3.73163768   -1.16744130    h      1.000     0
          4.60186556    3.73164668   -1.16744130    h      1.000     0
         -8.03208742   -0.25473058   -0.11921022    c      6.000     0
         -9.97132437    1.02329120    1.40485390    c      6.000     0
         -9.79085552    3.51035975    1.99633817    c      6.000     0
        -11.22100026    4.42328644    3.14907111    h      1.000     0
         -7.63448904    4.98188948    1.13405614    c      6.000     0
         -7.52318418    6.94814951    1.71155645    h      1.000     0
         -5.78765970    3.99960984   -0.31158434    c      6.000     0
         -4.17931380    5.13231168   -0.89305307    h      1.000     0
         -5.86702820    1.29522279   -1.24492008    c      6.000     0
         -8.29079093   -2.63502961   -0.54099709    n      7.000     0
          9.97133337   -1.02328220    1.40485390    c      6.000     0
          8.03209642    0.25473958   -0.11921022    c      6.000     0
          5.86703720   -1.29521379   -1.24492008    c      6.000     0
          5.78766870   -3.99960084   -0.31158434    c      6.000     0
          4.17913382   -5.13230268   -0.89305307    h      1.000     0
          7.63449804   -4.98188048    1.13405614    c      6.000     0
          7.52319317   -6.94814052    1.71155645    h      1.000     0
          9.79086452   -3.51035075    1.99652715    c      6.000     0
         11.22100925   -4.42327744    3.14907111    h      1.000     0
          8.29079993    2.63503861   -0.54099709    n      7.000     0
         10.52162162    3.72314291    0.58546865    c      6.000     0
          9.99571084    5.20412127    1.93038673    h      1.000     0
         11.72783380    4.55481138   -0.87453376    h      1.000     0
        -10.52161262   -3.72332288    0.58546865    c      6.000     0
        -11.72763583   -4.55499135   -0.87453376    h      1.000     0
         -9.99570184   -5.20411228    1.93038673    h      1.000     0
         12.30816869    1.18448483    2.28357654    s     16.000     0
        -12.30815970   -1.18447584    2.28357654    s     16.000     0
          6.31924866   -1.39593619   -3.28525737    h      1.000     0
         -6.31923966    1.39594519   -3.28525737    h      1.000     0
 
       center of nuclear mass  :    0.00000403    0.00000403    0.15351670
       center of nuclear charge:    0.00000360    0.00000360    0.15062467

   *************************************************************************
   teste7                                                                   
   *************************************************************************



              +--------------------------------------------------+
              |               basis set information              |
              +--------------------------------------------------+

              we will work with the 1s 3p 5d 7f 9g ... basis set
              ...i.e. with spherical basis functions...

   type   atoms  prim   cont   basis
   ---------------------------------------------------------------------------
    n        4     46     31   def2-TZVP   [5s3p2d1f|11s6p2d1f]
    c       20     46     31   def2-TZVP   [5s3p2d1f|11s6p2d1f]
    o        2     46     31   def2-TZVP   [5s3p2d1f|11s6p2d1f]
    h       14      8      6   def2-TZVP   [3s1p|5s1p]
    s        2     63     37   def2-TZVP   [5s5p2d1f|14s9p3d1f]
   ---------------------------------------------------------------------------
   total:   42   1434    964
   ---------------------------------------------------------------------------

   total number of primitive shells          :   93
   total number of contracted shells         :  368
   total number of cartesian basis functions : 1104
   total number of SCF-basis functions       :  964


 symmetry group of the molecule :   c1 

 the group has the following generators :
   c1(z)

    1 symmetry operations found

 there are 1 real representations :   a   


   =========================================================================


     restricted closed shell calculation for the wavefunction models:
               ADC(2)     - Algebraic Diagrammatic Construction to 2. Order (strict)


     global parameters for ricc2 program:

        hard restart (reuse of interm.) :  disabled
        soft restart (reuse of vectors) :  disabled
        threshold for vector function   :    0.100000E-06
        convergence threshold energy    :    0.100000E-07
        linear dependence threshold     :    0.100000E-13
        global print level              :      1
        maximum number of iterations    :   500
        maximum number DIIS vectors     :    10
        max. dim. of reduced space      :   100
        core memory limit (MB)          : 18000

     Scratch Directory : 


   =========================================================================

    der. integral neglect threshold  :  0.10E-08
    integral neglect threshold       :  0.30E-12
    integral storage threshold THIZE :  0.10E-04
    integral storage threshold THIME :         5


                  +------------------------------------------+
                  |     Auxiliary basis set information      |
                  +------------------------------------------+

              assign orbital basis set names as defaults
              read basis sets from /home/hlischka/programs/TURBOMOLE-7.5/TURBOMOLE//cbasen/
              (basis sets have been saved in file auxbasis)

              we will work with the 1s 3p 5d 7f 9g ... basis set
              ...i.e. with spherical basis functions...

   type   atoms  prim   cont   basis
   ---------------------------------------------------------------------------
    n        4     81     76   def2-TZVP   [8s6p4d3f1g|8s6p5d3f1g]
    c       20     81     76   def2-TZVP   [8s6p4d3f1g|8s6p5d3f1g]
    o        2     81     76   def2-TZVP   [8s6p4d3f1g|8s6p5d3f1g]
    h       14     23     15   def2-TZVP   [4s2p1d|4s3p2d]
    s        2    119    113   def2-TZVP   [9s7p6d5f2g|10s7p7d5f2g]
   ---------------------------------------------------------------------------
   total:   42   2666   2412
   ---------------------------------------------------------------------------

   total number of primitive shells          :  109
   total number of contracted shells         :  728
   total number of cartesian basis functions : 2986
   total number of SCF-basis functions       : 2412


 maximum number of shells which are related by symmetry :  1


 The symmetry information takes   1 MB

*---------------------------------------------------------------------*
|               simplified C1 algorithm will be applied               |
*---------------------------------------------------------------------*
  MOs are in ASCII format !


 reading orbital data $scfmo  from file mos
 orbital characterization : scfconv=7
 time elapsed for calculating density matrices :   4.213 sec
 all orbitals will be active in the correlation treatment


   Molecular Orbital Statistic:
   ============================

   -----------------------------
   orbitals in total:
   -----------------------------
    frozen occupied :      0
    active occupied :    105
    active virtual  :    859
    frozen virtual  :      0
    all together    :    964
   -----------------------------


     time in riccmos       cpu: 14.32 sec    wall:  0.86 sec    ratio: 16.6

     total memory allocated for calculation of (Q|P)**(-1/2) : 67 MiB


     calculation of (P|Q) ...
     time in lp2sym        cpu:  8.62 sec    wall:  0.29 sec    ratio: 29.3


     calculation of the Cholesky decomposition of (P|Q)**(-1) ...
     time in invmetri      cpu: 18.70 sec    wall:  0.67 sec    ratio: 27.8

   threshold for RMS(d[D]) in SCF was     :  0.10E-07
   integral neglect threshold             :  0.30E-12
   derivative integral neglect threshold  :  0.10E-08


 setting up bound for integral derivative estimation

 increment for numerical differentiation : 0.00050000

   =========================================================================

     Energy of reference wave function is -1928.4407021810000
     Maximum orbital residual is           0.1937816852733E-05


     Number of symmetry-nonredundant auxiliary basis functions:     2412

     Block lengths for integral files:
        frozen occupied (BOI):        0 MiB
        active occupied (BJI):        2 MiB
        active virtual  (BAI):       16 MiB
        frozen virtual  (BGI):        0 MiB
               general  (BTI):       18 MiB

   =========================================================================




   **************************************************************************
   *                                                                        *
   *          OPTIMIZATION OF THE GROUND STATE CLUSTER AMPLITUDES           *
   *                                                                        *
   **************************************************************************


   Iter.   MP2 energy       Norm(Omega)   Norm(t1)  Norm(t2)     cpu    wall
   ...........................................................................
    1  -1933.8088526150    0.2527602813     0.00000   0.75391  139.46    4.04
   ...........................................................................


     time in total         cpu:  2 h 19 min  wall:  0 h  4 min  ratio: 34.4


     **********************************************************************
     *                                                                    *
     *   RHF  energy                             :  -1928.4407021810      *
     *   MP2 correlation energy                  :     -5.3681504340      *
     *                                                                    *
     *   Final MP2 energy                        :  -1933.8088526150      *
     *                                                                    *
     *   Norm of MP1 T2 amplitudes               :      0.7539087202      *
     *                                                                    *
     *   D1 diagnostic                           :      0.0567            *
     *                                                                    *
     **********************************************************************



 **************************************************************
 *                                                            *
 *    OPTIMIZATION OF THE EXCITED STATE CLUSTER AMPLITUDES    *
 *                                                            *
 **************************************************************


  preoptimize excitation energies/vectors using CCS:
  ==================================================


 ======== LINEAR CC RESPONSE SOLVER ========

    threshold for convergence: 1.00E-03
    maximum number of simultaneous Jacobi matrix transformations: 10
                                                
     summary of start vectors generation:
     -------------------------------------------
     type of solution vectors      : RE0
     symmetry                      : a  
     number of vectors requested   :    10
     number of vectors generated   :    10
       -- guessed as rhs/(e_a-e_i) :    10
     -------------------------------------------
                                                

    Iter  #Vectors  time (min)    max. residual 
    --------------------------------------------
      1      10         7.46     0.18E+00  (  3)
      2      10         7.16     0.71E-01  (  8)
      3      10         6.35     0.74E-01  (  8)
      4      10         6.41     0.87E-01  (  9)
      5      10         7.35     0.52E-01  (  6)
      6      10         7.08     0.34E-01  (  9)
      7       8         5.17     0.29E-01  (  7)
      8       7         4.13     0.16E-01  (  7)
      9       7         4.95     0.89E-02  ( 10)
     10       6         4.08     0.47E-02  ( 10)
     11       5         3.52     0.18E-02  ( 10)
     12       4         2.84     0.13E-02  ( 10)
     13       2         1.37     0.11E-02  ( 10)
     14       1         0.83     0.79E-03  (  6)
    --------------------------------------------
    converged in 14 iterations

         Total time         68.72 minutes


 ===========================================




 Note that this is the intermediate result of a preoptimization!
 The convergence threshold was  0.1E-02 only!


 +==================================================================+
 | sym | multi | state |          CCS excitation energies           |
 |     |       |       +--------------------------------------------+
 |     |       |       |   Hartree    |     eV       |     cm-1     |
 +==================================================================+
 | a   |   1   |   1   |    0.1568210 |      4.26732 |    34418.232 |
 | a   |   1   |   2   |    0.1570533 |      4.27364 |    34469.225 |
 | a   |   1   |   3   |    0.1577647 |      4.29300 |    34625.358 |
 | a   |   1   |   4   |    0.1934233 |      5.26331 |    42451.498 |
 | a   |   1   |   5   |    0.1934333 |      5.26359 |    42453.708 |
 | a   |   1   |   6   |    0.1949907 |      5.30597 |    42795.516 |
 | a   |   1   |   7   |    0.2121502 |      5.77290 |    46561.591 |
 | a   |   1   |   8   |    0.2152520 |      5.85731 |    47242.361 |
 | a   |   1   |   9   |    0.2152928 |      5.85841 |    47251.301 |
 | a   |   1   |  10   |    0.2233042 |      6.07642 |    49009.603 |
 +==================================================================+




  preoptimize ADC(2) excitation energies/vectors using a quasi linear algorithm:
  ==============================================================================


 ======== LINEAR CC RESPONSE SOLVER ========

    threshold for convergence: 1.00E-03
    maximum number of simultaneous Jacobi matrix transformations: 10
                                                
     summary of start vectors generation:
     -------------------------------------------
     type of solution vectors      : RE0
     symmetry                      : a  
     number of vectors requested   :    10
     number of vectors generated   :    10
       -- restarted from file      :    10
     -------------------------------------------
                                                

    Iter  #Vectors  time (min)    max. residual 
    --------------------------------------------
 threshold for this macro iteration:  6.517520547546027E-002
      1      10        70.61     0.88E-01  (  6)
 ...adapted threshold to:  7.432232851986836E-002
      2       7        50.37     0.60E-01  (  7)
                                                
     summary of start vectors generation:
     -------------------------------------------
     type of solution vectors      : RE0
     symmetry                      : a  
     number of vectors requested   :    10
     number of vectors generated   :    10
       -- restarted from file      :    10
     -------------------------------------------
                                                

    Iter  #Vectors  time (min)    max. residual 
    --------------------------------------------
 threshold for this macro iteration:  1.193575166983818E-002
      3      10        71.00     0.56E-01  (  7)
      4      10        73.89     0.34E-01  (  9)
 ...adapted threshold to:  1.407369470700193E-002
      5      10        72.78     0.11E+00  (  8)
 ...adapted threshold to:  3.504228430356687E-002
      6       4        28.71     0.59E-01  (  9)
 ...adapted threshold to:  3.907338479060227E-002
      7       2        15.13     0.21E-01  (  9)
                                                
     summary of start vectors generation:
     -------------------------------------------
     type of solution vectors      : RE0
     symmetry                      : a  
     number of vectors requested   :    10
     number of vectors generated   :    10
       -- restarted from file      :    10
     -------------------------------------------
                                                

    Iter  #Vectors  time (min)    max. residual 
    --------------------------------------------
 threshold for this macro iteration:  5.238610755041978E-003
      8      10        74.61     0.21E-01  (  9)
      9       6        43.73     0.18E-01  ( 10)
 ...adapted threshold to:  1.053846010069015E-002
     10       3        21.83     0.86E-01  ( 10)
 ...adapted threshold to:  2.159476455552750E-002
     11       1         8.26     0.52E-01  ( 10)
 ...adapted threshold to:  2.363600424005016E-002
     12       1         8.30     0.30E-01  (  8)
 ...adapted threshold to:  2.363600431421928E-002
     13       1         8.25     0.10E-01  (  8)
                                                
     summary of start vectors generation:
     -------------------------------------------
     type of solution vectors      : RE0
     symmetry                      : a  
     number of vectors requested   :    10
     number of vectors generated   :    10
       -- restarted from file      :    10
     -------------------------------------------
                                                

    Iter  #Vectors  time (min)    max. residual 
    --------------------------------------------
 threshold for this macro iteration:  2.121546351726122E-003
     14      10        73.12     0.96E-02  ( 10)
     15       3        21.77     0.78E-02  ( 10)
     16       3        21.96     0.27E-02  ( 10)
     17       1         8.29     0.18E-02  (  6)
                                                
     summary of start vectors generation:
     -------------------------------------------
     type of solution vectors      : RE0
     symmetry                      : a  
     number of vectors requested   :    10
     number of vectors generated   :    10
       -- restarted from file      :    10
     -------------------------------------------
                                                

    Iter  #Vectors  time (min)    max. residual 
    --------------------------------------------
 threshold for this macro iteration:  1.000000000000000E-003
     18      10        72.97     0.11E-02  (  5)
     19       1         8.32     0.76E-03  (  6)
    --------------------------------------------
    converged in 19 iterations

         Total time        753.97 minutes


 ===========================================




 Note that this is the intermediate result of a preoptimization!
 The convergence threshold was  0.1E-02 only!


 +==================================================================+
 | sym | multi | state |          ADC(2) excitation energies        |
 |     |       |       +--------------------------------------------+
 |     |       |       |   Hartree    |     eV       |     cm-1     |
 +==================================================================+
 | a   |   1   |   1   |    0.1124649 |      3.06033 |    24683.203 |
 | a   |   1   |   2   |    0.1246075 |      3.39074 |    27348.185 |
 | a   |   1   |   3   |    0.1247206 |      3.39382 |    27373.006 |
 | a   |   1   |   4   |    0.1289665 |      3.50936 |    28304.880 |
 | a   |   1   |   5   |    0.1359161 |      3.69847 |    29830.139 |
 | a   |   1   |   6   |    0.1376264 |      3.74501 |    30205.512 |
 | a   |   1   |   7   |    0.1384358 |      3.76703 |    30383.140 |
 | a   |   1   |   8   |    0.1447560 |      3.93901 |    31770.277 |
 | a   |   1   |   9   |    0.1458324 |      3.96830 |    32006.505 |
 | a   |   1   |  10   |    0.1460602 |      3.97450 |    32056.504 |
 +==================================================================+





 solve for ADC(2) excitation energies/vectors using a DIIS algorithm:
 =================================================================


 ========= DIIS CC RESPONSE SOLVER =========

    threshold for convergence: 1.00E-06
    max. nb. of DIIS vectors :      10
    maximum number of simultaneous Jacobi matrix transformations: 10
                                                
     summary of start vectors generation:
     -------------------------------------------
     type of solution vectors      : RE0
     symmetry                      : a  
     number of vectors requested   :    10
     number of vectors generated   :    10
       -- restarted from file      :    10
     -------------------------------------------
                                                

    Iter  #Vectors  time (min)   residual
    --------------------------------------
      1      10        73.89     0.48E-03  (  6)    0.18E-01
      2      10        75.21     0.40E-03  (  6)    0.48E-03
      3      10        73.97     0.21E-03  (  6)    0.62E-02
      4      10        73.51     0.11E-03  (  6)    0.62E-02
      5      10        73.64     0.69E-04  (  6)    0.10E-02
      6      10        73.98     0.30E-04  (  6)    0.81E-03
      7       9        65.57     0.14E-04  (  6)    0.33E-03
      8       9        66.54     0.63E-05  (  6)    0.97E-04
      9       7        52.65     0.35E-05  (  6)    0.77E-04
     10       6        44.52     0.21E-05  (  9)    0.80E-04
     11       5        36.21     0.13E-05  (  9)    0.69E-04
     12       2        15.12     0.71E-06  (  9)    0.72E-04
    --------------------------------------
    converged in  12 iterations

   Total time        724.82 minutes


 ===========================================





 +================================================================================+
 | sym | multi | state |          ADC(2) excitation energies    |  %t1   |  %t2   |
 |     |       |       +----------------------------------------+--------+--------+
 |     |       |       |   Hartree    |    eV      |    cm-1    |    %   |    %   |
 +================================================================================+
 | a   |   1   |   1   |    0.1124656 |    3.06035 |  24683.354 |  88.66 |  11.34 |
 | a   |   1   |   2   |    0.1246054 |    3.39068 |  27347.717 |  89.75 |  10.25 |
 | a   |   1   |   3   |    0.1247185 |    3.39376 |  27372.545 |  89.77 |  10.23 |
 | a   |   1   |   4   |    0.1289697 |    3.50944 |  28305.567 |  86.73 |  13.27 |
 | a   |   1   |   5   |    0.1359199 |    3.69857 |  29830.963 |  88.36 |  11.64 |
 | a   |   1   |   6   |    0.1376245 |    3.74495 |  30205.092 |  85.74 |  14.26 |
 | a   |   1   |   7   |    0.1384333 |    3.76696 |  30382.602 |  85.72 |  14.28 |
 | a   |   1   |   8   |    0.1447605 |    3.93913 |  31771.251 |  86.28 |  13.72 |
 | a   |   1   |   9   |    0.1458141 |    3.96780 |  32002.488 |  86.19 |  13.81 |
 | a   |   1   |  10   |    0.1461064 |    3.97576 |  32066.659 |  86.54 |  13.46 |
 +================================================================================+


       Energy:     0.1124656 H      3.06035 eV    24683.354 cm-1

     +=======================================================================+
     | type: RE0                    symmetry: a               state:    1    |
     +-----------------------+-----------------------+-----------------------+
     | occ. orb.  index spin | vir. orb.  index spin |  coeff/|amp|     %    |
     +=======================+=======================+=======================+
     |  105 a      105       |  106 a      106       |   0.86189      74.3   |
     |  105 a      105       |  108 a      108       |   0.40762      16.6   |
     |   93 a       93       |  106 a      106       |  -0.12530       1.6   |
     |   90 a       90       |  106 a      106       |  -0.11753       1.4   |
     |  102 a      102       |  115 a      115       |  -0.07769       0.6   |
     |  103 a      103       |  106 a      106       |  -0.07230       0.5   |
     |  105 a      105       |  112 a      112       |   0.06435       0.4   |
     +=======================+=======================+=======================+
     norm of printed elements:  0.95393


       Energy:     0.1246054 H      3.39068 eV    27347.717 cm-1

     +=======================================================================+
     | type: RE0                    symmetry: a               state:    2    |
     +-----------------------+-----------------------+-----------------------+
     | occ. orb.  index spin | vir. orb.  index spin |  coeff/|amp|     %    |
     +=======================+=======================+=======================+
     |  103 a      103       |  107 a      107       |   0.67567      45.7   |
     |  104 a      104       |  108 a      108       |  -0.54706      29.9   |
     |  104 a      104       |  106 a      106       |   0.40317      16.3   |
     |  104 a      104       |  114 a      114       |  -0.10163       1.0   |
     |  103 a      103       |  113 a      113       |  -0.09393       0.9   |
     |  100 a      100       |  107 a      107       |  -0.08745       0.8   |
     |  101 a      101       |  108 a      108       |   0.08037       0.6   |
     +=======================+=======================+=======================+
     norm of printed elements:  0.95161


       Energy:     0.1247185 H      3.39376 eV    27372.545 cm-1

     +=======================================================================+
     | type: RE0                    symmetry: a               state:    3    |
     +-----------------------+-----------------------+-----------------------+
     | occ. orb.  index spin | vir. orb.  index spin |  coeff/|amp|     %    |
     +=======================+=======================+=======================+
     |  104 a      104       |  107 a      107       |   0.67911      46.1   |
     |  103 a      103       |  108 a      108       |  -0.55160      30.4   |
     |  103 a      103       |  106 a      106       |   0.38556      14.9   |
     |  103 a      103       |  114 a      114       |  -0.09909       1.0   |
     |  104 a      104       |  113 a      113       |  -0.09142       0.8   |
     |  105 a      105       |  106 a      106       |   0.08435       0.7   |
     |  101 a      101       |  107 a      107       |  -0.08135       0.7   |
     |  100 a      100       |  108 a      108       |   0.07654       0.6   |
     +=======================+=======================+=======================+
     norm of printed elements:  0.95188


       Energy:     0.1289697 H      3.50944 eV    28305.567 cm-1

     +=======================================================================+
     | type: RE0                    symmetry: a               state:    4    |
     +-----------------------+-----------------------+-----------------------+
     | occ. orb.  index spin | vir. orb.  index spin |  coeff/|amp|     %    |
     +=======================+=======================+=======================+
     |   99 a       99       |  106 a      106       |   0.72629      52.7   |
     |   99 a       99       |  108 a      108       |   0.38776      15.0   |
     |   97 a       97       |  106 a      106       |  -0.30186       9.1   |
     |  104 a      104       |  106 a      106       |   0.19262       3.7   |
     |  101 a      101       |  106 a      106       |   0.18255       3.3   |
     |  104 a      104       |  108 a      108       |   0.16662       2.8   |
     |   97 a       97       |  108 a      108       |  -0.16585       2.8   |
     |   95 a       95       |  106 a      106       |  -0.10712       1.1   |
     |   94 a       94       |  115 a      115       |  -0.09856       1.0   |
     |  101 a      101       |  108 a      108       |   0.08867       0.8   |
     |   99 a       99       |  112 a      112       |   0.07890       0.6   |
     |   91 a       91       |  106 a      106       |   0.07401       0.5   |
     |   92 a       92       |  106 a      106       |   0.06916       0.5   |
     |  103 a      103       |  107 a      107       |  -0.05775       0.3   |
     |   94 a       94       |  109 a      109       |  -0.05512       0.3   |
     |   94 a       94       |  117 a      117       |  -0.05368       0.3   |
     |   95 a       95       |  108 a      108       |  -0.05299       0.3   |
     +=======================+=======================+=======================+
     norm of printed elements:  0.95227


       Energy:     0.1359199 H      3.69857 eV    29830.963 cm-1

     +=======================================================================+
     | type: RE0                    symmetry: a               state:    5    |
     +-----------------------+-----------------------+-----------------------+
     | occ. orb.  index spin | vir. orb.  index spin |  coeff/|amp|     %    |
     +=======================+=======================+=======================+
     |  102 a      102       |  106 a      106       |   0.85703      73.4   |
     |  102 a      102       |  108 a      108       |   0.46623      21.7   |
     +=======================+=======================+=======================+
     norm of printed elements:  0.95187


       Energy:     0.1376245 H      3.74495 eV    30205.092 cm-1

     +=======================================================================+
     | type: RE0                    symmetry: a               state:    6    |
     +-----------------------+-----------------------+-----------------------+
     | occ. orb.  index spin | vir. orb.  index spin |  coeff/|amp|     %    |
     +=======================+=======================+=======================+
     |  105 a      105       |  107 a      107       |   0.97531      95.1   |
     +=======================+=======================+=======================+
     norm of printed elements:  0.95122


       Energy:     0.1384333 H      3.76696 eV    30382.602 cm-1

     +=======================================================================+
     | type: RE0                    symmetry: a               state:    7    |
     +-----------------------+-----------------------+-----------------------+
     | occ. orb.  index spin | vir. orb.  index spin |  coeff/|amp|     %    |
     +=======================+=======================+=======================+
     |  105 a      105       |  108 a      108       |   0.88104      77.6   |
     |  105 a      105       |  106 a      106       |  -0.42120      17.7   |
     +=======================+=======================+=======================+
     norm of printed elements:  0.95364


       Energy:     0.1447605 H      3.93913 eV    31771.251 cm-1

     +=======================================================================+
     | type: RE0                    symmetry: a               state:    8    |
     +-----------------------+-----------------------+-----------------------+
     | occ. orb.  index spin | vir. orb.  index spin |  coeff/|amp|     %    |
     +=======================+=======================+=======================+
     |  103 a      103       |  106 a      106       |   0.72271      52.2   |
     |  103 a      103       |  108 a      108       |   0.43715      19.1   |
     |   94 a       94       |  106 a      106       |   0.34788      12.1   |
     |   94 a       94       |  108 a      108       |   0.18916       3.6   |
     |   96 a       96       |  106 a      106       |   0.16380       2.7   |
     |   98 a       98       |  106 a      106       |   0.15970       2.6   |
     |  104 a      104       |  109 a      109       |  -0.09296       0.9   |
     |   98 a       98       |  108 a      108       |   0.08525       0.7   |
     |   96 a       96       |  108 a      108       |   0.07960       0.6   |
     |   99 a       99       |  115 a      115       |  -0.07330       0.5   |
     +=======================+=======================+=======================+
     norm of printed elements:  0.95017


       Energy:     0.1458141 H      3.96780 eV    32002.488 cm-1

     +=======================================================================+
     | type: RE0                    symmetry: a               state:    9    |
     +-----------------------+-----------------------+-----------------------+
     | occ. orb.  index spin | vir. orb.  index spin |  coeff/|amp|     %    |
     +=======================+=======================+=======================+
     |  104 a      104       |  106 a      106       |   0.80896      65.4   |
     |  104 a      104       |  108 a      108       |   0.48874      23.9   |
     |   99 a       99       |  106 a      106       |  -0.20362       4.1   |
     |   99 a       99       |  108 a      108       |  -0.10378       1.1   |
     |  103 a      103       |  109 a      109       |  -0.10209       1.0   |
     +=======================+=======================+=======================+
     norm of printed elements:  0.95594


       Energy:     0.1461064 H      3.97576 eV    32066.659 cm-1

     +=======================================================================+
     | type: RE0                    symmetry: a               state:   10    |
     +-----------------------+-----------------------+-----------------------+
     | occ. orb.  index spin | vir. orb.  index spin |  coeff/|amp|     %    |
     +=======================+=======================+=======================+
     |   94 a       94       |  106 a      106       |   0.60371      36.4   |
     |  103 a      103       |  106 a      106       |  -0.42282      17.9   |
     |   94 a       94       |  108 a      108       |   0.31825      10.1   |
     |   96 a       96       |  106 a      106       |   0.28635       8.2   |
     |   98 a       98       |  106 a      106       |   0.26318       6.9   |
     |  103 a      103       |  108 a      108       |  -0.25106       6.3   |
     |   96 a       96       |  108 a      108       |   0.15590       2.4   |
     |   98 a       98       |  108 a      108       |   0.14135       2.0   |
     |   99 a       99       |  115 a      115       |  -0.12402       1.5   |
     |   86 a       86       |  106 a      106       |   0.07756       0.6   |
     |   99 a       99       |  109 a      109       |  -0.07088       0.5   |
     |   94 a       94       |  112 a      112       |   0.06850       0.5   |
     |   99 a       99       |  117 a      117       |  -0.06732       0.5   |
     |   90 a       90       |  106 a      106       |   0.06243       0.4   |
     |   97 a       97       |  115 a      115       |   0.05934       0.4   |
     |  104 a      104       |  109 a      109       |   0.04766       0.2   |
     |   86 a       86       |  108 a      108       |   0.04206       0.2   |
     |   76 a       76       |  106 a      106       |  -0.04193       0.2   |
     +=======================+=======================+=======================+
     norm of printed elements:  0.95197



     Info: copy ADC(2) right eigenvectors into left eigenvector files.


                    ========   CC DENSITY MODULE   ========

                      current wave-function model: ADC(2)  

  calculating overlap between   10 left and right vector(s)
    density nr.      cpu/min        wall/min    L     R
   ------------------------------------------------------
         1           166.57            7.76    LE0    RE0 
         2           167.38            8.08    LE0    RE0 
         3           166.65            8.17    LE0    RE0 
         4           166.60            7.90    LE0    RE0 
         5           167.31            8.18    LE0    RE0 
         6           166.75            8.22    LE0    RE0 
         7           166.50            8.13    LE0    RE0 
         8           167.01            8.10    LE0    RE0 
         9           167.22            8.26    LE0    RE0 
        10           167.04            8.22    LE0    RE0 
   ------------------------------------------------------
     time in cc_1den       cpu:   1 d  3 h 49 min  wall:   0 d  1 h 21 min  ratio: 20.6



     +==========================================================+
     |   contributions of excitation levels to excited states   |
     |     wavefunctions as computed from the <L|R> overlap     |
     +----------------------------------------------------------+
     | sym | multi | state |    E / eV  | % singles | % doubles |
     +==========================================================+
     | a   |   1   |   1   |    3.06035 |   88.66   |   11.34   |
     | a   |   1   |   2   |    3.39068 |   89.75   |   10.25   |
     | a   |   1   |   3   |    3.39376 |   89.77   |   10.23   |
     | a   |   1   |   4   |    3.50944 |   86.73   |   13.27   |
     | a   |   1   |   5   |    3.69857 |   88.36   |   11.64   |
     | a   |   1   |   6   |    3.74495 |   85.74   |   14.26   |
     | a   |   1   |   7   |    3.76696 |   85.72   |   14.28   |
     | a   |   1   |   8   |    3.93913 |   86.28   |   13.72   |
     | a   |   1   |   9   |    3.96780 |   86.19   |   13.81   |
     | a   |   1   |  10   |    3.97576 |   86.54   |   13.46   |
     +==========================================================+



      The semi-canonical algorithm will be used for densities


                    ========   CC DENSITY MODULE   ========

                      current wave-function model: ADC(2)  

  calculating    10 xi densities

   a semicanonical algorithm will be used when possible

    density nr.      cpu/min        wall/min    L     R
   ------------------------------------------------------
         1           302.39           12.36    LE0    R0  
         2           303.07           12.40    LE0    R0  
         3           303.62           12.34    LE0    R0  
         4           301.15           12.45    LE0    R0  
         5           305.34           12.70    LE0    R0  
         6           300.09           12.13    LE0    R0  
         7           298.90           12.25    LE0    R0  
         8           304.70           12.55    LE0    R0  
         9           302.17           12.58    LE0    R0  
        10           300.26           12.49    LE0    R0  
   ------------------------------------------------------
     time in cc_1den       cpu:   2 d  2 h 22 min  wall:   0 d  2 h  4 min  ratio: 24.3


 **************************************************************
 *                                                            *
 *<<<<<<<<<<<<  ONE-PHOTON ABSORPTION STRENGTHS  >>>>>>>>>>>>>*
 *                                                            *
 **************************************************************


  +=========================================================================+
  |  Transition                                             model: ADC(2)   |
  |    number, symmetry, multiplicity:    1 a    1                          |
  |    frequency :   0.1124656369 a.u.     3.06035 e.V.     24683.4 rcm     |
  +=========================================================================+

     +-----------+-----------------+-----------------+---------------------+
     | operator  |   left moment   |  right moment   | transition strength |
     +-----------+-----------------+-----------------+---------------------+
     | xdiplen   |      1.36528876 |      1.36528876 |       1.86401340    |
     | ydiplen   |      1.11985231 |      1.11985231 |       1.25406921    |
     | zdiplen   |     -0.00000659 |     -0.00000659 |       0.00000000    |
     | xdipvel   |      0.12493709 |     -0.12493709 |       0.01560928    |
     | ydipvel   |      0.14669274 |     -0.14669274 |       0.02151876    |
     | zdipvel   |     -0.00000134 |      0.00000134 |       0.00000000    |
     | xangmom   |      0.23500713 |     -0.23500713 |       0.05522835    |
     | yangmom   |     -0.28774100 |      0.28774100 |       0.08279488    |
     | zangmom   |      0.00013049 |     -0.00013049 |       0.00000002    |
     +-----------+-----------------+-----------------+---------------------+
 
       oscillator strength (length gauge)   :      0.23378476
       oscillator strength (velocity gauge) :      0.22008522
       oscillator strength (mixed gauge)    :      0.22323294
 
       rotator strength (length gauge)      :     -0.00068742 a.u.
       Rotator strength (length gauge)      :     -0.32407804 10^(-40)*erg*cm^3
       rotator strength (velocity gauge)    :     -0.05712148 a.u.
       Rotator strength (velocity gauge)    :    -26.92955960 10^(-40)*erg*cm^3
 


  +=========================================================================+
  |  Transition                                             model: ADC(2)   |
  |    number, symmetry, multiplicity:    2 a    1                          |
  |    frequency :   0.1246053672 a.u.     3.39068 e.V.     27347.7 rcm     |
  +=========================================================================+

     +-----------+-----------------+-----------------+---------------------+
     | operator  |   left moment   |  right moment   | transition strength |
     +-----------+-----------------+-----------------+---------------------+
     | xdiplen   |     -0.01757648 |     -0.01757648 |       0.00030893    |
     | ydiplen   |     -0.02259740 |     -0.02259740 |       0.00051064    |
     | zdiplen   |     -0.19310044 |     -0.19310044 |       0.03728778    |
     | xdipvel   |     -0.00200343 |      0.00200343 |       0.00000401    |
     | ydipvel   |     -0.00244123 |      0.00244123 |       0.00000596    |
     | zdipvel   |     -0.01527023 |      0.01527023 |       0.00023318    |
     | xangmom   |      0.00777172 |     -0.00777172 |       0.00006040    |
     | yangmom   |     -0.00041701 |      0.00041701 |       0.00000017    |
     | zangmom   |     -2.72612400 |      2.72612400 |       7.43175209    |
     +-----------+-----------------+-----------------+---------------------+
 
       oscillator strength (length gauge)   :      0.00316559
       oscillator strength (velocity gauge) :      0.00130092
       oscillator strength (mixed gauge)    :      0.00202604
 
       rotator strength (length gauge)      :      0.26314428 a.u.
       Rotator strength (length gauge)      :    124.05769682 10^(-40)*erg*cm^3
       rotator strength (velocity gauge)    :      0.16698317 a.u.
       Rotator strength (velocity gauge)    :     78.72315156 10^(-40)*erg*cm^3
 


  +=========================================================================+
  |  Transition                                             model: ADC(2)   |
  |    number, symmetry, multiplicity:    3 a    1                          |
  |    frequency :   0.1247184928 a.u.     3.39376 e.V.     27372.5 rcm     |
  +=========================================================================+

     +-----------+-----------------+-----------------+---------------------+
     | operator  |   left moment   |  right moment   | transition strength |
     +-----------+-----------------+-----------------+---------------------+
     | xdiplen   |      1.32975215 |      1.32975215 |       1.76824077    |
     | ydiplen   |      1.70930791 |      1.70930791 |       2.92173352    |
     | zdiplen   |     -0.00256792 |     -0.00256792 |       0.00000659    |
     | xdipvel   |      0.15157583 |     -0.15157583 |       0.02297523    |
     | ydipvel   |      0.18495877 |     -0.18495877 |       0.03420975    |
     | zdipvel   |     -0.00020285 |      0.00020285 |       0.00000004    |
     | xangmom   |     -0.58978713 |      0.58978713 |       0.34784886    |
     | yangmom   |      0.03176301 |     -0.03176301 |       0.00100889    |
     | zangmom   |     -0.03600074 |      0.03600074 |       0.00129605    |
     +-----------+-----------------+-----------------+---------------------+
 
       oscillator strength (length gauge)   :      0.38995157
       oscillator strength (velocity gauge) :      0.30567517
       oscillator strength (mixed gauge)    :      0.34514020
 
       rotator strength (length gauge)      :     -0.36494274 a.u.
       Rotator strength (length gauge)      :   -172.04993457 10^(-40)*erg*cm^3
       rotator strength (velocity gauge)    :     -0.33481533 a.u.
       Rotator strength (velocity gauge)    :   -157.84655625 10^(-40)*erg*cm^3
 


  +=========================================================================+
  |  Transition                                             model: ADC(2)   |
  |    number, symmetry, multiplicity:    4 a    1                          |
  |    frequency :   0.1289696529 a.u.     3.50944 e.V.     28305.6 rcm     |
  +=========================================================================+

     +-----------+-----------------+-----------------+---------------------+
     | operator  |   left moment   |  right moment   | transition strength |
     +-----------+-----------------+-----------------+---------------------+
     | xdiplen   |     -0.00003603 |     -0.00003603 |       0.00000000    |
     | ydiplen   |     -0.00005504 |     -0.00005504 |       0.00000000    |
     | zdiplen   |     -0.01443733 |     -0.01443733 |       0.00020844    |
     | xdipvel   |     -0.00000377 |      0.00000377 |       0.00000000    |
     | ydipvel   |     -0.00000583 |      0.00000583 |       0.00000000    |
     | zdipvel   |     -0.00091137 |      0.00091137 |       0.00000083    |
     | xangmom   |      0.00007620 |     -0.00007620 |       0.00000001    |
     | yangmom   |     -0.00020079 |      0.00020079 |       0.00000004    |
     | zangmom   |      0.16973228 |     -0.16973228 |       0.02880905    |
     +-----------+-----------------+-----------------+---------------------+
 
       oscillator strength (length gauge)   :      0.00001792
       oscillator strength (velocity gauge) :      0.00000429
       oscillator strength (mixed gauge)    :      0.00000877
 
       rotator strength (length gauge)      :     -0.00122524 a.u.
       Rotator strength (length gauge)      :     -0.57762977 10^(-40)*erg*cm^3
       rotator strength (velocity gauge)    :     -0.00059971 a.u.
       Rotator strength (velocity gauge)    :     -0.28272812 10^(-40)*erg*cm^3
 


  +=========================================================================+
  |  Transition                                             model: ADC(2)   |
  |    number, symmetry, multiplicity:    5 a    1                          |
  |    frequency :   0.1359198708 a.u.     3.69857 e.V.     29831.0 rcm     |
  +=========================================================================+

     +-----------+-----------------+-----------------+---------------------+
     | operator  |   left moment   |  right moment   | transition strength |
     +-----------+-----------------+-----------------+---------------------+
     | xdiplen   |     -0.00030785 |     -0.00030785 |       0.00000009    |
     | ydiplen   |     -0.00025439 |     -0.00025439 |       0.00000006    |
     | zdiplen   |     -0.00778573 |     -0.00778573 |       0.00006062    |
     | xdipvel   |     -0.00003616 |      0.00003616 |       0.00000000    |
     | ydipvel   |     -0.00003457 |      0.00003457 |       0.00000000    |
     | zdipvel   |     -0.00253986 |      0.00253986 |       0.00000645    |
     | xangmom   |     -0.00002530 |      0.00002530 |       0.00000000    |
     | yangmom   |      0.00005018 |     -0.00005018 |       0.00000000    |
     | zangmom   |      1.57204095 |     -1.57204095 |       2.47131275    |
     +-----------+-----------------+-----------------+---------------------+
 
       oscillator strength (length gauge)   :      0.00000551
       oscillator strength (velocity gauge) :      0.00003165
       oscillator strength (mixed gauge)    :      0.00001320
 
       rotator strength (length gauge)      :     -0.00611975 a.u.
       Rotator strength (length gauge)      :     -2.88511650 10^(-40)*erg*cm^3
       rotator strength (velocity gauge)    :     -0.01468791 a.u.
       Rotator strength (velocity gauge)    :     -6.92452055 10^(-40)*erg*cm^3
 


  +=========================================================================+
  |  Transition                                             model: ADC(2)   |
  |    number, symmetry, multiplicity:    6 a    1                          |
  |    frequency :   0.1376245237 a.u.     3.74495 e.V.     30205.1 rcm     |
  +=========================================================================+

     +-----------+-----------------+-----------------+---------------------+
     | operator  |   left moment   |  right moment   | transition strength |
     +-----------+-----------------+-----------------+---------------------+
     | xdiplen   |      0.00010758 |      0.00010758 |       0.00000001    |
     | ydiplen   |     -0.00053519 |     -0.00053519 |       0.00000029    |
     | zdiplen   |      0.00703907 |      0.00703907 |       0.00004955    |
     | xdipvel   |      0.00002204 |     -0.00002204 |       0.00000000    |
     | ydipvel   |     -0.00007962 |      0.00007962 |       0.00000001    |
     | zdipvel   |      0.00300154 |     -0.00300154 |       0.00000901    |
     | xangmom   |     -0.00004586 |      0.00004586 |       0.00000000    |
     | yangmom   |      0.00018367 |     -0.00018367 |       0.00000003    |
     | zangmom   |      0.03887057 |     -0.03887057 |       0.00151092    |
     +-----------+-----------------+-----------------+---------------------+
 
       oscillator strength (length gauge)   :      0.00000457
       oscillator strength (velocity gauge) :      0.00004367
       oscillator strength (mixed gauge)    :      0.00001412
 
       rotator strength (length gauge)      :      0.00013675 a.u.
       Rotator strength (length gauge)      :      0.06447212 10^(-40)*erg*cm^3
       rotator strength (velocity gauge)    :      0.00042382 a.u.
       Rotator strength (velocity gauge)    :      0.19980700 10^(-40)*erg*cm^3
 


  +=========================================================================+
  |  Transition                                             model: ADC(2)   |
  |    number, symmetry, multiplicity:    7 a    1                          |
  |    frequency :   0.1384333212 a.u.     3.76696 e.V.     30382.6 rcm     |
  +=========================================================================+

     +-----------+-----------------+-----------------+---------------------+
     | operator  |   left moment   |  right moment   | transition strength |
     +-----------+-----------------+-----------------+---------------------+
     | xdiplen   |     -0.06360533 |     -0.06360533 |       0.00404564    |
     | ydiplen   |      0.24580655 |      0.24580655 |       0.06042086    |
     | zdiplen   |      0.00001248 |      0.00001248 |       0.00000000    |
     | xdipvel   |     -0.01227283 |      0.01227283 |       0.00015062    |
     | ydipvel   |      0.03665781 |     -0.03665781 |       0.00134379    |
     | zdipvel   |      0.00000557 |     -0.00000557 |       0.00000000    |
     | xangmom   |      0.02290415 |     -0.02290415 |       0.00052460    |
     | yangmom   |     -0.08263976 |      0.08263976 |       0.00682933    |
     | zangmom   |     -0.00002139 |      0.00002139 |       0.00000000    |
     +-----------+-----------------+-----------------+---------------------+
 
       oscillator strength (length gauge)   :      0.00594954
       oscillator strength (velocity gauge) :      0.00719681
       oscillator strength (mixed gauge)    :      0.00652756
 
       rotator strength (length gauge)      :     -0.01088511 a.u.
       Rotator strength (length gauge)      :     -5.13171592 10^(-40)*erg*cm^3
       rotator strength (velocity gauge)    :     -0.01195699 a.u.
       Rotator strength (velocity gauge)    :     -5.63704631 10^(-40)*erg*cm^3
 


  +=========================================================================+
  |  Transition                                             model: ADC(2)   |
  |    number, symmetry, multiplicity:    8 a    1                          |
  |    frequency :   0.1447604710 a.u.     3.93913 e.V.     31771.3 rcm     |
  +=========================================================================+

     +-----------+-----------------+-----------------+---------------------+
     | operator  |   left moment   |  right moment   | transition strength |
     +-----------+-----------------+-----------------+---------------------+
     | xdiplen   |     -0.06621254 |     -0.06621254 |       0.00438410    |
     | ydiplen   |     -0.09912998 |     -0.09912998 |       0.00982675    |
     | zdiplen   |      0.00003086 |      0.00003086 |       0.00000000    |
     | xdipvel   |     -0.01333203 |      0.01333203 |       0.00017774    |
     | ydipvel   |     -0.01017205 |      0.01017205 |       0.00010347    |
     | zdipvel   |      0.00000673 |     -0.00000673 |       0.00000000    |
     | xangmom   |      0.24402759 |     -0.24402759 |       0.05954947    |
     | yangmom   |     -0.38393919 |      0.38393919 |       0.14740930    |
     | zangmom   |     -0.00027541 |      0.00027541 |       0.00000008    |
     +-----------+-----------------+-----------------+---------------------+
 
       oscillator strength (length gauge)   :      0.00137145
       oscillator strength (velocity gauge) :      0.00129508
       oscillator strength (mixed gauge)    :      0.00126074
 
       rotator strength (length gauge)      :      0.01095109 a.u.
       Rotator strength (length gauge)      :      5.16282374 10^(-40)*erg*cm^3
       rotator strength (velocity gauge)    :      0.00225222 a.u.
       Rotator strength (velocity gauge)    :      1.06179488 10^(-40)*erg*cm^3
 


  +=========================================================================+
  |  Transition                                             model: ADC(2)   |
  |    number, symmetry, multiplicity:    9 a    1                          |
  |    frequency :   0.1458140651 a.u.     3.96780 e.V.     32002.5 rcm     |
  +=========================================================================+

     +-----------+-----------------+-----------------+---------------------+
     | operator  |   left moment   |  right moment   | transition strength |
     +-----------+-----------------+-----------------+---------------------+
     | xdiplen   |     -0.00012341 |     -0.00012341 |       0.00000002    |
     | ydiplen   |     -0.00016591 |     -0.00016591 |       0.00000003    |
     | zdiplen   |     -0.01156139 |     -0.01156139 |       0.00013367    |
     | xdipvel   |     -0.00002285 |      0.00002285 |       0.00000000    |
     | ydipvel   |     -0.00001810 |      0.00001810 |       0.00000000    |
     | zdipvel   |     -0.00355962 |      0.00355962 |       0.00001267    |
     | xangmom   |      0.00045001 |     -0.00045001 |       0.00000020    |
     | yangmom   |     -0.00081780 |      0.00081780 |       0.00000067    |
     | zangmom   |      0.18544923 |     -0.18544923 |       0.03439142    |
     +-----------+-----------------+-----------------+---------------------+
 
       oscillator strength (length gauge)   :      0.00001300
       oscillator strength (velocity gauge) :      0.00005794
       oscillator strength (mixed gauge)    :      0.00002744
 
       rotator strength (length gauge)      :     -0.00107199 a.u.
       Rotator strength (length gauge)      :     -0.50538074 10^(-40)*erg*cm^3
       rotator strength (velocity gauge)    :     -0.00226358 a.u.
       Rotator strength (velocity gauge)    :     -1.06715271 10^(-40)*erg*cm^3
 


  +=========================================================================+
  |  Transition                                             model: ADC(2)   |
  |    number, symmetry, multiplicity:   10 a    1                          |
  |    frequency :   0.1461064471 a.u.     3.97576 e.V.     32066.7 rcm     |
  +=========================================================================+

     +-----------+-----------------+-----------------+---------------------+
     | operator  |   left moment   |  right moment   | transition strength |
     +-----------+-----------------+-----------------+---------------------+
     | xdiplen   |      0.04984222 |      0.04984222 |       0.00248425    |
     | ydiplen   |      0.08252617 |      0.08252617 |       0.00681057    |
     | zdiplen   |      0.00001056 |      0.00001056 |       0.00000000    |
     | xdipvel   |      0.00973670 |     -0.00973670 |       0.00009480    |
     | ydipvel   |      0.01024398 |     -0.01024398 |       0.00010494    |
     | zdipvel   |      0.00000163 |     -0.00000163 |       0.00000000    |
     | xangmom   |      0.12697350 |     -0.12697350 |       0.01612227    |
     | yangmom   |     -0.60212536 |      0.60212536 |       0.36255495    |
     | zangmom   |     -0.00014257 |      0.00014257 |       0.00000002    |
     +-----------+-----------------+-----------------+---------------------+
 
       oscillator strength (length gauge)   :      0.00090535
       oscillator strength (velocity gauge) :      0.00091140
       oscillator strength (mixed gauge)    :      0.00088713
 
       rotator strength (length gauge)      :     -0.02168123 a.u.
       Rotator strength (length gauge)      :    -10.22147790 10^(-40)*erg*cm^3
       rotator strength (velocity gauge)    :     -0.01687761 a.u.
       Rotator strength (velocity gauge)    :     -7.95684147 10^(-40)*erg*cm^3
 
 Exporting transition densities


    ------------------------------------------------------------------------
         total  cpu-time :  34 days  6 hours  6 minutes and 15 seconds
         total wall-time :   1 days  5 hours 18 minutes and 50 seconds
    ------------------------------------------------------------------------

   ****  ricc2 : all done  ****


    2023-11-11 01:16:16.771 

