
   OpenMP run-time library returned nthreads = 36

 ricc2 (cpu-9-24) : TURBOMOLE rev. V7.5.0 compiled 17 Jun 2020 at 09:15:30
 Copyright (C) 2020 TURBOMOLE GmbH, Karlsruhe


    2023-11-09 19:59:45.163 



                              R I C C 2 - PROGRAM

                          the quantum chemistry groups
                             at the universities in
                               Karlsruhe & Bochum
                                   Germany



   *-----------------------------------------------------------------------*
   |                     program will use 36 thread(s)                     |
   *-----------------------------------------------------------------------*


              +--------------------------------------------------+
              | Atomic coordinate, charge and isotop information |
              +--------------------------------------------------+

                    atomic coordinates            atom    charge  isotop
          2.97216124    2.69588331    0.00000000    n      7.000     0
          0.39986604    3.40944392    0.00000000    c      6.000     0
          3.31665832    0.09977754    0.00000000    c      6.000     0
          0.92350915   -0.98719292    0.00000000    c      6.000     0
         -0.92350917    0.98719297    0.00000000    c      6.000     0
         -3.31665833   -0.09977752    0.00000000    c      6.000     0
         -0.39986605   -3.40944390    0.00000000    c      6.000     0
         -2.97216125   -2.69588329    0.00000000    n      7.000     0
         -0.33183591    5.61551020    0.00000000    o      8.000     0
          0.33183591   -5.61551020    0.00000000    o      8.000     0
         -4.43688797   -3.93478775    0.00000000    h      1.000     0
          4.43688797    3.93478775    0.00000000    h      1.000     0
         -8.08349248   -0.36755168    0.00000000    c      6.000     0
        -10.44621705    0.88665956    0.00000000    c      6.000     0
        -10.63500069    3.52131575    0.00000000    c      6.000     0
        -12.45820846    4.45937582    0.00000000    h      1.000     0
         -8.39397449    4.90497323    0.00000000    c      6.000     0
         -8.47239812    6.95475917    0.00000000    h      1.000     0
         -6.03068299    3.71293396    0.00000000    c      6.000     0
         -4.32520516    4.85621828    0.00000000    h      1.000     0
         -5.80769530    1.06523866    0.00000000    c      6.000     0
         -8.24033975   -2.98784595    0.00000000    n      7.000     0
         10.44621706   -0.88665959    0.00000000    c      6.000     0
          8.08349248    0.36755168    0.00000000    c      6.000     0
          5.80769530   -1.06523866    0.00000000    c      6.000     0
          6.03068299   -3.71293396    0.00000000    c      6.000     0
          4.32520516   -4.85621825    0.00000000    h      1.000     0
          8.39397448   -4.90497321    0.00000000    c      6.000     0
          8.47239812   -6.95475917    0.00000000    h      1.000     0
         10.63500070   -3.52131575    0.00000000    c      6.000     0
         12.45820847   -4.45937584    0.00000000    h      1.000     0
          8.24033975    2.98784595    0.00000000    n      7.000     0
         10.57263974    3.73579952    0.00000000    c      6.000     0
         11.12746334    5.70753977    0.00000000    h      1.000     0
        -10.57263973   -3.73579955    0.00000000    c      6.000     0
        -11.12746333   -5.70753979    0.00000000    h      1.000     0
         12.88131815    1.35984683    0.00000000    s     16.000     0
        -12.88131814   -1.35984686    0.00000000    s     16.000     0
 
       center of nuclear mass  :    0.00000000   -0.00000000    0.00000000
       center of nuclear charge:    0.00000000   -0.00000000    0.00000000

   *************************************************************************
   teste8                                                                   
   *************************************************************************



              +--------------------------------------------------+
              |               basis set information              |
              +--------------------------------------------------+

              we will work with the 1s 3p 5d 7f 9g ... basis set
              ...i.e. with spherical basis functions...

   type   atoms  prim   cont   basis
   ---------------------------------------------------------------------------
    n        4     46     31   def2-TZVP   [5s3p2d1f|11s6p2d1f]
    c       20     46     31   def2-TZVP   [5s3p2d1f|11s6p2d1f]
    o        2     46     31   def2-TZVP   [5s3p2d1f|11s6p2d1f]
    h       10      8      6   def2-TZVP   [3s1p|5s1p]
    s        2     63     37   def2-TZVP   [5s5p2d1f|14s9p3d1f]
   ---------------------------------------------------------------------------
   total:   38   1402    940
   ---------------------------------------------------------------------------

   total number of primitive shells          :   93
   total number of contracted shells         :  352
   total number of cartesian basis functions : 1080
   total number of SCF-basis functions       :  940


 symmetry group of the molecule :   cs

 the group has the following generators :
   c1(z)
   mirror plane sigma(xy)

    2 symmetry operations found

 there are 2 real representations :   a'   a"  


   =========================================================================


     restricted closed shell calculation for the wavefunction models:
               ADC(2)     - Algebraic Diagrammatic Construction to 2. Order (strict)


     global parameters for ricc2 program:

        hard restart (reuse of interm.) :  disabled
        soft restart (reuse of vectors) :  disabled
        threshold for vector function   :    0.100000E-06
        convergence threshold energy    :    0.100000E-07
        linear dependence threshold     :    0.100000E-13
        global print level              :      1
        maximum number of iterations    :   500
        maximum number DIIS vectors     :    10
        max. dim. of reduced space      :   100
        core memory limit (MB)          : 18000

     Scratch Directory : 


   =========================================================================

    der. integral neglect threshold  :  0.10E-08
    integral neglect threshold       :  0.31E-12
    integral storage threshold THIZE :  0.10E-04
    integral storage threshold THIME :         5


                  +------------------------------------------+
                  |     Auxiliary basis set information      |
                  +------------------------------------------+

              assign orbital basis set names as defaults
              read basis sets from /home/hlischka/programs/TURBOMOLE-7.5/TURBOMOLE//cbasen/
              (basis sets have been saved in file auxbasis)

              we will work with the 1s 3p 5d 7f 9g ... basis set
              ...i.e. with spherical basis functions...

   type   atoms  prim   cont   basis
   ---------------------------------------------------------------------------
    n        4     81     76   def2-TZVP   [8s6p4d3f1g|8s6p5d3f1g]
    c       20     81     76   def2-TZVP   [8s6p4d3f1g|8s6p5d3f1g]
    o        2     81     76   def2-TZVP   [8s6p4d3f1g|8s6p5d3f1g]
    h       10     23     15   def2-TZVP   [4s2p1d|4s3p2d]
    s        2    119    113   def2-TZVP   [9s7p6d5f2g|10s7p7d5f2g]
   ---------------------------------------------------------------------------
   total:   38   2574   2352
   ---------------------------------------------------------------------------

   total number of primitive shells          :  109
   total number of contracted shells         :  700
   total number of cartesian basis functions : 2922
   total number of SCF-basis functions       : 2352


 maximum number of shells which are related by symmetry :  1


 The symmetry information takes   1 MB

*---------------------------------------------------------------------*
|      simplified algorithm for abelian symmetry will be applied      |
*---------------------------------------------------------------------*
  MOs are in ASCII format !


 reading orbital data $scfmo  from file mos
 orbital characterization : scfconv=7
 time elapsed for calculating density matrices :   2.592 sec
 all orbitals will be active in the correlation treatment


   Molecular Orbital Statistic:
   ============================


   --------------------------
    irred. repres.:   a'   a"
   --------------------------
   frozen occupied:    0    0
   active occupied:   85   18
   active virtual :  561  276
   frozen virtual :    0    0
   --------------------------
 

   -----------------------------
   orbitals in total:
   -----------------------------
    frozen occupied :      0
    active occupied :    103
    active virtual  :    837
    frozen virtual  :      0
    all together    :    940
   -----------------------------


     time in riccmos       cpu: 15.54 sec    wall:  0.60 sec    ratio: 26.0

     total memory allocated for calculation of (Q|P)**(-1/2) : 35 MiB


     calculation of (P|Q) ...
     time in lp2sym        cpu:  6.99 sec    wall:  0.21 sec    ratio: 33.5


     calculation of the Cholesky decomposition of (P|Q)**(-1) ...
     time in invmetri      cpu:  8.08 sec    wall:  0.24 sec    ratio: 33.6

   threshold for RMS(d[D]) in SCF was     :  0.10E-07
   integral neglect threshold             :  0.31E-12
   derivative integral neglect threshold  :  0.10E-08


 setting up bound for integral derivative estimation

 increment for numerical differentiation : 0.00050000

   =========================================================================

     Energy of reference wave function is -1926.2152393169999
     Maximum orbital residual is           0.4157630676787E-05


     Number of symmetry-nonredundant auxiliary basis functions:     2352

     Block lengths for integral files:
        frozen occupied (BOI):        0 MiB
        active occupied (BJI):        2 MiB
        active virtual  (BAI):       16 MiB
        frozen virtual  (BGI):        0 MiB
               general  (BTI):       17 MiB

   =========================================================================




   **************************************************************************
   *                                                                        *
   *          OPTIMIZATION OF THE GROUND STATE CLUSTER AMPLITUDES           *
   *                                                                        *
   **************************************************************************


   Iter.   MP2 energy       Norm(Omega)   Norm(t1)  Norm(t2)     cpu    wall
   ...........................................................................
    1  -1931.5643454828    0.2511756016     0.00000   0.75253   70.59    2.12
   ...........................................................................


     time in total         cpu:  1 h 10 min  wall:  0 h  2 min  ratio: 33.2


     **********************************************************************
     *                                                                    *
     *   RHF  energy                             :  -1926.2152393170      *
     *   MP2 correlation energy                  :     -5.3491061658      *
     *                                                                    *
     *   Final MP2 energy                        :  -1931.5643454828      *
     *                                                                    *
     *   Norm of MP1 T2 amplitudes               :      0.7525263614      *
     *                                                                    *
     *   D1 diagnostic                           :      0.0566            *
     *                                                                    *
     **********************************************************************



 **************************************************************
 *                                                            *
 *    OPTIMIZATION OF THE EXCITED STATE CLUSTER AMPLITUDES    *
 *                                                            *
 **************************************************************


  preoptimize excitation energies/vectors using CCS:
  ==================================================


 ======== LINEAR CC RESPONSE SOLVER ========

    threshold for convergence: 1.00E-03
    maximum number of simultaneous Jacobi matrix transformations: 10
                                                
     summary of start vectors generation:
     -------------------------------------------
     type of solution vectors      : RE0
     symmetry                      : a' 
     number of vectors requested   :    10
     number of vectors generated   :    10
       -- guessed as rhs/(e_a-e_i) :    10
     -------------------------------------------
                                                

    Iter  #Vectors  time (min)    max. residual 
    --------------------------------------------
      1      10         5.39     0.14E+00  (  1)
      2      10         6.96     0.69E-01  (  6)
      3      10         7.05     0.33E-01  (  6)
      4      10         5.05     0.24E-01  (  7)
      5      10         6.16     0.29E-01  ( 10)
      6      10         6.14     0.24E-01  ( 10)
      7       9         4.81     0.13E-01  ( 10)
      8       5         3.09     0.51E-02  ( 10)
      9       1         1.00     0.17E-02  ( 10)
     10       1         0.57     0.89E-03  (  7)
    --------------------------------------------
    converged in 10 iterations

         Total time         46.25 minutes


 ===========================================




 Note that this is the intermediate result of a preoptimization!
 The convergence threshold was  0.1E-02 only!


 +==================================================================+
 | sym | multi | state |          CCS excitation energies           |
 |     |       |       +--------------------------------------------+
 |     |       |       |   Hartree    |     eV       |     cm-1     |
 +==================================================================+
 | a'  |   1   |   1   |    0.1191506 |      3.24225 |    26150.542 |
 | a'  |   1   |   2   |    0.1726892 |      4.69911 |    37900.897 |
 | a'  |   1   |   3   |    0.1898499 |      5.16608 |    41667.233 |
 | a'  |   1   |   4   |    0.1902769 |      5.17770 |    41760.945 |
 | a'  |   1   |   5   |    0.1934502 |      5.26405 |    42457.420 |
 | a'  |   1   |   6   |    0.2016979 |      5.48848 |    44267.562 |
 | a'  |   1   |   7   |    0.2109362 |      5.73987 |    46295.145 |
 | a'  |   1   |   8   |    0.2249544 |      6.12132 |    49371.777 |
 | a'  |   1   |   9   |    0.2253131 |      6.13108 |    49450.504 |
 | a'  |   1   |  10   |    0.2384799 |      6.48937 |    52340.287 |
 +==================================================================+




  preoptimize ADC(2) excitation energies/vectors using a quasi linear algorithm:
  ==============================================================================


 ======== LINEAR CC RESPONSE SOLVER ========

    threshold for convergence: 1.00E-03
    maximum number of simultaneous Jacobi matrix transformations: 10
                                                
     summary of start vectors generation:
     -------------------------------------------
     type of solution vectors      : RE0
     symmetry                      : a' 
     number of vectors requested   :    10
     number of vectors generated   :    10
       -- restarted from file      :    10
     -------------------------------------------
                                                

    Iter  #Vectors  time (min)    max. residual 
    --------------------------------------------
 threshold for this macro iteration:  5.343305165331347E-002
      1      10        40.79     0.72E-01  (  1)
 ...adapted threshold to:  6.540163678216510E-002
      2      10        40.48     0.52E-01  ( 10)
                                                
     summary of start vectors generation:
     -------------------------------------------
     type of solution vectors      : RE0
     symmetry                      : a' 
     number of vectors requested   :    10
     number of vectors generated   :    10
       -- restarted from file      :    10
     -------------------------------------------
                                                

    Iter  #Vectors  time (min)    max. residual 
    --------------------------------------------
 threshold for this macro iteration:  1.138150094432078E-002
      3      10        41.09     0.52E-01  ( 10)
      4      10        43.72     0.47E-01  ( 10)
 ...adapted threshold to:  1.537677341220625E-002
      5       8        33.95     0.47E-01  ( 10)
 ...adapted threshold to:  1.892514241956694E-002
      6       3        12.23     0.24E-01  ( 10)
 ...adapted threshold to:  2.008361131301795E-002
      7       1         3.34     0.15E-01  ( 10)
                                                
     summary of start vectors generation:
     -------------------------------------------
     type of solution vectors      : RE0
     symmetry                      : a' 
     number of vectors requested   :    10
     number of vectors generated   :    10
       -- restarted from file      :    10
     -------------------------------------------
                                                

    Iter  #Vectors  time (min)    max. residual 
    --------------------------------------------
 threshold for this macro iteration:  3.008076991931979E-003
      8      10        43.41     0.15E-01  ( 10)
      9       2         8.46     0.11E-01  ( 10)
     10       2         8.21     0.74E-02  ( 10)
     11       1         3.35     0.50E-02  ( 10)
     12       1         3.28     0.41E-02  ( 10)
     13       1         3.17     0.28E-02  (  1)
                                                
     summary of start vectors generation:
     -------------------------------------------
     type of solution vectors      : RE0
     symmetry                      : a' 
     number of vectors requested   :    10
     number of vectors generated   :    10
       -- restarted from file      :    10
     -------------------------------------------
                                                

    Iter  #Vectors  time (min)    max. residual 
    --------------------------------------------
 threshold for this macro iteration:  1.000000000000000E-003
     14      10        43.03     0.13E-02  (  8)
     15       4        15.60     0.91E-03  (  9)
    --------------------------------------------
    converged in 15 iterations

         Total time        344.15 minutes


 ===========================================




 Note that this is the intermediate result of a preoptimization!
 The convergence threshold was  0.1E-02 only!


 +==================================================================+
 | sym | multi | state |          ADC(2) excitation energies        |
 |     |       |       +--------------------------------------------+
 |     |       |       |   Hartree    |     eV       |     cm-1     |
 +==================================================================+
 | a'  |   1   |   1   |    0.0855351 |      2.32753 |    18772.784 |
 | a'  |   1   |   2   |    0.1225011 |      3.33342 |    26885.881 |
 | a'  |   1   |   3   |    0.1327980 |      3.61362 |    29145.802 |
 | a'  |   1   |   4   |    0.1457151 |      3.96511 |    31980.764 |
 | a'  |   1   |   5   |    0.1492990 |      4.06263 |    32767.335 |
 | a'  |   1   |   6   |    0.1552623 |      4.22490 |    34076.127 |
 | a'  |   1   |   7   |    0.1602183 |      4.35976 |    35163.859 |
 | a'  |   1   |   8   |    0.1612336 |      4.38739 |    35386.684 |
 | a'  |   1   |   9   |    0.1662047 |      4.52266 |    36477.713 |
 | a'  |   1   |  10   |    0.1798103 |      4.89289 |    39463.799 |
 +==================================================================+





 solve for ADC(2) excitation energies/vectors using a DIIS algorithm:
 =================================================================


 ========= DIIS CC RESPONSE SOLVER =========

    threshold for convergence: 1.00E-06
    max. nb. of DIIS vectors :      10
    maximum number of simultaneous Jacobi matrix transformations: 10
                                                
     summary of start vectors generation:
     -------------------------------------------
     type of solution vectors      : RE0
     symmetry                      : a' 
     number of vectors requested   :    10
     number of vectors generated   :    10
       -- restarted from file      :    10
     -------------------------------------------
                                                

    Iter  #Vectors  time (min)   residual
    --------------------------------------
      1      10        41.93     0.52E-03  (  7)    0.38E-02
      2      10        43.19     0.40E-03  (  7)    0.21E-02
      3      10        44.78     0.17E-03  (  7)    0.29E-02
      4      10        44.41     0.10E-03  ( 10)    0.24E-02
      5      10        43.85     0.71E-04  ( 10)    0.22E-02
      6      10        42.81     0.45E-04  ( 10)    0.21E-02
      7       9        38.50     0.23E-04  ( 10)    0.21E-02
      8       7        30.25     0.16E-04  ( 10)    0.21E-02
      9       6        24.72     0.10E-04  ( 10)    0.21E-02
     10       4        15.77     0.66E-05  ( 10)    0.21E-02
     11       2         8.43     0.41E-05  ( 10)    0.21E-02
     12       1         3.34     0.28E-05  ( 10)    0.21E-02
     13       1         3.55     0.20E-05  ( 10)    0.21E-02
     14       1         3.50     0.14E-05  ( 10)    0.21E-02
     15       1         3.44     0.77E-06  ( 10)    0.21E-02
    --------------------------------------
    converged in  15 iterations

   Total time        392.47 minutes


 ===========================================





 +================================================================================+
 | sym | multi | state |          ADC(2) excitation energies    |  %t1   |  %t2   |
 |     |       |       +----------------------------------------+--------+--------+
 |     |       |       |   Hartree    |    eV      |    cm-1    |    %   |    %   |
 +================================================================================+
 | a'  |   1   |   1   |    0.0855161 |    2.32701 |  18768.616 |  87.60 |  12.40 |
 | a'  |   1   |   2   |    0.1224671 |    3.33250 |  26878.424 |  87.10 |  12.90 |
 | a'  |   1   |   3   |    0.1327580 |    3.61253 |  29137.007 |  85.92 |  14.08 |
 | a'  |   1   |   4   |    0.1456936 |    3.96452 |  31976.048 |  86.34 |  13.66 |
 | a'  |   1   |   5   |    0.1492853 |    4.06226 |  32764.325 |  86.74 |  13.26 |
 | a'  |   1   |   6   |    0.1552352 |    4.22416 |  34070.186 |  86.13 |  13.87 |
 | a'  |   1   |   7   |    0.1602112 |    4.35957 |  35162.289 |  86.62 |  13.38 |
 | a'  |   1   |   8   |    0.1612257 |    4.38717 |  35384.944 |  86.26 |  13.74 |
 | a'  |   1   |   9   |    0.1661999 |    4.52253 |  36476.658 |  85.83 |  14.17 |
 | a'  |   1   |  10   |    0.1798689 |    4.89448 |  39476.654 |  85.87 |  14.13 |
 +================================================================================+


       Energy:     0.0855161 H      2.32701 eV    18768.616 cm-1

     +=======================================================================+
     | type: RE0                    symmetry: a'              state:    1    |
     +-----------------------+-----------------------+-----------------------+
     | occ. orb.  index spin | vir. orb.  index spin |  coeff/|amp|     %    |
     +=======================+=======================+=======================+
     |   18 a"     103       |   19 a"     665       |   0.95024      90.3   |
     |   14 a"      99       |   19 a"     665       |  -0.18366       3.4   |
     |   12 a"      97       |   19 a"     665       |   0.10208       1.0   |
     |    9 a"      94       |   19 a"     665       |   0.07974       0.6   |
     +=======================+=======================+=======================+
     norm of printed elements:  0.95347


       Energy:     0.1224671 H      3.33250 eV    26878.424 cm-1

     +=======================================================================+
     | type: RE0                    symmetry: a'              state:    2    |
     +-----------------------+-----------------------+-----------------------+
     | occ. orb.  index spin | vir. orb.  index spin |  coeff/|amp|     %    |
     +=======================+=======================+=======================+
     |   13 a"      98       |   19 a"     665       |   0.87515      76.6   |
     |   15 a"     100       |   19 a"     665       |  -0.30896       9.5   |
     |   17 a"     102       |   19 a"     665       |   0.19487       3.8   |
     |   13 a"      98       |   23 a"     669       |   0.16736       2.8   |
     |   13 a"      98       |   21 a"     667       |   0.14912       2.2   |
     |   13 a"      98       |   25 a"     671       |  -0.11778       1.4   |
     +=======================+=======================+=======================+
     norm of printed elements:  0.96344


       Energy:     0.1327580 H      3.61253 eV    29137.007 cm-1

     +=======================================================================+
     | type: RE0                    symmetry: a'              state:    3    |
     +-----------------------+-----------------------+-----------------------+
     | occ. orb.  index spin | vir. orb.  index spin |  coeff/|amp|     %    |
     +=======================+=======================+=======================+
     |   18 a"     103       |   20 a"     666       |   0.93197      86.9   |
     |   17 a"     102       |   19 a"     665       |   0.13645       1.9   |
     |   14 a"      99       |   20 a"     666       |  -0.12613       1.6   |
     |   18 a"     103       |   22 a"     668       |   0.11626       1.4   |
     |   18 a"     103       |   26 a"     672       |  -0.10850       1.2   |
     |   15 a"     100       |   21 a"     667       |   0.10534       1.1   |
     |   14 a"      99       |   22 a"     668       |  -0.08628       0.7   |
     |   13 a"      98       |   19 a"     665       |   0.07799       0.6   |
     +=======================+=======================+=======================+
     norm of printed elements:  0.95300


       Energy:     0.1456936 H      3.96452 eV    31976.048 cm-1

     +=======================================================================+
     | type: RE0                    symmetry: a'              state:    4    |
     +-----------------------+-----------------------+-----------------------+
     | occ. orb.  index spin | vir. orb.  index spin |  coeff/|amp|     %    |
     +=======================+=======================+=======================+
     |   18 a"     103       |   21 a"     667       |  -0.75491      57.0   |
     |   16 a"     101       |   19 a"     665       |   0.45818      21.0   |
     |   17 a"     102       |   20 a"     666       |   0.24995       6.2   |
     |   15 a"     100       |   22 a"     668       |   0.19244       3.7   |
     |   15 a"     100       |   20 a"     666       |  -0.17137       2.9   |
     |   14 a"      99       |   19 a"     665       |   0.16859       2.8   |
     |   18 a"     103       |   25 a"     671       |   0.08541       0.7   |
     |   17 a"     102       |   22 a"     668       |   0.08143       0.7   |
     +=======================+=======================+=======================+
     norm of printed elements:  0.95104


       Energy:     0.1492853 H      4.06226 eV    32764.325 cm-1

     +=======================================================================+
     | type: RE0                    symmetry: a'              state:    5    |
     +-----------------------+-----------------------+-----------------------+
     | occ. orb.  index spin | vir. orb.  index spin |  coeff/|amp|     %    |
     +=======================+=======================+=======================+
     |   18 a"     103       |   22 a"     668       |  -0.67252      45.2   |
     |   17 a"     102       |   19 a"     665       |   0.54926      30.2   |
     |   16 a"     101       |   20 a"     666       |   0.25583       6.5   |
     |   15 a"     100       |   21 a"     667       |   0.21276       4.5   |
     |   13 a"      98       |   19 a"     665       |  -0.19256       3.7   |
     |   14 a"      99       |   20 a"     666       |   0.15807       2.5   |
     |   15 a"     100       |   23 a"     669       |  -0.10156       1.0   |
     |   16 a"     101       |   22 a"     668       |   0.09559       0.9   |
     |   15 a"     100       |   19 a"     665       |  -0.08598       0.7   |
     +=======================+=======================+=======================+
     norm of printed elements:  0.95360


       Energy:     0.1552352 H      4.22416 eV    34070.186 cm-1

     +=======================================================================+
     | type: RE0                    symmetry: a'              state:    6    |
     +-----------------------+-----------------------+-----------------------+
     | occ. orb.  index spin | vir. orb.  index spin |  coeff/|amp|     %    |
     +=======================+=======================+=======================+
     |   14 a"      99       |   19 a"     665       |   0.88172      77.7   |
     |   18 a"     103       |   19 a"     665       |   0.20294       4.1   |
     |   15 a"     100       |   20 a"     666       |  -0.18311       3.4   |
     |   18 a"     103       |   21 a"     667       |   0.17014       2.9   |
     |    9 a"      94       |   19 a"     665       |  -0.15607       2.4   |
     |   12 a"      97       |   19 a"     665       |  -0.15475       2.4   |
     |   16 a"     101       |   19 a"     665       |  -0.12548       1.6   |
     |   18 a"     103       |   25 a"     671       |  -0.08617       0.7   |
     +=======================+=======================+=======================+
     norm of printed elements:  0.95257


       Energy:     0.1602112 H      4.35957 eV    35162.289 cm-1

     +=======================================================================+
     | type: RE0                    symmetry: a'              state:    7    |
     +-----------------------+-----------------------+-----------------------+
     | occ. orb.  index spin | vir. orb.  index spin |  coeff/|amp|     %    |
     +=======================+=======================+=======================+
     |   15 a"     100       |   19 a"     665       |   0.88146      77.7   |
     |   13 a"      98       |   19 a"     665       |   0.25895       6.7   |
     |   14 a"      99       |   20 a"     666       |  -0.17889       3.2   |
     |   10 a"      95       |   19 a"     665       |  -0.17408       3.0   |
     |   18 a"     103       |   22 a"     668       |  -0.10962       1.2   |
     |   17 a"     102       |   19 a"     665       |   0.10742       1.2   |
     |   18 a"     103       |   20 a"     666       |  -0.08020       0.6   |
     |   12 a"      97       |   20 a"     666       |  -0.07310       0.5   |
     |   16 a"     101       |   20 a"     666       |   0.07170       0.5   |
     |   11 a"      96       |   19 a"     665       |  -0.06587       0.4   |
     +=======================+=======================+=======================+
     norm of printed elements:  0.95114


       Energy:     0.1612257 H      4.38717 eV    35384.944 cm-1

     +=======================================================================+
     | type: RE0                    symmetry: a'              state:    8    |
     +-----------------------+-----------------------+-----------------------+
     | occ. orb.  index spin | vir. orb.  index spin |  coeff/|amp|     %    |
     +=======================+=======================+=======================+
     |   16 a"     101       |   19 a"     665       |   0.69128      47.8   |
     |   18 a"     103       |   21 a"     667       |   0.52036      27.1   |
     |   18 a"     103       |   23 a"     669       |   0.32240      10.4   |
     |   17 a"     102       |   20 a"     666       |   0.23027       5.3   |
     |   14 a"      99       |   21 a"     667       |  -0.16746       2.8   |
     |   18 a"     103       |   19 a"     665       |  -0.08715       0.8   |
     |   15 a"     100       |   24 a"     670       |   0.08504       0.7   |
     |   15 a"     100       |   22 a"     668       |   0.08292       0.7   |
     +=======================+=======================+=======================+
     norm of printed elements:  0.95537


       Energy:     0.1661999 H      4.52253 eV    36476.658 cm-1

     +=======================================================================+
     | type: RE0                    symmetry: a'              state:    9    |
     +-----------------------+-----------------------+-----------------------+
     | occ. orb.  index spin | vir. orb.  index spin |  coeff/|amp|     %    |
     +=======================+=======================+=======================+
     |   18 a"     103       |   22 a"     668       |   0.64992      42.2   |
     |   17 a"     102       |   19 a"     665       |   0.63460      40.3   |
     |   18 a"     103       |   20 a"     666       |  -0.19884       4.0   |
     |   16 a"     101       |   20 a"     666       |   0.18204       3.3   |
     |   14 a"      99       |   22 a"     668       |  -0.17324       3.0   |
     |   13 a"      98       |   19 a"     665       |  -0.12064       1.5   |
     |   18 a"     103       |   24 a"     670       |  -0.08691       0.8   |
     |   18 a"     103       |   26 a"     672       |  -0.07734       0.6   |
     +=======================+=======================+=======================+
     norm of printed elements:  0.95589


       Energy:     0.1798689 H      4.89448 eV    39476.654 cm-1

     +=======================================================================+
     | type: RE0                    symmetry: a'              state:   10    |
     +-----------------------+-----------------------+-----------------------+
     | occ. orb.  index spin | vir. orb.  index spin |  coeff/|amp|     %    |
     +=======================+=======================+=======================+
     |   18 a"     103       |   23 a"     669       |   0.84210      70.9   |
     |   16 a"     101       |   19 a"     665       |  -0.24939       6.2   |
     |   18 a"     103       |   21 a"     667       |  -0.20516       4.2   |
     |   18 a"     103       |   25 a"     671       |  -0.17615       3.1   |
     |   13 a"      98       |   20 a"     666       |  -0.16948       2.9   |
     |   15 a"     100       |   20 a"     666       |   0.14921       2.2   |
     |   14 a"      99       |   23 a"     669       |  -0.14906       2.2   |
     |   13 a"      98       |   22 a"     668       |  -0.10821       1.2   |
     |   14 a"      99       |   21 a"     667       |   0.08904       0.8   |
     |   12 a"      97       |   23 a"     669       |   0.08012       0.6   |
     |   13 a"      98       |   26 a"     672       |   0.07137       0.5   |
     |   17 a"     102       |   20 a"     666       |  -0.06703       0.4   |
     +=======================+=======================+=======================+
     norm of printed elements:  0.95329



     Info: copy ADC(2) right eigenvectors into left eigenvector files.


                    ========   CC DENSITY MODULE   ========

                      current wave-function model: ADC(2)  

  calculating overlap between   10 left and right vector(s)
    density nr.      cpu/min        wall/min    L     R
   ------------------------------------------------------
         1            53.01            1.81    LE0    RE0 
         2            53.26            1.81    LE0    RE0 
         3            53.27            1.81    LE0    RE0 
         4            53.87            1.84    LE0    RE0 
         5            52.83            1.80    LE0    RE0 
         6            53.00            1.80    LE0    RE0 
         7            53.11            1.82    LE0    RE0 
         8            53.00            1.80    LE0    RE0 
         9            53.24            1.81    LE0    RE0 
        10            52.73            1.79    LE0    RE0 
   ------------------------------------------------------
     time in cc_1den       cpu:  8 h 52 min  wall:  0 h 18 min  ratio: 29.3



     +==========================================================+
     |   contributions of excitation levels to excited states   |
     |     wavefunctions as computed from the <L|R> overlap     |
     +----------------------------------------------------------+
     | sym | multi | state |    E / eV  | % singles | % doubles |
     +==========================================================+
     | a'  |   1   |   1   |    2.32701 |   87.60   |   12.40   |
     | a'  |   1   |   2   |    3.33250 |   87.10   |   12.90   |
     | a'  |   1   |   3   |    3.61253 |   85.92   |   14.08   |
     | a'  |   1   |   4   |    3.96452 |   86.34   |   13.66   |
     | a'  |   1   |   5   |    4.06226 |   86.74   |   13.26   |
     | a'  |   1   |   6   |    4.22416 |   86.13   |   13.87   |
     | a'  |   1   |   7   |    4.35957 |   86.62   |   13.38   |
     | a'  |   1   |   8   |    4.38717 |   86.26   |   13.74   |
     | a'  |   1   |   9   |    4.52253 |   85.83   |   14.17   |
     | a'  |   1   |  10   |    4.89448 |   85.87   |   14.13   |
     +==========================================================+



      The semi-canonical algorithm will be used for densities


                    ========   CC DENSITY MODULE   ========

                      current wave-function model: ADC(2)  

  calculating    10 xi densities

   a semicanonical algorithm will be used when possible

    density nr.      cpu/min        wall/min    L     R
   ------------------------------------------------------
         1           153.62            6.15    LE0    R0  
         2           147.47            5.78    LE0    R0  
         3           146.20            5.71    LE0    R0  
         4           144.85            5.59    LE0    R0  
         5           145.74            5.68    LE0    R0  
         6           147.48            5.75    LE0    R0  
         7           146.76            5.76    LE0    R0  
         8           145.70            5.61    LE0    R0  
         9           145.05            5.62    LE0    R0  
        10           141.54            5.43    LE0    R0  
   ------------------------------------------------------
     time in cc_1den       cpu:   1 d  0 h 25 min  wall:   0 d  0 h 57 min  ratio: 25.6


 **************************************************************
 *                                                            *
 *<<<<<<<<<<<<  ONE-PHOTON ABSORPTION STRENGTHS  >>>>>>>>>>>>>*
 *                                                            *
 **************************************************************


  +=========================================================================+
  |  Transition                                             model: ADC(2)   |
  |    number, symmetry, multiplicity:    1 a'   1                          |
  |    frequency :   0.0855161089 a.u.     2.32701 e.V.     18768.6 rcm     |
  +=========================================================================+

     +-----------+-----------------+-----------------+---------------------+
     | operator  |   left moment   |  right moment   | transition strength |
     +-----------+-----------------+-----------------+---------------------+
     | xdiplen   |     -3.11345190 |     -3.11345190 |       9.69358275    |
     | ydiplen   |     -0.57188267 |     -0.57188267 |       0.32704979    |
     | zdiplen   |      0.00000000 |      0.00000000 |       0.00000000    |
     | xdipvel   |     -0.23468781 |      0.23468781 |       0.05507837    |
     | ydipvel   |     -0.06410410 |      0.06410410 |       0.00410934    |
     | zdipvel   |      0.00000000 |      0.00000000 |       0.00000000    |
     | xangmom   |      0.00000000 |      0.00000000 |       0.00000000    |
     | yangmom   |      0.00000000 |      0.00000000 |       0.00000000    |
     | zangmom   |     -0.00000000 |      0.00000000 |       0.00000000    |
     +-----------+-----------------+-----------------+---------------------+
 
       oscillator strength (length gauge)   :      0.57128367
       oscillator strength (velocity gauge) :      0.46141562
       oscillator strength (mixed gauge)    :      0.51156615
 
       rotator strength (length gauge)      :      0.00000000 a.u.
       Rotator strength (length gauge)      :      0.00000000 10^(-40)*erg*cm^3
       rotator strength (velocity gauge)    :      0.00000000 a.u.
       Rotator strength (velocity gauge)    :      0.00000000 10^(-40)*erg*cm^3
 


  +=========================================================================+
  |  Transition                                             model: ADC(2)   |
  |    number, symmetry, multiplicity:    2 a'   1                          |
  |    frequency :   0.1224671117 a.u.     3.33250 e.V.     26878.4 rcm     |
  +=========================================================================+

     +-----------+-----------------+-----------------+---------------------+
     | operator  |   left moment   |  right moment   | transition strength |
     +-----------+-----------------+-----------------+---------------------+
     | xdiplen   |      0.00000003 |      0.00000003 |       0.00000000    |
     | ydiplen   |      0.00000001 |      0.00000001 |       0.00000000    |
     | zdiplen   |      0.00000000 |      0.00000000 |       0.00000000    |
     | xdipvel   |      0.00000000 |     -0.00000000 |       0.00000000    |
     | ydipvel   |      0.00000000 |     -0.00000000 |       0.00000000    |
     | zdipvel   |      0.00000000 |      0.00000000 |       0.00000000    |
     | xangmom   |      0.00000000 |      0.00000000 |       0.00000000    |
     | yangmom   |      0.00000000 |      0.00000000 |       0.00000000    |
     | zangmom   |     -1.13468783 |      1.13468783 |       1.28751648    |
     +-----------+-----------------+-----------------+---------------------+
 
       oscillator strength (length gauge)   :      0.00000000
       oscillator strength (velocity gauge) :      0.00000000
       oscillator strength (mixed gauge)    :      0.00000000
 
       rotator strength (length gauge)      :      0.00000000 a.u.
       Rotator strength (length gauge)      :      0.00000000 10^(-40)*erg*cm^3
       rotator strength (velocity gauge)    :      0.00000000 a.u.
       Rotator strength (velocity gauge)    :      0.00000000 10^(-40)*erg*cm^3
 


  +=========================================================================+
  |  Transition                                             model: ADC(2)   |
  |    number, symmetry, multiplicity:    3 a'   1                          |
  |    frequency :   0.1327579734 a.u.     3.61253 e.V.     29137.0 rcm     |
  +=========================================================================+

     +-----------+-----------------+-----------------+---------------------+
     | operator  |   left moment   |  right moment   | transition strength |
     +-----------+-----------------+-----------------+---------------------+
     | xdiplen   |     -0.00000002 |     -0.00000002 |       0.00000000    |
     | ydiplen   |     -0.00000002 |     -0.00000002 |       0.00000000    |
     | zdiplen   |      0.00000000 |      0.00000000 |       0.00000000    |
     | xdipvel   |     -0.00000000 |      0.00000000 |       0.00000000    |
     | ydipvel   |     -0.00000000 |      0.00000000 |       0.00000000    |
     | zdipvel   |      0.00000000 |      0.00000000 |       0.00000000    |
     | xangmom   |      0.00000000 |      0.00000000 |       0.00000000    |
     | yangmom   |      0.00000000 |      0.00000000 |       0.00000000    |
     | zangmom   |      0.00859781 |     -0.00859781 |       0.00007392    |
     +-----------+-----------------+-----------------+---------------------+
 
       oscillator strength (length gauge)   :      0.00000000
       oscillator strength (velocity gauge) :      0.00000000
       oscillator strength (mixed gauge)    :      0.00000000
 
       rotator strength (length gauge)      :      0.00000000 a.u.
       Rotator strength (length gauge)      :      0.00000000 10^(-40)*erg*cm^3
       rotator strength (velocity gauge)    :      0.00000000 a.u.
       Rotator strength (velocity gauge)    :      0.00000000 10^(-40)*erg*cm^3
 


  +=========================================================================+
  |  Transition                                             model: ADC(2)   |
  |    number, symmetry, multiplicity:    4 a'   1                          |
  |    frequency :   0.1456935936 a.u.     3.96452 e.V.     31976.0 rcm     |
  +=========================================================================+

     +-----------+-----------------+-----------------+---------------------+
     | operator  |   left moment   |  right moment   | transition strength |
     +-----------+-----------------+-----------------+---------------------+
     | xdiplen   |     -0.74605818 |     -0.74605818 |       0.55660281    |
     | ydiplen   |      0.48429678 |      0.48429678 |       0.23454337    |
     | zdiplen   |      0.00000000 |      0.00000000 |       0.00000000    |
     | xdipvel   |     -0.12212759 |      0.12212759 |       0.01491515    |
     | ydipvel   |      0.07091923 |     -0.07091923 |       0.00502954    |
     | zdipvel   |      0.00000000 |      0.00000000 |       0.00000000    |
     | xangmom   |      0.00000000 |      0.00000000 |       0.00000000    |
     | yangmom   |      0.00000000 |      0.00000000 |       0.00000000    |
     | zangmom   |     -0.00000003 |      0.00000003 |       0.00000000    |
     +-----------+-----------------+-----------------+---------------------+
 
       oscillator strength (length gauge)   :      0.07684329
       oscillator strength (velocity gauge) :      0.09126316
       oscillator strength (mixed gauge)    :      0.08364016
 
       rotator strength (length gauge)      :      0.00000000 a.u.
       Rotator strength (length gauge)      :      0.00000000 10^(-40)*erg*cm^3
       rotator strength (velocity gauge)    :      0.00000000 a.u.
       Rotator strength (velocity gauge)    :      0.00000000 10^(-40)*erg*cm^3
 


  +=========================================================================+
  |  Transition                                             model: ADC(2)   |
  |    number, symmetry, multiplicity:    5 a'   1                          |
  |    frequency :   0.1492852510 a.u.     4.06226 e.V.     32764.3 rcm     |
  +=========================================================================+

     +-----------+-----------------+-----------------+---------------------+
     | operator  |   left moment   |  right moment   | transition strength |
     +-----------+-----------------+-----------------+---------------------+
     | xdiplen   |      0.00000001 |      0.00000001 |       0.00000000    |
     | ydiplen   |      0.00000004 |      0.00000004 |       0.00000000    |
     | zdiplen   |      0.00000000 |      0.00000000 |       0.00000000    |
     | xdipvel   |     -0.00000000 |      0.00000000 |       0.00000000    |
     | ydipvel   |      0.00000001 |     -0.00000001 |       0.00000000    |
     | zdipvel   |      0.00000000 |      0.00000000 |       0.00000000    |
     | xangmom   |      0.00000000 |      0.00000000 |       0.00000000    |
     | yangmom   |      0.00000000 |      0.00000000 |       0.00000000    |
     | zangmom   |      0.69084393 |     -0.69084393 |       0.47726534    |
     +-----------+-----------------+-----------------+---------------------+
 
       oscillator strength (length gauge)   :      0.00000000
       oscillator strength (velocity gauge) :      0.00000000
       oscillator strength (mixed gauge)    :      0.00000000
 
       rotator strength (length gauge)      :      0.00000000 a.u.
       Rotator strength (length gauge)      :      0.00000000 10^(-40)*erg*cm^3
       rotator strength (velocity gauge)    :      0.00000000 a.u.
       Rotator strength (velocity gauge)    :      0.00000000 10^(-40)*erg*cm^3
 


  +=========================================================================+
  |  Transition                                             model: ADC(2)   |
  |    number, symmetry, multiplicity:    6 a'   1                          |
  |    frequency :   0.1552351914 a.u.     4.22416 e.V.     34070.2 rcm     |
  +=========================================================================+

     +-----------+-----------------+-----------------+---------------------+
     | operator  |   left moment   |  right moment   | transition strength |
     +-----------+-----------------+-----------------+---------------------+
     | xdiplen   |     -2.48242405 |     -2.48242405 |       6.16242916    |
     | ydiplen   |      0.63103228 |      0.63103228 |       0.39820174    |
     | zdiplen   |      0.00000000 |      0.00000000 |       0.00000000    |
     | xdipvel   |     -0.36431615 |      0.36431615 |       0.13272626    |
     | ydipvel   |      0.11970169 |     -0.11970169 |       0.01432849    |
     | zdipvel   |      0.00000000 |      0.00000000 |       0.00000000    |
     | xangmom   |      0.00000000 |      0.00000000 |       0.00000000    |
     | yangmom   |      0.00000000 |      0.00000000 |       0.00000000    |
     | zangmom   |     -0.00000001 |      0.00000001 |       0.00000000    |
     +-----------+-----------------+-----------------+---------------------+
 
       oscillator strength (length gauge)   :      0.67896053
       oscillator strength (velocity gauge) :      0.63153528
       oscillator strength (mixed gauge)    :      0.65328186
 
       rotator strength (length gauge)      :      0.00000000 a.u.
       Rotator strength (length gauge)      :      0.00000000 10^(-40)*erg*cm^3
       rotator strength (velocity gauge)    :      0.00000000 a.u.
       Rotator strength (velocity gauge)    :      0.00000000 10^(-40)*erg*cm^3
 


  +=========================================================================+
  |  Transition                                             model: ADC(2)   |
  |    number, symmetry, multiplicity:    7 a'   1                          |
  |    frequency :   0.1602111788 a.u.     4.35957 e.V.     35162.3 rcm     |
  +=========================================================================+

     +-----------+-----------------+-----------------+---------------------+
     | operator  |   left moment   |  right moment   | transition strength |
     +-----------+-----------------+-----------------+---------------------+
     | xdiplen   |      0.00000017 |      0.00000017 |       0.00000000    |
     | ydiplen   |      0.00000007 |      0.00000007 |       0.00000000    |
     | zdiplen   |      0.00000000 |      0.00000000 |       0.00000000    |
     | xdipvel   |      0.00000003 |     -0.00000003 |       0.00000000    |
     | ydipvel   |      0.00000001 |     -0.00000001 |       0.00000000    |
     | zdipvel   |      0.00000000 |      0.00000000 |       0.00000000    |
     | xangmom   |      0.00000000 |      0.00000000 |       0.00000000    |
     | yangmom   |      0.00000000 |      0.00000000 |       0.00000000    |
     | zangmom   |     -0.20729481 |      0.20729481 |       0.04297114    |
     +-----------+-----------------+-----------------+---------------------+
 
       oscillator strength (length gauge)   :      0.00000000
       oscillator strength (velocity gauge) :      0.00000000
       oscillator strength (mixed gauge)    :      0.00000000
 
       rotator strength (length gauge)      :      0.00000000 a.u.
       Rotator strength (length gauge)      :      0.00000000 10^(-40)*erg*cm^3
       rotator strength (velocity gauge)    :      0.00000000 a.u.
       Rotator strength (velocity gauge)    :      0.00000000 10^(-40)*erg*cm^3
 


  +=========================================================================+
  |  Transition                                             model: ADC(2)   |
  |    number, symmetry, multiplicity:    8 a'   1                          |
  |    frequency :   0.1612256674 a.u.     4.38717 e.V.     35384.9 rcm     |
  +=========================================================================+

     +-----------+-----------------+-----------------+---------------------+
     | operator  |   left moment   |  right moment   | transition strength |
     +-----------+-----------------+-----------------+---------------------+
     | xdiplen   |      1.05521512 |      1.05521512 |       1.11347895    |
     | ydiplen   |      0.49395611 |      0.49395611 |       0.24399264    |
     | zdiplen   |      0.00000000 |      0.00000000 |       0.00000000    |
     | xdipvel   |      0.16493098 |     -0.16493098 |       0.02720223    |
     | ydipvel   |      0.04265664 |     -0.04265664 |       0.00181959    |
     | zdipvel   |      0.00000000 |      0.00000000 |       0.00000000    |
     | xangmom   |      0.00000000 |      0.00000000 |       0.00000000    |
     | yangmom   |      0.00000000 |      0.00000000 |       0.00000000    |
     | zangmom   |      0.00000006 |     -0.00000006 |       0.00000000    |
     +-----------+-----------------+-----------------+---------------------+
 
       oscillator strength (length gauge)   :      0.14590618
       oscillator strength (velocity gauge) :      0.12000494
       oscillator strength (mixed gauge)    :      0.13007211
 
       rotator strength (length gauge)      :      0.00000000 a.u.
       Rotator strength (length gauge)      :      0.00000000 10^(-40)*erg*cm^3
       rotator strength (velocity gauge)    :      0.00000000 a.u.
       Rotator strength (velocity gauge)    :      0.00000000 10^(-40)*erg*cm^3
 


  +=========================================================================+
  |  Transition                                             model: ADC(2)   |
  |    number, symmetry, multiplicity:    9 a'   1                          |
  |    frequency :   0.1661998810 a.u.     4.52253 e.V.     36476.7 rcm     |
  +=========================================================================+

     +-----------+-----------------+-----------------+---------------------+
     | operator  |   left moment   |  right moment   | transition strength |
     +-----------+-----------------+-----------------+---------------------+
     | xdiplen   |     -0.00000005 |     -0.00000005 |       0.00000000    |
     | ydiplen   |     -0.00000004 |     -0.00000004 |       0.00000000    |
     | zdiplen   |      0.00000000 |      0.00000000 |       0.00000000    |
     | xdipvel   |     -0.00000001 |      0.00000001 |       0.00000000    |
     | ydipvel   |     -0.00000001 |      0.00000001 |       0.00000000    |
     | zdipvel   |      0.00000000 |      0.00000000 |       0.00000000    |
     | xangmom   |      0.00000000 |      0.00000000 |       0.00000000    |
     | yangmom   |      0.00000000 |      0.00000000 |       0.00000000    |
     | zangmom   |      1.81776581 |     -1.81776581 |       3.30427252    |
     +-----------+-----------------+-----------------+---------------------+
 
       oscillator strength (length gauge)   :      0.00000000
       oscillator strength (velocity gauge) :      0.00000000
       oscillator strength (mixed gauge)    :      0.00000000
 
       rotator strength (length gauge)      :      0.00000000 a.u.
       Rotator strength (length gauge)      :      0.00000000 10^(-40)*erg*cm^3
       rotator strength (velocity gauge)    :      0.00000000 a.u.
       Rotator strength (velocity gauge)    :      0.00000000 10^(-40)*erg*cm^3
 


  +=========================================================================+
  |  Transition                                             model: ADC(2)   |
  |    number, symmetry, multiplicity:   10 a'   1                          |
  |    frequency :   0.1798688713 a.u.     4.89448 e.V.     39476.7 rcm     |
  +=========================================================================+

     +-----------+-----------------+-----------------+---------------------+
     | operator  |   left moment   |  right moment   | transition strength |
     +-----------+-----------------+-----------------+---------------------+
     | xdiplen   |      0.31672425 |      0.31672425 |       0.10031425    |
     | ydiplen   |     -1.26538791 |     -1.26538791 |       1.60120655    |
     | zdiplen   |      0.00000000 |      0.00000000 |       0.00000000    |
     | xdipvel   |      0.07612070 |     -0.07612070 |       0.00579436    |
     | ydipvel   |     -0.22090832 |      0.22090832 |       0.04880049    |
     | zdipvel   |      0.00000000 |      0.00000000 |       0.00000000    |
     | xangmom   |      0.00000000 |      0.00000000 |       0.00000000    |
     | yangmom   |      0.00000000 |      0.00000000 |       0.00000000    |
     | zangmom   |     -0.00000002 |      0.00000002 |       0.00000000    |
     +-----------+-----------------+-----------------+---------------------+
 
       oscillator strength (length gauge)   :      0.20403375
       oscillator strength (velocity gauge) :      0.20235055
       oscillator strength (mixed gauge)    :      0.20242933
 
       rotator strength (length gauge)      :      0.00000000 a.u.
       Rotator strength (length gauge)      :      0.00000000 10^(-40)*erg*cm^3
       rotator strength (velocity gauge)    :      0.00000000 a.u.
       Rotator strength (velocity gauge)    :      0.00000000 10^(-40)*erg*cm^3
 
 Exporting transition densities


    ------------------------------------------------------------------------
         total  cpu-time :  14 days 20 hours 33 minutes and 39 seconds
         total wall-time : 14 hours 20 minutes and 43 seconds
    ------------------------------------------------------------------------

   ****  ricc2 : all done  ****


    2023-11-10 10:20:28.310 

