
   OpenMP run-time library returned nthreads = 36

 dscf (cpu-5-22) : TURBOMOLE rev. V7.5.0 compiled 17 Jun 2020 at 09:15:30
 Copyright (C) 2020 TURBOMOLE GmbH, Karlsruhe


    2023-11-09 20:23:57.465 



                             d s c f - program

                   idea & directorship : reinhart ahlrichs
                   program development : marco haeser
                                         michael baer
                           dft version : oliver treutler


                          quantum chemistry group
                          universitaet  karlsruhe
                                  germany



   *-----------------------------------------------------------------------*
   |                     program will use 36 thread(s)                     |
   *-----------------------------------------------------------------------*


              +--------------------------------------------------+
              | Atomic coordinate, charge and isotop information |
              +--------------------------------------------------+

                    atomic coordinates            atom    charge  isotop
         -2.22937605    0.87299205   -3.21669181    n      7.000     0
          0.45233429    0.87374794   -3.28642270    c      6.000     0
         -3.19427021    0.25089421   -0.84773114    c      6.000     0
         -1.13163414   -0.18204204    0.71469442    c      6.000     0
          1.13169084    0.18210818   -0.71469442    c      6.000     0
          3.19432690   -0.25082807    0.84773114    c      6.000     0
         -0.45227760   -0.87368180    3.28642270    c      6.000     0
          2.22924377   -0.87292591    3.21669181    n      7.000     0
          1.70427785    1.37093489   -5.17614883    o      8.000     0
         -1.70422116   -1.37086875    5.17614883    o      8.000     0
          3.30922225   -1.28809874    4.73565367    h      1.000     0
         -3.30935453    1.28816488   -4.73565367    h      1.000     0
        -10.25731057    0.37939559   -1.01950724    c      6.000     0
         -7.79858791    0.64357930   -2.08134435    c      6.000     0
         -9.65770047    2.29897939   -5.74741304    c      6.000     0
         -9.29506203    2.23945301   -7.77792376    h      1.000     0
        -11.96807963    0.73409718   -5.06144245    c      6.000     0
        -11.71636811   -1.23216285   -5.67598139    h      1.000     0
         -5.85840610    0.15470715   -0.38285851    c      6.000     0
        -10.19532756   -0.28805568    1.48135631    c      6.000     0
        -11.79195716   -0.60496275    2.71421363    h      1.000     0
         -7.13416021   -0.61970261    2.58911376    s     16.000     0
          7.79864460   -0.64351316    2.08134435    c      6.000     0
         10.25736726   -0.37951842    1.01950724    c      6.000     0
         11.96813632   -0.73422002    5.06144245    c      6.000     0
         11.71642480    1.23204002    5.67598139    h      1.000     0
          9.65775716   -2.29910222    5.74741304    c      6.000     0
          9.29511872   -2.23957585    7.77792376    h      1.000     0
         10.19519527    0.28812182   -1.48135631    c      6.000     0
         11.79182488    0.60483992   -2.71421363    h      1.000     0
          5.85846279   -0.15464101    0.38285851    c      6.000     0
          7.13421690    0.61976875   -2.58911376    s     16.000     0
        -12.41462192    0.79872582   -2.38710204    o      8.000     0
         -7.42366625    1.28665310   -4.55972017    o      8.000     0
         -9.90657740    4.26750709   -5.14610218    h      1.000     0
        -13.66297499    1.51153051   -5.94621222    h      1.000     0
          7.42372294   -1.28658696    4.55972017    o      8.000     0
         12.41448964   -0.79865968    2.38710204    o      8.000     0
          9.90663410   -4.26744095    5.14610218    h      1.000     0
         13.66284271   -1.51165334    5.94621222    h      1.000     0
 
       center of nuclear mass  :    0.00000791    0.00001489   -0.00000000
       center of nuclear charge:    0.00000715    0.00001364   -0.00000000

   *************************************************************************
   teste9                                                                   
   *************************************************************************



              +--------------------------------------------------+
              |               basis set information              |
              +--------------------------------------------------+

              we will work with the 1s 3p 5d 7f 9g ... basis set
              ...i.e. with spherical basis functions...

   type   atoms  prim   cont   basis
   ---------------------------------------------------------------------------
    n        2     46     31   def2-TZVP   [5s3p2d1f|11s6p2d1f]
    c       18     46     31   def2-TZVP   [5s3p2d1f|11s6p2d1f]
    o        6     46     31   def2-TZVP   [5s3p2d1f|11s6p2d1f]
    h       12      8      6   def2-TZVP   [3s1p|5s1p]
    s        2     63     37   def2-TZVP   [5s5p2d1f|14s9p3d1f]
   ---------------------------------------------------------------------------
   total:   40   1418    952
   ---------------------------------------------------------------------------

   total number of primitive shells          :   93
   total number of contracted shells         :  360
   total number of cartesian basis functions : 1092
   total number of SCF-basis functions       :  952


 integral neglect threshold       :  0.31E-11
 integral storage threshold THIZE :  0.10E-04
 integral storage threshold THIME :         5


 DENSITY CONVERGENCE CHECK SWITCHED ON !
 SCF CONVERGENCE IF RMS(delta[D]) <     0.1000000000E-07


 symmetry group of the molecule :   c1 

 the group has the following generators :
   c1(z)

    1 symmetry operations found

 there are 1 real representations :   a   

 maximum number of shells which are related by symmetry :  1


          ------------------------
          nuclear repulsion energy  :   2837.43798670    
          ------------------------


         -----------------
         -S,T+V- integrals
         -----------------

 1e-integrals will be neglected if expon. factor < 0.306040E-12
 
   Difference densities algorithm switched on.
   The maximal number of linear combinations of
   difference densities is                    20 .

 DIIS switched on: error vector is FDS-SDF
 Max. Iterations for DIIS is     :   5
 DIIS matrix (see manual) 
    Scaling factor of diagonals  :  1.200
    threshold for scaling factor :  0.000

 scf convergence criterion : increment of total energy < .1000000D-06
                  and increment of one-electron energy < .1000000D-03

 MOs are in ASCII format !


    mo occupation :
   irrep   mo's   occupied
    a      952      107
 
 number of basis functions   :   952
 number of occupied orbitals :   107
 

 reading orbital data $scfmo  from file mos
 orbital characterization : expanded
 virtual MOs provided and orthogonalized by Cholesky decomposition

 automatic virtual orbital shift switched on 
      shift if e(lumo)-e(homo) < 0.10000000    


 DSCF restart information will be dumped onto file mos

 
                                              current damping :  0.300
 ITERATION  ENERGY          1e-ENERGY        2e-ENERGY     RMS[dD(SAO)]   TOL
   1  -2036.5903450755    -8427.3400748     3553.3117430    0.000D+00 0.305D-11
          max. resid. norm for Fia-block=  2.360D+00 for orbital      2a         
          max. resid. fock norm         =  9.177D+00 for orbital    614a         
          Delta Eig. =   925.4074831620 eV 
 
                                              current damping :  0.250
 ITERATION  ENERGY          1e-ENERGY        2e-ENERGY     RMS[dD(SAO)]   TOL
   2  -2041.5930599597    -8446.7836941     3567.7526475    0.190D-01 0.298D-11
          Norm of current diis error:  3.4694    
          max. resid. norm for Fia-block=  4.725D-01 for orbital      1a         
          max. resid. fock norm         =  5.393D-01 for orbital      1a         
          Delta Eig. =   211.4941802683 eV 
 
                                              current damping :  0.150
 ITERATION  ENERGY          1e-ENERGY        2e-ENERGY     RMS[dD(SAO)]   TOL
   3  -2042.0421047009    -8451.4138764     3571.9337850    0.428D-02 0.178D-11
          Norm of current diis error:  1.3335    
          max. resid. norm for Fia-block=  1.008D-01 for orbital      1a         
          max. resid. fock norm         =  1.165D-01 for orbital      1a         
          Delta Eig. =    50.9636270202 eV 
 
                                              current damping :  0.100
 ITERATION  ENERGY          1e-ENERGY        2e-ENERGY     RMS[dD(SAO)]   TOL
   4  -2042.1437022238    -8452.0814988     3572.4998099    0.259D-02 0.144D-11
          Norm of current diis error: 0.36897    
          max. resid. norm for Fia-block=  1.722D-02 for orbital     42a         
          max. resid. fock norm         =  2.981D-02 for orbital     43a         
          Delta Eig. =     5.7844988703 eV 
 
                                              current damping :  0.100
 ITERATION  ENERGY          1e-ENERGY        2e-ENERGY     RMS[dD(SAO)]   TOL
   5  -2042.1564491940    -8452.2512465     3572.6568107    0.712D-03 0.133D-11
          Norm of current diis error: 0.13509    
          max. resid. norm for Fia-block=  7.353D-03 for orbital    107a         
          max. resid. fock norm         =  8.498D-03 for orbital    109a         
 mo-orthogonalization: Cholesky decomposition
          Delta Eig. =     1.1267865457 eV 
 
                                              current damping :  0.100
 ITERATION  ENERGY          1e-ENERGY        2e-ENERGY     RMS[dD(SAO)]   TOL
   6  -2042.1590269348    -8452.3792108     3572.7821972    0.346D-03 0.124D-11
          Norm of current diis error: 0.67357E-01
          max. resid. norm for Fia-block=  4.786D-03 for orbital    106a         
          max. resid. fock norm         =  5.253D-03 for orbital    108a         
          Delta Eig. =     0.2373945736 eV 
 
                                              current damping :  0.150
 ITERATION  ENERGY          1e-ENERGY        2e-ENERGY     RMS[dD(SAO)]   TOL
   7  -2042.1598057635    -8452.3169264     3572.7191339    0.146D-03 0.116D-11
          Norm of current diis error: 0.34329E-01
          max. resid. norm for Fia-block=  3.518D-03 for orbital    105a         
          max. resid. fock norm         =  3.717D-03 for orbital    109a         
          Delta Eig. =     0.0708737884 eV 
 
                                              current damping :  0.200
 ITERATION  ENERGY          1e-ENERGY        2e-ENERGY     RMS[dD(SAO)]   TOL
   8  -2042.1600653408    -8452.3539974     3572.7559454    0.810D-04 0.110D-11
          Norm of current diis error: 0.16901E-01
          max. resid. norm for Fia-block=  2.140D-03 for orbital    106a         
          max. resid. fock norm         =  2.158D-03 for orbital    106a         
          Delta Eig. =     0.0287412455 eV 
 
                                              current damping :  0.250
 ITERATION  ENERGY          1e-ENERGY        2e-ENERGY     RMS[dD(SAO)]   TOL
   9  -2042.1601341286    -8452.3506085     3572.7524876    0.437D-04 0.104D-11
          Norm of current diis error: 0.71793E-02
          max. resid. norm for Fia-block=  1.035D-03 for orbital    106a         
          max. resid. fock norm         =  1.040D-03 for orbital    106a         
          Delta Eig. =     0.0148216165 eV 
 
                                              current damping :  0.300
 ITERATION  ENERGY          1e-ENERGY        2e-ENERGY     RMS[dD(SAO)]   TOL
  10  -2042.1601474934    -8452.3515611     3572.7534269    0.193D-04 0.101D-11
          Norm of current diis error: 0.32258E-02
          max. resid. norm for Fia-block=  4.774D-04 for orbital    106a         
          max. resid. fock norm         =  4.820D-04 for orbital    106a         
 mo-orthogonalization: Cholesky decomposition
          Delta Eig. =     0.0064913956 eV 
 
                                              current damping :  0.150
 ITERATION  ENERGY          1e-ENERGY        2e-ENERGY     RMS[dD(SAO)]   TOL
  11  -2042.1601500291    -8452.3523095     3572.7541727    0.830D-05 0.983D-12
          Norm of current diis error: 0.15749E-02
          max. resid. norm for Fia-block=  2.123D-04 for orbital    106a         
          max. resid. fock norm         =  2.138D-04 for orbital    106a         
          Delta Eig. =     0.0043854911 eV 
 
                                              current damping :  0.100
 ITERATION  ENERGY          1e-ENERGY        2e-ENERGY     RMS[dD(SAO)]   TOL
  12  -2042.1601505812    -8452.3526578     3572.7545205    0.417D-05 0.961D-12
          Norm of current diis error: 0.62494E-03
          max. resid. norm for Fia-block=  7.159D-05 for orbital    106a         
          max. resid. fock norm         =  7.299D-05 for orbital    106a         
          Delta Eig. =     0.0024694060 eV 
 
                                              current damping :  0.150
 ITERATION  ENERGY          1e-ENERGY        2e-ENERGY     RMS[dD(SAO)]   TOL
  13  -2042.1601506613    -8452.3522206     3572.7540832    0.161D-05 0.940D-12
          Norm of current diis error: 0.29937E-03
          max. resid. norm for Fia-block=  2.119D-05 for orbital    107a         
          max. resid. fock norm         =  2.362D-05 for orbital    107a         
          Delta Eig. =     0.0010490167 eV 
 
                                              current damping :  0.200
 ITERATION  ENERGY          1e-ENERGY        2e-ENERGY     RMS[dD(SAO)]   TOL
  14  -2042.1601506738    -8452.3524531     3572.7543157    0.382D-06 0.924D-12
          Norm of current diis error: 0.14675E-03
          max. resid. norm for Fia-block=  1.363D-05 for orbital    107a         
          max. resid. fock norm         =  1.414D-05 for orbital    107a         
          Delta Eig. =     0.0006531031 eV 
 
                                              current damping :  0.250
 ITERATION  ENERGY          1e-ENERGY        2e-ENERGY     RMS[dD(SAO)]   TOL
  15  -2042.1601506782    -8452.3522640     3572.7541266    0.252D-06 0.906D-12
          Norm of current diis error: 0.76540E-04
          max. resid. norm for Fia-block=  7.870D-06 for orbital    107a         
          max. resid. fock norm         =  8.357D-06 for orbital    109a         
 mo-orthogonalization: Cholesky decomposition
          Delta Eig. =     0.0001543084 eV 

 ENERGY & DENSITY CONVERGED !

 
                                              current damping :  0.100
 ITERATION  ENERGY          1e-ENERGY        2e-ENERGY     RMS[dD(SAO)]   TOL
  16  -2042.1601506793    -8452.3522567     3572.7541193    0.128D-06 0.882D-12
          max. resid. norm for Fia-block=  2.798D-06 for orbital    104a         
          max. resid. fock norm         =  3.063D-06 for orbital    109a         

 convergence criteria satisfied after    16 iterations


   *************************************************************************
   teste9                                                                   
   *************************************************************************


                  ------------------------------------------ 
                 |  total energy      =  -2042.16015067927  |
                  ------------------------------------------ 
                 :  kinetic energy    =   2040.01668292471  :
                 :  potential energy  =  -4082.17683360397  :
                 :  virial theorem    =      1.99895039194  :
                 :  wavefunction norm =      1.00000000000  :
                  .......................................... 


 <geterg> : there is no data group $energy 


 <skperg> : $end is missing 


 orbitals $scfmo  will be written to file mos

    irrep                103a        104a        105a        106a        107a   
 eigenvalues H         -0.35357    -0.33727    -0.33139    -0.33041    -0.24572
            eV          -9.6212     -9.1776     -9.0176     -8.9910     -6.6865
 occupation              2.0000      2.0000      2.0000      2.0000      2.0000

    irrep                108a        109a        110a        111a        112a   
 eigenvalues H          0.02106     0.08599     0.12737     0.12779     0.14548
            eV           0.5731      2.3398      3.4660      3.4774      3.9587
 
 
 
 
 ==============================================================================
                           electrostatic moments
 ==============================================================================

 reference point for electrostatic moments:    0.00000   0.00000   0.00000

 
              nuc           elec       ->  total
 ------------------------------------------------------------------------------
                          charge      
 ------------------------------------------------------------------------------
         214.000000    -214.000000       0.000000
 
 ------------------------------------------------------------------------------
                       dipole moment  
 ------------------------------------------------------------------------------
   x       0.001531      -0.001003       0.000528
   y       0.002920      -0.003097      -0.000178
   z      -0.000000       0.000030       0.000030
 
   | dipole moment | =     0.0006 a.u. =     0.0014 debye 
 
 ------------------------------------------------------------------------------
                     quadrupole moment
 ------------------------------------------------------------------------------
  xx   13039.343688  -13125.911901     -86.568213
  yy     236.020908    -365.577088    -129.556180
  zz    2521.293264   -2643.363811    -122.070548
  xy    -749.571959     741.370963      -8.200996
  xz    2457.199007   -2422.797030      34.401977
  yz    -695.069380     692.193090      -2.876290
 
     1/3  trace=    -112.731647
     anisotropy=      73.207131
 
 ==============================================================================
 
HOMO-LUMO Separation
 HOMO         :   -0.24572132 H =     -6.68642 eV
 LUMO         :    0.02105982 H =     +0.57307 eV
 HOMO-LUMO gap:    0.26678115 H =     +7.25949 eV
 
 ==============================================================================


    ------------------------------------------------------------------------
         total  cpu-time :  2 hours 16 minutes and 19 seconds
         total wall-time :  3 minutes and 59 seconds
    ------------------------------------------------------------------------

   ****  dscf : all done  ****


    2023-11-09 20:27:55.367 

