
   OpenMP run-time library returned nthreads = 36

 ricc2 (cpu-5-22) : TURBOMOLE rev. V7.5.0 compiled 17 Jun 2020 at 09:15:30
 Copyright (C) 2020 TURBOMOLE GmbH, Karlsruhe


    2023-11-09 20:27:55.810 



                              R I C C 2 - PROGRAM

                          the quantum chemistry groups
                             at the universities in
                               Karlsruhe & Bochum
                                   Germany



   *-----------------------------------------------------------------------*
   |                     program will use 36 thread(s)                     |
   *-----------------------------------------------------------------------*


              +--------------------------------------------------+
              | Atomic coordinate, charge and isotop information |
              +--------------------------------------------------+

                    atomic coordinates            atom    charge  isotop
         -2.22937605    0.87299205   -3.21669181    n      7.000     0
          0.45233429    0.87374794   -3.28642270    c      6.000     0
         -3.19427021    0.25089421   -0.84773114    c      6.000     0
         -1.13163414   -0.18204204    0.71469442    c      6.000     0
          1.13169084    0.18210818   -0.71469442    c      6.000     0
          3.19432690   -0.25082807    0.84773114    c      6.000     0
         -0.45227760   -0.87368180    3.28642270    c      6.000     0
          2.22924377   -0.87292591    3.21669181    n      7.000     0
          1.70427785    1.37093489   -5.17614883    o      8.000     0
         -1.70422116   -1.37086875    5.17614883    o      8.000     0
          3.30922225   -1.28809874    4.73565367    h      1.000     0
         -3.30935453    1.28816488   -4.73565367    h      1.000     0
        -10.25731057    0.37939559   -1.01950724    c      6.000     0
         -7.79858791    0.64357930   -2.08134435    c      6.000     0
         -9.65770047    2.29897939   -5.74741304    c      6.000     0
         -9.29506203    2.23945301   -7.77792376    h      1.000     0
        -11.96807963    0.73409718   -5.06144245    c      6.000     0
        -11.71636811   -1.23216285   -5.67598139    h      1.000     0
         -5.85840610    0.15470715   -0.38285851    c      6.000     0
        -10.19532756   -0.28805568    1.48135631    c      6.000     0
        -11.79195716   -0.60496275    2.71421363    h      1.000     0
         -7.13416021   -0.61970261    2.58911376    s     16.000     0
          7.79864460   -0.64351316    2.08134435    c      6.000     0
         10.25736726   -0.37951842    1.01950724    c      6.000     0
         11.96813632   -0.73422002    5.06144245    c      6.000     0
         11.71642480    1.23204002    5.67598139    h      1.000     0
          9.65775716   -2.29910222    5.74741304    c      6.000     0
          9.29511872   -2.23957585    7.77792376    h      1.000     0
         10.19519527    0.28812182   -1.48135631    c      6.000     0
         11.79182488    0.60483992   -2.71421363    h      1.000     0
          5.85846279   -0.15464101    0.38285851    c      6.000     0
          7.13421690    0.61976875   -2.58911376    s     16.000     0
        -12.41462192    0.79872582   -2.38710204    o      8.000     0
         -7.42366625    1.28665310   -4.55972017    o      8.000     0
         -9.90657740    4.26750709   -5.14610218    h      1.000     0
        -13.66297499    1.51153051   -5.94621222    h      1.000     0
          7.42372294   -1.28658696    4.55972017    o      8.000     0
         12.41448964   -0.79865968    2.38710204    o      8.000     0
          9.90663410   -4.26744095    5.14610218    h      1.000     0
         13.66284271   -1.51165334    5.94621222    h      1.000     0
 
       center of nuclear mass  :    0.00000791    0.00001489   -0.00000000
       center of nuclear charge:    0.00000715    0.00001364   -0.00000000

   *************************************************************************
   teste9                                                                   
   *************************************************************************



              +--------------------------------------------------+
              |               basis set information              |
              +--------------------------------------------------+

              we will work with the 1s 3p 5d 7f 9g ... basis set
              ...i.e. with spherical basis functions...

   type   atoms  prim   cont   basis
   ---------------------------------------------------------------------------
    n        2     46     31   def2-TZVP   [5s3p2d1f|11s6p2d1f]
    c       18     46     31   def2-TZVP   [5s3p2d1f|11s6p2d1f]
    o        6     46     31   def2-TZVP   [5s3p2d1f|11s6p2d1f]
    h       12      8      6   def2-TZVP   [3s1p|5s1p]
    s        2     63     37   def2-TZVP   [5s5p2d1f|14s9p3d1f]
   ---------------------------------------------------------------------------
   total:   40   1418    952
   ---------------------------------------------------------------------------

   total number of primitive shells          :   93
   total number of contracted shells         :  360
   total number of cartesian basis functions : 1092
   total number of SCF-basis functions       :  952


 symmetry group of the molecule :   c1 

 the group has the following generators :
   c1(z)

    1 symmetry operations found

 there are 1 real representations :   a   


   =========================================================================


     restricted closed shell calculation for the wavefunction models:
               ADC(2)     - Algebraic Diagrammatic Construction to 2. Order (strict)


     global parameters for ricc2 program:

        hard restart (reuse of interm.) :  disabled
        soft restart (reuse of vectors) :  disabled
        threshold for vector function   :    0.100000E-06
        convergence threshold energy    :    0.100000E-07
        linear dependence threshold     :    0.100000E-13
        global print level              :      1
        maximum number of iterations    :   500
        maximum number DIIS vectors     :    10
        max. dim. of reduced space      :   100
        core memory limit (MB)          : 18000

     Scratch Directory : 


   =========================================================================

    der. integral neglect threshold  :  0.10E-08
    integral neglect threshold       :  0.31E-12
    integral storage threshold THIZE :  0.10E-04
    integral storage threshold THIME :         5


                  +------------------------------------------+
                  |     Auxiliary basis set information      |
                  +------------------------------------------+

              assign orbital basis set names as defaults
              read basis sets from /home/hlischka/programs/TURBOMOLE-7.5/TURBOMOLE//cbasen/
              (basis sets have been saved in file auxbasis)

              we will work with the 1s 3p 5d 7f 9g ... basis set
              ...i.e. with spherical basis functions...

   type   atoms  prim   cont   basis
   ---------------------------------------------------------------------------
    n        2     81     76   def2-TZVP   [8s6p4d3f1g|8s6p5d3f1g]
    c       18     81     76   def2-TZVP   [8s6p4d3f1g|8s6p5d3f1g]
    o        6     81     76   def2-TZVP   [8s6p4d3f1g|8s6p5d3f1g]
    h       12     23     15   def2-TZVP   [4s2p1d|4s3p2d]
    s        2    119    113   def2-TZVP   [9s7p6d5f2g|10s7p7d5f2g]
   ---------------------------------------------------------------------------
   total:   40   2620   2382
   ---------------------------------------------------------------------------

   total number of primitive shells          :  109
   total number of contracted shells         :  714
   total number of cartesian basis functions : 2954
   total number of SCF-basis functions       : 2382


 maximum number of shells which are related by symmetry :  1


 The symmetry information takes   1 MB

*---------------------------------------------------------------------*
|               simplified C1 algorithm will be applied               |
*---------------------------------------------------------------------*
  MOs are in ASCII format !


 reading orbital data $scfmo  from file mos
 orbital characterization : scfconv=7
 time elapsed for calculating density matrices :   3.343 sec
 all orbitals will be active in the correlation treatment


   Molecular Orbital Statistic:
   ============================

   -----------------------------
   orbitals in total:
   -----------------------------
    frozen occupied :      0
    active occupied :    107
    active virtual  :    845
    frozen virtual  :      0
    all together    :    952
   -----------------------------


     time in riccmos       cpu: 14.83 sec    wall:  0.80 sec    ratio: 18.6

     total memory allocated for calculation of (Q|P)**(-1/2) : 65 MiB


     calculation of (P|Q) ...
     time in lp2sym        cpu:  6.39 sec    wall:  0.19 sec    ratio: 34.3


     calculation of the Cholesky decomposition of (P|Q)**(-1) ...
     time in invmetri      cpu: 16.39 sec    wall:  0.52 sec    ratio: 31.6

   threshold for RMS(d[D]) in SCF was     :  0.10E-07
   integral neglect threshold             :  0.31E-12
   derivative integral neglect threshold  :  0.10E-08


 setting up bound for integral derivative estimation

 increment for numerical differentiation : 0.00050000

   =========================================================================

     Energy of reference wave function is -2042.1601506790000
     Maximum orbital residual is           0.3062608754693E-05


     Number of symmetry-nonredundant auxiliary basis functions:     2382

     Block lengths for integral files:
        frozen occupied (BOI):        0 MiB
        active occupied (BJI):        2 MiB
        active virtual  (BAI):       16 MiB
        frozen virtual  (BGI):        0 MiB
               general  (BTI):       18 MiB

   =========================================================================




   **************************************************************************
   *                                                                        *
   *          OPTIMIZATION OF THE GROUND STATE CLUSTER AMPLITUDES           *
   *                                                                        *
   **************************************************************************


   Iter.   MP2 energy       Norm(Omega)   Norm(t1)  Norm(t2)     cpu    wall
   ...........................................................................
    1  -2047.7707240679    0.2640677288     0.00000   0.74799  140.55    4.06
   ...........................................................................


     time in total         cpu:  2 h 20 min  wall:  0 h  4 min  ratio: 34.5


     **********************************************************************
     *                                                                    *
     *   RHF  energy                             :  -2042.1601506790      *
     *   MP2 correlation energy                  :     -5.6105733889      *
     *                                                                    *
     *   Final MP2 energy                        :  -2047.7707240679      *
     *                                                                    *
     *   Norm of MP1 T2 amplitudes               :      0.7479933787      *
     *                                                                    *
     *   D1 diagnostic                           :      0.0601            *
     *                                                                    *
     **********************************************************************



 **************************************************************
 *                                                            *
 *    OPTIMIZATION OF THE EXCITED STATE CLUSTER AMPLITUDES    *
 *                                                            *
 **************************************************************


  preoptimize excitation energies/vectors using CCS:
  ==================================================


 ======== LINEAR CC RESPONSE SOLVER ========

    threshold for convergence: 1.00E-03
    maximum number of simultaneous Jacobi matrix transformations: 10
                                                
     summary of start vectors generation:
     -------------------------------------------
     type of solution vectors      : RE0
     symmetry                      : a  
     number of vectors requested   :    10
     number of vectors generated   :    10
       -- guessed as rhs/(e_a-e_i) :    10
     -------------------------------------------
                                                

    Iter  #Vectors  time (min)    max. residual 
    --------------------------------------------
      1      10         7.28     0.14E+00  (  2)
      2      10         8.16     0.67E-01  (  6)
      3      10         7.65     0.32E-01  (  9)
      4      10         8.63     0.34E-01  (  9)
      5      10         7.13     0.30E-01  (  9)
      6      10         8.28     0.36E-01  ( 10)
      7       8         5.45     0.16E-01  ( 10)
      8       4         2.71     0.12E+00  (  8)
      9       3         2.20     0.56E-01  (  8)
     10       3         1.75     0.33E-01  (  8)
     11       3         2.09     0.27E-01  (  7)
     12       3         2.12     0.20E-01  (  7)
     13       3         2.25     0.49E-01  ( 10)
     14       3         1.94     0.30E-01  ( 10)
     15       3         2.09     0.17E-01  (  9)
     16       3         2.15     0.24E-01  (  9)
     17       2         1.37     0.40E-01  (  9)
  dimension of red. space became too large.
  try internal restart...
     18       2         1.41     0.29E-01  (  9)
                                                
     summary of start vectors generation:
     -------------------------------------------
     type of solution vectors      : RE0
     symmetry                      : a  
     number of vectors requested   :    10
     number of vectors generated   :    10
       -- restarted from file      :    10
     -------------------------------------------
                                                

    Iter  #Vectors  time (min)    max. residual 
    --------------------------------------------
     19      10         7.50     0.29E-01  (  9)
     20       2         1.61     0.17E-01  (  9)
     21       2         1.38     0.84E-02  (  9)
     22       1         0.73     0.52E-02  (  9)
     23       1         0.79     0.35E-02  (  9)
     24       1         0.79     0.29E-02  (  9)
     25       1         0.53     0.29E-02  (  9)
     26       1         0.66     0.22E-02  (  9)
     27       1         0.67     0.12E-02  (  9)
     28       1         0.83     0.72E-03  (  9)
    --------------------------------------------
    converged in 28 iterations

         Total time         90.18 minutes


 ===========================================




 Note that this is the intermediate result of a preoptimization!
 The convergence threshold was  0.1E-02 only!


 +==================================================================+
 | sym | multi | state |          CCS excitation energies           |
 |     |       |       +--------------------------------------------+
 |     |       |       |   Hartree    |     eV       |     cm-1     |
 +==================================================================+
 | a   |   1   |   1   |    0.1191885 |      3.24328 |    26158.856 |
 | a   |   1   |   2   |    0.1726838 |      4.69897 |    37899.723 |
 | a   |   1   |   3   |    0.1992215 |      5.42109 |    43724.064 |
 | a   |   1   |   4   |    0.2004288 |      5.45394 |    43989.027 |
 | a   |   1   |   5   |    0.2024253 |      5.50827 |    44427.228 |
 | a   |   1   |   6   |    0.2086422 |      5.67744 |    45791.680 |
 | a   |   1   |   7   |    0.2112255 |      5.74774 |    46358.636 |
 | a   |   1   |   8   |    0.2142926 |      5.83120 |    47031.792 |
 | a   |   1   |   9   |    0.2231619 |      6.07254 |    48978.377 |
 | a   |   1   |  10   |    0.2364474 |      6.43406 |    51894.216 |
 +==================================================================+




  preoptimize ADC(2) excitation energies/vectors using a quasi linear algorithm:
  ==============================================================================


 ======== LINEAR CC RESPONSE SOLVER ========

    threshold for convergence: 1.00E-03
    maximum number of simultaneous Jacobi matrix transformations: 10
                                                
     summary of start vectors generation:
     -------------------------------------------
     type of solution vectors      : RE0
     symmetry                      : a  
     number of vectors requested   :    10
     number of vectors generated   :    10
       -- restarted from file      :    10
     -------------------------------------------
                                                

    Iter  #Vectors  time (min)    max. residual 
    --------------------------------------------
 threshold for this macro iteration:  5.982943745499364E-002
      1      10        69.59     0.92E-01  (  3)
 ...adapted threshold to:  7.551933191940197E-002
      2       9        62.82     0.57E-01  (  8)
                                                
     summary of start vectors generation:
     -------------------------------------------
     type of solution vectors      : RE0
     symmetry                      : a  
     number of vectors requested   :    10
     number of vectors generated   :    10
       -- restarted from file      :    10
     -------------------------------------------
                                                

    Iter  #Vectors  time (min)    max. residual 
    --------------------------------------------
 threshold for this macro iteration:  1.262520443492438E-002
      3      10        71.60     0.58E-01  (  9)
      4      10        70.27     0.43E-01  ( 10)
 ...adapted threshold to:  1.421602057640348E-002
      5       8        57.39     0.36E-01  ( 10)
 ...adapted threshold to:  2.112833688478233E-002
      6       3        21.17     0.58E-01  ( 10)
 ...adapted threshold to:  2.883415138013162E-002
      7       1         7.06     0.41E-01  ( 10)
 ...adapted threshold to:  3.170134812807640E-002
      8       1         6.93     0.32E-01  ( 10)
                                                
     summary of start vectors generation:
     -------------------------------------------
     type of solution vectors      : RE0
     symmetry                      : a  
     number of vectors requested   :    10
     number of vectors generated   :    10
       -- restarted from file      :    10
     -------------------------------------------
                                                

    Iter  #Vectors  time (min)    max. residual 
    --------------------------------------------
 threshold for this macro iteration:  1.306715467893127E-003
      9      10        72.26     0.32E-01  ( 10)
 ...adapted threshold to:  2.545121762187158E-003
     10      10        71.58     0.15E-01  ( 10)
 ...adapted threshold to:  3.581115468201973E-003
     11       5        35.11     0.14E-01  ( 10)
 ...adapted threshold to:  4.038527260934538E-003
     12       1         7.15     0.96E-02  ( 10)
 ...adapted threshold to:  4.210600804266634E-003
     13       1         7.14     0.63E-02  ( 10)
 ...adapted threshold to:  4.283735813973344E-003
     14       1         6.87     0.47E-02  ( 10)
 ...adapted threshold to:  4.331782997172073E-003
     15       1         6.99     0.28E-02  ( 10)
                                                
     summary of start vectors generation:
     -------------------------------------------
     type of solution vectors      : RE0
     symmetry                      : a  
     number of vectors requested   :    10
     number of vectors generated   :    10
       -- restarted from file      :    10
     -------------------------------------------
                                                

    Iter  #Vectors  time (min)    max. residual 
    --------------------------------------------
 threshold for this macro iteration:  1.000000000000000E-003
     16      10        71.83     0.12E-02  ( 10)
     17       1         7.10     0.14E-02  ( 10)
     18       1         6.97     0.16E-02  ( 10)
     19       1         7.06     0.11E-02  ( 10)
     20       1         6.98     0.71E-03  ( 10)
    --------------------------------------------
    converged in 20 iterations

         Total time        673.91 minutes


 ===========================================




 Note that this is the intermediate result of a preoptimization!
 The convergence threshold was  0.1E-02 only!


 +==================================================================+
 | sym | multi | state |          ADC(2) excitation energies        |
 |     |       |       +--------------------------------------------+
 |     |       |       |   Hartree    |     eV       |     cm-1     |
 +==================================================================+
 | a   |   1   |   1   |    0.0889000 |      2.41909 |    19511.298 |
 | a   |   1   |   2   |    0.1226075 |      3.33632 |    26909.239 |
 | a   |   1   |   3   |    0.1319502 |      3.59055 |    28959.731 |
 | a   |   1   |   4   |    0.1378482 |      3.75104 |    30254.193 |
 | a   |   1   |   5   |    0.1383546 |      3.76482 |    30365.317 |
 | a   |   1   |   6   |    0.1385227 |      3.76940 |    30402.222 |
 | a   |   1   |   7   |    0.1430410 |      3.89234 |    31393.866 |
 | a   |   1   |   8   |    0.1493249 |      4.06334 |    32773.032 |
 | a   |   1   |   9   |    0.1529577 |      4.16219 |    33570.327 |
 | a   |   1   |  10   |    0.1817245 |      4.94498 |    39883.918 |
 +==================================================================+





 solve for ADC(2) excitation energies/vectors using a DIIS algorithm:
 =================================================================


 ========= DIIS CC RESPONSE SOLVER =========

    threshold for convergence: 1.00E-06
    max. nb. of DIIS vectors :      10
    maximum number of simultaneous Jacobi matrix transformations: 10
                                                
     summary of start vectors generation:
     -------------------------------------------
     type of solution vectors      : RE0
     symmetry                      : a  
     number of vectors requested   :    10
     number of vectors generated   :    10
       -- restarted from file      :    10
     -------------------------------------------
                                                

    Iter  #Vectors  time (min)   residual
    --------------------------------------
      1      10        71.13     0.29E-03  (  6)    0.21E-02
      2      10        72.49     0.22E-03  (  6)    0.16E-02
      3      10        71.53     0.10E-03  ( 10)    0.17E-02
      4      10        71.20     0.75E-04  ( 10)    0.17E-02
      5      10        70.97     0.55E-04  ( 10)    0.16E-02
      6       9        65.29     0.37E-04  ( 10)    0.17E-02
      7       8        57.00     0.25E-04  ( 10)    0.16E-02
      8       7        49.29     0.14E-04  ( 10)    0.16E-02
      9       4        27.31     0.67E-05  ( 10)    0.16E-02
     10       1         7.19     0.39E-05  ( 10)    0.16E-02
     11       1         7.05     0.23E-05  ( 10)    0.16E-02
     12       1         6.86     0.11E-05  ( 10)    0.16E-02
     13       1         6.99     0.61E-06  ( 10)    0.16E-02
    --------------------------------------
    converged in  13 iterations

   Total time        584.32 minutes


 ===========================================





 +================================================================================+
 | sym | multi | state |          ADC(2) excitation energies    |  %t1   |  %t2   |
 |     |       |       +----------------------------------------+--------+--------+
 |     |       |       |   Hartree    |    eV      |    cm-1    |    %   |    %   |
 +================================================================================+
 | a   |   1   |   1   |    0.0888875 |    2.41875 |  19508.543 |  87.79 |  12.21 |
 | a   |   1   |   2   |    0.1225714 |    3.33534 |  26901.316 |  85.47 |  14.53 |
 | a   |   1   |   3   |    0.1319244 |    3.58985 |  28954.057 |  87.18 |  12.82 |
 | a   |   1   |   4   |    0.1378211 |    3.75030 |  30248.240 |  86.32 |  13.68 |
 | a   |   1   |   5   |    0.1383351 |    3.76429 |  30361.053 |  85.60 |  14.40 |
 | a   |   1   |   6   |    0.1385027 |    3.76885 |  30397.823 |  86.46 |  13.54 |
 | a   |   1   |   7   |    0.1430004 |    3.89124 |  31384.950 |  86.02 |  13.98 |
 | a   |   1   |   8   |    0.1493358 |    4.06363 |  32775.411 |  85.76 |  14.24 |
 | a   |   1   |   9   |    0.1529458 |    4.16187 |  33567.714 |  86.92 |  13.08 |
 | a   |   1   |  10   |    0.1816717 |    4.94354 |  39872.333 |  86.40 |  13.60 |
 +================================================================================+


       Energy:     0.0888875 H      2.41875 eV    19508.543 cm-1

     +=======================================================================+
     | type: RE0                    symmetry: a               state:    1    |
     +-----------------------+-----------------------+-----------------------+
     | occ. orb.  index spin | vir. orb.  index spin |  coeff/|amp|     %    |
     +=======================+=======================+=======================+
     |  107 a      107       |  108 a      108       |   0.95915      92.0   |
     |  103 a      103       |  108 a      108       |  -0.14636       2.1   |
     |   98 a       98       |  108 a      108       |   0.09691       0.9   |
     +=======================+=======================+=======================+
     norm of printed elements:  0.95079


       Energy:     0.1225714 H      3.33534 eV    26901.316 cm-1

     +=======================================================================+
     | type: RE0                    symmetry: a               state:    2    |
     +-----------------------+-----------------------+-----------------------+
     | occ. orb.  index spin | vir. orb.  index spin |  coeff/|amp|     %    |
     +=======================+=======================+=======================+
     |  101 a      101       |  108 a      108       |   0.94500      89.3   |
     |  101 a      101       |  112 a      112       |   0.22962       5.3   |
     |  100 a      100       |  109 a      109       |  -0.10911       1.2   |
     +=======================+=======================+=======================+
     norm of printed elements:  0.95765


       Energy:     0.1319244 H      3.58985 eV    28954.057 cm-1

     +=======================================================================+
     | type: RE0                    symmetry: a               state:    3    |
     +-----------------------+-----------------------+-----------------------+
     | occ. orb.  index spin | vir. orb.  index spin |  coeff/|amp|     %    |
     +=======================+=======================+=======================+
     |  102 a      102       |  108 a      108       |   0.82222      67.6   |
     |  106 a      106       |  108 a      108       |   0.48258      23.3   |
     |  102 a      102       |  112 a      112       |   0.19522       3.8   |
     |  105 a      105       |  109 a      109       |  -0.10573       1.1   |
     +=======================+=======================+=======================+
     norm of printed elements:  0.95822


       Energy:     0.1378211 H      3.75030 eV    30248.240 cm-1

     +=======================================================================+
     | type: RE0                    symmetry: a               state:    4    |
     +-----------------------+-----------------------+-----------------------+
     | occ. orb.  index spin | vir. orb.  index spin |  coeff/|amp|     %    |
     +=======================+=======================+=======================+
     |  106 a      106       |  108 a      108       |   0.58751      34.5   |
     |  107 a      107       |  109 a      109       |  -0.44245      19.6   |
     |  100 a      100       |  108 a      108       |   0.36281      13.2   |
     |  104 a      104       |  108 a      108       |   0.31480       9.9   |
     |  102 a      102       |  108 a      108       |  -0.31402       9.9   |
     |  105 a      105       |  109 a      109       |  -0.21405       4.6   |
     |  107 a      107       |  119 a      119       |   0.09837       1.0   |
     |  100 a      100       |  112 a      112       |   0.09020       0.8   |
     |  103 a      103       |  109 a      109       |   0.08461       0.7   |
     |  107 a      107       |  121 a      121       |  -0.07337       0.5   |
     |  101 a      101       |  109 a      109       |  -0.07256       0.5   |
     +=======================+=======================+=======================+
     norm of printed elements:  0.95171


       Energy:     0.1383351 H      3.76429 eV    30361.053 cm-1

     +=======================================================================+
     | type: RE0                    symmetry: a               state:    5    |
     +-----------------------+-----------------------+-----------------------+
     | occ. orb.  index spin | vir. orb.  index spin |  coeff/|amp|     %    |
     +=======================+=======================+=======================+
     |  100 a      100       |  108 a      108       |   0.83865      70.3   |
     |  106 a      106       |  108 a      108       |  -0.26080       6.8   |
     |  100 a      100       |  112 a      112       |   0.21035       4.4   |
     |  107 a      107       |  109 a      109       |   0.20592       4.2   |
     |  101 a      101       |  109 a      109       |  -0.16265       2.6   |
     |  102 a      102       |  108 a      108       |   0.12697       1.6   |
     |   94 a       94       |  108 a      108       |   0.12335       1.5   |
     |  104 a      104       |  108 a      108       |  -0.11828       1.4   |
     |  101 a      101       |  119 a      119       |   0.09646       0.9   |
     |  105 a      105       |  109 a      109       |   0.09435       0.9   |
     |  101 a      101       |  121 a      121       |  -0.07878       0.6   |
     +=======================+=======================+=======================+
     norm of printed elements:  0.95419


       Energy:     0.1385027 H      3.76885 eV    30397.823 cm-1

     +=======================================================================+
     | type: RE0                    symmetry: a               state:    6    |
     +-----------------------+-----------------------+-----------------------+
     | occ. orb.  index spin | vir. orb.  index spin |  coeff/|amp|     %    |
     +=======================+=======================+=======================+
     |  105 a      105       |  108 a      108       |   0.92548      85.7   |
     |  106 a      106       |  109 a      109       |  -0.27215       7.4   |
     |   92 a       92       |  108 a      108       |  -0.10088       1.0   |
     |  104 a      104       |  109 a      109       |  -0.08436       0.7   |
     |  103 a      103       |  108 a      108       |   0.07362       0.5   |
     +=======================+=======================+=======================+
     norm of printed elements:  0.95330


       Energy:     0.1430004 H      3.89124 eV    31384.950 cm-1

     +=======================================================================+
     | type: RE0                    symmetry: a               state:    7    |
     +-----------------------+-----------------------+-----------------------+
     | occ. orb.  index spin | vir. orb.  index spin |  coeff/|amp|     %    |
     +=======================+=======================+=======================+
     |  107 a      107       |  109 a      109       |   0.78124      61.0   |
     |  106 a      106       |  108 a      108       |   0.43323      18.8   |
     |  102 a      102       |  108 a      108       |  -0.30982       9.6   |
     |  105 a      105       |  109 a      109       |  -0.14224       2.0   |
     |  103 a      103       |  109 a      109       |  -0.14101       2.0   |
     |  107 a      107       |  119 a      119       |  -0.07867       0.6   |
     |  104 a      104       |  112 a      112       |  -0.07427       0.6   |
     |  102 a      102       |  112 a      112       |  -0.06687       0.4   |
     +=======================+=======================+=======================+
     norm of printed elements:  0.95031


       Energy:     0.1493358 H      4.06363 eV    32775.411 cm-1

     +=======================================================================+
     | type: RE0                    symmetry: a               state:    8    |
     +-----------------------+-----------------------+-----------------------+
     | occ. orb.  index spin | vir. orb.  index spin |  coeff/|amp|     %    |
     +=======================+=======================+=======================+
     |  103 a      103       |  108 a      108       |   0.92681      85.9   |
     |   98 a       98       |  108 a      108       |  -0.15723       2.5   |
     |  107 a      107       |  108 a      108       |   0.15587       2.4   |
     |  104 a      104       |  109 a      109       |   0.13220       1.7   |
     |  107 a      107       |  112 a      112       |   0.11087       1.2   |
     |  103 a      103       |  112 a      112       |   0.10022       1.0   |
     |   96 a       96       |  108 a      108       |   0.09109       0.8   |
     +=======================+=======================+=======================+
     norm of printed elements:  0.95610


       Energy:     0.1529458 H      4.16187 eV    33567.714 cm-1

     +=======================================================================+
     | type: RE0                    symmetry: a               state:    9    |
     +-----------------------+-----------------------+-----------------------+
     | occ. orb.  index spin | vir. orb.  index spin |  coeff/|amp|     %    |
     +=======================+=======================+=======================+
     |  104 a      104       |  108 a      108       |   0.88125      77.7   |
     |  107 a      107       |  109 a      109       |   0.25060       6.3   |
     |  102 a      102       |  108 a      108       |   0.18531       3.4   |
     |  106 a      106       |  108 a      108       |  -0.16503       2.7   |
     |   99 a       99       |  108 a      108       |  -0.12436       1.5   |
     |  104 a      104       |  112 a      112       |   0.10546       1.1   |
     |   97 a       97       |  108 a      108       |  -0.10210       1.0   |
     |  103 a      103       |  109 a      109       |   0.08254       0.7   |
     |   73 a       73       |  108 a      108       |   0.06825       0.5   |
     |   90 a       90       |  108 a      108       |  -0.06576       0.4   |
     +=======================+=======================+=======================+
     norm of printed elements:  0.95379


       Energy:     0.1816717 H      4.94354 eV    39872.333 cm-1

     +=======================================================================+
     | type: RE0                    symmetry: a               state:   10    |
     +-----------------------+-----------------------+-----------------------+
     | occ. orb.  index spin | vir. orb.  index spin |  coeff/|amp|     %    |
     +=======================+=======================+=======================+
     |  107 a      107       |  112 a      112       |   0.88438      78.2   |
     |  107 a      107       |  110 a      110       |  -0.16583       2.7   |
     |  107 a      107       |  114 a      114       |  -0.15883       2.5   |
     |  104 a      104       |  109 a      109       |  -0.15351       2.4   |
     |  102 a      102       |  109 a      109       |   0.15126       2.3   |
     |  107 a      107       |  108 a      108       |  -0.11202       1.3   |
     |  103 a      103       |  112 a      112       |  -0.10473       1.1   |
     |  107 a      107       |  115 a      115       |  -0.09908       1.0   |
     |   98 a       98       |  108 a      108       |   0.06617       0.4   |
     |   98 a       98       |  112 a      112       |   0.06591       0.4   |
     |  107 a      107       |  130 a      130       |  -0.06265       0.4   |
     |   92 a       92       |  112 a      112       |   0.06126       0.4   |
     |  103 a      103       |  108 a      108       |  -0.05676       0.3   |
     |  107 a      107       |  128 a      128       |   0.05561       0.3   |
     |  106 a      106       |  109 a      109       |   0.05416       0.3   |
     |  107 a      107       |  123 a      123       |  -0.05375       0.3   |
     |  105 a      105       |  108 a      108       |  -0.05090       0.3   |
     |  102 a      102       |  119 a      119       |  -0.05080       0.3   |
     |  107 a      107       |  127 a      127       |  -0.04734       0.2   |
     +=======================+=======================+=======================+
     norm of printed elements:  0.95058



     Info: copy ADC(2) right eigenvectors into left eigenvector files.


                    ========   CC DENSITY MODULE   ========

                      current wave-function model: ADC(2)  

  calculating overlap between   10 left and right vector(s)
    density nr.      cpu/min        wall/min    L     R
   ------------------------------------------------------
         1           157.53            5.50    LE0    RE0 
         2           159.57            5.61    LE0    RE0 
         3           158.11            5.54    LE0    RE0 
         4           158.09            5.52    LE0    RE0 
         5           158.74            5.56    LE0    RE0 
         6           158.36            5.53    LE0    RE0 
         7           157.96            5.54    LE0    RE0 
         8           157.93            5.53    LE0    RE0 
         9           157.97            5.53    LE0    RE0 
        10           158.47            5.55    LE0    RE0 
   ------------------------------------------------------
     time in cc_1den       cpu:   1 d  2 h 23 min  wall:   0 d  0 h 55 min  ratio: 28.6



     +==========================================================+
     |   contributions of excitation levels to excited states   |
     |     wavefunctions as computed from the <L|R> overlap     |
     +----------------------------------------------------------+
     | sym | multi | state |    E / eV  | % singles | % doubles |
     +==========================================================+
     | a   |   1   |   1   |    2.41875 |   87.79   |   12.21   |
     | a   |   1   |   2   |    3.33534 |   85.47   |   14.53   |
     | a   |   1   |   3   |    3.58985 |   87.18   |   12.82   |
     | a   |   1   |   4   |    3.75030 |   86.32   |   13.68   |
     | a   |   1   |   5   |    3.76429 |   85.60   |   14.40   |
     | a   |   1   |   6   |    3.76885 |   86.46   |   13.54   |
     | a   |   1   |   7   |    3.89124 |   86.02   |   13.98   |
     | a   |   1   |   8   |    4.06363 |   85.76   |   14.24   |
     | a   |   1   |   9   |    4.16187 |   86.92   |   13.08   |
     | a   |   1   |  10   |    4.94354 |   86.40   |   13.60   |
     +==========================================================+



      The semi-canonical algorithm will be used for densities


                    ========   CC DENSITY MODULE   ========

                      current wave-function model: ADC(2)  

  calculating    10 xi densities

   a semicanonical algorithm will be used when possible

    density nr.      cpu/min        wall/min    L     R
   ------------------------------------------------------
         1           297.52           11.12    LE0    R0  
         2           301.91           11.26    LE0    R0  
         3           297.21           11.28    LE0    R0  
         4           293.58           10.96    LE0    R0  
         5           295.08           11.05    LE0    R0  
         6           296.43           11.15    LE0    R0  
         7           295.61           11.07    LE0    R0  
         8           299.54           11.46    LE0    R0  
         9           294.31           11.06    LE0    R0  
        10           290.16           10.75    LE0    R0  
   ------------------------------------------------------
     time in cc_1den       cpu:   2 d  1 h 22 min  wall:   0 d  1 h 51 min  ratio: 26.6


 **************************************************************
 *                                                            *
 *<<<<<<<<<<<<  ONE-PHOTON ABSORPTION STRENGTHS  >>>>>>>>>>>>>*
 *                                                            *
 **************************************************************


  +=========================================================================+
  |  Transition                                             model: ADC(2)   |
  |    number, symmetry, multiplicity:    1 a    1                          |
  |    frequency :   0.0888874622 a.u.     2.41875 e.V.     19508.5 rcm     |
  +=========================================================================+

     +-----------+-----------------+-----------------+---------------------+
     | operator  |   left moment   |  right moment   | transition strength |
     +-----------+-----------------+-----------------+---------------------+
     | xdiplen   |      3.03648165 |      3.03648165 |       9.22022083    |
     | ydiplen   |     -0.34165295 |     -0.34165295 |       0.11672674    |
     | zdiplen   |      1.12833186 |      1.12833186 |       1.27313278    |
     | xdipvel   |      0.24405483 |     -0.24405483 |       0.05956276    |
     | ydipvel   |     -0.03541580 |      0.03541580 |       0.00125428    |
     | zdipvel   |      0.12386018 |     -0.12386018 |       0.01534134    |
     | xangmom   |      0.00000335 |     -0.00000335 |       0.00000000    |
     | yangmom   |      0.00006568 |     -0.00006568 |       0.00000000    |
     | zangmom   |      0.00001021 |     -0.00001021 |       0.00000000    |
     +-----------+-----------------+-----------------+---------------------+
 
       oscillator strength (length gauge)   :      0.62873541
       oscillator strength (velocity gauge) :      0.57119701
       oscillator strength (mixed gauge)    :      0.59528220
 
       rotator strength (length gauge)      :     -0.00000038 a.u.
       Rotator strength (length gauge)      :     -0.00017749 10^(-40)*erg*cm^3
       rotator strength (velocity gauge)    :     -0.00000138 a.u.
       Rotator strength (velocity gauge)    :     -0.00064833 10^(-40)*erg*cm^3
 


  +=========================================================================+
  |  Transition                                             model: ADC(2)   |
  |    number, symmetry, multiplicity:    2 a    1                          |
  |    frequency :   0.1225714135 a.u.     3.33534 e.V.     26901.3 rcm     |
  +=========================================================================+

     +-----------+-----------------+-----------------+---------------------+
     | operator  |   left moment   |  right moment   | transition strength |
     +-----------+-----------------+-----------------+---------------------+
     | xdiplen   |      0.00933832 |      0.00933832 |       0.00008720    |
     | ydiplen   |     -0.01072701 |     -0.01072701 |       0.00011507    |
     | zdiplen   |     -0.01875069 |     -0.01875069 |       0.00035159    |
     | xdipvel   |      0.00202781 |     -0.00202781 |       0.00000411    |
     | ydipvel   |     -0.00095519 |      0.00095519 |       0.00000091    |
     | zdipvel   |     -0.00203312 |      0.00203312 |       0.00000413    |
     | xangmom   |     -0.00004037 |      0.00004037 |       0.00000000    |
     | yangmom   |     -0.00001612 |      0.00001612 |       0.00000000    |
     | zangmom   |      0.00006417 |     -0.00006417 |       0.00000000    |
     +-----------+-----------------+-----------------+---------------------+
 
       oscillator strength (length gauge)   :      0.00004526
       oscillator strength (velocity gauge) :      0.00004981
       oscillator strength (mixed gauge)    :      0.00004487
 
       rotator strength (length gauge)      :     -0.00000070 a.u.
       Rotator strength (length gauge)      :     -0.00033173 10^(-40)*erg*cm^3
       rotator strength (velocity gauge)    :     -0.00000080 a.u.
       Rotator strength (velocity gauge)    :     -0.00037872 10^(-40)*erg*cm^3
 


  +=========================================================================+
  |  Transition                                             model: ADC(2)   |
  |    number, symmetry, multiplicity:    3 a    1                          |
  |    frequency :   0.1319243917 a.u.     3.58985 e.V.     28954.1 rcm     |
  +=========================================================================+

     +-----------+-----------------+-----------------+---------------------+
     | operator  |   left moment   |  right moment   | transition strength |
     +-----------+-----------------+-----------------+---------------------+
     | xdiplen   |     -0.00036150 |     -0.00036150 |       0.00000013    |
     | ydiplen   |     -0.00003821 |     -0.00003821 |       0.00000000    |
     | zdiplen   |      0.00014624 |      0.00014624 |       0.00000002    |
     | xdipvel   |     -0.00005130 |      0.00005130 |       0.00000000    |
     | ydipvel   |     -0.00000388 |      0.00000388 |       0.00000000    |
     | zdipvel   |      0.00001469 |     -0.00001469 |       0.00000000    |
     | xangmom   |      0.00329857 |     -0.00329857 |       0.00001088    |
     | yangmom   |      0.68038065 |     -0.68038065 |       0.46291782    |
     | zangmom   |      0.18328268 |     -0.18328268 |       0.03359254    |
     +-----------+-----------------+-----------------+---------------------+
 
       oscillator strength (length gauge)   :      0.00000001
       oscillator strength (velocity gauge) :      0.00000001
       oscillator strength (mixed gauge)    :      0.00000001
 
       rotator strength (length gauge)      :     -0.00000019 a.u.
       Rotator strength (length gauge)      :     -0.00009163 10^(-40)*erg*cm^3
       rotator strength (velocity gauge)    :     -0.00000045 a.u.
       Rotator strength (velocity gauge)    :     -0.00021250 10^(-40)*erg*cm^3
 


  +=========================================================================+
  |  Transition                                             model: ADC(2)   |
  |    number, symmetry, multiplicity:    4 a    1                          |
  |    frequency :   0.1378211235 a.u.     3.75030 e.V.     30248.2 rcm     |
  +=========================================================================+

     +-----------+-----------------+-----------------+---------------------+
     | operator  |   left moment   |  right moment   | transition strength |
     +-----------+-----------------+-----------------+---------------------+
     | xdiplen   |     -0.00008258 |     -0.00008258 |       0.00000001    |
     | ydiplen   |     -0.00073261 |     -0.00073261 |       0.00000054    |
     | zdiplen   |      0.00256004 |      0.00256004 |       0.00000655    |
     | xdipvel   |     -0.00004882 |      0.00004882 |       0.00000000    |
     | ydipvel   |     -0.00009310 |      0.00009310 |       0.00000001    |
     | zdipvel   |      0.00033465 |     -0.00033465 |       0.00000011    |
     | xangmom   |     -0.12623041 |      0.12623041 |       0.01593412    |
     | yangmom   |     -1.46264360 |      1.46264360 |       2.13932630    |
     | zangmom   |     -0.16247107 |      0.16247107 |       0.02639685    |
     +-----------+-----------------+-----------------+---------------------+
 
       oscillator strength (length gauge)   :      0.00000065
       oscillator strength (velocity gauge) :      0.00000060
       oscillator strength (mixed gauge)    :      0.00000062
 
       rotator strength (length gauge)      :      0.00033302 a.u.
       Rotator strength (length gauge)      :      0.15700085 10^(-40)*erg*cm^3
       rotator strength (velocity gauge)    :      0.00031913 a.u.
       Rotator strength (velocity gauge)    :      0.15045165 10^(-40)*erg*cm^3
 


  +=========================================================================+
  |  Transition                                             model: ADC(2)   |
  |    number, symmetry, multiplicity:    5 a    1                          |
  |    frequency :   0.1383351380 a.u.     3.76429 e.V.     30361.1 rcm     |
  +=========================================================================+

     +-----------+-----------------+-----------------+---------------------+
     | operator  |   left moment   |  right moment   | transition strength |
     +-----------+-----------------+-----------------+---------------------+
     | xdiplen   |     -0.00002113 |     -0.00002113 |       0.00000000    |
     | ydiplen   |      0.00083463 |      0.00083463 |       0.00000070    |
     | zdiplen   |     -0.00290615 |     -0.00290615 |       0.00000845    |
     | xdipvel   |      0.00003861 |     -0.00003861 |       0.00000000    |
     | ydipvel   |      0.00010635 |     -0.00010635 |       0.00000001    |
     | zdipvel   |     -0.00038077 |      0.00038077 |       0.00000014    |
     | xangmom   |     -0.27222093 |      0.27222093 |       0.07410423    |
     | yangmom   |      0.46591625 |     -0.46591625 |       0.21707795    |
     | zangmom   |      0.65994977 |     -0.65994977 |       0.43553369    |
     +-----------+-----------------+-----------------+---------------------+
 
       oscillator strength (length gauge)   :      0.00000084
       oscillator strength (velocity gauge) :      0.00000076
       oscillator strength (mixed gauge)    :      0.00000080
 
       rotator strength (length gauge)      :     -0.00076165 a.u.
       Rotator strength (length gauge)      :     -0.35907279 10^(-40)*erg*cm^3
       rotator strength (velocity gauge)    :     -0.00076716 a.u.
       Rotator strength (velocity gauge)    :     -0.36167190 10^(-40)*erg*cm^3
 


  +=========================================================================+
  |  Transition                                             model: ADC(2)   |
  |    number, symmetry, multiplicity:    6 a    1                          |
  |    frequency :   0.1385026717 a.u.     3.76885 e.V.     30397.8 rcm     |
  +=========================================================================+

     +-----------+-----------------+-----------------+---------------------+
     | operator  |   left moment   |  right moment   | transition strength |
     +-----------+-----------------+-----------------+---------------------+
     | xdiplen   |     -0.02481644 |     -0.02481644 |       0.00061586    |
     | ydiplen   |      0.31337734 |      0.31337734 |       0.09820536    |
     | zdiplen   |     -1.09361429 |     -1.09361429 |       1.19599222    |
     | xdipvel   |      0.01219492 |     -0.01219492 |       0.00014872    |
     | ydipvel   |      0.03999204 |     -0.03999204 |       0.00159936    |
     | zdipvel   |     -0.14348030 |      0.14348030 |       0.02058660    |
     | xangmom   |      0.00043251 |     -0.00043251 |       0.00000019    |
     | yangmom   |     -0.00407760 |      0.00407760 |       0.00001663    |
     | zangmom   |     -0.00197866 |      0.00197866 |       0.00000392    |
     +-----------+-----------------+-----------------+---------------------+
 
       oscillator strength (length gauge)   :      0.11955675
       oscillator strength (velocity gauge) :      0.10750539
       oscillator strength (mixed gauge)    :      0.11276138
 
       rotator strength (length gauge)      :      0.00043767 a.u.
       Rotator strength (length gauge)      :      0.20633529 10^(-40)*erg*cm^3
       rotator strength (velocity gauge)    :      0.00045523 a.u.
       Rotator strength (velocity gauge)    :      0.21461698 10^(-40)*erg*cm^3
 


  +=========================================================================+
  |  Transition                                             model: ADC(2)   |
  |    number, symmetry, multiplicity:    7 a    1                          |
  |    frequency :   0.1430003541 a.u.     3.89124 e.V.     31384.9 rcm     |
  +=========================================================================+

     +-----------+-----------------+-----------------+---------------------+
     | operator  |   left moment   |  right moment   | transition strength |
     +-----------+-----------------+-----------------+---------------------+
     | xdiplen   |     -0.00029348 |     -0.00029348 |       0.00000009    |
     | ydiplen   |      0.00010682 |      0.00010682 |       0.00000001    |
     | zdiplen   |     -0.00034640 |     -0.00034640 |       0.00000012    |
     | xdipvel   |     -0.00004042 |      0.00004042 |       0.00000000    |
     | ydipvel   |      0.00001323 |     -0.00001323 |       0.00000000    |
     | zdipvel   |     -0.00004605 |      0.00004605 |       0.00000000    |
     | xangmom   |      0.00762971 |     -0.00762971 |       0.00005821    |
     | yangmom   |     -0.86372316 |      0.86372316 |       0.74601770    |
     | zangmom   |     -0.24616408 |      0.24616408 |       0.06059675    |
     +-----------+-----------------+-----------------+---------------------+
 
       oscillator strength (length gauge)   :      0.00000002
       oscillator strength (velocity gauge) :      0.00000002
       oscillator strength (mixed gauge)    :      0.00000002
 
       rotator strength (length gauge)      :     -0.00000461 a.u.
       Rotator strength (length gauge)      :     -0.00217526 10^(-40)*erg*cm^3
       rotator strength (velocity gauge)    :     -0.00000139 a.u.
       Rotator strength (velocity gauge)    :     -0.00065663 10^(-40)*erg*cm^3
 


  +=========================================================================+
  |  Transition                                             model: ADC(2)   |
  |    number, symmetry, multiplicity:    8 a    1                          |
  |    frequency :   0.1493357621 a.u.     4.06363 e.V.     32775.4 rcm     |
  +=========================================================================+

     +-----------+-----------------+-----------------+---------------------+
     | operator  |   left moment   |  right moment   | transition strength |
     +-----------+-----------------+-----------------+---------------------+
     | xdiplen   |      2.34107367 |      2.34107367 |       5.48062592    |
     | ydiplen   |      0.00619396 |      0.00619396 |       0.00003837    |
     | zdiplen   |     -0.16565080 |     -0.16565080 |       0.02744019    |
     | xdipvel   |      0.36336367 |     -0.36336367 |       0.13203316    |
     | ydipvel   |      0.00103200 |     -0.00103200 |       0.00000107    |
     | zdipvel   |     -0.02363592 |      0.02363592 |       0.00055866    |
     | xangmom   |     -0.00000995 |      0.00000995 |       0.00000000    |
     | yangmom   |     -0.00019906 |      0.00019906 |       0.00000004    |
     | zangmom   |     -0.00004752 |      0.00004752 |       0.00000000    |
     +-----------+-----------------+-----------------+---------------------+
 
       oscillator strength (length gauge)   :      0.54837132
       oscillator strength (velocity gauge) :      0.59192287
       oscillator strength (mixed gauge)    :      0.56972188
 
       rotator strength (length gauge)      :     -0.00000832 a.u.
       Rotator strength (length gauge)      :     -0.00392354 10^(-40)*erg*cm^3
       rotator strength (velocity gauge)    :     -0.00000903 a.u.
       Rotator strength (velocity gauge)    :     -0.00425578 10^(-40)*erg*cm^3
 


  +=========================================================================+
  |  Transition                                             model: ADC(2)   |
  |    number, symmetry, multiplicity:    9 a    1                          |
  |    frequency :   0.1529457592 a.u.     4.16187 e.V.     33567.7 rcm     |
  +=========================================================================+

     +-----------+-----------------+-----------------+---------------------+
     | operator  |   left moment   |  right moment   | transition strength |
     +-----------+-----------------+-----------------+---------------------+
     | xdiplen   |     -0.00013597 |     -0.00013597 |       0.00000002    |
     | ydiplen   |     -0.00004771 |     -0.00004771 |       0.00000000    |
     | zdiplen   |      0.00019825 |      0.00019825 |       0.00000004    |
     | xdipvel   |     -0.00002294 |      0.00002294 |       0.00000000    |
     | ydipvel   |     -0.00000741 |      0.00000741 |       0.00000000    |
     | zdipvel   |      0.00002832 |     -0.00002832 |       0.00000000    |
     | xangmom   |      0.01971976 |     -0.01971976 |       0.00038887    |
     | yangmom   |      0.42431453 |     -0.42431453 |       0.18004282    |
     | zangmom   |      0.10888150 |     -0.10888150 |       0.01185518    |
     +-----------+-----------------+-----------------+---------------------+
 
       oscillator strength (length gauge)   :      0.00000001
       oscillator strength (velocity gauge) :      0.00000001
       oscillator strength (mixed gauge)    :      0.00000001
 
       rotator strength (length gauge)      :     -0.00000067 a.u.
       Rotator strength (length gauge)      :     -0.00031614 10^(-40)*erg*cm^3
       rotator strength (velocity gauge)    :     -0.00000168 a.u.
       Rotator strength (velocity gauge)    :     -0.00079000 10^(-40)*erg*cm^3
 


  +=========================================================================+
  |  Transition                                             model: ADC(2)   |
  |    number, symmetry, multiplicity:   10 a    1                          |
  |    frequency :   0.1816717166 a.u.     4.94354 e.V.     39872.3 rcm     |
  +=========================================================================+

     +-----------+-----------------+-----------------+---------------------+
     | operator  |   left moment   |  right moment   | transition strength |
     +-----------+-----------------+-----------------+---------------------+
     | xdiplen   |     -1.21984326 |     -1.21984326 |       1.48801757    |
     | ydiplen   |     -0.20604251 |     -0.20604251 |       0.04245352    |
     | zdiplen   |      0.85616650 |      0.85616650 |       0.73302108    |
     | xdipvel   |     -0.21247328 |      0.21247328 |       0.04514490    |
     | ydipvel   |     -0.03733392 |      0.03733392 |       0.00139382    |
     | zdipvel   |      0.15358981 |     -0.15358981 |       0.02358983    |
     | xangmom   |     -0.00000649 |      0.00000649 |       0.00000000    |
     | yangmom   |     -0.00024203 |      0.00024203 |       0.00000006    |
     | zangmom   |     -0.00007523 |      0.00007523 |       0.00000001    |
     +-----------+-----------------+-----------------+---------------------+
 
       oscillator strength (length gauge)   :      0.27414167
       oscillator strength (velocity gauge) :      0.25734532
       oscillator strength (mixed gauge)    :      0.26558329
 
       rotator strength (length gauge)      :     -0.00000331 a.u.
       Rotator strength (length gauge)      :     -0.00155988 10^(-40)*erg*cm^3
       rotator strength (velocity gauge)    :     -0.00000313 a.u.
       Rotator strength (velocity gauge)    :     -0.00147723 10^(-40)*erg*cm^3
 
 Exporting transition densities


    ------------------------------------------------------------------------
         total  cpu-time :  30 days 18 hours 53 minutes and 15 seconds
         total wall-time :   1 days  1 hours 19 minutes and 46 seconds
    ------------------------------------------------------------------------

   ****  ricc2 : all done  ****


    2023-11-10 21:47:41.885 

