 Compiled with: 
 Intel(R) Fortran Intel(R) 64 Compiler for applications running on Intel(R) 64, 
 Version 19.1.2.254 Build 20200623
 Options used : 
 -L /usr/lib/intel/ps-xe-2020/compilers_and_libraries_2020/linux/lib/intel64 -Xl
 inker -rpath -Xlinker /usr/lib/intel/ps-xe-2020/compilers_and_libraries_2020/li
 nux/lib/intel64 -L /usr/lib/intel/ps-xe-2020/compilers_and_libraries_2020/linux
 /mkl/lib/intel64 -Xlinker -rpath -Xlinker /usr/lib/intel/ps-xe-2020/compilers_a
 nd_libraries_2020/linux/mkl/lib/intel64 -O3 -march=core-avx2 -align array64byte
  -fma -ftz -fomit-frame-pointer -assume byterecl -qno-openmp -traceback -c -o m
 ain.o
 Number of OpenMP Threads:           16
 
          ****************************************
          *                                      *
          *              M R - C I               *
          *        S.Grimme & M.Waletzke         *
          *        Universitaet Muenster         *
          *             1998-2000                *
          *                                      *
          *   Improved and MPI parallel Version  *
          *          Code Maintenance            *
          *          M. Kleinschmidt             *
          *       Universitaet Duesseldorf       *
          *             2000-                    *
          *                                      *
          *     Redesigned DFTCI Hamiltonian     *
          *               R2016                  *
          *             I. Lyskov                *
          *       Universitaet Duesseldorf       *
          *             2014-2016                *
          *                                      *
          *     Redesigned DFTCI Hamiltonians    *
          *          R2017 and R2018             *
          *   extension to Doublets & Quartets   *
          *               A. Heil                *
          *       Universitaet Duesseldorf       *
          *             2015-2018                *
          *                                      *
          *     Redesigned DFTCI Hamiltonian     *
          *               R2022                  *
          *      D.R. Dombrowski & T. Schulz     *
          *       Universitaet Duesseldorf       *
          *             2019-2023                *
          *                                      *
          *       OpenMP Parallel Version        *
          *             T. Schulz                *
          *       Universitaet Duesseldorf       *
          *             2019-2023                *
          ****************************************
                                                  
           cite DFT/MRCI or MRCI work as:         
             S.Grimme & M.Waletzke,               
             J. Chem. Phys., 111, (1999), 5645    
           cite MPI parallel CI as:               
             M. Kleinschmidt, C. M. Marian,       
             S.Grimme & M.Waletzke                
             J. Chem. Phys., 130, (2009), 044708  
           cite redesigned hamiltonian R2016 as:  
             I.Lyskov, M.Kleinschmidt, C.M.Marian 
             J. Chem. Phys. 144, 034104 (2016)    
           cite redesigned hamiltonian R2017 as:  
             A. Heil, C.M.Marian                  
             J. Chem. Phys. 147, 194104 (2017)    
           cite redesigned hamiltonian R2018 as:  
             A. Heil, M.Kleinschmidt, C.M.Marian  
             J. Chem. Phys.  149, 164106(2018)    
           cite redesigned hamiltonian R2022 as:  
             D.R.Dombrowski, T.Schulz,  M.Kleinschmidt, C.M.Marian
             J. Phys. Chem. A 2023, 127, 8, 2011–2025
           cite MR-MP2 work as:                   
             S.Grimme & M.Waletzke,               
             Phys. Chem. Chem. Phys.,             
             2, (2000), 2075.                     
           cite MR-MP/34 work as:                 
             S.Grimme & M. Parac & M.Waletzke,    
             Chem. Phys. Lett., 334 (2001), 99.   
           cite MR-MPn work as:                   
             S.Grimme & M. Parac & M.Waletzke     
             unpublished.                         
 
 
 current program limitations:
 maximum # open shells          10
           8 -tuple excitations rel. to HF/DFT determinant
 
         input keywords: 
 $end
         end of input file
 
 $orca
        use ORCA input instead of Turbomole-style
 $interface
        convert ORCA input to Turbomole-style and exit
 $method <string>
         <string> may be one of the following options:
         none
         srmp2
         dftci
         refgen <string2>
         mp2 <string2>
         mp3 <string2>
         mp4 <string2>
         mp=<integer> <string2>
         ci
         <string2> selects a fockoperator for mrmp.
         possible choices are:
             g0 (recommended)
             g1
             g3
 $hamiltonian <string>
       <string> selects the dftci operator
       possible choices are:
          original (default if not specified) 
            original parametrization by S. Grimme
            singlet and triplet only!
          R2016
            redesigned hamiltonian by I. Lyskov
            singlet, triplet and quintet!
          R2017
            redesigned hamiltonian by A. Heil 2017
            singlet, doublet, triplet, quartet and quintet!
          R2018
            redesigned hamiltonian by A. Heil 2018
            singlet, doublet, triplet, quartet and quintet!
          R2022
          redesigned hamiltonian by D. Dombrowski 2022
            singlet, doublet, triplet, quartet and quintet!
       see documentation for details of the hamiltonians
 $dftparam <string>
       specify parameters for dftci hamiltonian    
       possible choices are:
           standard (default) 
             parameters optimized for 
             standard selection ($esel=1.0)
           short
             parameters optimized for 
             short selection ($esel=0.8)
           manual
            explicit specification of parameters
            5 parameters c1-c5 (free-format floats)
            are required in the next line!
 $esel=<real>
       Energy cut-off in H if $selector eps.
       Selection threshold in muH if $selector mp2 ..
       MP2 amplitude threshold if $method refgen ..
       The default is $esel=1.
 $esel  <string>
       Alternative specification of energy cut-off
       possible choices are:
           standard
             (equivalent to $esel=1.0)
           short
             (equivalent to $esel=0.8)
 $selector <string>
       Configuration selector type.
    <string>=eps (default) an orbital energy gap type
       selection as described in the JCP paper is
       used. The cutoff is $esel H above the highest
       root in the reference space.
    <string>=eps ground, similar but cutoff is 
       applied above the ground state
       Full MR-SD spaces should be generated
       with <string>=eps and $esel=<big number>.
    <string>=mp2 g0, mp2 g1 or mp2 g3
       the old MRDCI type selector
       with MP2 diagonal elements instead of Epstein-
       Nesbet is used.
 $roots <integer(s)> 
       # of roots in irreps n1 n2 n3 ... n8
 $mul=<integer>
       Multiplicity (s=1, d=2, t=3, q=4...). Default=1
 $ciref <integer1> <integer3> <integer3>
       Do a CI reference space with <integer1> e- in
       in <integer2> orbitals and a maximum <integer3>
       excitations. If the next card does not
       contain a set of <integer2> mo numbers, the
       frontier orbitals are taken.
 $nref=<integer>
      # of reference configurations. The
       configurations follow on next nn cards.
       Must be the final input statement !!
       Optional statement (not needed with $ciref)
 $freeze <core energy thresh> <anticore energy thresh>
       Freezes occupied and virtual electrons, in a.u.
       Default: -3.0,  2.0
       Needs ORCA input
 $efreeze
  <orb1>,<orb2>-<orb5>,...
       Freezes orbitals explicitly. Separate orbitals
       by comma or more than one with dash
       For core and anticore orbitals. ORCA inp. req.
 $charge=<integer>
       Add or remove electrons from the base
       determinant occupation.
 $confinput <string>
       If <string>=mrdci: mrdci input (recommended).
       If <string>=occ: occupation number input style.
 $lshift=<real>
       Level shift in MR-MP2 in au.
 $startvector <string>
       Startvector for davidson.
       if <string>=previous, the converged vector
       from a previous (e.g. mp2) run is taken.
       Default (i.e. no input) is a mren2 procedure.
 $memint=<integer>
       Use memory (in Mb) for precalculated
       four-index integrals (default=256 Mb).
 $memvec=<integer>
       Use memory (in Mb) for vectors 
       (default=30000 Mb).
 $dmat
       <string>
       Calculate all densities and the t-densities
       between the reference state and all other
       states. The reference state is specified 
       by <string> (e.g. 1a1, 2b2u). The default
       (i.e. if <string> is missing) is the first 
       totally symmetric state.
 $nos 
       Calculate average natural orbitals which
       are written to file <nos>.
 $direct
       Direct calculation of H*c in CI.
       (default for #csf > 50000).
 $maxsafdisk=<integer>
       in CI: direct calculation if
       #SAF .gt. <integer>, otherwise disk
       (default:       200000 )
 $acthr=<real>
       Discard high-lying mos with eps > <real>
       (default=10.0/2.0 H).
 $sthr=<real>
       Print threshhold for important configurations.
 $rthr=<real>
       Select those reference configurations from the
       reference space which have a sum of weigths
       over all roots > <real>.
 $ncore=<integer>
       # of mos which are not specified in occ.number
       input.
 $prec=<real>
       Overall numerical precision (default=1).
       0.1 means higher, 10 lower precision.
 $print
       Print results from previous calculation.
 $mergerefsp <integer(s)> <stop>
       read the referemce spaces of calculations,
       done for other multiplicities,
       and ensure, that in all calculations,
       MO-odering and internal/external separation
       are consistent.
       if "stop" is given as last argument:
       stop after generating mosort info for merge
 $soselect <string1> [, <string2>, ...]
       additional selection of single excitations 
       <string> = off : no additional singles
                        (default)
       <string> = all : automatic selection of all
                        single excitations
       <string> = same: automatic selection of
                        single excitations with same
                        symmetry as the reference
       <string> = hso : automatic selection of
                        single excitations connected
                        by H_SO to a reference
       <string> = dipol:automatic selection of
                        single excitations connected
                        by a dipole (x,y,z-)operator
       <string> = int : single excitations into
                        internal orbitals only
                        (default)
       <string> = ext : single excitations into
                        all (internal and external)
                        orbitals
 $hfcis
        select all single excitations wrt. hf ref
        (implemented only for eps selector)
 $debugref [<int1> <int2> ...]
          reference CI vectors are printed.
          int1, int2, ... are the number of roots
          to be printed  (may be omitted -
          default: same as $roots)
 $phaser  WF phase will be adjusted: 
          largest coefficient is set positive.
          if 2 ore more coeffs. are within THRESH,
          the first one is chosen.
          THRESH may be given in the next line.
          default:   1.000000000000000E-005
 $stateshift <directory>
          energy shift of individual states in CI
          shift is given in next lines as:
          <root> <sym> <shift> <unit>
          e.g.:
          2 b1g 0.40 ev
 $shiftthresh=<real>
          threshold for discarding CI coefficients
          projection operator of state shift
          small values yield huge computation times!
          default:  1.000000000000000E-004
 $threadstat
          print more information about thread timings.
 
 
 running on n04                                                             
 
  ------------- INPUT (standard io) -------------------
  the run will be performed with the following options:
  -----------------------------------------------------
 opt dmat direct pronly cfinpocc lnos auto imethod
 F T F F F F F          42
 imul imethod iorder ifockop istartvec nspref ncore
           1          42           0           0           0          28
           0
 memijkl ilowdir ilowdnr iseltype icharge
         256           1           1           0           0
 tsel acthr sthr rsel accfac lshift
   1.00   2.00   0.00  -1.00   1.00   0.00
  -----------------------------------------------------
  -----------------------------------------------------
 loading dftparams R2018 standard
 c1-c5 :   0.558411   0.508918   0.362362   4.471650   0.000000
 =====================================================
 title: 
 DFT/MRCI run with ORCA integral input                                          
  
 =====================================================
 
          ******************************************
          *            integral read               *
          ******************************************

 naux              2352
 nmo                940
 loading binary eta array from file
 /sw/cluster/pub/apps/mrci/2023.06/kscihome/etafeldb.singlet                    
  
 bijk needs                   4160  Mb
         940
      442270         940
 
 loading RI-integrals from ORCA file orca.bkji
 read ORCA  : done         940         103         837         206
 
 read bkji  : done
 
 mrdci style configuration input !
 mergerefsp =  F
 
          ******************************************
          *         properties of MOs and          *
          *            base determinant            *
          ******************************************

  lowest external mo          :         108
  anti-core neglect threshold :   2.00000000000000     

 typ nr (CI/TM) irrep   occ            <i|KS|i> (au/eV)
 D int   1   1   ag     2.0    -90.12802    -2452.51
 D int   2 471   au     2.0    -90.12802    -2452.51
 D int   3   2   ag     2.0    -19.64640     -534.61
 D int   4 472   au     2.0    -19.64640     -534.61
 D int   5   3   ag     2.0    -14.83562     -403.70
 D int   6 473   au     2.0    -14.83562     -403.70
 D int   7 474   au     2.0    -14.83317     -403.63
 D int   8   4   ag     2.0    -14.83316     -403.63
 D int   9   5   ag     2.0    -10.69696     -291.08
 D int  10 475   au     2.0    -10.69696     -291.08
 D int  11 476   au     2.0    -10.66468     -290.20
 D int  12   6   ag     2.0    -10.66468     -290.20
 D int  13   7   ag     2.0    -10.65585     -289.96
 D int  14 477   au     2.0    -10.65585     -289.96
 D int  15   8   ag     2.0    -10.65108     -289.83
 D int  16 478   au     2.0    -10.65108     -289.83
 D int  17   9   ag     2.0    -10.62611     -289.15
 D int  18 479   au     2.0    -10.62611     -289.15
 D int  19  10   ag     2.0    -10.62481     -289.12
 D int  20 480   au     2.0    -10.62481     -289.12
 D int  21  11   ag     2.0    -10.61905     -288.96
 D int  22 481   au     2.0    -10.61905     -288.96
 D int  23 482   au     2.0    -10.61131     -288.75
 D int  24  12   ag     2.0    -10.61131     -288.75
 D int  25  13   ag     2.0    -10.60744     -288.64
 D int  26 483   au     2.0    -10.60744     -288.64
 D int  27  14   ag     2.0    -10.58178     -287.94
 D int  28 484   au     2.0    -10.58111     -287.93
 D int  29  15   ag     2.0     -8.40512     -228.71
 D int  30 485   au     2.0     -8.40512     -228.71
 D int  31  16   ag     2.0     -6.26229     -170.41
 D int  32 486   au     2.0     -6.26229     -170.41
 D int  33 487   au     2.0     -6.25898     -170.32
 D int  34  17   ag     2.0     -6.25898     -170.32
 D int  35  18   ag     2.0     -6.25806     -170.29
 D int  36 488   au     2.0     -6.25806     -170.29
 D int  37  19   ag     2.0     -1.17269      -31.91
 D int  38 489   au     2.0     -1.16718      -31.76
 D int  39  20   ag     2.0     -1.10906      -30.18
 D int  40 490   au     2.0     -1.10834      -30.16
 D int  41  21   ag     2.0     -1.09196      -29.71
 D int  42 491   au     2.0     -1.07724      -29.31
 D int  43 492   au     2.0     -0.98336      -26.76
 D int  44  22   ag     2.0     -0.98336      -26.76
 D int  45 493   au     2.0     -0.93783      -25.52
 D int  46  23   ag     2.0     -0.93755      -25.51
 D int  47  24   ag     2.0     -0.91219      -24.82
 D int  48 494   au     2.0     -0.88296      -24.03
 D int  49  25   ag     2.0     -0.87330      -23.76
 D int  50 495   au     2.0     -0.86827      -23.63
 D int  51  26   ag     2.0     -0.86685      -23.59
 D int  52 496   au     2.0     -0.81831      -22.27
 D int  53  27   ag     2.0     -0.78663      -21.41
 D int  54 497   au     2.0     -0.75844      -20.64
 D int  55 498   au     2.0     -0.73879      -20.10
 D int  56  28   ag     2.0     -0.72786      -19.81
 D int  57 499   au     2.0     -0.70779      -19.26
 D int  58  29   ag     2.0     -0.69804      -18.99
 D int  59 500   au     2.0     -0.69340      -18.87
 D int  60  30   ag     2.0     -0.68913      -18.75
 D int  61 501   au     2.0     -0.64928      -17.67
 D int  62  31   ag     2.0     -0.62791      -17.09
 D int  63 502   au     2.0     -0.61543      -16.75
 D int  64  32   ag     2.0     -0.60535      -16.47
 D int  65  33   ag     2.0     -0.58295      -15.86
 D int  66 503   au     2.0     -0.57545      -15.66
 D int  67  34   ag     2.0     -0.57170      -15.56
 D int  68 504   au     2.0     -0.56146      -15.28
 D int  69  35   ag     2.0     -0.56102      -15.27
 D int  70 505   au     2.0     -0.54976      -14.96
 D int  71  36   ag     2.0     -0.53952      -14.68
 D int  72 506   au     2.0     -0.53358      -14.52
 D int  73 507   au     2.0     -0.51885      -14.12
 D int  74  37   ag     2.0     -0.51805      -14.10
 D int  75  38   ag     2.0     -0.51339      -13.97
 D int  76 508   au     2.0     -0.51234      -13.94
 D int  77  39   ag     2.0     -0.50830      -13.83
 D int  78 509   au     2.0     -0.50625      -13.78
 D int  79 510   au     2.0     -0.50402      -13.72
 D int  80  40   ag     2.0     -0.48391      -13.17
 D int  81  41   ag     2.0     -0.45943      -12.50
 D int  82 511   au     2.0     -0.45903      -12.49
 D int  83  42   ag     2.0     -0.45192      -12.30
 D int  84 512   au     2.0     -0.44963      -12.24
 D int  85  43   ag     2.0     -0.44683      -12.16
 D int  86  44   ag     2.0     -0.43372      -11.80
 D int  87 513   au     2.0     -0.43345      -11.79
 D int  88  45   ag     2.0     -0.43124      -11.73
 D int  89 514   au     2.0     -0.42263      -11.50
 D int  90  46   ag     2.0     -0.40348      -10.98
 D int  91 515   au     2.0     -0.39837      -10.84
 D int  92  47   ag     2.0     -0.38302      -10.42
 D int  93 516   au     2.0     -0.38000      -10.34
 D int  94 517   au     2.0     -0.36484       -9.93
 D int  95  48   ag     2.0     -0.36002       -9.80
 D int  96 518   au     2.0     -0.34216       -9.31
 D int  97  49   ag     2.0     -0.32287       -8.79
 D int  98  50   ag     2.0     -0.31096       -8.46
 V int  99 519   au     2.0     -0.31474       -8.56
 V int 100 520   au     2.0     -0.30648       -8.34
 V int 101  51   ag     2.0     -0.29260       -7.96
 V int 102 521   au     2.0     -0.28394       -7.73
 V int 103  52   ag     2.0     -0.21883       -5.95
 V int 104 522   au     0.0     -0.08051       -2.19
 V int 105  53   ag     0.0     -0.05666       -1.54
 V int 106 523   au     0.0     -0.02839       -0.77
 V int 107  54   ag     0.0      0.02182        0.59
   ext 108 524   au     0.0      0.03903        1.06
   ext 109  55   ag     0.0      0.03907        1.06
   ext 110  56   ag     0.0      0.04054        1.10
   ext 111 525   au     0.0      0.04093        1.11
   ext 112 526   au     0.0      0.05893        1.60
   ext 113 527   au     0.0      0.07281        1.98
   ext 114  57   ag     0.0      0.07295        1.99
   ext 115  58   ag     0.0      0.07899        2.15
   ext 116 528   au     0.0      0.09349        2.54
   ext 117  59   ag     0.0      0.09360        2.55
   ext 118  60   ag     0.0      0.09817        2.67
   ext 119 529   au     0.0      0.10663        2.90
   ext 120 530   au     0.0      0.10900        2.97
   ext 121  61   ag     0.0      0.10926        2.97
   ext 122  62   ag     0.0      0.12900        3.51
   ext 123 531   au     0.0      0.13089        3.56
   ext 124  63   ag     0.0      0.13786        3.75
   ext 125 532   au     0.0      0.14142        3.85
   ext 126  64   ag     0.0      0.14155        3.85
   ext 127 533   au     0.0      0.15430        4.20
   ext 128 534   au     0.0      0.16446        4.48
   ext 129  65   ag     0.0      0.16450        4.48
   ext 130 535   au     0.0      0.16981        4.62
   ext 131  66   ag     0.0      0.17247        4.69
   ext 132  67   ag     0.0      0.18169        4.94
   ext 133 536   au     0.0      0.18368        5.00
   ext 134 537   au     0.0      0.19187        5.22
   ext 135 538   au     0.0      0.19450        5.29
   ext 136  68   ag     0.0      0.21095        5.74
   ext 137 539   au     0.0      0.21316        5.80
   ext 138  69   ag     0.0      0.21751        5.92
   ext 139  70   ag     0.0      0.22338        6.08
   ext 140 540   au     0.0      0.22960        6.25
   ext 141 541   au     0.0      0.23356        6.36
   ext 142  71   ag     0.0      0.23356        6.36
   ext 143 542   au     0.0      0.23670        6.44
   ext 144 543   au     0.0      0.23706        6.45
   ext 145  72   ag     0.0      0.24019        6.54
   ext 146  73   ag     0.0      0.24688        6.72
   ext 147 544   au     0.0      0.24871        6.77
   ext 148  74   ag     0.0      0.25602        6.97
   ext 149  75   ag     0.0      0.26259        7.15
   ext 150 545   au     0.0      0.26301        7.16
   ext 151 546   au     0.0      0.27025        7.35
   ext 152  76   ag     0.0      0.27321        7.43
   ext 153 547   au     0.0      0.27474        7.48
   ext 154  77   ag     0.0      0.27691        7.54
   ext 155  78   ag     0.0      0.28750        7.82
   ext 156  79   ag     0.0      0.29057        7.91
   ext 157 548   au     0.0      0.29134        7.93
   ext 158 549   au     0.0      0.29424        8.01
   ext 159  80   ag     0.0      0.29811        8.11
   ext 160 550   au     0.0      0.29818        8.11
   ext 161  81   ag     0.0      0.30319        8.25
   ext 162  82   ag     0.0      0.31714        8.63
   ext 163 551   au     0.0      0.31769        8.64
   ext 164  83   ag     0.0      0.31793        8.65
   ext 165 552   au     0.0      0.32014        8.71
   ext 166  84   ag     0.0      0.32094        8.73
   ext 167 553   au     0.0      0.33017        8.98
   ext 168 554   au     0.0      0.33871        9.22
   ext 169  85   ag     0.0      0.34016        9.26
   ext 170  86   ag     0.0      0.34057        9.27
   ext 171 555   au     0.0      0.34111        9.28
   ext 172 556   au     0.0      0.34478        9.38
   ext 173  87   ag     0.0      0.34904        9.50
   ext 174  88   ag     0.0      0.35622        9.69
   ext 175 557   au     0.0      0.36117        9.83
   ext 176  89   ag     0.0      0.36539        9.94
   ext 177 558   au     0.0      0.36730        9.99
   ext 178 559   au     0.0      0.36903       10.04
   ext 179 560   au     0.0      0.37418       10.18
   ext 180 561   au     0.0      0.38260       10.41
   ext 181  90   ag     0.0      0.38552       10.49
   ext 182 562   au     0.0      0.38610       10.51
   ext 183 563   au     0.0      0.38647       10.52
   ext 184  91   ag     0.0      0.39382       10.72
   ext 185  92   ag     0.0      0.39571       10.77
   ext 186  93   ag     0.0      0.39595       10.77
   ext 187 564   au     0.0      0.41313       11.24
   ext 188  94   ag     0.0      0.41374       11.26
   ext 189  95   ag     0.0      0.41668       11.34
   ext 190 565   au     0.0      0.42347       11.52
   ext 191  96   ag     0.0      0.42652       11.61
   ext 192 566   au     0.0      0.42677       11.61
   ext 193 567   au     0.0      0.42872       11.67
   ext 194  97   ag     0.0      0.42935       11.68
   ext 195  98   ag     0.0      0.43079       11.72
   ext 196  99   ag     0.0      0.43469       11.83
   ext 197 568   au     0.0      0.44207       12.03
   ext 198 100   ag     0.0      0.44294       12.05
   ext 199 569   au     0.0      0.44319       12.06
   ext 200 101   ag     0.0      0.45719       12.44
   ext 201 570   au     0.0      0.46325       12.61
   ext 202 102   ag     0.0      0.46722       12.71
   ext 203 571   au     0.0      0.46836       12.74
   ext 204 572   au     0.0      0.47131       12.83
   ext 205 103   ag     0.0      0.47845       13.02
   ext 206 104   ag     0.0      0.48567       13.22
   ext 207 105   ag     0.0      0.48769       13.27
   ext 208 106   ag     0.0      0.49127       13.37
   ext 209 573   au     0.0      0.49203       13.39
   ext 210 574   au     0.0      0.49966       13.60
   ext 211 575   au     0.0      0.49982       13.60
   ext 212 576   au     0.0      0.50661       13.79
   ext 213 107   ag     0.0      0.50807       13.83
   ext 214 577   au     0.0      0.51816       14.10
   ext 215 108   ag     0.0      0.52353       14.25
   ext 216 109   ag     0.0      0.52487       14.28
   ext 217 578   au     0.0      0.53021       14.43
   ext 218 110   ag     0.0      0.53100       14.45
   ext 219 579   au     0.0      0.53367       14.52
   ext 220 580   au     0.0      0.53516       14.56
   ext 221 581   au     0.0      0.54972       14.96
   ext 222 111   ag     0.0      0.55597       15.13
   ext 223 112   ag     0.0      0.55789       15.18
   ext 224 582   au     0.0      0.56559       15.39
   ext 225 113   ag     0.0      0.56925       15.49
   ext 226 583   au     0.0      0.57745       15.71
   ext 227 114   ag     0.0      0.58234       15.85
   ext 228 584   au     0.0      0.58299       15.86
   ext 229 115   ag     0.0      0.58577       15.94
   ext 230 585   au     0.0      0.59827       16.28
   ext 231 116   ag     0.0      0.60801       16.54
   ext 232 117   ag     0.0      0.61093       16.62
   ext 233 586   au     0.0      0.61372       16.70
   ext 234 118   ag     0.0      0.63006       17.14
   ext 235 119   ag     0.0      0.63432       17.26
   ext 236 587   au     0.0      0.63844       17.37
   ext 237 588   au     0.0      0.64027       17.42
   ext 238 589   au     0.0      0.64641       17.59
   ext 239 590   au     0.0      0.64691       17.60
   ext 240 120   ag     0.0      0.65031       17.70
   ext 241 591   au     0.0      0.65239       17.75
   ext 242 121   ag     0.0      0.65514       17.83
   ext 243 122   ag     0.0      0.66494       18.09
   ext 244 592   au     0.0      0.66722       18.16
   ext 245 593   au     0.0      0.67280       18.31
   ext 246 123   ag     0.0      0.67384       18.34
   ext 247 124   ag     0.0      0.67839       18.46
   ext 248 594   au     0.0      0.68087       18.53
   ext 249 595   au     0.0      0.69235       18.84
   ext 250 125   ag     0.0      0.69289       18.85
   ext 251 596   au     0.0      0.69643       18.95
   ext 252 126   ag     0.0      0.70017       19.05
   ext 253 127   ag     0.0      0.70662       19.23
   ext 254 597   au     0.0      0.70697       19.24
   ext 255 128   ag     0.0      0.72026       19.60
   ext 256 598   au     0.0      0.72441       19.71
   ext 257 129   ag     0.0      0.72659       19.77
   ext 258 599   au     0.0      0.73055       19.88
   ext 259 130   ag     0.0      0.73317       19.95
   ext 260 131   ag     0.0      0.73538       20.01
   ext 261 600   au     0.0      0.73610       20.03
   ext 262 601   au     0.0      0.73669       20.05
   ext 263 132   ag     0.0      0.74443       20.26
   ext 264 602   au     0.0      0.76181       20.73
   ext 265 133   ag     0.0      0.76912       20.93
   ext 266 603   au     0.0      0.77403       21.06
   ext 267 604   au     0.0      0.77509       21.09
   ext 268 134   ag     0.0      0.78207       21.28
   ext 269 605   au     0.0      0.78384       21.33
   ext 270 135   ag     0.0      0.79309       21.58
   ext 271 606   au     0.0      0.79483       21.63
   ext 272 136   ag     0.0      0.79678       21.68
   ext 273 607   au     0.0      0.80537       21.92
   ext 274 608   au     0.0      0.80729       21.97
   ext 275 137   ag     0.0      0.80835       22.00
   ext 276 609   au     0.0      0.81978       22.31
   ext 277 138   ag     0.0      0.82046       22.33
   ext 278 610   au     0.0      0.82212       22.37
   ext 279 611   au     0.0      0.82332       22.40
   ext 280 139   ag     0.0      0.82782       22.53
   ext 281 140   ag     0.0      0.83814       22.81
   ext 282 141   ag     0.0      0.85118       23.16
   ext 283 612   au     0.0      0.85424       23.25
   ext 284 142   ag     0.0      0.86094       23.43
   ext 285 613   au     0.0      0.87185       23.72
   ext 286 143   ag     0.0      0.87891       23.92
   ext 287 614   au     0.0      0.88105       23.97
   ext 288 615   au     0.0      0.89028       24.23
   ext 289 144   ag     0.0      0.89762       24.43
   ext 290 145   ag     0.0      0.89836       24.45
   ext 291 146   ag     0.0      0.89937       24.47
   ext 292 616   au     0.0      0.90577       24.65
   ext 293 617   au     0.0      0.90866       24.73
   ext 294 147   ag     0.0      0.91009       24.76
   ext 295 618   au     0.0      0.91446       24.88
   ext 296 148   ag     0.0      0.91676       24.95
   ext 297 149   ag     0.0      0.94000       25.58
   ext 298 619   au     0.0      0.94147       25.62
   ext 299 150   ag     0.0      0.95409       25.96
   ext 300 620   au     0.0      0.95447       25.97
   ext 301 621   au     0.0      0.96455       26.25
   ext 302 151   ag     0.0      0.96618       26.29
   ext 303 152   ag     0.0      0.97551       26.54
   ext 304 622   au     0.0      0.97983       26.66
   ext 305 623   au     0.0      0.98734       26.87
   ext 306 153   ag     0.0      0.98862       26.90
         .
         .
         .
frozen 930 935   au     0.0     23.79181      647.41
frozen 931 466   ag     0.0     23.92629      651.07
frozen 932 936   au     0.0     23.99829      653.03
frozen 933 467   ag     0.0     24.02052      653.63
frozen 934 937   au     0.0     24.23303      659.41
frozen 935 938   au     0.0     32.77718      891.91
frozen 936 468   ag     0.0     32.78022      892.00
frozen 937 469   ag     0.0     32.97800      897.38
frozen 938 939   au     0.0     33.04619      899.23
frozen 939 940   au     0.0     44.59337     1213.45
frozen 940 470   ag     0.0     44.59338     1213.45
 
 sorting bijk ....
 total (read)    energy =   -1933.75470288236     


          ******************************************
          *        reference configurations        *
          ******************************************

ref   1:  0   1-52,471-521 
ref   2:  0   1-51,471-522 
ref   3:  2 522 523   1-51,471-521 
ref   4:  4 52 53 521 522   1-51,471-520 
ref   5:  4 51 52 522 523   1-50,471-521 
ref   6:  4 51 53 521 522   1-50,52,471-520 
ref   7:  4 51 53 521 523   1-50,52,471-520 
ref   8:  0   1-51,471-521,523 
ref   9:  0   1-53,471-520 
ref  10:  2 52 53   1-51,471-521 
ref  11:  0   1-52,471-520,522 
ref  12:  0   1-51,53,471-521 
ref  13:  0   1-50,52-53,471-521 
ref  14:  0   1-50,52,471-522 
ref  15:  2 51 52   1-50,53,471-521 
ref  16:  2 51 52   1-50,471-522 
ref  17:  2 521 522   1-52,471-520 
ref  18:  2 521 523   1-52,471-520 
ref  19:  4 52 53 521 523   1-51,471-520 
ref  20:  2 51 53   1-50,52,471-521 
ref  21:  2 520 522   1-52,471-519,521 
ref  22:  2 519 522   1-52,471-518,520-521 
ref  23:  4 52 53 519 522   1-51,471-518,520-521 
ref  24:  2 52 53   1-51,471-520,522 
ref  25:  2 520 523   1-52,471-519,521 
ref  26:  2 53 54   1-51,471-521 
ref  27:  4 52 54 521 522   1-51,471-520 
ref  28:  2 522 523   1-52,471-520 
 
          ******************************************
          *         (T) D E N S I T I E S          *
          ******************************************

 writing binary file <mrci.cidens>
 
 Processing <ag  |ag  > ...
 nr,imemhave          11       29971
 nrsame,imemneed           1          30         306     3903573
 nrsame,imemneed           1          30
 nrsame,imemneed           2          60         306     3903573
 nrsame,imemneed           2          61
 nrsame,imemneed           3          90         306     3903573
 nrsame,imemneed           3          92
 nrsame,imemneed           4         120         306     3903573
 nrsame,imemneed           4         122
 nrsame,imemneed           5         150         306     3903573
 nrsame,imemneed           5         153
 nrsame,imemneed           6         180         306     3903573
 nrsame,imemneed           6         184
 nrsame,imemneed           7         210         306     3903573
 nrsame,imemneed           7         215
 nrsame,imemneed           8         240         306     3903573
 nrsame,imemneed           8         245
 nrsame,imemneed           9         270         306     3903573
 nrsame,imemneed           9         276
 nrsame,imemneed          10         300         306     3903573
 nrsame,imemneed          10         307
 nrsame,imemneed          11         330         306     3903573
 nrsame,imemneed          11         337
   root  1(ag  ) * root  1(ag  )
   root  2(ag  ) * root  2(ag  )
   root  3(ag  ) * root  3(ag  )
   root  4(ag  ) * root  4(ag  )
   root  5(ag  ) * root  5(ag  )
   root  6(ag  ) * root  6(ag  )
   root  7(ag  ) * root  7(ag  )
   root  8(ag  ) * root  8(ag  )
   root  9(ag  ) * root  9(ag  )
   root 10(ag  ) * root 10(ag  )
   root 11(ag  ) * root 11(ag  )
   root  1(ag  ) * root  2(ag  )
   root  1(ag  ) * root  3(ag  )
   root  1(ag  ) * root  4(ag  )
   root  1(ag  ) * root  5(ag  )
   root  1(ag  ) * root  6(ag  )
   root  1(ag  ) * root  7(ag  )
   root  1(ag  ) * root  8(ag  )
   root  1(ag  ) * root  9(ag  )
   root  1(ag  ) * root 10(ag  )
   root  1(ag  ) * root 11(ag  )
... finished in    41.243 s
