 Compiled with: 
 Intel(R) Fortran Intel(R) 64 Compiler for applications running on Intel(R) 64, 
 Version 19.1.2.254 Build 20200623
 Options used : 
 -L /usr/lib/intel/ps-xe-2020/compilers_and_libraries_2020/linux/lib/intel64 -Xl
 inker -rpath -Xlinker /usr/lib/intel/ps-xe-2020/compilers_and_libraries_2020/li
 nux/lib/intel64 -L /usr/lib/intel/ps-xe-2020/compilers_and_libraries_2020/linux
 /mkl/lib/intel64 -Xlinker -rpath -Xlinker /usr/lib/intel/ps-xe-2020/compilers_a
 nd_libraries_2020/linux/mkl/lib/intel64 -O3 -march=core-avx2 -align array64byte
  -fma -ftz -fomit-frame-pointer -assume byterecl -qno-openmp -traceback -c -o m
 ain.o
 Number of OpenMP Threads:           16
 
          ****************************************
          *                                      *
          *              M R - C I               *
          *        S.Grimme & M.Waletzke         *
          *        Universitaet Muenster         *
          *             1998-2000                *
          *                                      *
          *   Improved and MPI parallel Version  *
          *          Code Maintenance            *
          *          M. Kleinschmidt             *
          *       Universitaet Duesseldorf       *
          *             2000-                    *
          *                                      *
          *     Redesigned DFTCI Hamiltonian     *
          *               R2016                  *
          *             I. Lyskov                *
          *       Universitaet Duesseldorf       *
          *             2014-2016                *
          *                                      *
          *     Redesigned DFTCI Hamiltonians    *
          *          R2017 and R2018             *
          *   extension to Doublets & Quartets   *
          *               A. Heil                *
          *       Universitaet Duesseldorf       *
          *             2015-2018                *
          *                                      *
          *     Redesigned DFTCI Hamiltonian     *
          *               R2022                  *
          *      D.R. Dombrowski & T. Schulz     *
          *       Universitaet Duesseldorf       *
          *             2019-2023                *
          *                                      *
          *       OpenMP Parallel Version        *
          *             T. Schulz                *
          *       Universitaet Duesseldorf       *
          *             2019-2023                *
          ****************************************
                                                  
           cite DFT/MRCI or MRCI work as:         
             S.Grimme & M.Waletzke,               
             J. Chem. Phys., 111, (1999), 5645    
           cite MPI parallel CI as:               
             M. Kleinschmidt, C. M. Marian,       
             S.Grimme & M.Waletzke                
             J. Chem. Phys., 130, (2009), 044708  
           cite redesigned hamiltonian R2016 as:  
             I.Lyskov, M.Kleinschmidt, C.M.Marian 
             J. Chem. Phys. 144, 034104 (2016)    
           cite redesigned hamiltonian R2017 as:  
             A. Heil, C.M.Marian                  
             J. Chem. Phys. 147, 194104 (2017)    
           cite redesigned hamiltonian R2018 as:  
             A. Heil, M.Kleinschmidt, C.M.Marian  
             J. Chem. Phys.  149, 164106(2018)    
           cite redesigned hamiltonian R2022 as:  
             D.R.Dombrowski, T.Schulz,  M.Kleinschmidt, C.M.Marian
             J. Phys. Chem. A 2023, 127, 8, 2011–2025
           cite MR-MP2 work as:                   
             S.Grimme & M.Waletzke,               
             Phys. Chem. Chem. Phys.,             
             2, (2000), 2075.                     
           cite MR-MP/34 work as:                 
             S.Grimme & M. Parac & M.Waletzke,    
             Chem. Phys. Lett., 334 (2001), 99.   
           cite MR-MPn work as:                   
             S.Grimme & M. Parac & M.Waletzke     
             unpublished.                         
 
 
 current program limitations:
 maximum # open shells          10
           8 -tuple excitations rel. to HF/DFT determinant
 
         input keywords: 
 $end
         end of input file
 
 $orca
        use ORCA input instead of Turbomole-style
 $interface
        convert ORCA input to Turbomole-style and exit
 $method <string>
         <string> may be one of the following options:
         none
         srmp2
         dftci
         refgen <string2>
         mp2 <string2>
         mp3 <string2>
         mp4 <string2>
         mp=<integer> <string2>
         ci
         <string2> selects a fockoperator for mrmp.
         possible choices are:
             g0 (recommended)
             g1
             g3
 $hamiltonian <string>
       <string> selects the dftci operator
       possible choices are:
          original (default if not specified) 
            original parametrization by S. Grimme
            singlet and triplet only!
          R2016
            redesigned hamiltonian by I. Lyskov
            singlet, triplet and quintet!
          R2017
            redesigned hamiltonian by A. Heil 2017
            singlet, doublet, triplet, quartet and quintet!
          R2018
            redesigned hamiltonian by A. Heil 2018
            singlet, doublet, triplet, quartet and quintet!
          R2022
          redesigned hamiltonian by D. Dombrowski 2022
            singlet, doublet, triplet, quartet and quintet!
       see documentation for details of the hamiltonians
 $dftparam <string>
       specify parameters for dftci hamiltonian    
       possible choices are:
           standard (default) 
             parameters optimized for 
             standard selection ($esel=1.0)
           short
             parameters optimized for 
             short selection ($esel=0.8)
           manual
            explicit specification of parameters
            5 parameters c1-c5 (free-format floats)
            are required in the next line!
 $esel=<real>
       Energy cut-off in H if $selector eps.
       Selection threshold in muH if $selector mp2 ..
       MP2 amplitude threshold if $method refgen ..
       The default is $esel=1.
 $esel  <string>
       Alternative specification of energy cut-off
       possible choices are:
           standard
             (equivalent to $esel=1.0)
           short
             (equivalent to $esel=0.8)
 $selector <string>
       Configuration selector type.
    <string>=eps (default) an orbital energy gap type
       selection as described in the JCP paper is
       used. The cutoff is $esel H above the highest
       root in the reference space.
    <string>=eps ground, similar but cutoff is 
       applied above the ground state
       Full MR-SD spaces should be generated
       with <string>=eps and $esel=<big number>.
    <string>=mp2 g0, mp2 g1 or mp2 g3
       the old MRDCI type selector
       with MP2 diagonal elements instead of Epstein-
       Nesbet is used.
 $roots <integer(s)> 
       # of roots in irreps n1 n2 n3 ... n8
 $mul=<integer>
       Multiplicity (s=1, d=2, t=3, q=4...). Default=1
 $ciref <integer1> <integer3> <integer3>
       Do a CI reference space with <integer1> e- in
       in <integer2> orbitals and a maximum <integer3>
       excitations. If the next card does not
       contain a set of <integer2> mo numbers, the
       frontier orbitals are taken.
 $nref=<integer>
      # of reference configurations. The
       configurations follow on next nn cards.
       Must be the final input statement !!
       Optional statement (not needed with $ciref)
 $freeze <core energy thresh> <anticore energy thresh>
       Freezes occupied and virtual electrons, in a.u.
       Default: -3.0,  2.0
       Needs ORCA input
 $efreeze
  <orb1>,<orb2>-<orb5>,...
       Freezes orbitals explicitly. Separate orbitals
       by comma or more than one with dash
       For core and anticore orbitals. ORCA inp. req.
 $charge=<integer>
       Add or remove electrons from the base
       determinant occupation.
 $confinput <string>
       If <string>=mrdci: mrdci input (recommended).
       If <string>=occ: occupation number input style.
 $lshift=<real>
       Level shift in MR-MP2 in au.
 $startvector <string>
       Startvector for davidson.
       if <string>=previous, the converged vector
       from a previous (e.g. mp2) run is taken.
       Default (i.e. no input) is a mren2 procedure.
 $memint=<integer>
       Use memory (in Mb) for precalculated
       four-index integrals (default=256 Mb).
 $memvec=<integer>
       Use memory (in Mb) for vectors 
       (default=30000 Mb).
 $dmat
       <string>
       Calculate all densities and the t-densities
       between the reference state and all other
       states. The reference state is specified 
       by <string> (e.g. 1a1, 2b2u). The default
       (i.e. if <string> is missing) is the first 
       totally symmetric state.
 $nos 
       Calculate average natural orbitals which
       are written to file <nos>.
 $direct
       Direct calculation of H*c in CI.
       (default for #csf > 50000).
 $maxsafdisk=<integer>
       in CI: direct calculation if
       #SAF .gt. <integer>, otherwise disk
       (default:       200000 )
 $acthr=<real>
       Discard high-lying mos with eps > <real>
       (default=10.0/2.0 H).
 $sthr=<real>
       Print threshhold for important configurations.
 $rthr=<real>
       Select those reference configurations from the
       reference space which have a sum of weigths
       over all roots > <real>.
 $ncore=<integer>
       # of mos which are not specified in occ.number
       input.
 $prec=<real>
       Overall numerical precision (default=1).
       0.1 means higher, 10 lower precision.
 $print
       Print results from previous calculation.
 $mergerefsp <integer(s)> <stop>
       read the referemce spaces of calculations,
       done for other multiplicities,
       and ensure, that in all calculations,
       MO-odering and internal/external separation
       are consistent.
       if "stop" is given as last argument:
       stop after generating mosort info for merge
 $soselect <string1> [, <string2>, ...]
       additional selection of single excitations 
       <string> = off : no additional singles
                        (default)
       <string> = all : automatic selection of all
                        single excitations
       <string> = same: automatic selection of
                        single excitations with same
                        symmetry as the reference
       <string> = hso : automatic selection of
                        single excitations connected
                        by H_SO to a reference
       <string> = dipol:automatic selection of
                        single excitations connected
                        by a dipole (x,y,z-)operator
       <string> = int : single excitations into
                        internal orbitals only
                        (default)
       <string> = ext : single excitations into
                        all (internal and external)
                        orbitals
 $hfcis
        select all single excitations wrt. hf ref
        (implemented only for eps selector)
 $debugref [<int1> <int2> ...]
          reference CI vectors are printed.
          int1, int2, ... are the number of roots
          to be printed  (may be omitted -
          default: same as $roots)
 $phaser  WF phase will be adjusted: 
          largest coefficient is set positive.
          if 2 ore more coeffs. are within THRESH,
          the first one is chosen.
          THRESH may be given in the next line.
          default:   1.000000000000000E-005
 $stateshift <directory>
          energy shift of individual states in CI
          shift is given in next lines as:
          <root> <sym> <shift> <unit>
          e.g.:
          2 b1g 0.40 ev
 $shiftthresh=<real>
          threshold for discarding CI coefficients
          projection operator of state shift
          small values yield huge computation times!
          default:  1.000000000000000E-004
 $threadstat
          print more information about thread timings.
 
 
 running on n04                                                             
 
  ------------- INPUT (standard io) -------------------
  the run will be performed with the following options:
  -----------------------------------------------------
 opt dmat direct pronly cfinpocc lnos auto imethod
 F T F F F F F          42
 imul imethod iorder ifockop istartvec nspref ncore
           1          42           0           0           0          24
           0
 memijkl ilowdir ilowdnr iseltype icharge
         256           1           1           0           0
 tsel acthr sthr rsel accfac lshift
   1.00   2.00   0.00  -1.00   1.00   0.00
  -----------------------------------------------------
  -----------------------------------------------------
 loading dftparams R2018 standard
 c1-c5 :   0.558411   0.508918   0.362362   4.471650   0.000000
 =====================================================
 title: 
 DFT/MRCI run with ORCA integral input                                          
  
 =====================================================
 
          ******************************************
          *            integral read               *
          ******************************************

 naux              2322
 nmo                928
 loading binary eta array from file
 /sw/cluster/pub/apps/mrci/2023.06/kscihome/etafeldb.singlet                    
  
 bijk needs                   4003  Mb
         928
      431056         928
 
 loading RI-integrals from ORCA file orca.bkji
 read ORCA  : done         928         103         825         206
 
 read bkji  : done
 
 mrdci style configuration input !
 mergerefsp =  F
 
          ******************************************
          *         properties of MOs and          *
          *            base determinant            *
          ******************************************

  lowest external mo          :         109
  anti-core neglect threshold :   2.00000000000000     

 typ nr (CI/TM) irrep   occ            <i|KS|i> (au/eV)
 D int   1   1   ag     2.0    -90.11538    -2452.17
 D int   2 465   au     2.0    -90.11538    -2452.17
 D int   3   2   ag     2.0    -19.65266     -534.78
 D int   4 466   au     2.0    -19.65266     -534.78
 D int   5   3   ag     2.0    -14.84671     -404.00
 D int   6 467   au     2.0    -14.84671     -404.00
 D int   7   4   ag     2.0    -14.84200     -403.87
 D int   8 468   au     2.0    -14.84200     -403.87
 D int   9 469   au     2.0    -14.84152     -403.86
 D int  10   5   ag     2.0    -14.84151     -403.86
 D int  11   6   ag     2.0    -10.70430     -291.28
 D int  12 470   au     2.0    -10.70430     -291.28
 D int  13 471   au     2.0    -10.67644     -290.52
 D int  14   7   ag     2.0    -10.67644     -290.52
 D int  15   8   ag     2.0    -10.66188     -290.12
 D int  16 472   au     2.0    -10.66188     -290.12
 D int  17   9   ag     2.0    -10.65771     -290.01
 D int  18 473   au     2.0    -10.65771     -290.01
 D int  19  10   ag     2.0    -10.65694     -289.99
 D int  20 474   au     2.0    -10.65694     -289.99
 D int  21  11   ag     2.0    -10.65220     -289.86
 D int  22 475   au     2.0    -10.65220     -289.86
 D int  23  12   ag     2.0    -10.65159     -289.84
 D int  24 476   au     2.0    -10.65159     -289.84
 D int  25  13   ag     2.0    -10.64298     -289.61
 D int  26 477   au     2.0    -10.64298     -289.61
 D int  27  14   ag     2.0    -10.59167     -288.21
 D int  28 478   au     2.0    -10.59097     -288.20
 D int  29  15   ag     2.0     -8.39422     -228.42
 D int  30 479   au     2.0     -8.39422     -228.42
 D int  31  16   ag     2.0     -6.25077     -170.09
 D int  32 480   au     2.0     -6.25077     -170.09
 D int  33  17   ag     2.0     -6.24821     -170.02
 D int  34 481   au     2.0     -6.24821     -170.02
 D int  35  18   ag     2.0     -6.24737     -170.00
 D int  36 482   au     2.0     -6.24737     -170.00
 D int  37  19   ag     2.0     -1.17963      -32.10
 D int  38 483   au     2.0     -1.17389      -31.94
 D int  39 484   au     2.0     -1.13514      -30.89
 D int  40  20   ag     2.0     -1.13514      -30.89
 D int  41  21   ag     2.0     -1.10270      -30.01
 D int  42 485   au     2.0     -1.08768      -29.60
 D int  43  22   ag     2.0     -1.06072      -28.86
 D int  44 486   au     2.0     -1.06006      -28.85
 D int  45  23   ag     2.0     -1.01614      -27.65
 D int  46 487   au     2.0     -1.01568      -27.64
 D int  47  24   ag     2.0     -0.92223      -25.10
 D int  48 488   au     2.0     -0.89955      -24.48
 D int  49  25   ag     2.0     -0.88841      -24.17
 D int  50 489   au     2.0     -0.88424      -24.06
 D int  51  26   ag     2.0     -0.88309      -24.03
 D int  52 490   au     2.0     -0.82436      -22.43
 D int  53  27   ag     2.0     -0.79147      -21.54
 D int  54 491   au     2.0     -0.78564      -21.38
 D int  55  28   ag     2.0     -0.78540      -21.37
 D int  56 492   au     2.0     -0.76803      -20.90
 D int  57 493   au     2.0     -0.73028      -19.87
 D int  58  29   ag     2.0     -0.72868      -19.83
 D int  59 494   au     2.0     -0.71114      -19.35
 D int  60  30   ag     2.0     -0.68203      -18.56
 D int  61 495   au     2.0     -0.64987      -17.68
 D int  62  31   ag     2.0     -0.64223      -17.48
 D int  63 496   au     2.0     -0.63788      -17.36
 D int  64  32   ag     2.0     -0.62144      -16.91
 D int  65  33   ag     2.0     -0.61513      -16.74
 D int  66 497   au     2.0     -0.60321      -16.41
 D int  67 498   au     2.0     -0.59032      -16.06
 D int  68  34   ag     2.0     -0.58898      -16.03
 D int  69  35   ag     2.0     -0.56578      -15.40
 D int  70  36   ag     2.0     -0.54834      -14.92
 D int  71 499   au     2.0     -0.54508      -14.83
 D int  72 500   au     2.0     -0.54492      -14.83
 D int  73  37   ag     2.0     -0.53065      -14.44
 D int  74 501   au     2.0     -0.52542      -14.30
 D int  75 502   au     2.0     -0.52176      -14.20
 D int  76  38   ag     2.0     -0.51804      -14.10
 D int  77 503   au     2.0     -0.51650      -14.05
 D int  78 504   au     2.0     -0.50809      -13.83
 D int  79  39   ag     2.0     -0.50499      -13.74
 D int  80  40   ag     2.0     -0.49242      -13.40
 D int  81  41   ag     2.0     -0.49073      -13.35
 D int  82 505   au     2.0     -0.48388      -13.17
 D int  83  42   ag     2.0     -0.46287      -12.60
 D int  84  43   ag     2.0     -0.45261      -12.32
 D int  85 506   au     2.0     -0.44330      -12.06
 D int  86 507   au     2.0     -0.43277      -11.78
 D int  87  44   ag     2.0     -0.43049      -11.71
 D int  88  45   ag     2.0     -0.42536      -11.57
 D int  89 508   au     2.0     -0.42310      -11.51
 D int  90  46   ag     2.0     -0.41967      -11.42
 D int  91 509   au     2.0     -0.41901      -11.40
 D int  92  47   ag     2.0     -0.39842      -10.84
 D int  93 510   au     2.0     -0.39653      -10.79
 D int  94 511   au     2.0     -0.35039       -9.53
 D int  95  48   ag     2.0     -0.34260       -9.32
 D int  96 512   au     2.0     -0.33919       -9.23
 D int  97  49   ag     2.0     -0.32910       -8.96
 D int  98 513   au     2.0     -0.32315       -8.79
 D int  99  50   ag     2.0     -0.31964       -8.70
 D int 100 514   au     2.0     -0.31602       -8.60
 V int 101  51   ag     2.0     -0.30371       -8.26
 V int 102 515   au     2.0     -0.29429       -8.01
 V int 103  52   ag     2.0     -0.22129       -6.02
 V int 104 516   au     0.0     -0.09589       -2.61
 V int 105  53   ag     0.0     -0.07352       -2.00
 V int 106 517   au     0.0     -0.04047       -1.10
 V int 107  54   ag     0.0      0.00783        0.21
 V int 108  55   ag     0.0      0.02581        0.70
   ext 109 518   au     0.0      0.02647        0.72
   ext 110 519   au     0.0      0.05266        1.43
   ext 111 520   au     0.0      0.05519        1.50
   ext 112  56   ag     0.0      0.05583        1.52
   ext 113 521   au     0.0      0.07503        2.04
   ext 114  57   ag     0.0      0.07536        2.05
   ext 115  58   ag     0.0      0.07827        2.13
   ext 116  59   ag     0.0      0.08689        2.36
   ext 117 522   au     0.0      0.08813        2.40
   ext 118  60   ag     0.0      0.09811        2.67
   ext 119 523   au     0.0      0.09889        2.69
   ext 120 524   au     0.0      0.10689        2.91
   ext 121  61   ag     0.0      0.10926        2.97
   ext 122  62   ag     0.0      0.11152        3.03
   ext 123 525   au     0.0      0.11784        3.21
   ext 124  63   ag     0.0      0.13254        3.61
   ext 125 526   au     0.0      0.13823        3.76
   ext 126  64   ag     0.0      0.13846        3.77
   ext 127 527   au     0.0      0.14821        4.03
   ext 128 528   au     0.0      0.15653        4.26
   ext 129  65   ag     0.0      0.16929        4.61
   ext 130  66   ag     0.0      0.17254        4.70
   ext 131 529   au     0.0      0.17296        4.71
   ext 132  67   ag     0.0      0.18521        5.04
   ext 133 530   au     0.0      0.18576        5.05
   ext 134 531   au     0.0      0.18949        5.16
   ext 135  68   ag     0.0      0.19138        5.21
   ext 136 532   au     0.0      0.20135        5.48
   ext 137  69   ag     0.0      0.20242        5.51
   ext 138 533   au     0.0      0.20882        5.68
   ext 139 534   au     0.0      0.21206        5.77
   ext 140  70   ag     0.0      0.21595        5.88
   ext 141  71   ag     0.0      0.21689        5.90
   ext 142 535   au     0.0      0.21992        5.98
   ext 143 536   au     0.0      0.22764        6.19
   ext 144  72   ag     0.0      0.23435        6.38
   ext 145 537   au     0.0      0.23476        6.39
   ext 146 538   au     0.0      0.23758        6.46
   ext 147  73   ag     0.0      0.24659        6.71
   ext 148  74   ag     0.0      0.25265        6.87
   ext 149 539   au     0.0      0.25677        6.99
   ext 150  75   ag     0.0      0.25990        7.07
   ext 151 540   au     0.0      0.26199        7.13
   ext 152  76   ag     0.0      0.26506        7.21
   ext 153  77   ag     0.0      0.27288        7.43
   ext 154  78   ag     0.0      0.27875        7.59
   ext 155 541   au     0.0      0.28079        7.64
   ext 156 542   au     0.0      0.28587        7.78
   ext 157  79   ag     0.0      0.28597        7.78
   ext 158 543   au     0.0      0.29665        8.07
   ext 159  80   ag     0.0      0.30002        8.16
   ext 160 544   au     0.0      0.31079        8.46
   ext 161  81   ag     0.0      0.31118        8.47
   ext 162 545   au     0.0      0.31424        8.55
   ext 163  82   ag     0.0      0.31521        8.58
   ext 164 546   au     0.0      0.31803        8.65
   ext 165  83   ag     0.0      0.32090        8.73
   ext 166 547   au     0.0      0.32732        8.91
   ext 167  84   ag     0.0      0.33213        9.04
   ext 168  85   ag     0.0      0.33880        9.22
   ext 169 548   au     0.0      0.34887        9.49
   ext 170 549   au     0.0      0.35231        9.59
   ext 171 550   au     0.0      0.35400        9.63
   ext 172 551   au     0.0      0.35420        9.64
   ext 173  86   ag     0.0      0.35715        9.72
   ext 174  87   ag     0.0      0.35818        9.75
   ext 175 552   au     0.0      0.36335        9.89
   ext 176  88   ag     0.0      0.36769       10.01
   ext 177 553   au     0.0      0.36800       10.01
   ext 178 554   au     0.0      0.37285       10.15
   ext 179  89   ag     0.0      0.37453       10.19
   ext 180  90   ag     0.0      0.37823       10.29
   ext 181  91   ag     0.0      0.39277       10.69
   ext 182  92   ag     0.0      0.39426       10.73
   ext 183 555   au     0.0      0.39578       10.77
   ext 184  93   ag     0.0      0.39887       10.85
   ext 185  94   ag     0.0      0.40121       10.92
   ext 186 556   au     0.0      0.40225       10.95
   ext 187 557   au     0.0      0.40270       10.96
   ext 188 558   au     0.0      0.41129       11.19
   ext 189  95   ag     0.0      0.41425       11.27
   ext 190 559   au     0.0      0.41671       11.34
   ext 191 560   au     0.0      0.41956       11.42
   ext 192  96   ag     0.0      0.42387       11.53
   ext 193 561   au     0.0      0.43147       11.74
   ext 194  97   ag     0.0      0.43354       11.80
   ext 195 562   au     0.0      0.43875       11.94
   ext 196  98   ag     0.0      0.44132       12.01
   ext 197  99   ag     0.0      0.45544       12.39
   ext 198 100   ag     0.0      0.45666       12.43
   ext 199 563   au     0.0      0.45975       12.51
   ext 200 564   au     0.0      0.46901       12.76
   ext 201 101   ag     0.0      0.47457       12.91
   ext 202 102   ag     0.0      0.47524       12.93
   ext 203 565   au     0.0      0.47962       13.05
   ext 204 566   au     0.0      0.48956       13.32
   ext 205 103   ag     0.0      0.49134       13.37
   ext 206 104   ag     0.0      0.49339       13.43
   ext 207 105   ag     0.0      0.49759       13.54
   ext 208 567   au     0.0      0.50261       13.68
   ext 209 106   ag     0.0      0.50780       13.82
   ext 210 568   au     0.0      0.51038       13.89
   ext 211 107   ag     0.0      0.51112       13.91
   ext 212 569   au     0.0      0.51674       14.06
   ext 213 570   au     0.0      0.52299       14.23
   ext 214 108   ag     0.0      0.52330       14.24
   ext 215 571   au     0.0      0.52782       14.36
   ext 216 572   au     0.0      0.53147       14.46
   ext 217 109   ag     0.0      0.53875       14.66
   ext 218 573   au     0.0      0.54640       14.87
   ext 219 110   ag     0.0      0.54731       14.89
   ext 220 111   ag     0.0      0.55234       15.03
   ext 221 112   ag     0.0      0.55381       15.07
   ext 222 574   au     0.0      0.55422       15.08
   ext 223 575   au     0.0      0.55547       15.12
   ext 224 576   au     0.0      0.57144       15.55
   ext 225 113   ag     0.0      0.58606       15.95
   ext 226 577   au     0.0      0.58847       16.01
   ext 227 114   ag     0.0      0.59216       16.11
   ext 228 578   au     0.0      0.59551       16.20
   ext 229 579   au     0.0      0.59582       16.21
   ext 230 115   ag     0.0      0.60211       16.38
   ext 231 580   au     0.0      0.61705       16.79
   ext 232 116   ag     0.0      0.62975       17.14
   ext 233 117   ag     0.0      0.63043       17.15
   ext 234 118   ag     0.0      0.63444       17.26
   ext 235 581   au     0.0      0.63916       17.39
   ext 236 582   au     0.0      0.64381       17.52
   ext 237 583   au     0.0      0.64966       17.68
   ext 238 119   ag     0.0      0.65010       17.69
   ext 239 120   ag     0.0      0.65181       17.74
   ext 240 584   au     0.0      0.65380       17.79
   ext 241 121   ag     0.0      0.65704       17.88
   ext 242 122   ag     0.0      0.66212       18.02
   ext 243 585   au     0.0      0.66787       18.17
   ext 244 586   au     0.0      0.67945       18.49
   ext 245 123   ag     0.0      0.68064       18.52
   ext 246 587   au     0.0      0.68222       18.56
   ext 247 124   ag     0.0      0.68564       18.66
   ext 248 588   au     0.0      0.68701       18.69
   ext 249 589   au     0.0      0.69028       18.78
   ext 250 125   ag     0.0      0.69584       18.93
   ext 251 590   au     0.0      0.70148       19.09
   ext 252 126   ag     0.0      0.70361       19.15
   ext 253 127   ag     0.0      0.71051       19.33
   ext 254 591   au     0.0      0.71571       19.48
   ext 255 592   au     0.0      0.71706       19.51
   ext 256 593   au     0.0      0.72230       19.65
   ext 257 594   au     0.0      0.72556       19.74
   ext 258 128   ag     0.0      0.72620       19.76
   ext 259 129   ag     0.0      0.73075       19.88
   ext 260 130   ag     0.0      0.73139       19.90
   ext 261 131   ag     0.0      0.73382       19.97
   ext 262 132   ag     0.0      0.74022       20.14
   ext 263 595   au     0.0      0.74993       20.41
   ext 264 596   au     0.0      0.75034       20.42
   ext 265 597   au     0.0      0.75360       20.51
   ext 266 133   ag     0.0      0.75514       20.55
   ext 267 598   au     0.0      0.76756       20.89
   ext 268 134   ag     0.0      0.77319       21.04
   ext 269 135   ag     0.0      0.77772       21.16
   ext 270 136   ag     0.0      0.78604       21.39
   ext 271 599   au     0.0      0.78960       21.49
   ext 272 600   au     0.0      0.79210       21.55
   ext 273 601   au     0.0      0.80490       21.90
   ext 274 602   au     0.0      0.80927       22.02
   ext 275 137   ag     0.0      0.81856       22.27
   ext 276 138   ag     0.0      0.82600       22.48
   ext 277 139   ag     0.0      0.84489       22.99
   ext 278 140   ag     0.0      0.84616       23.03
   ext 279 603   au     0.0      0.84709       23.05
   ext 280 604   au     0.0      0.85349       23.22
   ext 281 141   ag     0.0      0.86222       23.46
   ext 282 605   au     0.0      0.86392       23.51
   ext 283 606   au     0.0      0.86828       23.63
   ext 284 142   ag     0.0      0.87864       23.91
   ext 285 607   au     0.0      0.88002       23.95
   ext 286 608   au     0.0      0.88018       23.95
   ext 287 143   ag     0.0      0.88071       23.97
   ext 288 144   ag     0.0      0.88390       24.05
   ext 289 145   ag     0.0      0.89033       24.23
   ext 290 609   au     0.0      0.89539       24.36
   ext 291 610   au     0.0      0.90788       24.70
   ext 292 611   au     0.0      0.92056       25.05
   ext 293 146   ag     0.0      0.93249       25.37
   ext 294 147   ag     0.0      0.93390       25.41
   ext 295 148   ag     0.0      0.93874       25.54
   ext 296 149   ag     0.0      0.94783       25.79
   ext 297 612   au     0.0      0.95063       25.87
   ext 298 150   ag     0.0      0.96606       26.29
   ext 299 613   au     0.0      0.96689       26.31
   ext 300 614   au     0.0      0.97579       26.55
   ext 301 615   au     0.0      0.98372       26.77
         .
         .
         .
frozen 918 923   au     0.0     23.92036      650.91
frozen 919 460   ag     0.0     23.96808      652.20
frozen 920 924   au     0.0     24.20437      658.63
frozen 921 461   ag     0.0     32.84468      893.75
frozen 922 925   au     0.0     32.86216      894.23
frozen 923 462   ag     0.0     32.95727      896.81
frozen 924 926   au     0.0     33.01250      898.32
frozen 925 927   au     0.0     33.10316      900.78
frozen 926 463   ag     0.0     33.10344      900.79
frozen 927 464   ag     0.0     44.55553     1212.42
frozen 928 928   au     0.0     44.56728     1212.74
 
 sorting bijk ....
 total (read)    energy =   -1965.80946373736     


          ******************************************
          *        reference configurations        *
          ******************************************

ref   1:  0   1-52,465-515 
ref   2:  0   1-51,465-516 
ref   3:  4 52 53 515 516   1-51,465-514 
ref   4:  2 516 517   1-51,465-515 
ref   5:  4 51 53 515 516   1-50,52,465-514 
ref   6:  2 52 53   1-51,465-515 
ref   7:  4 51 52 516 517   1-50,465-515 
ref   8:  0   1-52,465-514,516 
ref   9:  0   1-51,465-515,517 
ref  10:  0   1-51,53,465-515 
ref  11:  0   1-53,465-514 
ref  12:  4 52 53 515 517   1-51,465-514 
ref  13:  0   1-50,52,465-516 
ref  14:  2 51 52   1-50,465-516 
ref  15:  2 515 517   1-52,465-514 
ref  16:  2 515 516   1-52,465-514 
ref  17:  2 51 52   1-50,53,465-515 
ref  18:  4 51 53 515 517   1-50,52,465-514 
ref  19:  2 51 53   1-50,52,465-515 
ref  20:  2 52 54   1-51,465-515 
ref  21:  2 53 54   1-51,465-515 
ref  22:  2 52 53   1-51,465-514,516 
ref  23:  4 52 54 515 516   1-51,465-514 
ref  24:  2 52 55   1-51,465-515 
 
          ******************************************
          *         (T) D E N S I T I E S          *
          ******************************************

 writing binary file <mrci.cidens>
 
 Processing <ag  |ag  > ...
 nr,imemhave          11       29974
 nrsame,imemneed           1          27         298     3466443
 nrsame,imemneed           1          27
 nrsame,imemneed           2          54         298     3466443
 nrsame,imemneed           2          55
 nrsame,imemneed           3          81         298     3466443
 nrsame,imemneed           3          83
 nrsame,imemneed           4         108         298     3466443
 nrsame,imemneed           4         110
 nrsame,imemneed           5         135         298     3466443
 nrsame,imemneed           5         138
 nrsame,imemneed           6         162         298     3466443
 nrsame,imemneed           6         166
 nrsame,imemneed           7         189         298     3466443
 nrsame,imemneed           7         193
 nrsame,imemneed           8         216         298     3466443
 nrsame,imemneed           8         221
 nrsame,imemneed           9         243         298     3466443
 nrsame,imemneed           9         249
 nrsame,imemneed          10         270         298     3466443
 nrsame,imemneed          10         276
 nrsame,imemneed          11         297         298     3466443
 nrsame,imemneed          11         304
   root  1(ag  ) * root  1(ag  )
   root  2(ag  ) * root  2(ag  )
   root  3(ag  ) * root  3(ag  )
   root  4(ag  ) * root  4(ag  )
   root  5(ag  ) * root  5(ag  )
   root  6(ag  ) * root  6(ag  )
   root  7(ag  ) * root  7(ag  )
   root  8(ag  ) * root  8(ag  )
   root  9(ag  ) * root  9(ag  )
   root 10(ag  ) * root 10(ag  )
   root 11(ag  ) * root 11(ag  )
   root  1(ag  ) * root  2(ag  )
   root  1(ag  ) * root  3(ag  )
   root  1(ag  ) * root  4(ag  )
   root  1(ag  ) * root  5(ag  )
   root  1(ag  ) * root  6(ag  )
   root  1(ag  ) * root  7(ag  )
   root  1(ag  ) * root  8(ag  )
   root  1(ag  ) * root  9(ag  )
   root  1(ag  ) * root 10(ag  )
   root  1(ag  ) * root 11(ag  )
... finished in    37.011 s
